[1.084s] Invoking command in '/home/jarothenberg/Documents/GitHub/RBE550-Quadruped/src/leg_controls': DEBUGINFOD_URLS=https://debuginfod.ubuntu.com PYTHONPATH=/home/jarothenberg/Documents/GitHub/RBE550-Quadruped/build/leg_controls/prefix_override:/usr/lib/python3/dist-packages/colcon_core/task/python/colcon_distutils_commands:/home/jarothenberg/Documents/GitHub/RBE550-Quadruped/install/leg_controls/lib/python3.12/site-packages:${PYTHONPATH} /usr/bin/python3 -W ignore:setup.py install is deprecated setup.py egg_info --egg-base ../../build/leg_controls build --build-base /home/jarothenberg/Documents/GitHub/RBE550-Quadruped/build/leg_controls/build install --record /home/jarothenberg/Documents/GitHub/RBE550-Quadruped/build/leg_controls/install.log --single-version-externally-managed install_data
[1.290s] running egg_info
[1.304s] writing ../../build/leg_controls/leg_controls.egg-info/PKG-INFO
[1.305s] writing dependency_links to ../../build/leg_controls/leg_controls.egg-info/dependency_links.txt
[1.305s] writing entry points to ../../build/leg_controls/leg_controls.egg-info/entry_points.txt
[1.305s] writing requirements to ../../build/leg_controls/leg_controls.egg-info/requires.txt
[1.305s] writing top-level names to ../../build/leg_controls/leg_controls.egg-info/top_level.txt
[1.334s] reading manifest file '../../build/leg_controls/leg_controls.egg-info/SOURCES.txt'
[1.335s] adding license file 'LICENSE'
[1.335s] writing manifest file '../../build/leg_controls/leg_controls.egg-info/SOURCES.txt'
[1.335s] running build
[1.335s] running build_py
[1.336s] running install
[1.340s] running install_lib
[1.355s] running install_data
[1.355s] running install_egg_info
[1.370s] removing '/home/jarothenberg/Documents/GitHub/RBE550-Quadruped/install/leg_controls/lib/python3.12/site-packages/leg_controls-0.0.0-py3.12.egg-info' (and everything under it)
[1.370s] Copying ../../build/leg_controls/leg_controls.egg-info to /home/jarothenberg/Documents/GitHub/RBE550-Quadruped/install/leg_controls/lib/python3.12/site-packages/leg_controls-0.0.0-py3.12.egg-info
[1.371s] running install_scripts
[1.469s] Installing FrontLeftLeg script to /home/jarothenberg/Documents/GitHub/RBE550-Quadruped/install/leg_controls/lib/leg_controls
[1.469s] Installing FrontRightLeg script to /home/jarothenberg/Documents/GitHub/RBE550-Quadruped/install/leg_controls/lib/leg_controls
[1.470s] Installing RearLeftLeg script to /home/jarothenberg/Documents/GitHub/RBE550-Quadruped/install/leg_controls/lib/leg_controls
[1.470s] Installing RearRightLeg script to /home/jarothenberg/Documents/GitHub/RBE550-Quadruped/install/leg_controls/lib/leg_controls
[1.470s] Installing gait script to /home/jarothenberg/Documents/GitHub/RBE550-Quadruped/install/leg_controls/lib/leg_controls
[1.470s] Installing test_ik script to /home/jarothenberg/Documents/GitHub/RBE550-Quadruped/install/leg_controls/lib/leg_controls
[1.470s] Installing test_movement script to /home/jarothenberg/Documents/GitHub/RBE550-Quadruped/install/leg_controls/lib/leg_controls
[1.470s] writing list of installed files to '/home/jarothenberg/Documents/GitHub/RBE550-Quadruped/build/leg_controls/install.log'
[1.499s] Invoked command in '/home/jarothenberg/Documents/GitHub/RBE550-Quadruped/src/leg_controls' returned '0': DEBUGINFOD_URLS=https://debuginfod.ubuntu.com PYTHONPATH=/home/jarothenberg/Documents/GitHub/RBE550-Quadruped/build/leg_controls/prefix_override:/usr/lib/python3/dist-packages/colcon_core/task/python/colcon_distutils_commands:/home/jarothenberg/Documents/GitHub/RBE550-Quadruped/install/leg_controls/lib/python3.12/site-packages:${PYTHONPATH} /usr/bin/python3 -W ignore:setup.py install is deprecated setup.py egg_info --egg-base ../../build/leg_controls build --build-base /home/jarothenberg/Documents/GitHub/RBE550-Quadruped/build/leg_controls/build install --record /home/jarothenberg/Documents/GitHub/RBE550-Quadruped/build/leg_controls/install.log --single-version-externally-managed install_data
