[  2%] Built target custom_interface__rosidl_generator_type_description
[  2%] Built target ament_cmake_python_copy_custom_interface
[  5%] Built target custom_interface__cpp
[ 20%] Built target custom_interface__rosidl_generator_c
[ 41%] Built target custom_interface__rosidl_typesupport_c
[ 41%] Built target custom_interface__rosidl_typesupport_fastrtps_c
[ 47%] Built target custom_interface__rosidl_typesupport_fastrtps_cpp
[ 55%] Built target custom_interface__rosidl_typesupport_introspection_cpp
[ 64%] Built target custom_interface__rosidl_typesupport_cpp
[ 73%] Built target custom_interface__rosidl_typesupport_introspection_c
[ 73%] Built target custom_interface
[ 76%] Built target custom_interface__py
[ 82%] Built target custom_interface__rosidl_generator_py
[ 94%] Built target custom_interface_s__rosidl_typesupport_introspection_c
[ 94%] Built target custom_interface_s__rosidl_typesupport_fastrtps_c
[100%] Built target custom_interface_s__rosidl_typesupport_c
running egg_info
writing custom_interface.egg-info/PKG-INFO
writing dependency_links to custom_interface.egg-info/dependency_links.txt
writing top-level names to custom_interface.egg-info/top_level.txt
reading manifest file 'custom_interface.egg-info/SOURCES.txt'
writing manifest file 'custom_interface.egg-info/SOURCES.txt'
[100%] Built target ament_cmake_python_build_custom_interface_egg
-- Install configuration: ""
-- Up-to-date: /home/scott-pena/GitHub/RBE550-Quadruped/install/custom_interface/share/ament_index/resource_index/rosidl_interfaces/custom_interface
-- Up-to-date: /home/scott-pena/GitHub/RBE550-Quadruped/install/custom_interface/share/custom_interface/msg/ImuData.json
-- Up-to-date: /home/scott-pena/GitHub/RBE550-Quadruped/install/custom_interface/include/custom_interface/custom_interface
-- Up-to-date: /home/scott-pena/GitHub/RBE550-Quadruped/install/custom_interface/include/custom_interface/custom_interface/msg
-- Up-to-date: /home/scott-pena/GitHub/RBE550-Quadruped/install/custom_interface/include/custom_interface/custom_interface/msg/imu_data.h
-- Up-to-date: /home/scott-pena/GitHub/RBE550-Quadruped/install/custom_interface/include/custom_interface/custom_interface/msg/rosidl_generator_c__visibility_control.h
-- Up-to-date: /home/scott-pena/GitHub/RBE550-Quadruped/install/custom_interface/include/custom_interface/custom_interface/msg/detail
-- Up-to-date: /home/scott-pena/GitHub/RBE550-Quadruped/install/custom_interface/include/custom_interface/custom_interface/msg/detail/imu_data__functions.c
-- Up-to-date: /home/scott-pena/GitHub/RBE550-Quadruped/install/custom_interface/include/custom_interface/custom_interface/msg/detail/imu_data__functions.h
-- Up-to-date: /home/scott-pena/GitHub/RBE550-Quadruped/install/custom_interface/include/custom_interface/custom_interface/msg/detail/imu_data__struct.h
-- Up-to-date: /home/scott-pena/GitHub/RBE550-Quadruped/install/custom_interface/include/custom_interface/custom_interface/msg/detail/imu_data__description.c
-- Up-to-date: /home/scott-pena/GitHub/RBE550-Quadruped/install/custom_interface/include/custom_interface/custom_interface/msg/detail/imu_data__type_support.h
-- Installing: /home/scott-pena/GitHub/RBE550-Quadruped/install/custom_interface/include/custom_interface/custom_interface/msg/detail/imu_data__type_support.c
-- Up-to-date: /home/scott-pena/GitHub/RBE550-Quadruped/install/custom_interface/include/custom_interface/custom_interface/srv
-- Up-to-date: /home/scott-pena/GitHub/RBE550-Quadruped/install/custom_interface/include/custom_interface/custom_interface/srv/imu_data.h
-- Up-to-date: /home/scott-pena/GitHub/RBE550-Quadruped/install/custom_interface/include/custom_interface/custom_interface/srv/detail
-- Up-to-date: /home/scott-pena/GitHub/RBE550-Quadruped/install/custom_interface/include/custom_interface/custom_interface/srv/detail/imu_data__functions.c
-- Up-to-date: /home/scott-pena/GitHub/RBE550-Quadruped/install/custom_interface/include/custom_interface/custom_interface/srv/detail/imu_data__functions.h
-- Up-to-date: /home/scott-pena/GitHub/RBE550-Quadruped/install/custom_interface/include/custom_interface/custom_interface/srv/detail/imu_data__struct.h
-- Up-to-date: /home/scott-pena/GitHub/RBE550-Quadruped/install/custom_interface/include/custom_interface/custom_interface/srv/detail/imu_data__description.c
-- Up-to-date: /home/scott-pena/GitHub/RBE550-Quadruped/install/custom_interface/include/custom_interface/custom_interface/srv/detail/imu_data__type_support.h
-- Up-to-date: /home/scott-pena/GitHub/RBE550-Quadruped/install/custom_interface/include/custom_interface/custom_interface/srv/detail/imu_data__type_support.c
-- Up-to-date: /home/scott-pena/GitHub/RBE550-Quadruped/install/custom_interface/share/custom_interface/environment/library_path.sh
-- Up-to-date: /home/scott-pena/GitHub/RBE550-Quadruped/install/custom_interface/share/custom_interface/environment/library_path.dsv
-- Up-to-date: /home/scott-pena/GitHub/RBE550-Quadruped/install/custom_interface/lib/libcustom_interface__rosidl_generator_c.so
-- Up-to-date: /home/scott-pena/GitHub/RBE550-Quadruped/install/custom_interface/include/custom_interface/custom_interface
-- Up-to-date: /home/scott-pena/GitHub/RBE550-Quadruped/install/custom_interface/include/custom_interface/custom_interface/msg
-- Up-to-date: /home/scott-pena/GitHub/RBE550-Quadruped/install/custom_interface/include/custom_interface/custom_interface/msg/rosidl_typesupport_fastrtps_c__visibility_control.h
-- Up-to-date: /home/scott-pena/GitHub/RBE550-Quadruped/install/custom_interface/include/custom_interface/custom_interface/msg/detail
-- Up-to-date: /home/scott-pena/GitHub/RBE550-Quadruped/install/custom_interface/include/custom_interface/custom_interface/msg/detail/imu_data__rosidl_typesupport_fastrtps_c.h
-- Up-to-date: /home/scott-pena/GitHub/RBE550-Quadruped/install/custom_interface/include/custom_interface/custom_interface/srv
-- Up-to-date: /home/scott-pena/GitHub/RBE550-Quadruped/install/custom_interface/include/custom_interface/custom_interface/srv/detail
-- Up-to-date: /home/scott-pena/GitHub/RBE550-Quadruped/install/custom_interface/include/custom_interface/custom_interface/srv/detail/imu_data__rosidl_typesupport_fastrtps_c.h
-- Up-to-date: /home/scott-pena/GitHub/RBE550-Quadruped/install/custom_interface/lib/libcustom_interface__rosidl_typesupport_fastrtps_c.so
-- Up-to-date: /home/scott-pena/GitHub/RBE550-Quadruped/install/custom_interface/include/custom_interface/custom_interface
-- Up-to-date: /home/scott-pena/GitHub/RBE550-Quadruped/install/custom_interface/include/custom_interface/custom_interface/msg
-- Up-to-date: /home/scott-pena/GitHub/RBE550-Quadruped/install/custom_interface/include/custom_interface/custom_interface/msg/rosidl_typesupport_introspection_c__visibility_control.h
-- Up-to-date: /home/scott-pena/GitHub/RBE550-Quadruped/install/custom_interface/include/custom_interface/custom_interface/msg/detail
-- Up-to-date: /home/scott-pena/GitHub/RBE550-Quadruped/install/custom_interface/include/custom_interface/custom_interface/msg/detail/imu_data__rosidl_typesupport_introspection_c.h
-- Installing: /home/scott-pena/GitHub/RBE550-Quadruped/install/custom_interface/include/custom_interface/custom_interface/msg/detail/imu_data__type_support.c
-- Up-to-date: /home/scott-pena/GitHub/RBE550-Quadruped/install/custom_interface/include/custom_interface/custom_interface/srv
-- Up-to-date: /home/scott-pena/GitHub/RBE550-Quadruped/install/custom_interface/include/custom_interface/custom_interface/srv/detail
-- Up-to-date: /home/scott-pena/GitHub/RBE550-Quadruped/install/custom_interface/include/custom_interface/custom_interface/srv/detail/imu_data__rosidl_typesupport_introspection_c.h
-- Up-to-date: /home/scott-pena/GitHub/RBE550-Quadruped/install/custom_interface/include/custom_interface/custom_interface/srv/detail/imu_data__type_support.c
-- Up-to-date: /home/scott-pena/GitHub/RBE550-Quadruped/install/custom_interface/lib/libcustom_interface__rosidl_typesupport_introspection_c.so
-- Up-to-date: /home/scott-pena/GitHub/RBE550-Quadruped/install/custom_interface/lib/libcustom_interface__rosidl_typesupport_c.so
-- Up-to-date: /home/scott-pena/GitHub/RBE550-Quadruped/install/custom_interface/include/custom_interface/custom_interface
-- Up-to-date: /home/scott-pena/GitHub/RBE550-Quadruped/install/custom_interface/include/custom_interface/custom_interface/msg
-- Up-to-date: /home/scott-pena/GitHub/RBE550-Quadruped/install/custom_interface/include/custom_interface/custom_interface/msg/rosidl_generator_cpp__visibility_control.hpp
-- Up-to-date: /home/scott-pena/GitHub/RBE550-Quadruped/install/custom_interface/include/custom_interface/custom_interface/msg/imu_data.hpp
-- Up-to-date: /home/scott-pena/GitHub/RBE550-Quadruped/install/custom_interface/include/custom_interface/custom_interface/msg/detail
-- Up-to-date: /home/scott-pena/GitHub/RBE550-Quadruped/install/custom_interface/include/custom_interface/custom_interface/msg/detail/imu_data__struct.hpp
-- Up-to-date: /home/scott-pena/GitHub/RBE550-Quadruped/install/custom_interface/include/custom_interface/custom_interface/msg/detail/imu_data__builder.hpp
-- Up-to-date: /home/scott-pena/GitHub/RBE550-Quadruped/install/custom_interface/include/custom_interface/custom_interface/msg/detail/imu_data__traits.hpp
-- Up-to-date: /home/scott-pena/GitHub/RBE550-Quadruped/install/custom_interface/include/custom_interface/custom_interface/msg/detail/imu_data__type_support.hpp
-- Up-to-date: /home/scott-pena/GitHub/RBE550-Quadruped/install/custom_interface/include/custom_interface/custom_interface/srv
-- Up-to-date: /home/scott-pena/GitHub/RBE550-Quadruped/install/custom_interface/include/custom_interface/custom_interface/srv/imu_data.hpp
-- Up-to-date: /home/scott-pena/GitHub/RBE550-Quadruped/install/custom_interface/include/custom_interface/custom_interface/srv/detail
-- Up-to-date: /home/scott-pena/GitHub/RBE550-Quadruped/install/custom_interface/include/custom_interface/custom_interface/srv/detail/imu_data__struct.hpp
-- Up-to-date: /home/scott-pena/GitHub/RBE550-Quadruped/install/custom_interface/include/custom_interface/custom_interface/srv/detail/imu_data__builder.hpp
-- Up-to-date: /home/scott-pena/GitHub/RBE550-Quadruped/install/custom_interface/include/custom_interface/custom_interface/srv/detail/imu_data__traits.hpp
-- Up-to-date: /home/scott-pena/GitHub/RBE550-Quadruped/install/custom_interface/include/custom_interface/custom_interface/srv/detail/imu_data__type_support.hpp
-- Up-to-date: /home/scott-pena/GitHub/RBE550-Quadruped/install/custom_interface/include/custom_interface/custom_interface
-- Up-to-date: /home/scott-pena/GitHub/RBE550-Quadruped/install/custom_interface/include/custom_interface/custom_interface/msg
-- Up-to-date: /home/scott-pena/GitHub/RBE550-Quadruped/install/custom_interface/include/custom_interface/custom_interface/msg/rosidl_typesupport_fastrtps_cpp__visibility_control.h
-- Up-to-date: /home/scott-pena/GitHub/RBE550-Quadruped/install/custom_interface/include/custom_interface/custom_interface/msg/detail
-- Up-to-date: /home/scott-pena/GitHub/RBE550-Quadruped/install/custom_interface/include/custom_interface/custom_interface/msg/detail/imu_data__rosidl_typesupport_fastrtps_cpp.hpp
-- Up-to-date: /home/scott-pena/GitHub/RBE550-Quadruped/install/custom_interface/include/custom_interface/custom_interface/msg/detail/dds_fastrtps
-- Up-to-date: /home/scott-pena/GitHub/RBE550-Quadruped/install/custom_interface/include/custom_interface/custom_interface/srv
-- Up-to-date: /home/scott-pena/GitHub/RBE550-Quadruped/install/custom_interface/include/custom_interface/custom_interface/srv/detail
-- Up-to-date: /home/scott-pena/GitHub/RBE550-Quadruped/install/custom_interface/include/custom_interface/custom_interface/srv/detail/imu_data__rosidl_typesupport_fastrtps_cpp.hpp
-- Up-to-date: /home/scott-pena/GitHub/RBE550-Quadruped/install/custom_interface/include/custom_interface/custom_interface/srv/detail/dds_fastrtps
-- Up-to-date: /home/scott-pena/GitHub/RBE550-Quadruped/install/custom_interface/lib/libcustom_interface__rosidl_typesupport_fastrtps_cpp.so
-- Up-to-date: /home/scott-pena/GitHub/RBE550-Quadruped/install/custom_interface/include/custom_interface/custom_interface
-- Up-to-date: /home/scott-pena/GitHub/RBE550-Quadruped/install/custom_interface/include/custom_interface/custom_interface/msg
-- Up-to-date: /home/scott-pena/GitHub/RBE550-Quadruped/install/custom_interface/include/custom_interface/custom_interface/msg/detail
-- Up-to-date: /home/scott-pena/GitHub/RBE550-Quadruped/install/custom_interface/include/custom_interface/custom_interface/msg/detail/imu_data__rosidl_typesupport_introspection_cpp.hpp
-- Up-to-date: /home/scott-pena/GitHub/RBE550-Quadruped/install/custom_interface/include/custom_interface/custom_interface/msg/detail/imu_data__type_support.cpp
-- Up-to-date: /home/scott-pena/GitHub/RBE550-Quadruped/install/custom_interface/include/custom_interface/custom_interface/srv
-- Up-to-date: /home/scott-pena/GitHub/RBE550-Quadruped/install/custom_interface/include/custom_interface/custom_interface/srv/detail
-- Up-to-date: /home/scott-pena/GitHub/RBE550-Quadruped/install/custom_interface/include/custom_interface/custom_interface/srv/detail/imu_data__rosidl_typesupport_introspection_cpp.hpp
-- Up-to-date: /home/scott-pena/GitHub/RBE550-Quadruped/install/custom_interface/include/custom_interface/custom_interface/srv/detail/imu_data__type_support.cpp
-- Up-to-date: /home/scott-pena/GitHub/RBE550-Quadruped/install/custom_interface/lib/libcustom_interface__rosidl_typesupport_introspection_cpp.so
-- Up-to-date: /home/scott-pena/GitHub/RBE550-Quadruped/install/custom_interface/lib/libcustom_interface__rosidl_typesupport_cpp.so
-- Up-to-date: /home/scott-pena/GitHub/RBE550-Quadruped/install/custom_interface/share/custom_interface/environment/pythonpath.sh
-- Up-to-date: /home/scott-pena/GitHub/RBE550-Quadruped/install/custom_interface/share/custom_interface/environment/pythonpath.dsv
-- Up-to-date: /home/scott-pena/GitHub/RBE550-Quadruped/install/custom_interface/lib/python3.12/site-packages/custom_interface-0.0.0-py3.12.egg-info
-- Installing: /home/scott-pena/GitHub/RBE550-Quadruped/install/custom_interface/lib/python3.12/site-packages/custom_interface-0.0.0-py3.12.egg-info/PKG-INFO
-- Installing: /home/scott-pena/GitHub/RBE550-Quadruped/install/custom_interface/lib/python3.12/site-packages/custom_interface-0.0.0-py3.12.egg-info/SOURCES.txt
-- Installing: /home/scott-pena/GitHub/RBE550-Quadruped/install/custom_interface/lib/python3.12/site-packages/custom_interface-0.0.0-py3.12.egg-info/dependency_links.txt
-- Installing: /home/scott-pena/GitHub/RBE550-Quadruped/install/custom_interface/lib/python3.12/site-packages/custom_interface-0.0.0-py3.12.egg-info/top_level.txt
-- Up-to-date: /home/scott-pena/GitHub/RBE550-Quadruped/install/custom_interface/lib/python3.12/site-packages/custom_interface
-- Up-to-date: /home/scott-pena/GitHub/RBE550-Quadruped/install/custom_interface/lib/python3.12/site-packages/custom_interface/msg
-- Up-to-date: /home/scott-pena/GitHub/RBE550-Quadruped/install/custom_interface/lib/python3.12/site-packages/custom_interface/msg/_imu_data_s.c
-- Up-to-date: /home/scott-pena/GitHub/RBE550-Quadruped/install/custom_interface/lib/python3.12/site-packages/custom_interface/msg/__init__.py
-- Up-to-date: /home/scott-pena/GitHub/RBE550-Quadruped/install/custom_interface/lib/python3.12/site-packages/custom_interface/msg/_imu_data.py
-- Up-to-date: /home/scott-pena/GitHub/RBE550-Quadruped/install/custom_interface/lib/python3.12/site-packages/custom_interface/__init__.py
-- Up-to-date: /home/scott-pena/GitHub/RBE550-Quadruped/install/custom_interface/lib/python3.12/site-packages/custom_interface/srv
-- Up-to-date: /home/scott-pena/GitHub/RBE550-Quadruped/install/custom_interface/lib/python3.12/site-packages/custom_interface/srv/_imu_data_s.c
-- Up-to-date: /home/scott-pena/GitHub/RBE550-Quadruped/install/custom_interface/lib/python3.12/site-packages/custom_interface/srv/__init__.py
-- Up-to-date: /home/scott-pena/GitHub/RBE550-Quadruped/install/custom_interface/lib/python3.12/site-packages/custom_interface/srv/_imu_data.py
-- Up-to-date: /home/scott-pena/GitHub/RBE550-Quadruped/install/custom_interface/lib/python3.12/site-packages/custom_interface/custom_interface_s__rosidl_typesupport_introspection_c.so
-- Up-to-date: /home/scott-pena/GitHub/RBE550-Quadruped/install/custom_interface/lib/python3.12/site-packages/custom_interface/custom_interface_s__rosidl_typesupport_c.so
-- Up-to-date: /home/scott-pena/GitHub/RBE550-Quadruped/install/custom_interface/lib/python3.12/site-packages/custom_interface/custom_interface_s__rosidl_typesupport_fastrtps_c.so
-- Up-to-date: /home/scott-pena/GitHub/RBE550-Quadruped/install/custom_interface/lib/python3.12/site-packages/custom_interface/_custom_interface_s.ep.rosidl_typesupport_c.c
-- Up-to-date: /home/scott-pena/GitHub/RBE550-Quadruped/install/custom_interface/lib/python3.12/site-packages/custom_interface/_custom_interface_s.ep.rosidl_typesupport_fastrtps_c.c
-- Up-to-date: /home/scott-pena/GitHub/RBE550-Quadruped/install/custom_interface/lib/python3.12/site-packages/custom_interface/_custom_interface_s.ep.rosidl_typesupport_introspection_c.c
Listing '/home/scott-pena/GitHub/RBE550-Quadruped/install/custom_interface/lib/python3.12/site-packages/custom_interface'...
Listing '/home/scott-pena/GitHub/RBE550-Quadruped/install/custom_interface/lib/python3.12/site-packages/custom_interface/msg'...
Listing '/home/scott-pena/GitHub/RBE550-Quadruped/install/custom_interface/lib/python3.12/site-packages/custom_interface/srv'...
-- Up-to-date: /home/scott-pena/GitHub/RBE550-Quadruped/install/custom_interface/lib/python3.12/site-packages/custom_interface/custom_interface_s__rosidl_typesupport_fastrtps_c.so
-- Up-to-date: /home/scott-pena/GitHub/RBE550-Quadruped/install/custom_interface/lib/python3.12/site-packages/custom_interface/custom_interface_s__rosidl_typesupport_introspection_c.so
-- Up-to-date: /home/scott-pena/GitHub/RBE550-Quadruped/install/custom_interface/lib/python3.12/site-packages/custom_interface/custom_interface_s__rosidl_typesupport_c.so
-- Up-to-date: /home/scott-pena/GitHub/RBE550-Quadruped/install/custom_interface/lib/libcustom_interface__rosidl_generator_py.so
-- Up-to-date: /home/scott-pena/GitHub/RBE550-Quadruped/install/custom_interface/share/custom_interface/msg/ImuData.idl
-- Up-to-date: /home/scott-pena/GitHub/RBE550-Quadruped/install/custom_interface/share/custom_interface/msg/ImuData.msg
-- Up-to-date: /home/scott-pena/GitHub/RBE550-Quadruped/install/custom_interface/share/ament_index/resource_index/package_run_dependencies/custom_interface
-- Up-to-date: /home/scott-pena/GitHub/RBE550-Quadruped/install/custom_interface/share/ament_index/resource_index/parent_prefix_path/custom_interface
-- Up-to-date: /home/scott-pena/GitHub/RBE550-Quadruped/install/custom_interface/share/custom_interface/environment/ament_prefix_path.sh
-- Up-to-date: /home/scott-pena/GitHub/RBE550-Quadruped/install/custom_interface/share/custom_interface/environment/ament_prefix_path.dsv
-- Up-to-date: /home/scott-pena/GitHub/RBE550-Quadruped/install/custom_interface/share/custom_interface/environment/path.sh
-- Up-to-date: /home/scott-pena/GitHub/RBE550-Quadruped/install/custom_interface/share/custom_interface/environment/path.dsv
-- Up-to-date: /home/scott-pena/GitHub/RBE550-Quadruped/install/custom_interface/share/custom_interface/local_setup.bash
-- Up-to-date: /home/scott-pena/GitHub/RBE550-Quadruped/install/custom_interface/share/custom_interface/local_setup.sh
-- Up-to-date: /home/scott-pena/GitHub/RBE550-Quadruped/install/custom_interface/share/custom_interface/local_setup.zsh
-- Up-to-date: /home/scott-pena/GitHub/RBE550-Quadruped/install/custom_interface/share/custom_interface/local_setup.dsv
-- Installing: /home/scott-pena/GitHub/RBE550-Quadruped/install/custom_interface/share/custom_interface/package.dsv
-- Up-to-date: /home/scott-pena/GitHub/RBE550-Quadruped/install/custom_interface/share/ament_index/resource_index/packages/custom_interface
-- Up-to-date: /home/scott-pena/GitHub/RBE550-Quadruped/install/custom_interface/share/custom_interface/cmake/export_custom_interface__rosidl_generator_cExport.cmake
-- Up-to-date: /home/scott-pena/GitHub/RBE550-Quadruped/install/custom_interface/share/custom_interface/cmake/export_custom_interface__rosidl_generator_cExport-noconfig.cmake
-- Up-to-date: /home/scott-pena/GitHub/RBE550-Quadruped/install/custom_interface/share/custom_interface/cmake/export_custom_interface__rosidl_typesupport_fastrtps_cExport.cmake
-- Up-to-date: /home/scott-pena/GitHub/RBE550-Quadruped/install/custom_interface/share/custom_interface/cmake/export_custom_interface__rosidl_typesupport_fastrtps_cExport-noconfig.cmake
-- Up-to-date: /home/scott-pena/GitHub/RBE550-Quadruped/install/custom_interface/share/custom_interface/cmake/custom_interface__rosidl_typesupport_introspection_cExport.cmake
-- Up-to-date: /home/scott-pena/GitHub/RBE550-Quadruped/install/custom_interface/share/custom_interface/cmake/custom_interface__rosidl_typesupport_introspection_cExport-noconfig.cmake
-- Up-to-date: /home/scott-pena/GitHub/RBE550-Quadruped/install/custom_interface/share/custom_interface/cmake/custom_interface__rosidl_typesupport_cExport.cmake
-- Up-to-date: /home/scott-pena/GitHub/RBE550-Quadruped/install/custom_interface/share/custom_interface/cmake/custom_interface__rosidl_typesupport_cExport-noconfig.cmake
-- Up-to-date: /home/scott-pena/GitHub/RBE550-Quadruped/install/custom_interface/share/custom_interface/cmake/export_custom_interface__rosidl_generator_cppExport.cmake
-- Up-to-date: /home/scott-pena/GitHub/RBE550-Quadruped/install/custom_interface/share/custom_interface/cmake/export_custom_interface__rosidl_typesupport_fastrtps_cppExport.cmake
-- Up-to-date: /home/scott-pena/GitHub/RBE550-Quadruped/install/custom_interface/share/custom_interface/cmake/export_custom_interface__rosidl_typesupport_fastrtps_cppExport-noconfig.cmake
-- Up-to-date: /home/scott-pena/GitHub/RBE550-Quadruped/install/custom_interface/share/custom_interface/cmake/custom_interface__rosidl_typesupport_introspection_cppExport.cmake
-- Up-to-date: /home/scott-pena/GitHub/RBE550-Quadruped/install/custom_interface/share/custom_interface/cmake/custom_interface__rosidl_typesupport_introspection_cppExport-noconfig.cmake
-- Up-to-date: /home/scott-pena/GitHub/RBE550-Quadruped/install/custom_interface/share/custom_interface/cmake/custom_interface__rosidl_typesupport_cppExport.cmake
-- Up-to-date: /home/scott-pena/GitHub/RBE550-Quadruped/install/custom_interface/share/custom_interface/cmake/custom_interface__rosidl_typesupport_cppExport-noconfig.cmake
-- Up-to-date: /home/scott-pena/GitHub/RBE550-Quadruped/install/custom_interface/share/custom_interface/cmake/export_custom_interface__rosidl_generator_pyExport.cmake
-- Up-to-date: /home/scott-pena/GitHub/RBE550-Quadruped/install/custom_interface/share/custom_interface/cmake/export_custom_interface__rosidl_generator_pyExport-noconfig.cmake
-- Up-to-date: /home/scott-pena/GitHub/RBE550-Quadruped/install/custom_interface/share/custom_interface/cmake/rosidl_cmake-extras.cmake
-- Up-to-date: /home/scott-pena/GitHub/RBE550-Quadruped/install/custom_interface/share/custom_interface/cmake/ament_cmake_export_include_directories-extras.cmake
-- Up-to-date: /home/scott-pena/GitHub/RBE550-Quadruped/install/custom_interface/share/custom_interface/cmake/ament_cmake_export_libraries-extras.cmake
-- Up-to-date: /home/scott-pena/GitHub/RBE550-Quadruped/install/custom_interface/share/custom_interface/cmake/ament_cmake_export_targets-extras.cmake
-- Up-to-date: /home/scott-pena/GitHub/RBE550-Quadruped/install/custom_interface/share/custom_interface/cmake/rosidl_cmake_export_typesupport_targets-extras.cmake
-- Up-to-date: /home/scott-pena/GitHub/RBE550-Quadruped/install/custom_interface/share/custom_interface/cmake/ament_cmake_export_dependencies-extras.cmake
-- Up-to-date: /home/scott-pena/GitHub/RBE550-Quadruped/install/custom_interface/share/custom_interface/cmake/rosidl_cmake_export_typesupport_libraries-extras.cmake
-- Up-to-date: /home/scott-pena/GitHub/RBE550-Quadruped/install/custom_interface/share/custom_interface/cmake/custom_interfaceConfig.cmake
-- Up-to-date: /home/scott-pena/GitHub/RBE550-Quadruped/install/custom_interface/share/custom_interface/cmake/custom_interfaceConfig-version.cmake
-- Up-to-date: /home/scott-pena/GitHub/RBE550-Quadruped/install/custom_interface/share/custom_interface/package.xml
