[0.551s] Invoking command in '/home/scott-pena/GitHub/RBE550-Quadruped/src/leg_controls': AMENT_PREFIX_PATH=/home/scott-pena/GitHub/RBE550-Quadruped/install/custom_interface CMAKE_PREFIX_PATH=/home/scott-pena/GitHub/RBE550-Quadruped/install/custom_interface DEBUGINFOD_URLS=https://debuginfod.ubuntu.com LD_LIBRARY_PATH=/home/scott-pena/GitHub/RBE550-Quadruped/install/custom_interface/lib PYTHONPATH=/home/scott-pena/GitHub/RBE550-Quadruped/build/leg_controls/prefix_override:/usr/lib/python3/dist-packages/colcon_core/task/python/colcon_distutils_commands:/home/scott-pena/GitHub/RBE550-Quadruped/install/leg_controls/lib/python3.12/site-packages:/home/scott-pena/GitHub/RBE550-Quadruped/install/custom_interface/lib/python3.12/site-packages /usr/bin/python3 -W ignore:setup.py install is deprecated setup.py egg_info --egg-base ../../build/leg_controls build --build-base /home/scott-pena/GitHub/RBE550-Quadruped/build/leg_controls/build install --record /home/scott-pena/GitHub/RBE550-Quadruped/build/leg_controls/install.log --single-version-externally-managed install_data
[0.749s] running egg_info
[0.762s] writing ../../build/leg_controls/leg_controls.egg-info/PKG-INFO
[0.762s] writing dependency_links to ../../build/leg_controls/leg_controls.egg-info/dependency_links.txt
[0.763s] writing entry points to ../../build/leg_controls/leg_controls.egg-info/entry_points.txt
[0.763s] writing requirements to ../../build/leg_controls/leg_controls.egg-info/requires.txt
[0.763s] writing top-level names to ../../build/leg_controls/leg_controls.egg-info/top_level.txt
[0.792s] reading manifest file '../../build/leg_controls/leg_controls.egg-info/SOURCES.txt'
[0.792s] adding license file 'LICENSE'
[0.792s] writing manifest file '../../build/leg_controls/leg_controls.egg-info/SOURCES.txt'
[0.792s] running build
[0.792s] running build_py
[0.793s] copying leg_controls/Leg.py -> /home/scott-pena/GitHub/RBE550-Quadruped/build/leg_controls/build/lib/leg_controls
[0.793s] running install
[0.797s] running install_lib
[0.812s] copying /home/scott-pena/GitHub/RBE550-Quadruped/build/leg_controls/build/lib/leg_controls/Leg.py -> /home/scott-pena/GitHub/RBE550-Quadruped/install/leg_controls/lib/python3.12/site-packages/leg_controls
[0.813s] byte-compiling /home/scott-pena/GitHub/RBE550-Quadruped/install/leg_controls/lib/python3.12/site-packages/leg_controls/Leg.py to Leg.cpython-312.pyc
[0.814s]   File "/home/scott-pena/GitHub/RBE550-Quadruped/install/leg_controls/lib/python3.12/site-packages/leg_controls/Leg.py", line 104
[0.814s]     self.waiting_event.clear() = True
[0.814s]     ^^^^^^^^^^^^^^^^^^^^^^^^^^
[0.814s] SyntaxError: cannot assign to function call here. Maybe you meant '==' instead of '='?
[0.815s] 
[0.815s] running install_data
[0.815s] copying leg_controls/Leg.py -> /home/scott-pena/GitHub/RBE550-Quadruped/install/leg_controls/lib/leg_controls
[0.815s] running install_egg_info
[0.830s] removing '/home/scott-pena/GitHub/RBE550-Quadruped/install/leg_controls/lib/python3.12/site-packages/leg_controls-0.0.0-py3.12.egg-info' (and everything under it)
[0.830s] Copying ../../build/leg_controls/leg_controls.egg-info to /home/scott-pena/GitHub/RBE550-Quadruped/install/leg_controls/lib/python3.12/site-packages/leg_controls-0.0.0-py3.12.egg-info
[0.831s] running install_scripts
[0.933s] Installing FrontLeftLeg script to /home/scott-pena/GitHub/RBE550-Quadruped/install/leg_controls/lib/leg_controls
[0.933s] Installing FrontRightLeg script to /home/scott-pena/GitHub/RBE550-Quadruped/install/leg_controls/lib/leg_controls
[0.933s] Installing RearLeftLeg script to /home/scott-pena/GitHub/RBE550-Quadruped/install/leg_controls/lib/leg_controls
[0.933s] Installing RearRightLeg script to /home/scott-pena/GitHub/RBE550-Quadruped/install/leg_controls/lib/leg_controls
[0.933s] Installing gait script to /home/scott-pena/GitHub/RBE550-Quadruped/install/leg_controls/lib/leg_controls
[0.933s] Installing leg_init script to /home/scott-pena/GitHub/RBE550-Quadruped/install/leg_controls/lib/leg_controls
[0.933s] Installing test_ik script to /home/scott-pena/GitHub/RBE550-Quadruped/install/leg_controls/lib/leg_controls
[0.934s] Installing test_movement script to /home/scott-pena/GitHub/RBE550-Quadruped/install/leg_controls/lib/leg_controls
[0.934s] writing list of installed files to '/home/scott-pena/GitHub/RBE550-Quadruped/build/leg_controls/install.log'
[0.951s] Invoked command in '/home/scott-pena/GitHub/RBE550-Quadruped/src/leg_controls' returned '0': AMENT_PREFIX_PATH=/home/scott-pena/GitHub/RBE550-Quadruped/install/custom_interface CMAKE_PREFIX_PATH=/home/scott-pena/GitHub/RBE550-Quadruped/install/custom_interface DEBUGINFOD_URLS=https://debuginfod.ubuntu.com LD_LIBRARY_PATH=/home/scott-pena/GitHub/RBE550-Quadruped/install/custom_interface/lib PYTHONPATH=/home/scott-pena/GitHub/RBE550-Quadruped/build/leg_controls/prefix_override:/usr/lib/python3/dist-packages/colcon_core/task/python/colcon_distutils_commands:/home/scott-pena/GitHub/RBE550-Quadruped/install/leg_controls/lib/python3.12/site-packages:/home/scott-pena/GitHub/RBE550-Quadruped/install/custom_interface/lib/python3.12/site-packages /usr/bin/python3 -W ignore:setup.py install is deprecated setup.py egg_info --egg-base ../../build/leg_controls build --build-base /home/scott-pena/GitHub/RBE550-Quadruped/build/leg_controls/build install --record /home/scott-pena/GitHub/RBE550-Quadruped/build/leg_controls/install.log --single-version-externally-managed install_data
