[1.720s] Invoking command in '/home/scott-pena/GitHub/RBE550-Quadruped/src/leg_controls': DEBUGINFOD_URLS=https://debuginfod.ubuntu.com PYTHONPATH=/home/scott-pena/GitHub/RBE550-Quadruped/build/leg_controls/prefix_override:/usr/lib/python3/dist-packages/colcon_core/task/python/colcon_distutils_commands:/home/scott-pena/GitHub/RBE550-Quadruped/install/leg_controls/lib/python3.12/site-packages:/home/scott-pena/GitHub/RBE550-Quadruped/install/custom_interface/lib/python3.12/site-packages:/home/scott-pena/GitHub/RBE550-Quadruped/install/sensors/lib/python3.12/site-packages:/home/scott-pena/GitHub/RBE550-Quadruped/install/robot_sim/lib/python3.12/site-packages:/home/scott-pena/GitHub/RBE550-Quadruped/install/robot_description/lib/python3.12/site-packages:/home/scott-pena/GitHub/RBE550-Quadruped/install/quadruped/lib/python3.12/site-packages:/home/scott-pena/GitHub/RBE550-Quadruped/install/motion_planner/lib/python3.12/site-packages:/home/scott-pena/GitHub/RBE550-Quadruped/install/leg_controls/lib/python3.12/site-packages:/home/scott-pena/GitHub/RBE550-Quadruped/install/center_of_mass/lib/python3.12/site-packages:/opt/ros/jazzy/lib/python3.12/site-packages /usr/bin/python3 -W ignore:setup.py install is deprecated setup.py egg_info --egg-base ../../build/leg_controls build --build-base /home/scott-pena/GitHub/RBE550-Quadruped/build/leg_controls/build install --record /home/scott-pena/GitHub/RBE550-Quadruped/build/leg_controls/install.log --single-version-externally-managed install_data
[2.173s] running egg_info
[2.206s] writing ../../build/leg_controls/leg_controls.egg-info/PKG-INFO
[2.206s] writing dependency_links to ../../build/leg_controls/leg_controls.egg-info/dependency_links.txt
[2.206s] writing entry points to ../../build/leg_controls/leg_controls.egg-info/entry_points.txt
[2.206s] writing requirements to ../../build/leg_controls/leg_controls.egg-info/requires.txt
[2.207s] writing top-level names to ../../build/leg_controls/leg_controls.egg-info/top_level.txt
[2.273s] reading manifest file '../../build/leg_controls/leg_controls.egg-info/SOURCES.txt'
[2.274s] adding license file 'LICENSE'
[2.274s] writing manifest file '../../build/leg_controls/leg_controls.egg-info/SOURCES.txt'
[2.274s] running build
[2.274s] running build_py
[2.275s] copying leg_controls/Leg.py -> /home/scott-pena/GitHub/RBE550-Quadruped/build/leg_controls/build/lib/leg_controls
[2.275s] copying leg_controls/FrontLeftLeg.py -> /home/scott-pena/GitHub/RBE550-Quadruped/build/leg_controls/build/lib/leg_controls
[2.275s] copying leg_controls/FrontRightLeg.py -> /home/scott-pena/GitHub/RBE550-Quadruped/build/leg_controls/build/lib/leg_controls
[2.275s] copying leg_controls/RearLeftLeg.py -> /home/scott-pena/GitHub/RBE550-Quadruped/build/leg_controls/build/lib/leg_controls
[2.275s] copying leg_controls/RearRightLeg.py -> /home/scott-pena/GitHub/RBE550-Quadruped/build/leg_controls/build/lib/leg_controls
[2.276s] running install
[2.282s] running install_lib
[2.314s] copying /home/scott-pena/GitHub/RBE550-Quadruped/build/leg_controls/build/lib/leg_controls/Leg.py -> /home/scott-pena/GitHub/RBE550-Quadruped/install/leg_controls/lib/python3.12/site-packages/leg_controls
[2.315s] copying /home/scott-pena/GitHub/RBE550-Quadruped/build/leg_controls/build/lib/leg_controls/FrontLeftLeg.py -> /home/scott-pena/GitHub/RBE550-Quadruped/install/leg_controls/lib/python3.12/site-packages/leg_controls
[2.315s] copying /home/scott-pena/GitHub/RBE550-Quadruped/build/leg_controls/build/lib/leg_controls/FrontRightLeg.py -> /home/scott-pena/GitHub/RBE550-Quadruped/install/leg_controls/lib/python3.12/site-packages/leg_controls
[2.315s] copying /home/scott-pena/GitHub/RBE550-Quadruped/build/leg_controls/build/lib/leg_controls/RearLeftLeg.py -> /home/scott-pena/GitHub/RBE550-Quadruped/install/leg_controls/lib/python3.12/site-packages/leg_controls
[2.315s] copying /home/scott-pena/GitHub/RBE550-Quadruped/build/leg_controls/build/lib/leg_controls/RearRightLeg.py -> /home/scott-pena/GitHub/RBE550-Quadruped/install/leg_controls/lib/python3.12/site-packages/leg_controls
[2.316s] byte-compiling /home/scott-pena/GitHub/RBE550-Quadruped/install/leg_controls/lib/python3.12/site-packages/leg_controls/Leg.py to Leg.cpython-312.pyc
[2.318s] byte-compiling /home/scott-pena/GitHub/RBE550-Quadruped/install/leg_controls/lib/python3.12/site-packages/leg_controls/FrontLeftLeg.py to FrontLeftLeg.cpython-312.pyc
[2.319s] byte-compiling /home/scott-pena/GitHub/RBE550-Quadruped/install/leg_controls/lib/python3.12/site-packages/leg_controls/FrontRightLeg.py to FrontRightLeg.cpython-312.pyc
[2.319s] byte-compiling /home/scott-pena/GitHub/RBE550-Quadruped/install/leg_controls/lib/python3.12/site-packages/leg_controls/RearLeftLeg.py to RearLeftLeg.cpython-312.pyc
[2.320s] byte-compiling /home/scott-pena/GitHub/RBE550-Quadruped/install/leg_controls/lib/python3.12/site-packages/leg_controls/RearRightLeg.py to RearRightLeg.cpython-312.pyc
[2.320s] running install_data
[2.320s] copying leg_controls/Leg.py -> /home/scott-pena/GitHub/RBE550-Quadruped/install/leg_controls/lib/leg_controls
[2.321s] copying leg_controls/FrontLeftLeg.py -> /home/scott-pena/GitHub/RBE550-Quadruped/install/leg_controls/lib/leg_controls
[2.321s] copying leg_controls/FrontRightLeg.py -> /home/scott-pena/GitHub/RBE550-Quadruped/install/leg_controls/lib/leg_controls
[2.321s] copying leg_controls/RearLeftLeg.py -> /home/scott-pena/GitHub/RBE550-Quadruped/install/leg_controls/lib/leg_controls
[2.322s] copying leg_controls/RearRightLeg.py -> /home/scott-pena/GitHub/RBE550-Quadruped/install/leg_controls/lib/leg_controls
[2.322s] running install_egg_info
[2.355s] removing '/home/scott-pena/GitHub/RBE550-Quadruped/install/leg_controls/lib/python3.12/site-packages/leg_controls-0.0.0-py3.12.egg-info' (and everything under it)
[2.356s] Copying ../../build/leg_controls/leg_controls.egg-info to /home/scott-pena/GitHub/RBE550-Quadruped/install/leg_controls/lib/python3.12/site-packages/leg_controls-0.0.0-py3.12.egg-info
[2.357s] running install_scripts
[2.559s] Installing FrontLeftLeg script to /home/scott-pena/GitHub/RBE550-Quadruped/install/leg_controls/lib/leg_controls
[2.559s] Installing FrontRightLeg script to /home/scott-pena/GitHub/RBE550-Quadruped/install/leg_controls/lib/leg_controls
[2.559s] Installing RearLeftLeg script to /home/scott-pena/GitHub/RBE550-Quadruped/install/leg_controls/lib/leg_controls
[2.560s] Installing RearRightLeg script to /home/scott-pena/GitHub/RBE550-Quadruped/install/leg_controls/lib/leg_controls
[2.560s] Installing gait script to /home/scott-pena/GitHub/RBE550-Quadruped/install/leg_controls/lib/leg_controls
[2.560s] Installing leg_init script to /home/scott-pena/GitHub/RBE550-Quadruped/install/leg_controls/lib/leg_controls
[2.560s] Installing test_ik script to /home/scott-pena/GitHub/RBE550-Quadruped/install/leg_controls/lib/leg_controls
[2.560s] Installing test_movement script to /home/scott-pena/GitHub/RBE550-Quadruped/install/leg_controls/lib/leg_controls
[2.561s] writing list of installed files to '/home/scott-pena/GitHub/RBE550-Quadruped/build/leg_controls/install.log'
[2.595s] Invoked command in '/home/scott-pena/GitHub/RBE550-Quadruped/src/leg_controls' returned '0': DEBUGINFOD_URLS=https://debuginfod.ubuntu.com PYTHONPATH=/home/scott-pena/GitHub/RBE550-Quadruped/build/leg_controls/prefix_override:/usr/lib/python3/dist-packages/colcon_core/task/python/colcon_distutils_commands:/home/scott-pena/GitHub/RBE550-Quadruped/install/leg_controls/lib/python3.12/site-packages:/home/scott-pena/GitHub/RBE550-Quadruped/install/custom_interface/lib/python3.12/site-packages:/home/scott-pena/GitHub/RBE550-Quadruped/install/sensors/lib/python3.12/site-packages:/home/scott-pena/GitHub/RBE550-Quadruped/install/robot_sim/lib/python3.12/site-packages:/home/scott-pena/GitHub/RBE550-Quadruped/install/robot_description/lib/python3.12/site-packages:/home/scott-pena/GitHub/RBE550-Quadruped/install/quadruped/lib/python3.12/site-packages:/home/scott-pena/GitHub/RBE550-Quadruped/install/motion_planner/lib/python3.12/site-packages:/home/scott-pena/GitHub/RBE550-Quadruped/install/leg_controls/lib/python3.12/site-packages:/home/scott-pena/GitHub/RBE550-Quadruped/install/center_of_mass/lib/python3.12/site-packages:/opt/ros/jazzy/lib/python3.12/site-packages /usr/bin/python3 -W ignore:setup.py install is deprecated setup.py egg_info --egg-base ../../build/leg_controls build --build-base /home/scott-pena/GitHub/RBE550-Quadruped/build/leg_controls/build install --record /home/scott-pena/GitHub/RBE550-Quadruped/build/leg_controls/install.log --single-version-externally-managed install_data
