[2.957s] Invoking command in '/home/jarothenberg/Documents/GitHub/RBE550-Quadruped/src/quadruped': DEBUGINFOD_URLS=https://debuginfod.ubuntu.com PYTHONPATH=/home/jarothenberg/Documents/GitHub/RBE550-Quadruped/build/quadruped/prefix_override:/usr/lib/python3/dist-packages/colcon_core/task/python/colcon_distutils_commands:/home/jarothenberg/Documents/GitHub/RBE550-Quadruped/install/quadruped/lib/python3.12/site-packages:${PYTHONPATH} /usr/bin/python3 -W ignore:setup.py install is deprecated -W ignore:easy_install command is deprecated setup.py egg_info --egg-base ../../build/quadruped build --build-base /home/jarothenberg/Documents/GitHub/RBE550-Quadruped/build/quadruped/build install --record /home/jarothenberg/Documents/GitHub/RBE550-Quadruped/build/quadruped/install.log --single-version-externally-managed install_data
[3.457s] running egg_info
[3.488s] writing ../../build/quadruped/quadruped.egg-info/PKG-INFO
[3.488s] writing dependency_links to ../../build/quadruped/quadruped.egg-info/dependency_links.txt
[3.489s] writing entry points to ../../build/quadruped/quadruped.egg-info/entry_points.txt
[3.489s] writing requirements to ../../build/quadruped/quadruped.egg-info/requires.txt
[3.489s] writing top-level names to ../../build/quadruped/quadruped.egg-info/top_level.txt
[3.554s] reading manifest file '../../build/quadruped/quadruped.egg-info/SOURCES.txt'
[3.555s] adding license file 'LICENSE'
[3.556s] writing manifest file '../../build/quadruped/quadruped.egg-info/SOURCES.txt'
[3.556s] running build
[3.556s] running build_py
[3.556s] running install
[3.568s] running install_lib
[3.602s] running install_data
[3.603s] running install_egg_info
[3.638s] removing '/home/jarothenberg/Documents/GitHub/RBE550-Quadruped/install/quadruped/lib/python3.12/site-packages/quadruped-0.0.0-py3.12.egg-info' (and everything under it)
[3.638s] Copying ../../build/quadruped/quadruped.egg-info to /home/jarothenberg/Documents/GitHub/RBE550-Quadruped/install/quadruped/lib/python3.12/site-packages/quadruped-0.0.0-py3.12.egg-info
[3.639s] running install_scripts
[3.862s] Installing quadruped script to /home/jarothenberg/Documents/GitHub/RBE550-Quadruped/install/quadruped/lib/quadruped
[3.863s] writing list of installed files to '/home/jarothenberg/Documents/GitHub/RBE550-Quadruped/build/quadruped/install.log'
[3.911s] Invoked command in '/home/jarothenberg/Documents/GitHub/RBE550-Quadruped/src/quadruped' returned '0': DEBUGINFOD_URLS=https://debuginfod.ubuntu.com PYTHONPATH=/home/jarothenberg/Documents/GitHub/RBE550-Quadruped/build/quadruped/prefix_override:/usr/lib/python3/dist-packages/colcon_core/task/python/colcon_distutils_commands:/home/jarothenberg/Documents/GitHub/RBE550-Quadruped/install/quadruped/lib/python3.12/site-packages:${PYTHONPATH} /usr/bin/python3 -W ignore:setup.py install is deprecated -W ignore:easy_install command is deprecated setup.py egg_info --egg-base ../../build/quadruped build --build-base /home/jarothenberg/Documents/GitHub/RBE550-Quadruped/build/quadruped/build install --record /home/jarothenberg/Documents/GitHub/RBE550-Quadruped/build/quadruped/install.log --single-version-externally-managed install_data
