[1.891s] Invoking command in '/home/scott-pena/GitHub/RBE550-Quadruped/src/robot_sim': DEBUGINFOD_URLS=https://debuginfod.ubuntu.com PYTHONPATH=/home/scott-pena/GitHub/RBE550-Quadruped/build/robot_sim/prefix_override:/usr/lib/python3/dist-packages/colcon_core/task/python/colcon_distutils_commands:/home/scott-pena/GitHub/RBE550-Quadruped/install/robot_sim/lib/python3.12/site-packages:${PYTHONPATH} /usr/bin/python3 -W ignore:setup.py install is deprecated setup.py egg_info --egg-base ../../build/robot_sim build --build-base /home/scott-pena/GitHub/RBE550-Quadruped/build/robot_sim/build install --record /home/scott-pena/GitHub/RBE550-Quadruped/build/robot_sim/install.log --single-version-externally-managed install_data
[2.150s] running egg_info
[2.172s] writing ../../build/robot_sim/robot_sim.egg-info/PKG-INFO
[2.173s] writing dependency_links to ../../build/robot_sim/robot_sim.egg-info/dependency_links.txt
[2.173s] writing requirements to ../../build/robot_sim/robot_sim.egg-info/requires.txt
[2.173s] writing top-level names to ../../build/robot_sim/robot_sim.egg-info/top_level.txt
[2.196s] reading manifest file '../../build/robot_sim/robot_sim.egg-info/SOURCES.txt'
[2.196s] adding license file 'LICENSE'
[2.197s] writing manifest file '../../build/robot_sim/robot_sim.egg-info/SOURCES.txt'
[2.197s] running build
[2.197s] running install
[2.201s] running install_data
[2.201s] copying worlds/Sand_Albedo.png -> /home/scott-pena/GitHub/RBE550-Quadruped/install/robot_sim/share/robot_sim/worlds
[2.618s] copying worlds/Sand_Normal.png -> /home/scott-pena/GitHub/RBE550-Quadruped/install/robot_sim/share/robot_sim/worlds
[2.815s] copying worlds/ORIGINAL_Heightmap.png -> /home/scott-pena/GitHub/RBE550-Quadruped/install/robot_sim/share/robot_sim/worlds
[2.835s] copying worlds/Rock_Albedo.png -> /home/scott-pena/GitHub/RBE550-Quadruped/install/robot_sim/share/robot_sim/worlds
[3.007s] copying worlds/Grass_Albedo.png -> /home/scott-pena/GitHub/RBE550-Quadruped/install/robot_sim/share/robot_sim/worlds
[3.322s] copying worlds/Grass_Normal.png -> /home/scott-pena/GitHub/RBE550-Quadruped/install/robot_sim/share/robot_sim/worlds
[4.626s] copying worlds/Rock_Normal.png -> /home/scott-pena/GitHub/RBE550-Quadruped/install/robot_sim/share/robot_sim/worlds
[5.262s] running install_egg_info
[5.315s] removing '/home/scott-pena/GitHub/RBE550-Quadruped/install/robot_sim/lib/python3.12/site-packages/robot_sim-0.0.0-py3.12.egg-info' (and everything under it)
[5.315s] Copying ../../build/robot_sim/robot_sim.egg-info to /home/scott-pena/GitHub/RBE550-Quadruped/install/robot_sim/lib/python3.12/site-packages/robot_sim-0.0.0-py3.12.egg-info
[5.316s] running install_scripts
[5.458s] writing list of installed files to '/home/scott-pena/GitHub/RBE550-Quadruped/build/robot_sim/install.log'
[5.476s] Invoked command in '/home/scott-pena/GitHub/RBE550-Quadruped/src/robot_sim' returned '0': DEBUGINFOD_URLS=https://debuginfod.ubuntu.com PYTHONPATH=/home/scott-pena/GitHub/RBE550-Quadruped/build/robot_sim/prefix_override:/usr/lib/python3/dist-packages/colcon_core/task/python/colcon_distutils_commands:/home/scott-pena/GitHub/RBE550-Quadruped/install/robot_sim/lib/python3.12/site-packages:${PYTHONPATH} /usr/bin/python3 -W ignore:setup.py install is deprecated setup.py egg_info --egg-base ../../build/robot_sim build --build-base /home/scott-pena/GitHub/RBE550-Quadruped/build/robot_sim/build install --record /home/scott-pena/GitHub/RBE550-Quadruped/build/robot_sim/install.log --single-version-externally-managed install_data
