running egg_info
creating ../../build/robot_sim/robot_sim.egg-info
writing ../../build/robot_sim/robot_sim.egg-info/PKG-INFO
writing dependency_links to ../../build/robot_sim/robot_sim.egg-info/dependency_links.txt
writing requirements to ../../build/robot_sim/robot_sim.egg-info/requires.txt
writing top-level names to ../../build/robot_sim/robot_sim.egg-info/top_level.txt
writing manifest file '../../build/robot_sim/robot_sim.egg-info/SOURCES.txt'
reading manifest file '../../build/robot_sim/robot_sim.egg-info/SOURCES.txt'
adding license file 'LICENSE'
writing manifest file '../../build/robot_sim/robot_sim.egg-info/SOURCES.txt'
running build
running install
running install_data
creating /home/scott-pena/GitHub/RBE550-Quadruped/install/robot_sim/share/ament_index
creating /home/scott-pena/GitHub/RBE550-Quadruped/install/robot_sim/share/ament_index/resource_index
creating /home/scott-pena/GitHub/RBE550-Quadruped/install/robot_sim/share/ament_index/resource_index/packages
copying resource/robot_sim -> /home/scott-pena/GitHub/RBE550-Quadruped/install/robot_sim/share/ament_index/resource_index/packages
copying package.xml -> /home/scott-pena/GitHub/RBE550-Quadruped/install/robot_sim/share/robot_sim
copying launch/robot_spawn_launch.py -> /home/scott-pena/GitHub/RBE550-Quadruped/install/robot_sim/share/robot_sim/launch
error: can't copy 'launch/__pycache__': doesn't exist or not a regular file
