[3.556s] Invoking command in '/home/jarothenberg/Documents/GitHub/RBE550-Quadruped/src/motion_planner': DEBUGINFOD_URLS=https://debuginfod.ubuntu.com PYTHONPATH=/home/jarothenberg/Documents/GitHub/RBE550-Quadruped/build/motion_planner/prefix_override:/usr/lib/python3/dist-packages/colcon_core/task/python/colcon_distutils_commands:/home/jarothenberg/Documents/GitHub/RBE550-Quadruped/install/motion_planner/lib/python3.12/site-packages:${PYTHONPATH} /usr/bin/python3 -W ignore:setup.py install is deprecated -W ignore:easy_install command is deprecated setup.py egg_info --egg-base ../../build/motion_planner build --build-base /home/jarothenberg/Documents/GitHub/RBE550-Quadruped/build/motion_planner/build install --record /home/jarothenberg/Documents/GitHub/RBE550-Quadruped/build/motion_planner/install.log --single-version-externally-managed install_data
[4.046s] running egg_info
[4.079s] writing ../../build/motion_planner/motion_planner.egg-info/PKG-INFO
[4.079s] writing dependency_links to ../../build/motion_planner/motion_planner.egg-info/dependency_links.txt
[4.079s] writing entry points to ../../build/motion_planner/motion_planner.egg-info/entry_points.txt
[4.080s] writing requirements to ../../build/motion_planner/motion_planner.egg-info/requires.txt
[4.080s] writing top-level names to ../../build/motion_planner/motion_planner.egg-info/top_level.txt
[4.187s] reading manifest file '../../build/motion_planner/motion_planner.egg-info/SOURCES.txt'
[4.188s] adding license file 'LICENSE'
[4.190s] writing manifest file '../../build/motion_planner/motion_planner.egg-info/SOURCES.txt'
[4.190s] running build
[4.191s] running build_py
[4.191s] copying motion_planner/map.py -> /home/jarothenberg/Documents/GitHub/RBE550-Quadruped/build/motion_planner/build/lib/motion_planner
[4.192s] running install
[4.207s] running install_lib
[4.267s] creating /home/jarothenberg/Documents/GitHub/RBE550-Quadruped/install/motion_planner/lib/python3.12/site-packages/motion_planner
[4.268s] copying /home/jarothenberg/Documents/GitHub/RBE550-Quadruped/build/motion_planner/build/lib/motion_planner/__init__.py -> /home/jarothenberg/Documents/GitHub/RBE550-Quadruped/install/motion_planner/lib/python3.12/site-packages/motion_planner
[4.268s] copying /home/jarothenberg/Documents/GitHub/RBE550-Quadruped/build/motion_planner/build/lib/motion_planner/map.py -> /home/jarothenberg/Documents/GitHub/RBE550-Quadruped/install/motion_planner/lib/python3.12/site-packages/motion_planner
[4.268s] copying /home/jarothenberg/Documents/GitHub/RBE550-Quadruped/build/motion_planner/build/lib/motion_planner/gen_array.py -> /home/jarothenberg/Documents/GitHub/RBE550-Quadruped/install/motion_planner/lib/python3.12/site-packages/motion_planner
[4.268s] copying /home/jarothenberg/Documents/GitHub/RBE550-Quadruped/build/motion_planner/build/lib/motion_planner/RRT.py -> /home/jarothenberg/Documents/GitHub/RBE550-Quadruped/install/motion_planner/lib/python3.12/site-packages/motion_planner
[4.270s] byte-compiling /home/jarothenberg/Documents/GitHub/RBE550-Quadruped/install/motion_planner/lib/python3.12/site-packages/motion_planner/__init__.py to __init__.cpython-312.pyc
[4.270s] byte-compiling /home/jarothenberg/Documents/GitHub/RBE550-Quadruped/install/motion_planner/lib/python3.12/site-packages/motion_planner/map.py to map.cpython-312.pyc
[4.271s] byte-compiling /home/jarothenberg/Documents/GitHub/RBE550-Quadruped/install/motion_planner/lib/python3.12/site-packages/motion_planner/gen_array.py to gen_array.cpython-312.pyc
[4.273s] byte-compiling /home/jarothenberg/Documents/GitHub/RBE550-Quadruped/install/motion_planner/lib/python3.12/site-packages/motion_planner/RRT.py to RRT.cpython-312.pyc
[4.280s] running install_data
[4.280s] creating /home/jarothenberg/Documents/GitHub/RBE550-Quadruped/install/motion_planner/share/ament_index
[4.280s] creating /home/jarothenberg/Documents/GitHub/RBE550-Quadruped/install/motion_planner/share/ament_index/resource_index
[4.281s] creating /home/jarothenberg/Documents/GitHub/RBE550-Quadruped/install/motion_planner/share/ament_index/resource_index/packages
[4.281s] copying resource/motion_planner -> /home/jarothenberg/Documents/GitHub/RBE550-Quadruped/install/motion_planner/share/ament_index/resource_index/packages
[4.281s] copying package.xml -> /home/jarothenberg/Documents/GitHub/RBE550-Quadruped/install/motion_planner/share/motion_planner
[4.281s] running install_egg_info
[4.338s] Copying ../../build/motion_planner/motion_planner.egg-info to /home/jarothenberg/Documents/GitHub/RBE550-Quadruped/install/motion_planner/lib/python3.12/site-packages/motion_planner-0.0.0-py3.12.egg-info
[4.340s] running install_scripts
[4.629s] Installing rrt script to /home/jarothenberg/Documents/GitHub/RBE550-Quadruped/install/motion_planner/lib/motion_planner
[4.630s] writing list of installed files to '/home/jarothenberg/Documents/GitHub/RBE550-Quadruped/build/motion_planner/install.log'
