[1.818s] Invoking command in '/home/jarothenberg/Documents/GitHub/RBE550-Quadruped/src/sensors': DEBUGINFOD_URLS=https://debuginfod.ubuntu.com PYTHONPATH=/home/jarothenberg/Documents/GitHub/RBE550-Quadruped/build/sensors/prefix_override:/usr/lib/python3/dist-packages/colcon_core/task/python/colcon_distutils_commands:/home/jarothenberg/Documents/GitHub/RBE550-Quadruped/install/sensors/lib/python3.12/site-packages:/home/jarothenberg/Documents/GitHub/RBE550-Quadruped/install/custom_interface/lib/python3.12/site-packages:/home/jarothenberg/Documents/GitHub/RBE550-Quadruped/install/sensors/lib/python3.12/site-packages:/home/jarothenberg/Documents/GitHub/RBE550-Quadruped/install/robot_sim/lib/python3.12/site-packages:/home/jarothenberg/Documents/GitHub/RBE550-Quadruped/install/robot_description/lib/python3.12/site-packages:/home/jarothenberg/Documents/GitHub/RBE550-Quadruped/install/quadruped/lib/python3.12/site-packages:/home/jarothenberg/Documents/GitHub/RBE550-Quadruped/install/motion_planner/lib/python3.12/site-packages:/home/jarothenberg/Documents/GitHub/RBE550-Quadruped/install/leg_controls/lib/python3.12/site-packages:/home/jarothenberg/Documents/GitHub/RBE550-Quadruped/install/center_of_mass/lib/python3.12/site-packages:/opt/ros/jazzy/lib/python3.12/site-packages /usr/bin/python3 -W ignore:setup.py install is deprecated -W ignore:easy_install command is deprecated setup.py egg_info --egg-base ../../build/sensors build --build-base /home/jarothenberg/Documents/GitHub/RBE550-Quadruped/build/sensors/build install --record /home/jarothenberg/Documents/GitHub/RBE550-Quadruped/build/sensors/install.log --single-version-externally-managed install_data
[2.242s] running egg_info
[2.270s] writing ../../build/sensors/sensors.egg-info/PKG-INFO
[2.271s] writing dependency_links to ../../build/sensors/sensors.egg-info/dependency_links.txt
[2.271s] writing entry points to ../../build/sensors/sensors.egg-info/entry_points.txt
[2.271s] writing requirements to ../../build/sensors/sensors.egg-info/requires.txt
[2.271s] writing top-level names to ../../build/sensors/sensors.egg-info/top_level.txt
[2.331s] reading manifest file '../../build/sensors/sensors.egg-info/SOURCES.txt'
[2.331s] adding license file 'LICENSE'
[2.332s] writing manifest file '../../build/sensors/sensors.egg-info/SOURCES.txt'
[2.332s] running build
[2.333s] running build_py
[2.333s] running install
[2.342s] running install_lib
[2.369s] running install_data
[2.369s] running install_egg_info
[2.399s] removing '/home/jarothenberg/Documents/GitHub/RBE550-Quadruped/install/sensors/lib/python3.12/site-packages/sensors-0.0.0-py3.12.egg-info' (and everything under it)
[2.399s] Copying ../../build/sensors/sensors.egg-info to /home/jarothenberg/Documents/GitHub/RBE550-Quadruped/install/sensors/lib/python3.12/site-packages/sensors-0.0.0-py3.12.egg-info
[2.400s] running install_scripts
[2.592s] Installing imu script to /home/jarothenberg/Documents/GitHub/RBE550-Quadruped/install/sensors/lib/sensors
[2.592s] writing list of installed files to '/home/jarothenberg/Documents/GitHub/RBE550-Quadruped/build/sensors/install.log'
[2.640s] Invoked command in '/home/jarothenberg/Documents/GitHub/RBE550-Quadruped/src/sensors' returned '0': DEBUGINFOD_URLS=https://debuginfod.ubuntu.com PYTHONPATH=/home/jarothenberg/Documents/GitHub/RBE550-Quadruped/build/sensors/prefix_override:/usr/lib/python3/dist-packages/colcon_core/task/python/colcon_distutils_commands:/home/jarothenberg/Documents/GitHub/RBE550-Quadruped/install/sensors/lib/python3.12/site-packages:/home/jarothenberg/Documents/GitHub/RBE550-Quadruped/install/custom_interface/lib/python3.12/site-packages:/home/jarothenberg/Documents/GitHub/RBE550-Quadruped/install/sensors/lib/python3.12/site-packages:/home/jarothenberg/Documents/GitHub/RBE550-Quadruped/install/robot_sim/lib/python3.12/site-packages:/home/jarothenberg/Documents/GitHub/RBE550-Quadruped/install/robot_description/lib/python3.12/site-packages:/home/jarothenberg/Documents/GitHub/RBE550-Quadruped/install/quadruped/lib/python3.12/site-packages:/home/jarothenberg/Documents/GitHub/RBE550-Quadruped/install/motion_planner/lib/python3.12/site-packages:/home/jarothenberg/Documents/GitHub/RBE550-Quadruped/install/leg_controls/lib/python3.12/site-packages:/home/jarothenberg/Documents/GitHub/RBE550-Quadruped/install/center_of_mass/lib/python3.12/site-packages:/opt/ros/jazzy/lib/python3.12/site-packages /usr/bin/python3 -W ignore:setup.py install is deprecated -W ignore:easy_install command is deprecated setup.py egg_info --egg-base ../../build/sensors build --build-base /home/jarothenberg/Documents/GitHub/RBE550-Quadruped/build/sensors/build install --record /home/jarothenberg/Documents/GitHub/RBE550-Quadruped/build/sensors/install.log --single-version-externally-managed install_data
