[2.300s] Invoking command in '/home/jarothenberg/Documents/GitHub/RBE550-Quadruped/src/center_of_mass': DEBUGINFOD_URLS=https://debuginfod.ubuntu.com PYTHONPATH=/home/jarothenberg/Documents/GitHub/RBE550-Quadruped/build/center_of_mass/prefix_override:/usr/lib/python3/dist-packages/colcon_core/task/python/colcon_distutils_commands:/home/jarothenberg/Documents/GitHub/RBE550-Quadruped/install/center_of_mass/lib/python3.12/site-packages:${PYTHONPATH} /usr/bin/python3 -W ignore:setup.py install is deprecated -W ignore:easy_install command is deprecated setup.py egg_info --egg-base ../../build/center_of_mass build --build-base /home/jarothenberg/Documents/GitHub/RBE550-Quadruped/build/center_of_mass/build install --record /home/jarothenberg/Documents/GitHub/RBE550-Quadruped/build/center_of_mass/install.log --single-version-externally-managed install_data
[2.822s] running egg_info
[2.859s] writing ../../build/center_of_mass/center_of_mass.egg-info/PKG-INFO
[2.859s] writing dependency_links to ../../build/center_of_mass/center_of_mass.egg-info/dependency_links.txt
[2.860s] writing entry points to ../../build/center_of_mass/center_of_mass.egg-info/entry_points.txt
[2.860s] writing requirements to ../../build/center_of_mass/center_of_mass.egg-info/requires.txt
[2.860s] writing top-level names to ../../build/center_of_mass/center_of_mass.egg-info/top_level.txt
[2.935s] reading manifest file '../../build/center_of_mass/center_of_mass.egg-info/SOURCES.txt'
[2.936s] adding license file 'LICENSE'
[2.937s] writing manifest file '../../build/center_of_mass/center_of_mass.egg-info/SOURCES.txt'
[2.937s] running build
[2.937s] running build_py
[2.938s] running install
[2.950s] running install_lib
[2.988s] running install_data
[2.988s] running install_egg_info
[3.027s] removing '/home/jarothenberg/Documents/GitHub/RBE550-Quadruped/install/center_of_mass/lib/python3.12/site-packages/center_of_mass-0.0.0-py3.12.egg-info' (and everything under it)
[3.028s] Copying ../../build/center_of_mass/center_of_mass.egg-info to /home/jarothenberg/Documents/GitHub/RBE550-Quadruped/install/center_of_mass/lib/python3.12/site-packages/center_of_mass-0.0.0-py3.12.egg-info
[3.029s] running install_scripts
[3.262s] Installing CoM script to /home/jarothenberg/Documents/GitHub/RBE550-Quadruped/install/center_of_mass/lib/center_of_mass
[3.262s] writing list of installed files to '/home/jarothenberg/Documents/GitHub/RBE550-Quadruped/build/center_of_mass/install.log'
