[1.276s] Invoking command in '/home/scott-pena/GitHub/RBE550-Quadruped/src/sensors': AMENT_PREFIX_PATH=/home/scott-pena/GitHub/RBE550-Quadruped/install/custom_interface:${AMENT_PREFIX_PATH} CMAKE_PREFIX_PATH=/home/scott-pena/GitHub/RBE550-Quadruped/install/custom_interface:${CMAKE_PREFIX_PATH} DEBUGINFOD_URLS=https://debuginfod.ubuntu.com LD_LIBRARY_PATH=/home/scott-pena/GitHub/RBE550-Quadruped/install/custom_interface/lib:${LD_LIBRARY_PATH} PYTHONPATH=/home/scott-pena/GitHub/RBE550-Quadruped/build/sensors/prefix_override:/usr/lib/python3/dist-packages/colcon_core/task/python/colcon_distutils_commands:/home/scott-pena/GitHub/RBE550-Quadruped/install/sensors/lib/python3.12/site-packages:/home/scott-pena/GitHub/RBE550-Quadruped/install/custom_interface/lib/python3.12/site-packages:${PYTHONPATH} /usr/bin/python3 -W ignore:setup.py install is deprecated setup.py egg_info --egg-base ../../build/sensors build --build-base /home/scott-pena/GitHub/RBE550-Quadruped/build/sensors/build install --record /home/scott-pena/GitHub/RBE550-Quadruped/build/sensors/install.log --single-version-externally-managed install_data
[1.534s] running egg_info
[1.534s] creating ../../build/sensors/sensors.egg-info
[1.557s] writing ../../build/sensors/sensors.egg-info/PKG-INFO
[1.557s] writing dependency_links to ../../build/sensors/sensors.egg-info/dependency_links.txt
[1.557s] writing entry points to ../../build/sensors/sensors.egg-info/entry_points.txt
[1.557s] writing requirements to ../../build/sensors/sensors.egg-info/requires.txt
[1.557s] writing top-level names to ../../build/sensors/sensors.egg-info/top_level.txt
[1.558s] writing manifest file '../../build/sensors/sensors.egg-info/SOURCES.txt'
[1.603s] reading manifest file '../../build/sensors/sensors.egg-info/SOURCES.txt'
[1.603s] adding license file 'LICENSE'
[1.603s] writing manifest file '../../build/sensors/sensors.egg-info/SOURCES.txt'
[1.658s] running build
[1.658s] running build_py
[1.658s] creating /home/scott-pena/GitHub/RBE550-Quadruped/build/sensors/build
[1.658s] creating /home/scott-pena/GitHub/RBE550-Quadruped/build/sensors/build/lib
[1.658s] creating /home/scott-pena/GitHub/RBE550-Quadruped/build/sensors/build/lib/sensors
[1.658s] copying sensors/IMU.py -> /home/scott-pena/GitHub/RBE550-Quadruped/build/sensors/build/lib/sensors
[1.666s] copying sensors/__init__.py -> /home/scott-pena/GitHub/RBE550-Quadruped/build/sensors/build/lib/sensors
[1.667s] copying sensors/Contact.py -> /home/scott-pena/GitHub/RBE550-Quadruped/build/sensors/build/lib/sensors
[1.843s] running install
[1.847s] running install_lib
[2.010s] copying /home/scott-pena/GitHub/RBE550-Quadruped/build/sensors/build/lib/sensors/IMU.py -> /home/scott-pena/GitHub/RBE550-Quadruped/install/sensors/lib/python3.12/site-packages/sensors
[2.010s] copying /home/scott-pena/GitHub/RBE550-Quadruped/build/sensors/build/lib/sensors/Contact.py -> /home/scott-pena/GitHub/RBE550-Quadruped/install/sensors/lib/python3.12/site-packages/sensors
[2.053s] byte-compiling /home/scott-pena/GitHub/RBE550-Quadruped/install/sensors/lib/python3.12/site-packages/sensors/IMU.py to IMU.cpython-312.pyc
[2.054s] byte-compiling /home/scott-pena/GitHub/RBE550-Quadruped/install/sensors/lib/python3.12/site-packages/sensors/Contact.py to Contact.cpython-312.pyc
[2.054s] running install_data
[2.055s] creating /home/scott-pena/GitHub/RBE550-Quadruped/install/sensors/share/ament_index
[2.055s] creating /home/scott-pena/GitHub/RBE550-Quadruped/install/sensors/share/ament_index/resource_index
[2.055s] creating /home/scott-pena/GitHub/RBE550-Quadruped/install/sensors/share/ament_index/resource_index/packages
[2.055s] copying resource/sensors -> /home/scott-pena/GitHub/RBE550-Quadruped/install/sensors/share/ament_index/resource_index/packages
[2.055s] copying package.xml -> /home/scott-pena/GitHub/RBE550-Quadruped/install/sensors/share/sensors
[2.055s] running install_egg_info
[2.079s] removing '/home/scott-pena/GitHub/RBE550-Quadruped/install/sensors/lib/python3.12/site-packages/sensors-0.0.0-py3.12.egg-info' (and everything under it)
[2.079s] Copying ../../build/sensors/sensors.egg-info to /home/scott-pena/GitHub/RBE550-Quadruped/install/sensors/lib/python3.12/site-packages/sensors-0.0.0-py3.12.egg-info
[2.080s] running install_scripts
[2.225s] Installing imu script to /home/scott-pena/GitHub/RBE550-Quadruped/install/sensors/lib/sensors
[2.253s] writing list of installed files to '/home/scott-pena/GitHub/RBE550-Quadruped/build/sensors/install.log'
[2.273s] Invoked command in '/home/scott-pena/GitHub/RBE550-Quadruped/src/sensors' returned '0': AMENT_PREFIX_PATH=/home/scott-pena/GitHub/RBE550-Quadruped/install/custom_interface:${AMENT_PREFIX_PATH} CMAKE_PREFIX_PATH=/home/scott-pena/GitHub/RBE550-Quadruped/install/custom_interface:${CMAKE_PREFIX_PATH} DEBUGINFOD_URLS=https://debuginfod.ubuntu.com LD_LIBRARY_PATH=/home/scott-pena/GitHub/RBE550-Quadruped/install/custom_interface/lib:${LD_LIBRARY_PATH} PYTHONPATH=/home/scott-pena/GitHub/RBE550-Quadruped/build/sensors/prefix_override:/usr/lib/python3/dist-packages/colcon_core/task/python/colcon_distutils_commands:/home/scott-pena/GitHub/RBE550-Quadruped/install/sensors/lib/python3.12/site-packages:/home/scott-pena/GitHub/RBE550-Quadruped/install/custom_interface/lib/python3.12/site-packages:${PYTHONPATH} /usr/bin/python3 -W ignore:setup.py install is deprecated setup.py egg_info --egg-base ../../build/sensors build --build-base /home/scott-pena/GitHub/RBE550-Quadruped/build/sensors/build install --record /home/scott-pena/GitHub/RBE550-Quadruped/build/sensors/install.log --single-version-externally-managed install_data
