[0.084s] DEBUG:colcon:Command line arguments: ['/usr/bin/colcon', 'build']
[0.084s] DEBUG:colcon:Parsed command line arguments: Namespace(log_base=None, log_level=None, verb_name='build', build_base='build', install_base='install', merge_install=False, symlink_install=False, test_result_base=None, continue_on_error=False, executor='parallel', parallel_workers=24, event_handlers=None, ignore_user_meta=False, metas=['./colcon.meta'], base_paths=['.'], packages_ignore=None, packages_ignore_regex=None, paths=None, packages_up_to=None, packages_up_to_regex=None, packages_above=None, packages_above_and_dependencies=None, packages_above_depth=None, packages_select_by_dep=None, packages_skip_by_dep=None, packages_skip_up_to=None, packages_select_build_failed=False, packages_skip_build_finished=False, packages_select_test_failures=False, packages_skip_test_passed=False, packages_select=None, packages_skip=None, packages_select_regex=None, packages_skip_regex=None, packages_start=None, packages_end=None, allow_overriding=[], cmake_args=None, cmake_target=None, cmake_target_skip_unavailable=False, cmake_clean_cache=False, cmake_clean_first=False, cmake_force_configure=False, ament_cmake_args=None, catkin_cmake_args=None, catkin_skip_building_tests=False, mixin_files=None, mixin=None, verb_parser=<colcon_mixin.mixin.mixin_argument.MixinArgumentDecorator object at 0x7f8b9fdc57f0>, verb_extension=<colcon_core.verb.build.BuildVerb object at 0x7f8ba04dc770>, main=<bound method BuildVerb.main of <colcon_core.verb.build.BuildVerb object at 0x7f8ba04dc770>>, mixin_verb=('build',))
[0.109s] Level 1:colcon.colcon_core.package_discovery:discover_packages(colcon_meta) check parameters
[0.109s] Level 1:colcon.colcon_core.package_discovery:discover_packages(recursive) check parameters
[0.109s] Level 1:colcon.colcon_core.package_discovery:discover_packages(ignore) check parameters
[0.109s] Level 1:colcon.colcon_core.package_discovery:discover_packages(path) check parameters
[0.109s] Level 1:colcon.colcon_core.package_discovery:discover_packages(colcon_meta) discover
[0.109s] Level 1:colcon.colcon_core.package_discovery:discover_packages(recursive) discover
[0.109s] INFO:colcon.colcon_core.package_discovery:Crawling recursively for packages in '/home/scott-pena/GitHub/RBE550-Quadruped'
[0.109s] Level 1:colcon.colcon_core.package_identification:_identify(.) by extensions ['ignore', 'ignore_ament_install']
[0.109s] Level 1:colcon.colcon_core.package_identification:_identify(.) by extension 'ignore'
[0.109s] Level 1:colcon.colcon_core.package_identification:_identify(.) by extension 'ignore_ament_install'
[0.109s] Level 1:colcon.colcon_core.package_identification:_identify(.) by extensions ['colcon_pkg']
[0.109s] Level 1:colcon.colcon_core.package_identification:_identify(.) by extension 'colcon_pkg'
[0.109s] Level 1:colcon.colcon_core.package_identification:_identify(.) by extensions ['colcon_meta']
[0.109s] Level 1:colcon.colcon_core.package_identification:_identify(.) by extension 'colcon_meta'
[0.109s] Level 1:colcon.colcon_core.package_identification:_identify(.) by extensions ['ros']
[0.109s] Level 1:colcon.colcon_core.package_identification:_identify(.) by extension 'ros'
[0.127s] Level 1:colcon.colcon_core.package_identification:_identify(.) by extensions ['cmake', 'python']
[0.127s] Level 1:colcon.colcon_core.package_identification:_identify(.) by extension 'cmake'
[0.127s] Level 1:colcon.colcon_core.package_identification:_identify(.) by extension 'python'
[0.127s] Level 1:colcon.colcon_core.package_identification:_identify(.) by extensions ['python_setup_py']
[0.127s] Level 1:colcon.colcon_core.package_identification:_identify(.) by extension 'python_setup_py'
[0.127s] Level 1:colcon.colcon_core.package_identification:_identify(build) by extensions ['ignore', 'ignore_ament_install']
[0.127s] Level 1:colcon.colcon_core.package_identification:_identify(build) by extension 'ignore'
[0.127s] Level 1:colcon.colcon_core.package_identification:_identify(build) ignored
[0.127s] Level 1:colcon.colcon_core.package_identification:_identify(install) by extensions ['ignore', 'ignore_ament_install']
[0.127s] Level 1:colcon.colcon_core.package_identification:_identify(install) by extension 'ignore'
[0.127s] Level 1:colcon.colcon_core.package_identification:_identify(install) ignored
[0.127s] Level 1:colcon.colcon_core.package_identification:_identify(log) by extensions ['ignore', 'ignore_ament_install']
[0.127s] Level 1:colcon.colcon_core.package_identification:_identify(log) by extension 'ignore'
[0.127s] Level 1:colcon.colcon_core.package_identification:_identify(log) ignored
[0.127s] Level 1:colcon.colcon_core.package_identification:_identify(matlab) by extensions ['ignore', 'ignore_ament_install']
[0.127s] Level 1:colcon.colcon_core.package_identification:_identify(matlab) by extension 'ignore'
[0.128s] Level 1:colcon.colcon_core.package_identification:_identify(matlab) by extension 'ignore_ament_install'
[0.128s] Level 1:colcon.colcon_core.package_identification:_identify(matlab) by extensions ['colcon_pkg']
[0.128s] Level 1:colcon.colcon_core.package_identification:_identify(matlab) by extension 'colcon_pkg'
[0.128s] Level 1:colcon.colcon_core.package_identification:_identify(matlab) by extensions ['colcon_meta']
[0.128s] Level 1:colcon.colcon_core.package_identification:_identify(matlab) by extension 'colcon_meta'
[0.128s] Level 1:colcon.colcon_core.package_identification:_identify(matlab) by extensions ['ros']
[0.128s] Level 1:colcon.colcon_core.package_identification:_identify(matlab) by extension 'ros'
[0.128s] Level 1:colcon.colcon_core.package_identification:_identify(matlab) by extensions ['cmake', 'python']
[0.128s] Level 1:colcon.colcon_core.package_identification:_identify(matlab) by extension 'cmake'
[0.128s] Level 1:colcon.colcon_core.package_identification:_identify(matlab) by extension 'python'
[0.128s] Level 1:colcon.colcon_core.package_identification:_identify(matlab) by extensions ['python_setup_py']
[0.128s] Level 1:colcon.colcon_core.package_identification:_identify(matlab) by extension 'python_setup_py'
[0.128s] Level 1:colcon.colcon_core.package_identification:_identify(src) by extensions ['ignore', 'ignore_ament_install']
[0.128s] Level 1:colcon.colcon_core.package_identification:_identify(src) by extension 'ignore'
[0.128s] Level 1:colcon.colcon_core.package_identification:_identify(src) by extension 'ignore_ament_install'
[0.128s] Level 1:colcon.colcon_core.package_identification:_identify(src) by extensions ['colcon_pkg']
[0.128s] Level 1:colcon.colcon_core.package_identification:_identify(src) by extension 'colcon_pkg'
[0.128s] Level 1:colcon.colcon_core.package_identification:_identify(src) by extensions ['colcon_meta']
[0.128s] Level 1:colcon.colcon_core.package_identification:_identify(src) by extension 'colcon_meta'
[0.128s] Level 1:colcon.colcon_core.package_identification:_identify(src) by extensions ['ros']
[0.128s] Level 1:colcon.colcon_core.package_identification:_identify(src) by extension 'ros'
[0.128s] Level 1:colcon.colcon_core.package_identification:_identify(src) by extensions ['cmake', 'python']
[0.128s] Level 1:colcon.colcon_core.package_identification:_identify(src) by extension 'cmake'
[0.128s] Level 1:colcon.colcon_core.package_identification:_identify(src) by extension 'python'
[0.128s] Level 1:colcon.colcon_core.package_identification:_identify(src) by extensions ['python_setup_py']
[0.128s] Level 1:colcon.colcon_core.package_identification:_identify(src) by extension 'python_setup_py'
[0.128s] Level 1:colcon.colcon_core.package_identification:_identify(src/custom_interface) by extensions ['ignore', 'ignore_ament_install']
[0.128s] Level 1:colcon.colcon_core.package_identification:_identify(src/custom_interface) by extension 'ignore'
[0.129s] Level 1:colcon.colcon_core.package_identification:_identify(src/custom_interface) by extension 'ignore_ament_install'
[0.129s] Level 1:colcon.colcon_core.package_identification:_identify(src/custom_interface) by extensions ['colcon_pkg']
[0.129s] Level 1:colcon.colcon_core.package_identification:_identify(src/custom_interface) by extension 'colcon_pkg'
[0.129s] Level 1:colcon.colcon_core.package_identification:_identify(src/custom_interface) by extensions ['colcon_meta']
[0.129s] Level 1:colcon.colcon_core.package_identification:_identify(src/custom_interface) by extension 'colcon_meta'
[0.129s] Level 1:colcon.colcon_core.package_identification:_identify(src/custom_interface) by extensions ['ros']
[0.129s] Level 1:colcon.colcon_core.package_identification:_identify(src/custom_interface) by extension 'ros'
[0.130s] DEBUG:colcon.colcon_core.package_identification:Package 'src/custom_interface' with type 'ros.ament_cmake' and name 'custom_interface'
[0.130s] Level 1:colcon.colcon_core.package_identification:_identify(src/leg_controls) by extensions ['ignore', 'ignore_ament_install']
[0.130s] Level 1:colcon.colcon_core.package_identification:_identify(src/leg_controls) by extension 'ignore'
[0.130s] Level 1:colcon.colcon_core.package_identification:_identify(src/leg_controls) by extension 'ignore_ament_install'
[0.131s] Level 1:colcon.colcon_core.package_identification:_identify(src/leg_controls) by extensions ['colcon_pkg']
[0.131s] Level 1:colcon.colcon_core.package_identification:_identify(src/leg_controls) by extension 'colcon_pkg'
[0.131s] Level 1:colcon.colcon_core.package_identification:_identify(src/leg_controls) by extensions ['colcon_meta']
[0.131s] Level 1:colcon.colcon_core.package_identification:_identify(src/leg_controls) by extension 'colcon_meta'
[0.131s] Level 1:colcon.colcon_core.package_identification:_identify(src/leg_controls) by extensions ['ros']
[0.131s] Level 1:colcon.colcon_core.package_identification:_identify(src/leg_controls) by extension 'ros'
[0.131s] DEBUG:colcon.colcon_core.package_identification:Package 'src/leg_controls' with type 'ros.ament_python' and name 'leg_controls'
[0.131s] Level 1:colcon.colcon_core.package_identification:_identify(src/robot_description) by extensions ['ignore', 'ignore_ament_install']
[0.131s] Level 1:colcon.colcon_core.package_identification:_identify(src/robot_description) by extension 'ignore'
[0.131s] Level 1:colcon.colcon_core.package_identification:_identify(src/robot_description) by extension 'ignore_ament_install'
[0.131s] Level 1:colcon.colcon_core.package_identification:_identify(src/robot_description) by extensions ['colcon_pkg']
[0.131s] Level 1:colcon.colcon_core.package_identification:_identify(src/robot_description) by extension 'colcon_pkg'
[0.131s] Level 1:colcon.colcon_core.package_identification:_identify(src/robot_description) by extensions ['colcon_meta']
[0.131s] Level 1:colcon.colcon_core.package_identification:_identify(src/robot_description) by extension 'colcon_meta'
[0.131s] Level 1:colcon.colcon_core.package_identification:_identify(src/robot_description) by extensions ['ros']
[0.131s] Level 1:colcon.colcon_core.package_identification:_identify(src/robot_description) by extension 'ros'
[0.132s] DEBUG:colcon.colcon_core.package_identification:Package 'src/robot_description' with type 'ros.ament_python' and name 'robot_description'
[0.132s] Level 1:colcon.colcon_core.package_identification:_identify(src/robot_sim) by extensions ['ignore', 'ignore_ament_install']
[0.132s] Level 1:colcon.colcon_core.package_identification:_identify(src/robot_sim) by extension 'ignore'
[0.132s] Level 1:colcon.colcon_core.package_identification:_identify(src/robot_sim) by extension 'ignore_ament_install'
[0.132s] Level 1:colcon.colcon_core.package_identification:_identify(src/robot_sim) by extensions ['colcon_pkg']
[0.132s] Level 1:colcon.colcon_core.package_identification:_identify(src/robot_sim) by extension 'colcon_pkg'
[0.132s] Level 1:colcon.colcon_core.package_identification:_identify(src/robot_sim) by extensions ['colcon_meta']
[0.132s] Level 1:colcon.colcon_core.package_identification:_identify(src/robot_sim) by extension 'colcon_meta'
[0.132s] Level 1:colcon.colcon_core.package_identification:_identify(src/robot_sim) by extensions ['ros']
[0.132s] Level 1:colcon.colcon_core.package_identification:_identify(src/robot_sim) by extension 'ros'
[0.132s] DEBUG:colcon.colcon_core.package_identification:Package 'src/robot_sim' with type 'ros.ament_python' and name 'robot_sim'
[0.132s] Level 1:colcon.colcon_core.package_identification:_identify(src/sensors) by extensions ['ignore', 'ignore_ament_install']
[0.132s] Level 1:colcon.colcon_core.package_identification:_identify(src/sensors) by extension 'ignore'
[0.133s] Level 1:colcon.colcon_core.package_identification:_identify(src/sensors) by extension 'ignore_ament_install'
[0.133s] Level 1:colcon.colcon_core.package_identification:_identify(src/sensors) by extensions ['colcon_pkg']
[0.133s] Level 1:colcon.colcon_core.package_identification:_identify(src/sensors) by extension 'colcon_pkg'
[0.133s] Level 1:colcon.colcon_core.package_identification:_identify(src/sensors) by extensions ['colcon_meta']
[0.133s] Level 1:colcon.colcon_core.package_identification:_identify(src/sensors) by extension 'colcon_meta'
[0.133s] Level 1:colcon.colcon_core.package_identification:_identify(src/sensors) by extensions ['ros']
[0.133s] Level 1:colcon.colcon_core.package_identification:_identify(src/sensors) by extension 'ros'
[0.133s] DEBUG:colcon.colcon_core.package_identification:Package 'src/sensors' with type 'ros.ament_python' and name 'sensors'
[0.133s] Level 1:colcon.colcon_core.package_discovery:discover_packages(recursive) using defaults
[0.133s] Level 1:colcon.colcon_core.package_discovery:discover_packages(ignore) discover
[0.133s] Level 1:colcon.colcon_core.package_discovery:discover_packages(ignore) using defaults
[0.133s] Level 1:colcon.colcon_core.package_discovery:discover_packages(path) discover
[0.133s] Level 1:colcon.colcon_core.package_discovery:discover_packages(path) using defaults
[0.145s] Level 1:colcon.colcon_core.package_discovery:discover_packages(prefix_path) check parameters
[0.145s] Level 1:colcon.colcon_core.package_discovery:discover_packages(prefix_path) discover
[0.148s] DEBUG:colcon.colcon_installed_package_information.package_discovery:Found 451 installed packages in /opt/ros/jazzy
[0.149s] Level 1:colcon.colcon_core.package_discovery:discover_packages(prefix_path) using defaults
[0.193s] Level 5:colcon.colcon_core.verb:set package 'custom_interface' build argument 'cmake_args' from command line to 'None'
[0.194s] Level 5:colcon.colcon_core.verb:set package 'custom_interface' build argument 'cmake_target' from command line to 'None'
[0.194s] Level 5:colcon.colcon_core.verb:set package 'custom_interface' build argument 'cmake_target_skip_unavailable' from command line to 'False'
[0.194s] Level 5:colcon.colcon_core.verb:set package 'custom_interface' build argument 'cmake_clean_cache' from command line to 'False'
[0.194s] Level 5:colcon.colcon_core.verb:set package 'custom_interface' build argument 'cmake_clean_first' from command line to 'False'
[0.194s] Level 5:colcon.colcon_core.verb:set package 'custom_interface' build argument 'cmake_force_configure' from command line to 'False'
[0.194s] Level 5:colcon.colcon_core.verb:set package 'custom_interface' build argument 'ament_cmake_args' from command line to 'None'
[0.194s] Level 5:colcon.colcon_core.verb:set package 'custom_interface' build argument 'catkin_cmake_args' from command line to 'None'
[0.194s] Level 5:colcon.colcon_core.verb:set package 'custom_interface' build argument 'catkin_skip_building_tests' from command line to 'False'
[0.194s] DEBUG:colcon.colcon_core.verb:Building package 'custom_interface' with the following arguments: {'ament_cmake_args': None, 'build_base': '/home/scott-pena/GitHub/RBE550-Quadruped/build/custom_interface', 'catkin_cmake_args': None, 'catkin_skip_building_tests': False, 'cmake_args': None, 'cmake_clean_cache': False, 'cmake_clean_first': False, 'cmake_force_configure': False, 'cmake_target': None, 'cmake_target_skip_unavailable': False, 'install_base': '/home/scott-pena/GitHub/RBE550-Quadruped/install/custom_interface', 'merge_install': False, 'path': '/home/scott-pena/GitHub/RBE550-Quadruped/src/custom_interface', 'symlink_install': False, 'test_result_base': None}
[0.194s] Level 5:colcon.colcon_core.verb:set package 'robot_description' build argument 'cmake_args' from command line to 'None'
[0.194s] Level 5:colcon.colcon_core.verb:set package 'robot_description' build argument 'cmake_target' from command line to 'None'
[0.194s] Level 5:colcon.colcon_core.verb:set package 'robot_description' build argument 'cmake_target_skip_unavailable' from command line to 'False'
[0.194s] Level 5:colcon.colcon_core.verb:set package 'robot_description' build argument 'cmake_clean_cache' from command line to 'False'
[0.194s] Level 5:colcon.colcon_core.verb:set package 'robot_description' build argument 'cmake_clean_first' from command line to 'False'
[0.194s] Level 5:colcon.colcon_core.verb:set package 'robot_description' build argument 'cmake_force_configure' from command line to 'False'
[0.194s] Level 5:colcon.colcon_core.verb:set package 'robot_description' build argument 'ament_cmake_args' from command line to 'None'
[0.194s] Level 5:colcon.colcon_core.verb:set package 'robot_description' build argument 'catkin_cmake_args' from command line to 'None'
[0.194s] Level 5:colcon.colcon_core.verb:set package 'robot_description' build argument 'catkin_skip_building_tests' from command line to 'False'
[0.194s] DEBUG:colcon.colcon_core.verb:Building package 'robot_description' with the following arguments: {'ament_cmake_args': None, 'build_base': '/home/scott-pena/GitHub/RBE550-Quadruped/build/robot_description', 'catkin_cmake_args': None, 'catkin_skip_building_tests': False, 'cmake_args': None, 'cmake_clean_cache': False, 'cmake_clean_first': False, 'cmake_force_configure': False, 'cmake_target': None, 'cmake_target_skip_unavailable': False, 'install_base': '/home/scott-pena/GitHub/RBE550-Quadruped/install/robot_description', 'merge_install': False, 'path': '/home/scott-pena/GitHub/RBE550-Quadruped/src/robot_description', 'symlink_install': False, 'test_result_base': None}
[0.194s] Level 5:colcon.colcon_core.verb:set package 'robot_sim' build argument 'cmake_args' from command line to 'None'
[0.194s] Level 5:colcon.colcon_core.verb:set package 'robot_sim' build argument 'cmake_target' from command line to 'None'
[0.194s] Level 5:colcon.colcon_core.verb:set package 'robot_sim' build argument 'cmake_target_skip_unavailable' from command line to 'False'
[0.194s] Level 5:colcon.colcon_core.verb:set package 'robot_sim' build argument 'cmake_clean_cache' from command line to 'False'
[0.194s] Level 5:colcon.colcon_core.verb:set package 'robot_sim' build argument 'cmake_clean_first' from command line to 'False'
[0.194s] Level 5:colcon.colcon_core.verb:set package 'robot_sim' build argument 'cmake_force_configure' from command line to 'False'
[0.194s] Level 5:colcon.colcon_core.verb:set package 'robot_sim' build argument 'ament_cmake_args' from command line to 'None'
[0.194s] Level 5:colcon.colcon_core.verb:set package 'robot_sim' build argument 'catkin_cmake_args' from command line to 'None'
[0.194s] Level 5:colcon.colcon_core.verb:set package 'robot_sim' build argument 'catkin_skip_building_tests' from command line to 'False'
[0.194s] DEBUG:colcon.colcon_core.verb:Building package 'robot_sim' with the following arguments: {'ament_cmake_args': None, 'build_base': '/home/scott-pena/GitHub/RBE550-Quadruped/build/robot_sim', 'catkin_cmake_args': None, 'catkin_skip_building_tests': False, 'cmake_args': None, 'cmake_clean_cache': False, 'cmake_clean_first': False, 'cmake_force_configure': False, 'cmake_target': None, 'cmake_target_skip_unavailable': False, 'install_base': '/home/scott-pena/GitHub/RBE550-Quadruped/install/robot_sim', 'merge_install': False, 'path': '/home/scott-pena/GitHub/RBE550-Quadruped/src/robot_sim', 'symlink_install': False, 'test_result_base': None}
[0.195s] Level 5:colcon.colcon_core.verb:set package 'leg_controls' build argument 'cmake_args' from command line to 'None'
[0.195s] Level 5:colcon.colcon_core.verb:set package 'leg_controls' build argument 'cmake_target' from command line to 'None'
[0.195s] Level 5:colcon.colcon_core.verb:set package 'leg_controls' build argument 'cmake_target_skip_unavailable' from command line to 'False'
[0.195s] Level 5:colcon.colcon_core.verb:set package 'leg_controls' build argument 'cmake_clean_cache' from command line to 'False'
[0.195s] Level 5:colcon.colcon_core.verb:set package 'leg_controls' build argument 'cmake_clean_first' from command line to 'False'
[0.195s] Level 5:colcon.colcon_core.verb:set package 'leg_controls' build argument 'cmake_force_configure' from command line to 'False'
[0.195s] Level 5:colcon.colcon_core.verb:set package 'leg_controls' build argument 'ament_cmake_args' from command line to 'None'
[0.195s] Level 5:colcon.colcon_core.verb:set package 'leg_controls' build argument 'catkin_cmake_args' from command line to 'None'
[0.195s] Level 5:colcon.colcon_core.verb:set package 'leg_controls' build argument 'catkin_skip_building_tests' from command line to 'False'
[0.195s] DEBUG:colcon.colcon_core.verb:Building package 'leg_controls' with the following arguments: {'ament_cmake_args': None, 'build_base': '/home/scott-pena/GitHub/RBE550-Quadruped/build/leg_controls', 'catkin_cmake_args': None, 'catkin_skip_building_tests': False, 'cmake_args': None, 'cmake_clean_cache': False, 'cmake_clean_first': False, 'cmake_force_configure': False, 'cmake_target': None, 'cmake_target_skip_unavailable': False, 'install_base': '/home/scott-pena/GitHub/RBE550-Quadruped/install/leg_controls', 'merge_install': False, 'path': '/home/scott-pena/GitHub/RBE550-Quadruped/src/leg_controls', 'symlink_install': False, 'test_result_base': None}
[0.195s] Level 5:colcon.colcon_core.verb:set package 'sensors' build argument 'cmake_args' from command line to 'None'
[0.195s] Level 5:colcon.colcon_core.verb:set package 'sensors' build argument 'cmake_target' from command line to 'None'
[0.195s] Level 5:colcon.colcon_core.verb:set package 'sensors' build argument 'cmake_target_skip_unavailable' from command line to 'False'
[0.195s] Level 5:colcon.colcon_core.verb:set package 'sensors' build argument 'cmake_clean_cache' from command line to 'False'
[0.195s] Level 5:colcon.colcon_core.verb:set package 'sensors' build argument 'cmake_clean_first' from command line to 'False'
[0.195s] Level 5:colcon.colcon_core.verb:set package 'sensors' build argument 'cmake_force_configure' from command line to 'False'
[0.195s] Level 5:colcon.colcon_core.verb:set package 'sensors' build argument 'ament_cmake_args' from command line to 'None'
[0.195s] Level 5:colcon.colcon_core.verb:set package 'sensors' build argument 'catkin_cmake_args' from command line to 'None'
[0.195s] Level 5:colcon.colcon_core.verb:set package 'sensors' build argument 'catkin_skip_building_tests' from command line to 'False'
[0.195s] DEBUG:colcon.colcon_core.verb:Building package 'sensors' with the following arguments: {'ament_cmake_args': None, 'build_base': '/home/scott-pena/GitHub/RBE550-Quadruped/build/sensors', 'catkin_cmake_args': None, 'catkin_skip_building_tests': False, 'cmake_args': None, 'cmake_clean_cache': False, 'cmake_clean_first': False, 'cmake_force_configure': False, 'cmake_target': None, 'cmake_target_skip_unavailable': False, 'install_base': '/home/scott-pena/GitHub/RBE550-Quadruped/install/sensors', 'merge_install': False, 'path': '/home/scott-pena/GitHub/RBE550-Quadruped/src/sensors', 'symlink_install': False, 'test_result_base': None}
[0.195s] INFO:colcon.colcon_core.executor:Executing jobs using 'parallel' executor
[0.196s] DEBUG:colcon.colcon_parallel_executor.executor.parallel:run_until_complete
[0.196s] INFO:colcon.colcon_ros.task.ament_cmake.build:Building ROS package in '/home/scott-pena/GitHub/RBE550-Quadruped/src/custom_interface' with build type 'ament_cmake'
[0.196s] INFO:colcon.colcon_cmake.task.cmake.build:Building CMake package in '/home/scott-pena/GitHub/RBE550-Quadruped/src/custom_interface'
[0.198s] INFO:colcon.colcon_core.plugin_system:Skipping extension 'colcon_core.shell.bat': Not used on non-Windows systems
[0.198s] INFO:colcon.colcon_core.shell:Skip shell extension 'powershell' for command environment: Not usable outside of PowerShell
[0.198s] DEBUG:colcon.colcon_core.shell:Skip shell extension 'dsv' for command environment
[0.201s] INFO:colcon.colcon_ros.task.ament_python.build:Building ROS package in '/home/scott-pena/GitHub/RBE550-Quadruped/src/robot_description' with build type 'ament_python'
[0.201s] Level 1:colcon.colcon_core.shell:create_environment_hook('robot_description', 'ament_prefix_path')
[0.201s] INFO:colcon.colcon_core.shell:Creating environment hook '/home/scott-pena/GitHub/RBE550-Quadruped/install/robot_description/share/robot_description/hook/ament_prefix_path.ps1'
[0.202s] INFO:colcon.colcon_core.shell:Creating environment descriptor '/home/scott-pena/GitHub/RBE550-Quadruped/install/robot_description/share/robot_description/hook/ament_prefix_path.dsv'
[0.202s] INFO:colcon.colcon_core.shell:Creating environment hook '/home/scott-pena/GitHub/RBE550-Quadruped/install/robot_description/share/robot_description/hook/ament_prefix_path.sh'
[0.202s] INFO:colcon.colcon_core.shell:Skip shell extension 'powershell' for command environment: Not usable outside of PowerShell
[0.202s] DEBUG:colcon.colcon_core.shell:Skip shell extension 'dsv' for command environment
[0.205s] INFO:colcon.colcon_ros.task.ament_python.build:Building ROS package in '/home/scott-pena/GitHub/RBE550-Quadruped/src/robot_sim' with build type 'ament_python'
[0.205s] Level 1:colcon.colcon_core.shell:create_environment_hook('robot_sim', 'ament_prefix_path')
[0.205s] INFO:colcon.colcon_core.shell:Creating environment hook '/home/scott-pena/GitHub/RBE550-Quadruped/install/robot_sim/share/robot_sim/hook/ament_prefix_path.ps1'
[0.205s] INFO:colcon.colcon_core.shell:Creating environment descriptor '/home/scott-pena/GitHub/RBE550-Quadruped/install/robot_sim/share/robot_sim/hook/ament_prefix_path.dsv'
[0.206s] INFO:colcon.colcon_core.shell:Creating environment hook '/home/scott-pena/GitHub/RBE550-Quadruped/install/robot_sim/share/robot_sim/hook/ament_prefix_path.sh'
[0.206s] INFO:colcon.colcon_core.shell:Skip shell extension 'powershell' for command environment: Not usable outside of PowerShell
[0.206s] DEBUG:colcon.colcon_core.shell:Skip shell extension 'dsv' for command environment
[0.212s] DEBUG:colcon.colcon_core.event_handler.log_command:Invoking command in '/home/scott-pena/GitHub/RBE550-Quadruped/build/custom_interface': CMAKE_PREFIX_PATH=${CMAKE_PREFIX_PATH}:/opt/ros/jazzy DEBUGINFOD_URLS=https://debuginfod.ubuntu.com /usr/bin/cmake --build /home/scott-pena/GitHub/RBE550-Quadruped/build/custom_interface -- -j24 -l24
[0.406s] INFO:colcon.colcon_core.task.python.build:Building Python package in '/home/scott-pena/GitHub/RBE550-Quadruped/src/robot_description'
[0.407s] INFO:colcon.colcon_core.shell:Skip shell extension 'powershell' for command environment: Not usable outside of PowerShell
[0.407s] DEBUG:colcon.colcon_core.shell:Skip shell extension 'dsv' for command environment
[0.607s] INFO:colcon.colcon_core.task.python.build:Building Python package in '/home/scott-pena/GitHub/RBE550-Quadruped/src/robot_sim'
[0.608s] INFO:colcon.colcon_core.shell:Skip shell extension 'powershell' for command environment: Not usable outside of PowerShell
[0.608s] DEBUG:colcon.colcon_core.shell:Skip shell extension 'dsv' for command environment
[0.615s] DEBUG:colcon.colcon_core.event_handler.log_command:Invoked command in '/home/scott-pena/GitHub/RBE550-Quadruped/build/custom_interface' returned '0': CMAKE_PREFIX_PATH=${CMAKE_PREFIX_PATH}:/opt/ros/jazzy DEBUGINFOD_URLS=https://debuginfod.ubuntu.com /usr/bin/cmake --build /home/scott-pena/GitHub/RBE550-Quadruped/build/custom_interface -- -j24 -l24
[0.705s] DEBUG:colcon.colcon_core.event_handler.log_command:Invoking command in '/home/scott-pena/GitHub/RBE550-Quadruped/build/custom_interface': CMAKE_PREFIX_PATH=${CMAKE_PREFIX_PATH}:/opt/ros/jazzy DEBUGINFOD_URLS=https://debuginfod.ubuntu.com /usr/bin/cmake --install /home/scott-pena/GitHub/RBE550-Quadruped/build/custom_interface
[0.755s] Level 1:colcon.colcon_core.environment:create_environment_scripts_only(custom_interface)
[0.755s] DEBUG:colcon.colcon_core.event_handler.log_command:Invoked command in '/home/scott-pena/GitHub/RBE550-Quadruped/build/custom_interface' returned '0': CMAKE_PREFIX_PATH=${CMAKE_PREFIX_PATH}:/opt/ros/jazzy DEBUGINFOD_URLS=https://debuginfod.ubuntu.com /usr/bin/cmake --install /home/scott-pena/GitHub/RBE550-Quadruped/build/custom_interface
[0.758s] Level 1:colcon.colcon_core.environment:checking '/home/scott-pena/GitHub/RBE550-Quadruped/install/custom_interface' for CMake module files
[0.759s] Level 1:colcon.colcon_core.environment:checking '/home/scott-pena/GitHub/RBE550-Quadruped/install/custom_interface' for CMake config files
[0.759s] Level 1:colcon.colcon_core.shell:create_environment_hook('custom_interface', 'cmake_prefix_path')
[0.759s] INFO:colcon.colcon_core.shell:Creating environment hook '/home/scott-pena/GitHub/RBE550-Quadruped/install/custom_interface/share/custom_interface/hook/cmake_prefix_path.ps1'
[0.760s] INFO:colcon.colcon_core.shell:Creating environment descriptor '/home/scott-pena/GitHub/RBE550-Quadruped/install/custom_interface/share/custom_interface/hook/cmake_prefix_path.dsv'
[0.760s] INFO:colcon.colcon_core.shell:Creating environment hook '/home/scott-pena/GitHub/RBE550-Quadruped/install/custom_interface/share/custom_interface/hook/cmake_prefix_path.sh'
[0.761s] Level 1:colcon.colcon_core.environment:checking '/home/scott-pena/GitHub/RBE550-Quadruped/install/custom_interface/lib'
[0.761s] Level 1:colcon.colcon_core.shell:create_environment_hook('custom_interface', 'ld_library_path_lib')
[0.761s] INFO:colcon.colcon_core.shell:Creating environment hook '/home/scott-pena/GitHub/RBE550-Quadruped/install/custom_interface/share/custom_interface/hook/ld_library_path_lib.ps1'
[0.762s] INFO:colcon.colcon_core.shell:Creating environment descriptor '/home/scott-pena/GitHub/RBE550-Quadruped/install/custom_interface/share/custom_interface/hook/ld_library_path_lib.dsv'
[0.762s] INFO:colcon.colcon_core.shell:Creating environment hook '/home/scott-pena/GitHub/RBE550-Quadruped/install/custom_interface/share/custom_interface/hook/ld_library_path_lib.sh'
[0.762s] Level 1:colcon.colcon_core.environment:checking '/home/scott-pena/GitHub/RBE550-Quadruped/install/custom_interface/bin'
[0.762s] Level 1:colcon.colcon_core.environment:checking '/home/scott-pena/GitHub/RBE550-Quadruped/install/custom_interface/lib/pkgconfig/custom_interface.pc'
[0.763s] Level 1:colcon.colcon_core.environment:checking '/home/scott-pena/GitHub/RBE550-Quadruped/install/custom_interface/lib/python3.12/site-packages'
[0.763s] Level 1:colcon.colcon_core.shell:create_environment_hook('custom_interface', 'pythonpath')
[0.763s] INFO:colcon.colcon_core.shell:Creating environment hook '/home/scott-pena/GitHub/RBE550-Quadruped/install/custom_interface/share/custom_interface/hook/pythonpath.ps1'
[0.763s] INFO:colcon.colcon_core.shell:Creating environment descriptor '/home/scott-pena/GitHub/RBE550-Quadruped/install/custom_interface/share/custom_interface/hook/pythonpath.dsv'
[0.764s] INFO:colcon.colcon_core.shell:Creating environment hook '/home/scott-pena/GitHub/RBE550-Quadruped/install/custom_interface/share/custom_interface/hook/pythonpath.sh'
[0.764s] Level 1:colcon.colcon_core.environment:checking '/home/scott-pena/GitHub/RBE550-Quadruped/install/custom_interface/bin'
[0.765s] INFO:colcon.colcon_core.shell:Creating package script '/home/scott-pena/GitHub/RBE550-Quadruped/install/custom_interface/share/custom_interface/package.ps1'
[0.766s] INFO:colcon.colcon_core.shell:Creating package descriptor '/home/scott-pena/GitHub/RBE550-Quadruped/install/custom_interface/share/custom_interface/package.dsv'
[0.766s] INFO:colcon.colcon_core.shell:Creating package script '/home/scott-pena/GitHub/RBE550-Quadruped/install/custom_interface/share/custom_interface/package.sh'
[0.767s] INFO:colcon.colcon_core.shell:Creating package script '/home/scott-pena/GitHub/RBE550-Quadruped/install/custom_interface/share/custom_interface/package.bash'
[0.768s] INFO:colcon.colcon_core.shell:Creating package script '/home/scott-pena/GitHub/RBE550-Quadruped/install/custom_interface/share/custom_interface/package.zsh'
[0.768s] Level 1:colcon.colcon_core.environment:create_file_with_runtime_dependencies(/home/scott-pena/GitHub/RBE550-Quadruped/install/custom_interface/share/colcon-core/packages/custom_interface)
[0.852s] Level 1:colcon.colcon_core.environment:create_environment_scripts_only(custom_interface)
[0.852s] Level 1:colcon.colcon_core.environment:checking '/home/scott-pena/GitHub/RBE550-Quadruped/install/custom_interface' for CMake module files
[0.853s] Level 1:colcon.colcon_core.environment:checking '/home/scott-pena/GitHub/RBE550-Quadruped/install/custom_interface' for CMake config files
[0.853s] Level 1:colcon.colcon_core.shell:create_environment_hook('custom_interface', 'cmake_prefix_path')
[0.853s] INFO:colcon.colcon_core.shell:Creating environment hook '/home/scott-pena/GitHub/RBE550-Quadruped/install/custom_interface/share/custom_interface/hook/cmake_prefix_path.ps1'
[0.854s] INFO:colcon.colcon_core.shell:Creating environment descriptor '/home/scott-pena/GitHub/RBE550-Quadruped/install/custom_interface/share/custom_interface/hook/cmake_prefix_path.dsv'
[0.854s] INFO:colcon.colcon_core.shell:Creating environment hook '/home/scott-pena/GitHub/RBE550-Quadruped/install/custom_interface/share/custom_interface/hook/cmake_prefix_path.sh'
[0.854s] Level 1:colcon.colcon_core.environment:checking '/home/scott-pena/GitHub/RBE550-Quadruped/install/custom_interface/lib'
[0.854s] Level 1:colcon.colcon_core.shell:create_environment_hook('custom_interface', 'ld_library_path_lib')
[0.854s] INFO:colcon.colcon_core.shell:Creating environment hook '/home/scott-pena/GitHub/RBE550-Quadruped/install/custom_interface/share/custom_interface/hook/ld_library_path_lib.ps1'
[0.855s] INFO:colcon.colcon_core.shell:Creating environment descriptor '/home/scott-pena/GitHub/RBE550-Quadruped/install/custom_interface/share/custom_interface/hook/ld_library_path_lib.dsv'
[0.855s] INFO:colcon.colcon_core.shell:Creating environment hook '/home/scott-pena/GitHub/RBE550-Quadruped/install/custom_interface/share/custom_interface/hook/ld_library_path_lib.sh'
[0.856s] Level 1:colcon.colcon_core.environment:checking '/home/scott-pena/GitHub/RBE550-Quadruped/install/custom_interface/bin'
[0.856s] Level 1:colcon.colcon_core.environment:checking '/home/scott-pena/GitHub/RBE550-Quadruped/install/custom_interface/lib/pkgconfig/custom_interface.pc'
[0.856s] Level 1:colcon.colcon_core.environment:checking '/home/scott-pena/GitHub/RBE550-Quadruped/install/custom_interface/lib/python3.12/site-packages'
[0.856s] Level 1:colcon.colcon_core.shell:create_environment_hook('custom_interface', 'pythonpath')
[0.856s] INFO:colcon.colcon_core.shell:Creating environment hook '/home/scott-pena/GitHub/RBE550-Quadruped/install/custom_interface/share/custom_interface/hook/pythonpath.ps1'
[0.856s] INFO:colcon.colcon_core.shell:Creating environment descriptor '/home/scott-pena/GitHub/RBE550-Quadruped/install/custom_interface/share/custom_interface/hook/pythonpath.dsv'
[0.857s] INFO:colcon.colcon_core.shell:Creating environment hook '/home/scott-pena/GitHub/RBE550-Quadruped/install/custom_interface/share/custom_interface/hook/pythonpath.sh'
[0.857s] Level 1:colcon.colcon_core.environment:checking '/home/scott-pena/GitHub/RBE550-Quadruped/install/custom_interface/bin'
[0.857s] INFO:colcon.colcon_core.shell:Creating package script '/home/scott-pena/GitHub/RBE550-Quadruped/install/custom_interface/share/custom_interface/package.ps1'
[0.858s] INFO:colcon.colcon_core.shell:Creating package descriptor '/home/scott-pena/GitHub/RBE550-Quadruped/install/custom_interface/share/custom_interface/package.dsv'
[0.858s] INFO:colcon.colcon_core.shell:Creating package script '/home/scott-pena/GitHub/RBE550-Quadruped/install/custom_interface/share/custom_interface/package.sh'
[0.858s] INFO:colcon.colcon_core.shell:Creating package script '/home/scott-pena/GitHub/RBE550-Quadruped/install/custom_interface/share/custom_interface/package.bash'
[0.859s] INFO:colcon.colcon_core.shell:Creating package script '/home/scott-pena/GitHub/RBE550-Quadruped/install/custom_interface/share/custom_interface/package.zsh'
[0.859s] Level 1:colcon.colcon_core.environment:create_file_with_runtime_dependencies(/home/scott-pena/GitHub/RBE550-Quadruped/install/custom_interface/share/colcon-core/packages/custom_interface)
[0.859s] INFO:colcon.colcon_ros.task.ament_python.build:Building ROS package in '/home/scott-pena/GitHub/RBE550-Quadruped/src/leg_controls' with build type 'ament_python'
[0.859s] Level 1:colcon.colcon_core.shell:create_environment_hook('leg_controls', 'ament_prefix_path')
[0.859s] INFO:colcon.colcon_core.shell:Creating environment hook '/home/scott-pena/GitHub/RBE550-Quadruped/install/leg_controls/share/leg_controls/hook/ament_prefix_path.ps1'
[0.860s] INFO:colcon.colcon_core.shell:Creating environment descriptor '/home/scott-pena/GitHub/RBE550-Quadruped/install/leg_controls/share/leg_controls/hook/ament_prefix_path.dsv'
[0.860s] INFO:colcon.colcon_core.shell:Creating environment hook '/home/scott-pena/GitHub/RBE550-Quadruped/install/leg_controls/share/leg_controls/hook/ament_prefix_path.sh'
[0.861s] INFO:colcon.colcon_core.shell:Skip shell extension 'powershell' for command environment: Not usable outside of PowerShell
[0.861s] DEBUG:colcon.colcon_core.shell:Skip shell extension 'dsv' for command environment
[0.863s] INFO:colcon.colcon_ros.task.ament_python.build:Building ROS package in '/home/scott-pena/GitHub/RBE550-Quadruped/src/sensors' with build type 'ament_python'
[0.863s] Level 1:colcon.colcon_core.shell:create_environment_hook('sensors', 'ament_prefix_path')
[0.863s] INFO:colcon.colcon_core.shell:Creating environment hook '/home/scott-pena/GitHub/RBE550-Quadruped/install/sensors/share/sensors/hook/ament_prefix_path.ps1'
[0.864s] INFO:colcon.colcon_core.shell:Creating environment descriptor '/home/scott-pena/GitHub/RBE550-Quadruped/install/sensors/share/sensors/hook/ament_prefix_path.dsv'
[0.864s] INFO:colcon.colcon_core.shell:Creating environment hook '/home/scott-pena/GitHub/RBE550-Quadruped/install/sensors/share/sensors/hook/ament_prefix_path.sh'
[0.864s] INFO:colcon.colcon_core.shell:Skip shell extension 'powershell' for command environment: Not usable outside of PowerShell
[0.864s] DEBUG:colcon.colcon_core.shell:Skip shell extension 'dsv' for command environment
[1.068s] INFO:colcon.colcon_core.task.python.build:Building Python package in '/home/scott-pena/GitHub/RBE550-Quadruped/src/leg_controls'
[1.068s] INFO:colcon.colcon_core.shell:Skip shell extension 'powershell' for command environment: Not usable outside of PowerShell
[1.068s] DEBUG:colcon.colcon_core.shell:Skip shell extension 'dsv' for command environment
[1.285s] INFO:colcon.colcon_core.task.python.build:Building Python package in '/home/scott-pena/GitHub/RBE550-Quadruped/src/sensors'
[1.285s] INFO:colcon.colcon_core.shell:Skip shell extension 'powershell' for command environment: Not usable outside of PowerShell
[1.285s] DEBUG:colcon.colcon_core.shell:Skip shell extension 'dsv' for command environment
[1.291s] DEBUG:colcon.colcon_core.event_handler.log_command:Invoking command in '/home/scott-pena/GitHub/RBE550-Quadruped/src/robot_sim': DEBUGINFOD_URLS=https://debuginfod.ubuntu.com PYTHONPATH=/home/scott-pena/GitHub/RBE550-Quadruped/build/robot_sim/prefix_override:/usr/lib/python3/dist-packages/colcon_core/task/python/colcon_distutils_commands:/home/scott-pena/GitHub/RBE550-Quadruped/install/robot_sim/lib/python3.12/site-packages:${PYTHONPATH} /usr/bin/python3 -W ignore:setup.py install is deprecated setup.py egg_info --egg-base ../../build/robot_sim build --build-base /home/scott-pena/GitHub/RBE550-Quadruped/build/robot_sim/build install --record /home/scott-pena/GitHub/RBE550-Quadruped/build/robot_sim/install.log --single-version-externally-managed install_data
[1.293s] DEBUG:colcon.colcon_core.event_handler.log_command:Invoking command in '/home/scott-pena/GitHub/RBE550-Quadruped/src/robot_description': DEBUGINFOD_URLS=https://debuginfod.ubuntu.com PYTHONPATH=/home/scott-pena/GitHub/RBE550-Quadruped/build/robot_description/prefix_override:/usr/lib/python3/dist-packages/colcon_core/task/python/colcon_distutils_commands:/home/scott-pena/GitHub/RBE550-Quadruped/install/robot_description/lib/python3.12/site-packages:${PYTHONPATH} /usr/bin/python3 -W ignore:setup.py install is deprecated setup.py egg_info --egg-base ../../build/robot_description build --build-base /home/scott-pena/GitHub/RBE550-Quadruped/build/robot_description/build install --record /home/scott-pena/GitHub/RBE550-Quadruped/build/robot_description/install.log --single-version-externally-managed install_data
[1.845s] Level 1:colcon.colcon_core.environment:checking '/home/scott-pena/GitHub/RBE550-Quadruped/install/robot_sim' for CMake module files
[1.846s] DEBUG:colcon.colcon_core.event_handler.log_command:Invoked command in '/home/scott-pena/GitHub/RBE550-Quadruped/src/robot_sim' returned '0': DEBUGINFOD_URLS=https://debuginfod.ubuntu.com PYTHONPATH=/home/scott-pena/GitHub/RBE550-Quadruped/build/robot_sim/prefix_override:/usr/lib/python3/dist-packages/colcon_core/task/python/colcon_distutils_commands:/home/scott-pena/GitHub/RBE550-Quadruped/install/robot_sim/lib/python3.12/site-packages:${PYTHONPATH} /usr/bin/python3 -W ignore:setup.py install is deprecated setup.py egg_info --egg-base ../../build/robot_sim build --build-base /home/scott-pena/GitHub/RBE550-Quadruped/build/robot_sim/build install --record /home/scott-pena/GitHub/RBE550-Quadruped/build/robot_sim/install.log --single-version-externally-managed install_data
[1.846s] Level 1:colcon.colcon_core.environment:checking '/home/scott-pena/GitHub/RBE550-Quadruped/install/robot_sim' for CMake config files
[1.847s] Level 1:colcon.colcon_core.environment:checking '/home/scott-pena/GitHub/RBE550-Quadruped/install/robot_sim/lib'
[1.847s] Level 1:colcon.colcon_core.environment:checking '/home/scott-pena/GitHub/RBE550-Quadruped/install/robot_sim/bin'
[1.847s] Level 1:colcon.colcon_core.environment:checking '/home/scott-pena/GitHub/RBE550-Quadruped/install/robot_sim/lib/pkgconfig/robot_sim.pc'
[1.847s] Level 1:colcon.colcon_core.environment:checking '/home/scott-pena/GitHub/RBE550-Quadruped/install/robot_sim/lib/python3.12/site-packages'
[1.847s] Level 1:colcon.colcon_core.shell:create_environment_hook('robot_sim', 'pythonpath')
[1.847s] INFO:colcon.colcon_core.shell:Creating environment hook '/home/scott-pena/GitHub/RBE550-Quadruped/install/robot_sim/share/robot_sim/hook/pythonpath.ps1'
[1.848s] INFO:colcon.colcon_core.shell:Creating environment descriptor '/home/scott-pena/GitHub/RBE550-Quadruped/install/robot_sim/share/robot_sim/hook/pythonpath.dsv'
[1.848s] INFO:colcon.colcon_core.shell:Creating environment hook '/home/scott-pena/GitHub/RBE550-Quadruped/install/robot_sim/share/robot_sim/hook/pythonpath.sh'
[1.849s] Level 1:colcon.colcon_core.environment:checking '/home/scott-pena/GitHub/RBE550-Quadruped/install/robot_sim/bin'
[1.849s] Level 1:colcon.colcon_core.environment:create_environment_scripts_only(robot_sim)
[1.849s] INFO:colcon.colcon_core.shell:Creating package script '/home/scott-pena/GitHub/RBE550-Quadruped/install/robot_sim/share/robot_sim/package.ps1'
[1.850s] INFO:colcon.colcon_core.shell:Creating package descriptor '/home/scott-pena/GitHub/RBE550-Quadruped/install/robot_sim/share/robot_sim/package.dsv'
[1.850s] INFO:colcon.colcon_core.shell:Creating package script '/home/scott-pena/GitHub/RBE550-Quadruped/install/robot_sim/share/robot_sim/package.sh'
[1.850s] INFO:colcon.colcon_core.shell:Creating package script '/home/scott-pena/GitHub/RBE550-Quadruped/install/robot_sim/share/robot_sim/package.bash'
[1.851s] INFO:colcon.colcon_core.shell:Creating package script '/home/scott-pena/GitHub/RBE550-Quadruped/install/robot_sim/share/robot_sim/package.zsh'
[1.851s] Level 1:colcon.colcon_core.environment:create_file_with_runtime_dependencies(/home/scott-pena/GitHub/RBE550-Quadruped/install/robot_sim/share/colcon-core/packages/robot_sim)
[1.887s] Level 1:colcon.colcon_core.environment:checking '/home/scott-pena/GitHub/RBE550-Quadruped/install/robot_description' for CMake module files
[1.888s] DEBUG:colcon.colcon_core.event_handler.log_command:Invoked command in '/home/scott-pena/GitHub/RBE550-Quadruped/src/robot_description' returned '0': DEBUGINFOD_URLS=https://debuginfod.ubuntu.com PYTHONPATH=/home/scott-pena/GitHub/RBE550-Quadruped/build/robot_description/prefix_override:/usr/lib/python3/dist-packages/colcon_core/task/python/colcon_distutils_commands:/home/scott-pena/GitHub/RBE550-Quadruped/install/robot_description/lib/python3.12/site-packages:${PYTHONPATH} /usr/bin/python3 -W ignore:setup.py install is deprecated setup.py egg_info --egg-base ../../build/robot_description build --build-base /home/scott-pena/GitHub/RBE550-Quadruped/build/robot_description/build install --record /home/scott-pena/GitHub/RBE550-Quadruped/build/robot_description/install.log --single-version-externally-managed install_data
[1.888s] Level 1:colcon.colcon_core.environment:checking '/home/scott-pena/GitHub/RBE550-Quadruped/install/robot_description' for CMake config files
[1.889s] Level 1:colcon.colcon_core.environment:checking '/home/scott-pena/GitHub/RBE550-Quadruped/install/robot_description/lib'
[1.889s] Level 1:colcon.colcon_core.environment:checking '/home/scott-pena/GitHub/RBE550-Quadruped/install/robot_description/bin'
[1.889s] Level 1:colcon.colcon_core.environment:checking '/home/scott-pena/GitHub/RBE550-Quadruped/install/robot_description/lib/pkgconfig/robot_description.pc'
[1.889s] Level 1:colcon.colcon_core.environment:checking '/home/scott-pena/GitHub/RBE550-Quadruped/install/robot_description/lib/python3.12/site-packages'
[1.889s] Level 1:colcon.colcon_core.shell:create_environment_hook('robot_description', 'pythonpath')
[1.889s] INFO:colcon.colcon_core.shell:Creating environment hook '/home/scott-pena/GitHub/RBE550-Quadruped/install/robot_description/share/robot_description/hook/pythonpath.ps1'
[1.890s] INFO:colcon.colcon_core.shell:Creating environment descriptor '/home/scott-pena/GitHub/RBE550-Quadruped/install/robot_description/share/robot_description/hook/pythonpath.dsv'
[1.890s] INFO:colcon.colcon_core.shell:Creating environment hook '/home/scott-pena/GitHub/RBE550-Quadruped/install/robot_description/share/robot_description/hook/pythonpath.sh'
[1.891s] Level 1:colcon.colcon_core.environment:checking '/home/scott-pena/GitHub/RBE550-Quadruped/install/robot_description/bin'
[1.891s] Level 1:colcon.colcon_core.environment:create_environment_scripts_only(robot_description)
[1.891s] INFO:colcon.colcon_core.shell:Creating package script '/home/scott-pena/GitHub/RBE550-Quadruped/install/robot_description/share/robot_description/package.ps1'
[1.891s] INFO:colcon.colcon_core.shell:Creating package descriptor '/home/scott-pena/GitHub/RBE550-Quadruped/install/robot_description/share/robot_description/package.dsv'
[1.892s] INFO:colcon.colcon_core.shell:Creating package script '/home/scott-pena/GitHub/RBE550-Quadruped/install/robot_description/share/robot_description/package.sh'
[1.892s] INFO:colcon.colcon_core.shell:Creating package script '/home/scott-pena/GitHub/RBE550-Quadruped/install/robot_description/share/robot_description/package.bash'
[1.892s] INFO:colcon.colcon_core.shell:Creating package script '/home/scott-pena/GitHub/RBE550-Quadruped/install/robot_description/share/robot_description/package.zsh'
[1.893s] Level 1:colcon.colcon_core.environment:create_file_with_runtime_dependencies(/home/scott-pena/GitHub/RBE550-Quadruped/install/robot_description/share/colcon-core/packages/robot_description)
[1.895s] DEBUG:colcon.colcon_core.event_handler.log_command:Invoking command in '/home/scott-pena/GitHub/RBE550-Quadruped/src/sensors': AMENT_PREFIX_PATH=/home/scott-pena/GitHub/RBE550-Quadruped/install/custom_interface:${AMENT_PREFIX_PATH} CMAKE_PREFIX_PATH=/home/scott-pena/GitHub/RBE550-Quadruped/install/custom_interface:${CMAKE_PREFIX_PATH} DEBUGINFOD_URLS=https://debuginfod.ubuntu.com LD_LIBRARY_PATH=/home/scott-pena/GitHub/RBE550-Quadruped/install/custom_interface/lib:${LD_LIBRARY_PATH} PYTHONPATH=/home/scott-pena/GitHub/RBE550-Quadruped/build/sensors/prefix_override:/usr/lib/python3/dist-packages/colcon_core/task/python/colcon_distutils_commands:/home/scott-pena/GitHub/RBE550-Quadruped/install/sensors/lib/python3.12/site-packages:/home/scott-pena/GitHub/RBE550-Quadruped/install/custom_interface/lib/python3.12/site-packages:${PYTHONPATH} /usr/bin/python3 -W ignore:setup.py install is deprecated setup.py egg_info --egg-base ../../build/sensors build --build-base /home/scott-pena/GitHub/RBE550-Quadruped/build/sensors/build install --record /home/scott-pena/GitHub/RBE550-Quadruped/build/sensors/install.log --single-version-externally-managed install_data
[1.913s] DEBUG:colcon.colcon_core.event_handler.log_command:Invoking command in '/home/scott-pena/GitHub/RBE550-Quadruped/src/leg_controls': AMENT_PREFIX_PATH=/home/scott-pena/GitHub/RBE550-Quadruped/install/custom_interface:${AMENT_PREFIX_PATH} CMAKE_PREFIX_PATH=/home/scott-pena/GitHub/RBE550-Quadruped/install/custom_interface:${CMAKE_PREFIX_PATH} DEBUGINFOD_URLS=https://debuginfod.ubuntu.com LD_LIBRARY_PATH=/home/scott-pena/GitHub/RBE550-Quadruped/install/custom_interface/lib:${LD_LIBRARY_PATH} PYTHONPATH=/home/scott-pena/GitHub/RBE550-Quadruped/build/leg_controls/prefix_override:/usr/lib/python3/dist-packages/colcon_core/task/python/colcon_distutils_commands:/home/scott-pena/GitHub/RBE550-Quadruped/install/leg_controls/lib/python3.12/site-packages:/home/scott-pena/GitHub/RBE550-Quadruped/install/custom_interface/lib/python3.12/site-packages:${PYTHONPATH} /usr/bin/python3 -W ignore:setup.py install is deprecated setup.py egg_info --egg-base ../../build/leg_controls build --build-base /home/scott-pena/GitHub/RBE550-Quadruped/build/leg_controls/build install --record /home/scott-pena/GitHub/RBE550-Quadruped/build/leg_controls/install.log --single-version-externally-managed install_data
[2.475s] Level 1:colcon.colcon_core.environment:checking '/home/scott-pena/GitHub/RBE550-Quadruped/install/sensors' for CMake module files
[2.476s] DEBUG:colcon.colcon_core.event_handler.log_command:Invoked command in '/home/scott-pena/GitHub/RBE550-Quadruped/src/sensors' returned '0': AMENT_PREFIX_PATH=/home/scott-pena/GitHub/RBE550-Quadruped/install/custom_interface:${AMENT_PREFIX_PATH} CMAKE_PREFIX_PATH=/home/scott-pena/GitHub/RBE550-Quadruped/install/custom_interface:${CMAKE_PREFIX_PATH} DEBUGINFOD_URLS=https://debuginfod.ubuntu.com LD_LIBRARY_PATH=/home/scott-pena/GitHub/RBE550-Quadruped/install/custom_interface/lib:${LD_LIBRARY_PATH} PYTHONPATH=/home/scott-pena/GitHub/RBE550-Quadruped/build/sensors/prefix_override:/usr/lib/python3/dist-packages/colcon_core/task/python/colcon_distutils_commands:/home/scott-pena/GitHub/RBE550-Quadruped/install/sensors/lib/python3.12/site-packages:/home/scott-pena/GitHub/RBE550-Quadruped/install/custom_interface/lib/python3.12/site-packages:${PYTHONPATH} /usr/bin/python3 -W ignore:setup.py install is deprecated setup.py egg_info --egg-base ../../build/sensors build --build-base /home/scott-pena/GitHub/RBE550-Quadruped/build/sensors/build install --record /home/scott-pena/GitHub/RBE550-Quadruped/build/sensors/install.log --single-version-externally-managed install_data
[2.476s] Level 1:colcon.colcon_core.environment:checking '/home/scott-pena/GitHub/RBE550-Quadruped/install/sensors' for CMake config files
[2.477s] Level 1:colcon.colcon_core.environment:checking '/home/scott-pena/GitHub/RBE550-Quadruped/install/sensors/lib'
[2.477s] Level 1:colcon.colcon_core.environment:checking '/home/scott-pena/GitHub/RBE550-Quadruped/install/sensors/bin'
[2.477s] Level 1:colcon.colcon_core.environment:checking '/home/scott-pena/GitHub/RBE550-Quadruped/install/sensors/lib/pkgconfig/sensors.pc'
[2.477s] Level 1:colcon.colcon_core.environment:checking '/home/scott-pena/GitHub/RBE550-Quadruped/install/sensors/lib/python3.12/site-packages'
[2.478s] Level 1:colcon.colcon_core.shell:create_environment_hook('sensors', 'pythonpath')
[2.478s] INFO:colcon.colcon_core.shell:Creating environment hook '/home/scott-pena/GitHub/RBE550-Quadruped/install/sensors/share/sensors/hook/pythonpath.ps1'
[2.478s] INFO:colcon.colcon_core.shell:Creating environment descriptor '/home/scott-pena/GitHub/RBE550-Quadruped/install/sensors/share/sensors/hook/pythonpath.dsv'
[2.478s] INFO:colcon.colcon_core.shell:Creating environment hook '/home/scott-pena/GitHub/RBE550-Quadruped/install/sensors/share/sensors/hook/pythonpath.sh'
[2.479s] Level 1:colcon.colcon_core.environment:checking '/home/scott-pena/GitHub/RBE550-Quadruped/install/sensors/bin'
[2.479s] Level 1:colcon.colcon_core.environment:create_environment_scripts_only(sensors)
[2.479s] INFO:colcon.colcon_core.shell:Creating package script '/home/scott-pena/GitHub/RBE550-Quadruped/install/sensors/share/sensors/package.ps1'
[2.480s] INFO:colcon.colcon_core.shell:Creating package descriptor '/home/scott-pena/GitHub/RBE550-Quadruped/install/sensors/share/sensors/package.dsv'
[2.480s] INFO:colcon.colcon_core.shell:Creating package script '/home/scott-pena/GitHub/RBE550-Quadruped/install/sensors/share/sensors/package.sh'
[2.480s] INFO:colcon.colcon_core.shell:Creating package script '/home/scott-pena/GitHub/RBE550-Quadruped/install/sensors/share/sensors/package.bash'
[2.481s] INFO:colcon.colcon_core.shell:Creating package script '/home/scott-pena/GitHub/RBE550-Quadruped/install/sensors/share/sensors/package.zsh'
[2.481s] Level 1:colcon.colcon_core.environment:create_file_with_runtime_dependencies(/home/scott-pena/GitHub/RBE550-Quadruped/install/sensors/share/colcon-core/packages/sensors)
[2.494s] Level 1:colcon.colcon_core.environment:checking '/home/scott-pena/GitHub/RBE550-Quadruped/install/leg_controls' for CMake module files
[2.495s] DEBUG:colcon.colcon_core.event_handler.log_command:Invoked command in '/home/scott-pena/GitHub/RBE550-Quadruped/src/leg_controls' returned '0': AMENT_PREFIX_PATH=/home/scott-pena/GitHub/RBE550-Quadruped/install/custom_interface:${AMENT_PREFIX_PATH} CMAKE_PREFIX_PATH=/home/scott-pena/GitHub/RBE550-Quadruped/install/custom_interface:${CMAKE_PREFIX_PATH} DEBUGINFOD_URLS=https://debuginfod.ubuntu.com LD_LIBRARY_PATH=/home/scott-pena/GitHub/RBE550-Quadruped/install/custom_interface/lib:${LD_LIBRARY_PATH} PYTHONPATH=/home/scott-pena/GitHub/RBE550-Quadruped/build/leg_controls/prefix_override:/usr/lib/python3/dist-packages/colcon_core/task/python/colcon_distutils_commands:/home/scott-pena/GitHub/RBE550-Quadruped/install/leg_controls/lib/python3.12/site-packages:/home/scott-pena/GitHub/RBE550-Quadruped/install/custom_interface/lib/python3.12/site-packages:${PYTHONPATH} /usr/bin/python3 -W ignore:setup.py install is deprecated setup.py egg_info --egg-base ../../build/leg_controls build --build-base /home/scott-pena/GitHub/RBE550-Quadruped/build/leg_controls/build install --record /home/scott-pena/GitHub/RBE550-Quadruped/build/leg_controls/install.log --single-version-externally-managed install_data
[2.495s] Level 1:colcon.colcon_core.environment:checking '/home/scott-pena/GitHub/RBE550-Quadruped/install/leg_controls' for CMake config files
[2.496s] Level 1:colcon.colcon_core.environment:checking '/home/scott-pena/GitHub/RBE550-Quadruped/install/leg_controls/lib'
[2.496s] Level 1:colcon.colcon_core.environment:checking '/home/scott-pena/GitHub/RBE550-Quadruped/install/leg_controls/bin'
[2.496s] Level 1:colcon.colcon_core.environment:checking '/home/scott-pena/GitHub/RBE550-Quadruped/install/leg_controls/lib/pkgconfig/leg_controls.pc'
[2.496s] Level 1:colcon.colcon_core.environment:checking '/home/scott-pena/GitHub/RBE550-Quadruped/install/leg_controls/lib/python3.12/site-packages'
[2.496s] Level 1:colcon.colcon_core.shell:create_environment_hook('leg_controls', 'pythonpath')
[2.496s] INFO:colcon.colcon_core.shell:Creating environment hook '/home/scott-pena/GitHub/RBE550-Quadruped/install/leg_controls/share/leg_controls/hook/pythonpath.ps1'
[2.497s] INFO:colcon.colcon_core.shell:Creating environment descriptor '/home/scott-pena/GitHub/RBE550-Quadruped/install/leg_controls/share/leg_controls/hook/pythonpath.dsv'
[2.497s] INFO:colcon.colcon_core.shell:Creating environment hook '/home/scott-pena/GitHub/RBE550-Quadruped/install/leg_controls/share/leg_controls/hook/pythonpath.sh'
[2.497s] Level 1:colcon.colcon_core.environment:checking '/home/scott-pena/GitHub/RBE550-Quadruped/install/leg_controls/bin'
[2.497s] Level 1:colcon.colcon_core.environment:create_environment_scripts_only(leg_controls)
[2.498s] INFO:colcon.colcon_core.shell:Creating package script '/home/scott-pena/GitHub/RBE550-Quadruped/install/leg_controls/share/leg_controls/package.ps1'
[2.498s] INFO:colcon.colcon_core.shell:Creating package descriptor '/home/scott-pena/GitHub/RBE550-Quadruped/install/leg_controls/share/leg_controls/package.dsv'
[2.498s] INFO:colcon.colcon_core.shell:Creating package script '/home/scott-pena/GitHub/RBE550-Quadruped/install/leg_controls/share/leg_controls/package.sh'
[2.499s] INFO:colcon.colcon_core.shell:Creating package script '/home/scott-pena/GitHub/RBE550-Quadruped/install/leg_controls/share/leg_controls/package.bash'
[2.499s] INFO:colcon.colcon_core.shell:Creating package script '/home/scott-pena/GitHub/RBE550-Quadruped/install/leg_controls/share/leg_controls/package.zsh'
[2.499s] Level 1:colcon.colcon_core.environment:create_file_with_runtime_dependencies(/home/scott-pena/GitHub/RBE550-Quadruped/install/leg_controls/share/colcon-core/packages/leg_controls)
[2.500s] DEBUG:colcon.colcon_parallel_executor.executor.parallel:closing loop
[2.500s] DEBUG:colcon.colcon_parallel_executor.executor.parallel:loop closed
[2.500s] DEBUG:colcon.colcon_parallel_executor.executor.parallel:run_until_complete finished with '0'
[2.500s] DEBUG:colcon.colcon_core.event_reactor:joining thread
[2.505s] INFO:colcon.colcon_core.plugin_system:Skipping extension 'colcon_notification.desktop_notification.terminal_notifier': Not used on non-Darwin systems
[2.505s] INFO:colcon.colcon_core.plugin_system:Skipping extension 'colcon_notification.desktop_notification.win32': Not used on non-Windows systems
[2.505s] INFO:colcon.colcon_notification.desktop_notification:Sending desktop notification using 'notify2'
[2.524s] DEBUG:colcon.colcon_core.event_reactor:joined thread
[2.524s] INFO:colcon.colcon_core.shell:Creating prefix script '/home/scott-pena/GitHub/RBE550-Quadruped/install/local_setup.ps1'
[2.525s] INFO:colcon.colcon_core.shell:Creating prefix util module '/home/scott-pena/GitHub/RBE550-Quadruped/install/_local_setup_util_ps1.py'
[2.526s] INFO:colcon.colcon_core.shell:Creating prefix chain script '/home/scott-pena/GitHub/RBE550-Quadruped/install/setup.ps1'
[2.527s] INFO:colcon.colcon_core.shell:Creating prefix script '/home/scott-pena/GitHub/RBE550-Quadruped/install/local_setup.sh'
[2.527s] INFO:colcon.colcon_core.shell:Creating prefix util module '/home/scott-pena/GitHub/RBE550-Quadruped/install/_local_setup_util_sh.py'
[2.527s] INFO:colcon.colcon_core.shell:Creating prefix chain script '/home/scott-pena/GitHub/RBE550-Quadruped/install/setup.sh'
[2.528s] INFO:colcon.colcon_core.shell:Creating prefix script '/home/scott-pena/GitHub/RBE550-Quadruped/install/local_setup.bash'
[2.529s] INFO:colcon.colcon_core.shell:Creating prefix chain script '/home/scott-pena/GitHub/RBE550-Quadruped/install/setup.bash'
[2.529s] INFO:colcon.colcon_core.shell:Creating prefix script '/home/scott-pena/GitHub/RBE550-Quadruped/install/local_setup.zsh'
[2.530s] INFO:colcon.colcon_core.shell:Creating prefix chain script '/home/scott-pena/GitHub/RBE550-Quadruped/install/setup.zsh'
