[4.202s] Invoking command in '/home/jarothenberg/Documents/GitHub/RBE550-Quadruped/src/robot_description': DEBUGINFOD_URLS=https://debuginfod.ubuntu.com PYTHONPATH=/home/jarothenberg/Documents/GitHub/RBE550-Quadruped/build/robot_description/prefix_override:/usr/lib/python3/dist-packages/colcon_core/task/python/colcon_distutils_commands:/home/jarothenberg/Documents/GitHub/RBE550-Quadruped/install/robot_description/lib/python3.12/site-packages:${PYTHONPATH} /usr/bin/python3 -W ignore:setup.py install is deprecated -W ignore:easy_install command is deprecated setup.py egg_info --egg-base ../../build/robot_description build --build-base /home/jarothenberg/Documents/GitHub/RBE550-Quadruped/build/robot_description/build install --record /home/jarothenberg/Documents/GitHub/RBE550-Quadruped/build/robot_description/install.log --single-version-externally-managed install_data
[4.941s] running egg_info
[4.978s] writing ../../build/robot_description/robot_description.egg-info/PKG-INFO
[4.978s] writing dependency_links to ../../build/robot_description/robot_description.egg-info/dependency_links.txt
[4.978s] writing requirements to ../../build/robot_description/robot_description.egg-info/requires.txt
[4.979s] writing top-level names to ../../build/robot_description/robot_description.egg-info/top_level.txt
[5.070s] reading manifest file '../../build/robot_description/robot_description.egg-info/SOURCES.txt'
[5.071s] adding license file 'LICENSE'
[5.074s] writing manifest file '../../build/robot_description/robot_description.egg-info/SOURCES.txt'
[5.075s] running build
[5.075s] running build_py
[5.075s] running install
[5.090s] running install_lib
[5.138s] running install_data
[5.142s] running install_egg_info
[5.192s] removing '/home/jarothenberg/Documents/GitHub/RBE550-Quadruped/install/robot_description/lib/python3.12/site-packages/robot_description-0.0.0-py3.12.egg-info' (and everything under it)
[5.192s] Copying ../../build/robot_description/robot_description.egg-info to /home/jarothenberg/Documents/GitHub/RBE550-Quadruped/install/robot_description/lib/python3.12/site-packages/robot_description-0.0.0-py3.12.egg-info
[5.193s] running install_scripts
[5.576s] writing list of installed files to '/home/jarothenberg/Documents/GitHub/RBE550-Quadruped/build/robot_description/install.log'
[5.658s] Invoked command in '/home/jarothenberg/Documents/GitHub/RBE550-Quadruped/src/robot_description' returned '0': DEBUGINFOD_URLS=https://debuginfod.ubuntu.com PYTHONPATH=/home/jarothenberg/Documents/GitHub/RBE550-Quadruped/build/robot_description/prefix_override:/usr/lib/python3/dist-packages/colcon_core/task/python/colcon_distutils_commands:/home/jarothenberg/Documents/GitHub/RBE550-Quadruped/install/robot_description/lib/python3.12/site-packages:${PYTHONPATH} /usr/bin/python3 -W ignore:setup.py install is deprecated -W ignore:easy_install command is deprecated setup.py egg_info --egg-base ../../build/robot_description build --build-base /home/jarothenberg/Documents/GitHub/RBE550-Quadruped/build/robot_description/build install --record /home/jarothenberg/Documents/GitHub/RBE550-Quadruped/build/robot_description/install.log --single-version-externally-managed install_data
