[0.725s] Invoking command in '/home/sbpena01/GitHub/RBE550-Quadruped/src/py_pubsub': DEBUGINFOD_URLS=https://debuginfod.ubuntu.com PYTHONPATH=/home/sbpena01/GitHub/RBE550-Quadruped/build/py_pubsub/prefix_override:/home/sbpena01/.local/share/pipx/venvs/colcon-common-extensions/lib/python3.12/site-packages/colcon_core/task/python/colcon_distutils_commands:/home/sbpena01/GitHub/RBE550-Quadruped/install/py_pubsub/lib/python3.12/site-packages:${PYTHONPATH} /home/sbpena01/.local/share/pipx/venvs/colcon-common-extensions/bin/python -W ignore:setup.py install is deprecated setup.py egg_info --egg-base ../../build/py_pubsub build --build-base /home/sbpena01/GitHub/RBE550-Quadruped/build/py_pubsub/build install --record /home/sbpena01/GitHub/RBE550-Quadruped/build/py_pubsub/install.log --single-version-externally-managed install_data
[0.981s] running egg_info
[0.996s] writing ../../build/py_pubsub/py_pubsub.egg-info/PKG-INFO
[0.997s] writing dependency_links to ../../build/py_pubsub/py_pubsub.egg-info/dependency_links.txt
[1.001s] writing entry points to ../../build/py_pubsub/py_pubsub.egg-info/entry_points.txt
[1.001s] writing requirements to ../../build/py_pubsub/py_pubsub.egg-info/requires.txt
[1.001s] writing top-level names to ../../build/py_pubsub/py_pubsub.egg-info/top_level.txt
[1.034s] reading manifest file '../../build/py_pubsub/py_pubsub.egg-info/SOURCES.txt'
[1.034s] adding license file 'LICENSE'
[1.035s] writing manifest file '../../build/py_pubsub/py_pubsub.egg-info/SOURCES.txt'
[1.035s] running build
[1.035s] running build_py
[1.035s] copying py_pubsub/publisher_member_function.py -> /home/sbpena01/GitHub/RBE550-Quadruped/build/py_pubsub/build/lib/py_pubsub
[1.036s] copying py_pubsub/__init__.py -> /home/sbpena01/GitHub/RBE550-Quadruped/build/py_pubsub/build/lib/py_pubsub
[1.036s] running install
[1.041s] running install_lib
[1.055s] copying /home/sbpena01/GitHub/RBE550-Quadruped/build/py_pubsub/build/lib/py_pubsub/publisher_member_function.py -> /home/sbpena01/GitHub/RBE550-Quadruped/install/py_pubsub/lib/python3.12/site-packages/py_pubsub
[1.056s] byte-compiling /home/sbpena01/GitHub/RBE550-Quadruped/install/py_pubsub/lib/python3.12/site-packages/py_pubsub/publisher_member_function.py to publisher_member_function.cpython-312.pyc
[1.057s] running install_data
[1.057s] copying resource/py_pubsub -> /home/sbpena01/GitHub/RBE550-Quadruped/install/py_pubsub/share/ament_index/resource_index/packages
[1.057s] copying package.xml -> /home/sbpena01/GitHub/RBE550-Quadruped/install/py_pubsub/share/py_pubsub
[1.057s] running install_egg_info
[1.073s] removing '/home/sbpena01/GitHub/RBE550-Quadruped/install/py_pubsub/lib/python3.12/site-packages/py_pubsub-0.0.0-py3.12.egg-info' (and everything under it)
[1.073s] Copying ../../build/py_pubsub/py_pubsub.egg-info to /home/sbpena01/GitHub/RBE550-Quadruped/install/py_pubsub/lib/python3.12/site-packages/py_pubsub-0.0.0-py3.12.egg-info
[1.074s] running install_scripts
[1.162s] Installing talker script to /home/sbpena01/GitHub/RBE550-Quadruped/install/py_pubsub/lib/py_pubsub
[1.162s] writing list of installed files to '/home/sbpena01/GitHub/RBE550-Quadruped/build/py_pubsub/install.log'
[1.181s] Invoked command in '/home/sbpena01/GitHub/RBE550-Quadruped/src/py_pubsub' returned '0': DEBUGINFOD_URLS=https://debuginfod.ubuntu.com PYTHONPATH=/home/sbpena01/GitHub/RBE550-Quadruped/build/py_pubsub/prefix_override:/home/sbpena01/.local/share/pipx/venvs/colcon-common-extensions/lib/python3.12/site-packages/colcon_core/task/python/colcon_distutils_commands:/home/sbpena01/GitHub/RBE550-Quadruped/install/py_pubsub/lib/python3.12/site-packages:${PYTHONPATH} /home/sbpena01/.local/share/pipx/venvs/colcon-common-extensions/bin/python -W ignore:setup.py install is deprecated setup.py egg_info --egg-base ../../build/py_pubsub build --build-base /home/sbpena01/GitHub/RBE550-Quadruped/build/py_pubsub/build install --record /home/sbpena01/GitHub/RBE550-Quadruped/build/py_pubsub/install.log --single-version-externally-managed install_data
