[0.000000] (-) TimerEvent: {}
[0.000229] (leg_controls) JobQueued: {'identifier': 'leg_controls', 'dependencies': OrderedDict()}
[0.000408] (py_pubsub) JobQueued: {'identifier': 'py_pubsub', 'dependencies': OrderedDict()}
[0.000425] (robot_description) JobQueued: {'identifier': 'robot_description', 'dependencies': OrderedDict()}
[0.000439] (robot_sim) JobQueued: {'identifier': 'robot_sim', 'dependencies': OrderedDict()}
[0.000450] (leg_controls) JobStarted: {'identifier': 'leg_controls'}
[0.005962] (py_pubsub) JobStarted: {'identifier': 'py_pubsub'}
[0.009466] (robot_description) JobStarted: {'identifier': 'robot_description'}
[0.013079] (robot_sim) JobStarted: {'identifier': 'robot_sim'}
[0.099841] (-) TimerEvent: {}
[0.200038] (-) TimerEvent: {}
[0.300223] (-) TimerEvent: {}
[0.400838] (-) TimerEvent: {}
[0.501203] (-) TimerEvent: {}
[0.601527] (-) TimerEvent: {}
[0.702106] (-) TimerEvent: {}
[0.802585] (-) TimerEvent: {}
[0.902999] (-) TimerEvent: {}
[0.929215] (leg_controls) StderrLine: {'line': b'Traceback (most recent call last):\n  File "/usr/lib/python3/dist-packages/colcon_core/executor/__init__.py", line 91, in __call__\n    rc = await self.task(*args, **kwargs)\n         ^^^^^^^^^^^^^^^^^^^^^^^^^^^^^^^^\n  File "/usr/lib/python3/dist-packages/colcon_core/task/__init__.py", line 93, in __call__\n    return await task_method(*args, **kwargs)\n           ^^^^^^^^^^^^^^^^^^^^^^^^^^^^^^^^^^\n  File "/usr/lib/python3/dist-packages/colcon_ros/task/ament_python/build.py", line 51, in build\n    setup_py_data = get_setup_data(self.context.pkg, env)\n                    ^^^^^^^^^^^^^^^^^^^^^^^^^^^^^^^^^^^^^\n  File "/usr/lib/python3/dist-packages/colcon_core/task/python/__init__.py", line 20, in get_setup_data\n    return dict(pkg.metadata[key](env))\n                ^^^^^^^^^^^^^^^^^^^^^^\n  File "/usr/lib/python3/dist-packages/colcon_ros/package_augmentation/ros_ament_python.py", line 57, in getter\n    return get_setup_information(\n           ^^^^^^^^^^^^^^^^^^^^^^\n  File "/usr/lib/python3/dist-packages/colcon_python_setup_py/package_identification/python_setup_py.py", line 241, in get_setup_information\n    _setup_information_cache[hashable_env] = _get_setup_information(\n                                             ^^^^^^^^^^^^^^^^^^^^^^^\n  File "/usr/lib/python3/dist-packages/colcon_python_setup_py/package_identification/python_setup_py.py", line 288, in _get_setup_information\n    result = subprocess.run(\n             ^^^^^^^^^^^^^^^\n  File "/usr/lib/python3.12/subprocess.py", line 571, in run\n    raise CalledProcessError(retcode, process.args,\nsubprocess.CalledProcessError: Command \'[\'/usr/bin/python3\', \'-c\', \'import sys;from contextlib import suppress;exec("with suppress(ImportError):    from setuptools.extern.packaging.specifiers    import SpecifierSet");exec("with suppress(ImportError):    from packaging.specifiers import SpecifierSet");from distutils.core import run_setup;dist = run_setup(    \\\'setup.py\\\', script_args=(\\\'--dry-run\\\',), stop_after=\\\'config\\\');skip_keys = (\\\'cmdclass\\\', \\\'distclass\\\', \\\'ext_modules\\\', \\\'metadata\\\');data = {    key: value for key, value in dist.__dict__.items()     if (        not key.startswith(\\\'_\\\') and         not callable(value) and         key not in skip_keys and         key not in dist.display_option_names    )};data[\\\'metadata\\\'] = {    k: v for k, v in dist.metadata.__dict__.items()     if k not in (\\\'license_files\\\', \\\'provides_extras\\\')};sys.stdout.buffer.write(repr(data).encode(\\\'utf-8\\\'))\']\' returned non-zero exit status 1.\n'}
[0.930537] (leg_controls) JobEnded: {'identifier': 'leg_controls', 'rc': 1}
[1.003097] (-) TimerEvent: {}
[1.103321] (-) TimerEvent: {}
[1.203512] (-) TimerEvent: {}
[1.241775] (py_pubsub) JobEnded: {'identifier': 'py_pubsub', 'rc': 'SIGINT'}
[1.242582] (robot_description) JobEnded: {'identifier': 'robot_description', 'rc': 'SIGINT'}
[1.242990] (robot_sim) JobEnded: {'identifier': 'robot_sim', 'rc': 'SIGINT'}
[1.252918] (-) EventReactorShutdown: {}
