running develop
/home/sbpena01/.local/share/pipx/venvs/colcon-common-extensions/lib/python3.12/site-packages/setuptools/command/develop.py:41: EasyInstallDeprecationWarning: easy_install command is deprecated.
!!

        ********************************************************************************
        Please avoid running ``setup.py`` and ``easy_install``.
        Instead, use pypa/build, pypa/installer or other
        standards-based tools.

        See https://github.com/pypa/setuptools/issues/917 for details.
        ********************************************************************************

!!
  easy_install.initialize_options(self)
running egg_info
writing py_pubsub.egg-info/PKG-INFO
writing dependency_links to py_pubsub.egg-info/dependency_links.txt
writing entry points to py_pubsub.egg-info/entry_points.txt
writing requirements to py_pubsub.egg-info/requires.txt
writing top-level names to py_pubsub.egg-info/top_level.txt
reading manifest file 'py_pubsub.egg-info/SOURCES.txt'
writing manifest file 'py_pubsub.egg-info/SOURCES.txt'
running build_ext
Creating /home/sbpena01/GitHub/RBE550-Quadruped/install/py_pubsub/lib/python3.12/site-packages/py-pubsub.egg-link (link to .)
Installing talker script to /home/sbpena01/GitHub/RBE550-Quadruped/install/py_pubsub/lib/py_pubsub

Installed /home/sbpena01/GitHub/RBE550-Quadruped/build/py_pubsub
running symlink_data
symbolically linking /home/sbpena01/GitHub/RBE550-Quadruped/build/py_pubsub/resource/py_pubsub -> /home/sbpena01/GitHub/RBE550-Quadruped/install/py_pubsub/share/ament_index/resource_index/packages
symbolically linking /home/sbpena01/GitHub/RBE550-Quadruped/build/py_pubsub/package.xml -> /home/sbpena01/GitHub/RBE550-Quadruped/install/py_pubsub/share/py_pubsub
