[0.119s] DEBUG:colcon:Command line arguments: ['/usr/bin/colcon', 'build']
[0.119s] DEBUG:colcon:Parsed command line arguments: Namespace(log_base=None, log_level=None, verb_name='build', build_base='build', install_base='install', merge_install=False, symlink_install=False, test_result_base=None, continue_on_error=False, executor='parallel', parallel_workers=32, event_handlers=None, ignore_user_meta=False, metas=['./colcon.meta'], base_paths=['.'], packages_ignore=None, packages_ignore_regex=None, paths=None, packages_up_to=None, packages_up_to_regex=None, packages_above=None, packages_above_and_dependencies=None, packages_above_depth=None, packages_select_by_dep=None, packages_skip_by_dep=None, packages_skip_up_to=None, packages_select_build_failed=False, packages_skip_build_finished=False, packages_select_test_failures=False, packages_skip_test_passed=False, packages_select=None, packages_skip=None, packages_select_regex=None, packages_skip_regex=None, packages_start=None, packages_end=None, allow_overriding=[], cmake_args=None, cmake_target=None, cmake_target_skip_unavailable=False, cmake_clean_cache=False, cmake_clean_first=False, cmake_force_configure=False, ament_cmake_args=None, catkin_cmake_args=None, catkin_skip_building_tests=False, mixin_files=None, mixin=None, verb_parser=<colcon_mixin.mixin.mixin_argument.MixinArgumentDecorator object at 0x726a77ba9580>, verb_extension=<colcon_core.verb.build.BuildVerb object at 0x726a77cc1310>, main=<bound method BuildVerb.main of <colcon_core.verb.build.BuildVerb object at 0x726a77cc1310>>, mixin_verb=('build',))
[0.172s] Level 1:colcon.colcon_core.package_discovery:discover_packages(colcon_meta) check parameters
[0.172s] Level 1:colcon.colcon_core.package_discovery:discover_packages(recursive) check parameters
[0.172s] Level 1:colcon.colcon_core.package_discovery:discover_packages(ignore) check parameters
[0.173s] Level 1:colcon.colcon_core.package_discovery:discover_packages(path) check parameters
[0.173s] Level 1:colcon.colcon_core.package_discovery:discover_packages(colcon_meta) discover
[0.173s] Level 1:colcon.colcon_core.package_discovery:discover_packages(recursive) discover
[0.173s] INFO:colcon.colcon_core.package_discovery:Crawling recursively for packages in '/home/jarothenberg/Documents/GitHub/RBE550-Quadruped'
[0.173s] Level 1:colcon.colcon_core.package_identification:_identify(.) by extensions ['ignore', 'ignore_ament_install']
[0.173s] Level 1:colcon.colcon_core.package_identification:_identify(.) by extension 'ignore'
[0.173s] Level 1:colcon.colcon_core.package_identification:_identify(.) by extension 'ignore_ament_install'
[0.173s] Level 1:colcon.colcon_core.package_identification:_identify(.) by extensions ['colcon_pkg']
[0.173s] Level 1:colcon.colcon_core.package_identification:_identify(.) by extension 'colcon_pkg'
[0.173s] Level 1:colcon.colcon_core.package_identification:_identify(.) by extensions ['colcon_meta']
[0.173s] Level 1:colcon.colcon_core.package_identification:_identify(.) by extension 'colcon_meta'
[0.173s] Level 1:colcon.colcon_core.package_identification:_identify(.) by extensions ['ros']
[0.173s] Level 1:colcon.colcon_core.package_identification:_identify(.) by extension 'ros'
[0.207s] Level 1:colcon.colcon_core.package_identification:_identify(.) by extensions ['cmake', 'python']
[0.207s] Level 1:colcon.colcon_core.package_identification:_identify(.) by extension 'cmake'
[0.207s] Level 1:colcon.colcon_core.package_identification:_identify(.) by extension 'python'
[0.207s] Level 1:colcon.colcon_core.package_identification:_identify(.) by extensions ['python_setup_py']
[0.207s] Level 1:colcon.colcon_core.package_identification:_identify(.) by extension 'python_setup_py'
[0.207s] Level 1:colcon.colcon_core.package_identification:_identify(build) by extensions ['ignore', 'ignore_ament_install']
[0.207s] Level 1:colcon.colcon_core.package_identification:_identify(build) by extension 'ignore'
[0.207s] Level 1:colcon.colcon_core.package_identification:_identify(build) ignored
[0.207s] Level 1:colcon.colcon_core.package_identification:_identify(install) by extensions ['ignore', 'ignore_ament_install']
[0.208s] Level 1:colcon.colcon_core.package_identification:_identify(install) by extension 'ignore'
[0.208s] Level 1:colcon.colcon_core.package_identification:_identify(install) ignored
[0.208s] Level 1:colcon.colcon_core.package_identification:_identify(log) by extensions ['ignore', 'ignore_ament_install']
[0.208s] Level 1:colcon.colcon_core.package_identification:_identify(log) by extension 'ignore'
[0.208s] Level 1:colcon.colcon_core.package_identification:_identify(log) ignored
[0.208s] Level 1:colcon.colcon_core.package_identification:_identify(matlab) by extensions ['ignore', 'ignore_ament_install']
[0.208s] Level 1:colcon.colcon_core.package_identification:_identify(matlab) by extension 'ignore'
[0.208s] Level 1:colcon.colcon_core.package_identification:_identify(matlab) by extension 'ignore_ament_install'
[0.208s] Level 1:colcon.colcon_core.package_identification:_identify(matlab) by extensions ['colcon_pkg']
[0.208s] Level 1:colcon.colcon_core.package_identification:_identify(matlab) by extension 'colcon_pkg'
[0.208s] Level 1:colcon.colcon_core.package_identification:_identify(matlab) by extensions ['colcon_meta']
[0.208s] Level 1:colcon.colcon_core.package_identification:_identify(matlab) by extension 'colcon_meta'
[0.208s] Level 1:colcon.colcon_core.package_identification:_identify(matlab) by extensions ['ros']
[0.208s] Level 1:colcon.colcon_core.package_identification:_identify(matlab) by extension 'ros'
[0.208s] Level 1:colcon.colcon_core.package_identification:_identify(matlab) by extensions ['cmake', 'python']
[0.208s] Level 1:colcon.colcon_core.package_identification:_identify(matlab) by extension 'cmake'
[0.208s] Level 1:colcon.colcon_core.package_identification:_identify(matlab) by extension 'python'
[0.209s] Level 1:colcon.colcon_core.package_identification:_identify(matlab) by extensions ['python_setup_py']
[0.209s] Level 1:colcon.colcon_core.package_identification:_identify(matlab) by extension 'python_setup_py'
[0.209s] Level 1:colcon.colcon_core.package_identification:_identify(src) by extensions ['ignore', 'ignore_ament_install']
[0.209s] Level 1:colcon.colcon_core.package_identification:_identify(src) by extension 'ignore'
[0.209s] Level 1:colcon.colcon_core.package_identification:_identify(src) by extension 'ignore_ament_install'
[0.209s] Level 1:colcon.colcon_core.package_identification:_identify(src) by extensions ['colcon_pkg']
[0.209s] Level 1:colcon.colcon_core.package_identification:_identify(src) by extension 'colcon_pkg'
[0.209s] Level 1:colcon.colcon_core.package_identification:_identify(src) by extensions ['colcon_meta']
[0.209s] Level 1:colcon.colcon_core.package_identification:_identify(src) by extension 'colcon_meta'
[0.209s] Level 1:colcon.colcon_core.package_identification:_identify(src) by extensions ['ros']
[0.209s] Level 1:colcon.colcon_core.package_identification:_identify(src) by extension 'ros'
[0.209s] Level 1:colcon.colcon_core.package_identification:_identify(src) by extensions ['cmake', 'python']
[0.209s] Level 1:colcon.colcon_core.package_identification:_identify(src) by extension 'cmake'
[0.209s] Level 1:colcon.colcon_core.package_identification:_identify(src) by extension 'python'
[0.209s] Level 1:colcon.colcon_core.package_identification:_identify(src) by extensions ['python_setup_py']
[0.209s] Level 1:colcon.colcon_core.package_identification:_identify(src) by extension 'python_setup_py'
[0.209s] Level 1:colcon.colcon_core.package_identification:_identify(src/center_of_mass) by extensions ['ignore', 'ignore_ament_install']
[0.209s] Level 1:colcon.colcon_core.package_identification:_identify(src/center_of_mass) by extension 'ignore'
[0.209s] Level 1:colcon.colcon_core.package_identification:_identify(src/center_of_mass) by extension 'ignore_ament_install'
[0.209s] Level 1:colcon.colcon_core.package_identification:_identify(src/center_of_mass) by extensions ['colcon_pkg']
[0.210s] Level 1:colcon.colcon_core.package_identification:_identify(src/center_of_mass) by extension 'colcon_pkg'
[0.210s] Level 1:colcon.colcon_core.package_identification:_identify(src/center_of_mass) by extensions ['colcon_meta']
[0.210s] Level 1:colcon.colcon_core.package_identification:_identify(src/center_of_mass) by extension 'colcon_meta'
[0.210s] Level 1:colcon.colcon_core.package_identification:_identify(src/center_of_mass) by extensions ['ros']
[0.210s] Level 1:colcon.colcon_core.package_identification:_identify(src/center_of_mass) by extension 'ros'
[0.212s] DEBUG:colcon.colcon_core.package_identification:Package 'src/center_of_mass' with type 'ros.ament_python' and name 'center_of_mass'
[0.212s] Level 1:colcon.colcon_core.package_identification:_identify(src/custom_interface) by extensions ['ignore', 'ignore_ament_install']
[0.213s] Level 1:colcon.colcon_core.package_identification:_identify(src/custom_interface) by extension 'ignore'
[0.213s] Level 1:colcon.colcon_core.package_identification:_identify(src/custom_interface) by extension 'ignore_ament_install'
[0.213s] Level 1:colcon.colcon_core.package_identification:_identify(src/custom_interface) by extensions ['colcon_pkg']
[0.213s] Level 1:colcon.colcon_core.package_identification:_identify(src/custom_interface) by extension 'colcon_pkg'
[0.213s] Level 1:colcon.colcon_core.package_identification:_identify(src/custom_interface) by extensions ['colcon_meta']
[0.213s] Level 1:colcon.colcon_core.package_identification:_identify(src/custom_interface) by extension 'colcon_meta'
[0.213s] Level 1:colcon.colcon_core.package_identification:_identify(src/custom_interface) by extensions ['ros']
[0.213s] Level 1:colcon.colcon_core.package_identification:_identify(src/custom_interface) by extension 'ros'
[0.214s] DEBUG:colcon.colcon_core.package_identification:Package 'src/custom_interface' with type 'ros.ament_cmake' and name 'custom_interface'
[0.214s] Level 1:colcon.colcon_core.package_identification:_identify(src/leg_controls) by extensions ['ignore', 'ignore_ament_install']
[0.214s] Level 1:colcon.colcon_core.package_identification:_identify(src/leg_controls) by extension 'ignore'
[0.214s] Level 1:colcon.colcon_core.package_identification:_identify(src/leg_controls) by extension 'ignore_ament_install'
[0.214s] Level 1:colcon.colcon_core.package_identification:_identify(src/leg_controls) by extensions ['colcon_pkg']
[0.214s] Level 1:colcon.colcon_core.package_identification:_identify(src/leg_controls) by extension 'colcon_pkg'
[0.214s] Level 1:colcon.colcon_core.package_identification:_identify(src/leg_controls) by extensions ['colcon_meta']
[0.214s] Level 1:colcon.colcon_core.package_identification:_identify(src/leg_controls) by extension 'colcon_meta'
[0.214s] Level 1:colcon.colcon_core.package_identification:_identify(src/leg_controls) by extensions ['ros']
[0.214s] Level 1:colcon.colcon_core.package_identification:_identify(src/leg_controls) by extension 'ros'
[0.215s] DEBUG:colcon.colcon_core.package_identification:Package 'src/leg_controls' with type 'ros.ament_python' and name 'leg_controls'
[0.215s] Level 1:colcon.colcon_core.package_identification:_identify(src/motion_planner) by extensions ['ignore', 'ignore_ament_install']
[0.215s] Level 1:colcon.colcon_core.package_identification:_identify(src/motion_planner) by extension 'ignore'
[0.215s] Level 1:colcon.colcon_core.package_identification:_identify(src/motion_planner) by extension 'ignore_ament_install'
[0.215s] Level 1:colcon.colcon_core.package_identification:_identify(src/motion_planner) by extensions ['colcon_pkg']
[0.215s] Level 1:colcon.colcon_core.package_identification:_identify(src/motion_planner) by extension 'colcon_pkg'
[0.215s] Level 1:colcon.colcon_core.package_identification:_identify(src/motion_planner) by extensions ['colcon_meta']
[0.215s] Level 1:colcon.colcon_core.package_identification:_identify(src/motion_planner) by extension 'colcon_meta'
[0.215s] Level 1:colcon.colcon_core.package_identification:_identify(src/motion_planner) by extensions ['ros']
[0.215s] Level 1:colcon.colcon_core.package_identification:_identify(src/motion_planner) by extension 'ros'
[0.216s] DEBUG:colcon.colcon_core.package_identification:Package 'src/motion_planner' with type 'ros.ament_python' and name 'motion_planner'
[0.216s] Level 1:colcon.colcon_core.package_identification:_identify(src/quadruped) by extensions ['ignore', 'ignore_ament_install']
[0.216s] Level 1:colcon.colcon_core.package_identification:_identify(src/quadruped) by extension 'ignore'
[0.216s] Level 1:colcon.colcon_core.package_identification:_identify(src/quadruped) by extension 'ignore_ament_install'
[0.216s] Level 1:colcon.colcon_core.package_identification:_identify(src/quadruped) by extensions ['colcon_pkg']
[0.216s] Level 1:colcon.colcon_core.package_identification:_identify(src/quadruped) by extension 'colcon_pkg'
[0.216s] Level 1:colcon.colcon_core.package_identification:_identify(src/quadruped) by extensions ['colcon_meta']
[0.216s] Level 1:colcon.colcon_core.package_identification:_identify(src/quadruped) by extension 'colcon_meta'
[0.216s] Level 1:colcon.colcon_core.package_identification:_identify(src/quadruped) by extensions ['ros']
[0.216s] Level 1:colcon.colcon_core.package_identification:_identify(src/quadruped) by extension 'ros'
[0.217s] DEBUG:colcon.colcon_core.package_identification:Package 'src/quadruped' with type 'ros.ament_python' and name 'quadruped'
[0.217s] Level 1:colcon.colcon_core.package_identification:_identify(src/robot_description) by extensions ['ignore', 'ignore_ament_install']
[0.217s] Level 1:colcon.colcon_core.package_identification:_identify(src/robot_description) by extension 'ignore'
[0.217s] Level 1:colcon.colcon_core.package_identification:_identify(src/robot_description) by extension 'ignore_ament_install'
[0.217s] Level 1:colcon.colcon_core.package_identification:_identify(src/robot_description) by extensions ['colcon_pkg']
[0.217s] Level 1:colcon.colcon_core.package_identification:_identify(src/robot_description) by extension 'colcon_pkg'
[0.217s] Level 1:colcon.colcon_core.package_identification:_identify(src/robot_description) by extensions ['colcon_meta']
[0.217s] Level 1:colcon.colcon_core.package_identification:_identify(src/robot_description) by extension 'colcon_meta'
[0.218s] Level 1:colcon.colcon_core.package_identification:_identify(src/robot_description) by extensions ['ros']
[0.218s] Level 1:colcon.colcon_core.package_identification:_identify(src/robot_description) by extension 'ros'
[0.218s] DEBUG:colcon.colcon_core.package_identification:Package 'src/robot_description' with type 'ros.ament_python' and name 'robot_description'
[0.219s] Level 1:colcon.colcon_core.package_identification:_identify(src/robot_sim) by extensions ['ignore', 'ignore_ament_install']
[0.219s] Level 1:colcon.colcon_core.package_identification:_identify(src/robot_sim) by extension 'ignore'
[0.219s] Level 1:colcon.colcon_core.package_identification:_identify(src/robot_sim) by extension 'ignore_ament_install'
[0.219s] Level 1:colcon.colcon_core.package_identification:_identify(src/robot_sim) by extensions ['colcon_pkg']
[0.219s] Level 1:colcon.colcon_core.package_identification:_identify(src/robot_sim) by extension 'colcon_pkg'
[0.219s] Level 1:colcon.colcon_core.package_identification:_identify(src/robot_sim) by extensions ['colcon_meta']
[0.219s] Level 1:colcon.colcon_core.package_identification:_identify(src/robot_sim) by extension 'colcon_meta'
[0.219s] Level 1:colcon.colcon_core.package_identification:_identify(src/robot_sim) by extensions ['ros']
[0.219s] Level 1:colcon.colcon_core.package_identification:_identify(src/robot_sim) by extension 'ros'
[0.219s] DEBUG:colcon.colcon_core.package_identification:Package 'src/robot_sim' with type 'ros.ament_python' and name 'robot_sim'
[0.220s] Level 1:colcon.colcon_core.package_identification:_identify(src/sensors) by extensions ['ignore', 'ignore_ament_install']
[0.220s] Level 1:colcon.colcon_core.package_identification:_identify(src/sensors) by extension 'ignore'
[0.220s] Level 1:colcon.colcon_core.package_identification:_identify(src/sensors) by extension 'ignore_ament_install'
[0.220s] Level 1:colcon.colcon_core.package_identification:_identify(src/sensors) by extensions ['colcon_pkg']
[0.220s] Level 1:colcon.colcon_core.package_identification:_identify(src/sensors) by extension 'colcon_pkg'
[0.220s] Level 1:colcon.colcon_core.package_identification:_identify(src/sensors) by extensions ['colcon_meta']
[0.220s] Level 1:colcon.colcon_core.package_identification:_identify(src/sensors) by extension 'colcon_meta'
[0.220s] Level 1:colcon.colcon_core.package_identification:_identify(src/sensors) by extensions ['ros']
[0.220s] Level 1:colcon.colcon_core.package_identification:_identify(src/sensors) by extension 'ros'
[0.220s] DEBUG:colcon.colcon_core.package_identification:Package 'src/sensors' with type 'ros.ament_python' and name 'sensors'
[0.220s] Level 1:colcon.colcon_core.package_discovery:discover_packages(recursive) using defaults
[0.221s] Level 1:colcon.colcon_core.package_discovery:discover_packages(ignore) discover
[0.221s] Level 1:colcon.colcon_core.package_discovery:discover_packages(ignore) using defaults
[0.221s] Level 1:colcon.colcon_core.package_discovery:discover_packages(path) discover
[0.221s] Level 1:colcon.colcon_core.package_discovery:discover_packages(path) using defaults
[0.243s] Level 1:colcon.colcon_core.package_discovery:discover_packages(prefix_path) check parameters
[0.244s] Level 1:colcon.colcon_core.package_discovery:discover_packages(prefix_path) discover
[0.245s] DEBUG:colcon.colcon_installed_package_information.package_discovery:Found 8 installed packages in /home/jarothenberg/Documents/GitHub/RBE550-Quadruped/install
[0.247s] DEBUG:colcon.colcon_installed_package_information.package_discovery:Found 388 installed packages in /opt/ros/jazzy
[0.248s] Level 1:colcon.colcon_core.package_discovery:discover_packages(prefix_path) using defaults
[0.305s] Level 5:colcon.colcon_core.verb:set package 'center_of_mass' build argument 'cmake_args' from command line to 'None'
[0.305s] Level 5:colcon.colcon_core.verb:set package 'center_of_mass' build argument 'cmake_target' from command line to 'None'
[0.305s] Level 5:colcon.colcon_core.verb:set package 'center_of_mass' build argument 'cmake_target_skip_unavailable' from command line to 'False'
[0.305s] Level 5:colcon.colcon_core.verb:set package 'center_of_mass' build argument 'cmake_clean_cache' from command line to 'False'
[0.305s] Level 5:colcon.colcon_core.verb:set package 'center_of_mass' build argument 'cmake_clean_first' from command line to 'False'
[0.305s] Level 5:colcon.colcon_core.verb:set package 'center_of_mass' build argument 'cmake_force_configure' from command line to 'False'
[0.305s] Level 5:colcon.colcon_core.verb:set package 'center_of_mass' build argument 'ament_cmake_args' from command line to 'None'
[0.305s] Level 5:colcon.colcon_core.verb:set package 'center_of_mass' build argument 'catkin_cmake_args' from command line to 'None'
[0.305s] Level 5:colcon.colcon_core.verb:set package 'center_of_mass' build argument 'catkin_skip_building_tests' from command line to 'False'
[0.305s] DEBUG:colcon.colcon_core.verb:Building package 'center_of_mass' with the following arguments: {'ament_cmake_args': None, 'build_base': '/home/jarothenberg/Documents/GitHub/RBE550-Quadruped/build/center_of_mass', 'catkin_cmake_args': None, 'catkin_skip_building_tests': False, 'cmake_args': None, 'cmake_clean_cache': False, 'cmake_clean_first': False, 'cmake_force_configure': False, 'cmake_target': None, 'cmake_target_skip_unavailable': False, 'install_base': '/home/jarothenberg/Documents/GitHub/RBE550-Quadruped/install/center_of_mass', 'merge_install': False, 'path': '/home/jarothenberg/Documents/GitHub/RBE550-Quadruped/src/center_of_mass', 'symlink_install': False, 'test_result_base': None}
[0.305s] Level 5:colcon.colcon_core.verb:set package 'custom_interface' build argument 'cmake_args' from command line to 'None'
[0.305s] Level 5:colcon.colcon_core.verb:set package 'custom_interface' build argument 'cmake_target' from command line to 'None'
[0.305s] Level 5:colcon.colcon_core.verb:set package 'custom_interface' build argument 'cmake_target_skip_unavailable' from command line to 'False'
[0.305s] Level 5:colcon.colcon_core.verb:set package 'custom_interface' build argument 'cmake_clean_cache' from command line to 'False'
[0.305s] Level 5:colcon.colcon_core.verb:set package 'custom_interface' build argument 'cmake_clean_first' from command line to 'False'
[0.305s] Level 5:colcon.colcon_core.verb:set package 'custom_interface' build argument 'cmake_force_configure' from command line to 'False'
[0.305s] Level 5:colcon.colcon_core.verb:set package 'custom_interface' build argument 'ament_cmake_args' from command line to 'None'
[0.306s] Level 5:colcon.colcon_core.verb:set package 'custom_interface' build argument 'catkin_cmake_args' from command line to 'None'
[0.306s] Level 5:colcon.colcon_core.verb:set package 'custom_interface' build argument 'catkin_skip_building_tests' from command line to 'False'
[0.306s] DEBUG:colcon.colcon_core.verb:Building package 'custom_interface' with the following arguments: {'ament_cmake_args': None, 'build_base': '/home/jarothenberg/Documents/GitHub/RBE550-Quadruped/build/custom_interface', 'catkin_cmake_args': None, 'catkin_skip_building_tests': False, 'cmake_args': None, 'cmake_clean_cache': False, 'cmake_clean_first': False, 'cmake_force_configure': False, 'cmake_target': None, 'cmake_target_skip_unavailable': False, 'install_base': '/home/jarothenberg/Documents/GitHub/RBE550-Quadruped/install/custom_interface', 'merge_install': False, 'path': '/home/jarothenberg/Documents/GitHub/RBE550-Quadruped/src/custom_interface', 'symlink_install': False, 'test_result_base': None}
[0.306s] Level 5:colcon.colcon_core.verb:set package 'motion_planner' build argument 'cmake_args' from command line to 'None'
[0.306s] Level 5:colcon.colcon_core.verb:set package 'motion_planner' build argument 'cmake_target' from command line to 'None'
[0.306s] Level 5:colcon.colcon_core.verb:set package 'motion_planner' build argument 'cmake_target_skip_unavailable' from command line to 'False'
[0.306s] Level 5:colcon.colcon_core.verb:set package 'motion_planner' build argument 'cmake_clean_cache' from command line to 'False'
[0.306s] Level 5:colcon.colcon_core.verb:set package 'motion_planner' build argument 'cmake_clean_first' from command line to 'False'
[0.306s] Level 5:colcon.colcon_core.verb:set package 'motion_planner' build argument 'cmake_force_configure' from command line to 'False'
[0.306s] Level 5:colcon.colcon_core.verb:set package 'motion_planner' build argument 'ament_cmake_args' from command line to 'None'
[0.306s] Level 5:colcon.colcon_core.verb:set package 'motion_planner' build argument 'catkin_cmake_args' from command line to 'None'
[0.306s] Level 5:colcon.colcon_core.verb:set package 'motion_planner' build argument 'catkin_skip_building_tests' from command line to 'False'
[0.306s] DEBUG:colcon.colcon_core.verb:Building package 'motion_planner' with the following arguments: {'ament_cmake_args': None, 'build_base': '/home/jarothenberg/Documents/GitHub/RBE550-Quadruped/build/motion_planner', 'catkin_cmake_args': None, 'catkin_skip_building_tests': False, 'cmake_args': None, 'cmake_clean_cache': False, 'cmake_clean_first': False, 'cmake_force_configure': False, 'cmake_target': None, 'cmake_target_skip_unavailable': False, 'install_base': '/home/jarothenberg/Documents/GitHub/RBE550-Quadruped/install/motion_planner', 'merge_install': False, 'path': '/home/jarothenberg/Documents/GitHub/RBE550-Quadruped/src/motion_planner', 'symlink_install': False, 'test_result_base': None}
[0.306s] Level 5:colcon.colcon_core.verb:set package 'quadruped' build argument 'cmake_args' from command line to 'None'
[0.306s] Level 5:colcon.colcon_core.verb:set package 'quadruped' build argument 'cmake_target' from command line to 'None'
[0.306s] Level 5:colcon.colcon_core.verb:set package 'quadruped' build argument 'cmake_target_skip_unavailable' from command line to 'False'
[0.306s] Level 5:colcon.colcon_core.verb:set package 'quadruped' build argument 'cmake_clean_cache' from command line to 'False'
[0.306s] Level 5:colcon.colcon_core.verb:set package 'quadruped' build argument 'cmake_clean_first' from command line to 'False'
[0.306s] Level 5:colcon.colcon_core.verb:set package 'quadruped' build argument 'cmake_force_configure' from command line to 'False'
[0.306s] Level 5:colcon.colcon_core.verb:set package 'quadruped' build argument 'ament_cmake_args' from command line to 'None'
[0.306s] Level 5:colcon.colcon_core.verb:set package 'quadruped' build argument 'catkin_cmake_args' from command line to 'None'
[0.307s] Level 5:colcon.colcon_core.verb:set package 'quadruped' build argument 'catkin_skip_building_tests' from command line to 'False'
[0.307s] DEBUG:colcon.colcon_core.verb:Building package 'quadruped' with the following arguments: {'ament_cmake_args': None, 'build_base': '/home/jarothenberg/Documents/GitHub/RBE550-Quadruped/build/quadruped', 'catkin_cmake_args': None, 'catkin_skip_building_tests': False, 'cmake_args': None, 'cmake_clean_cache': False, 'cmake_clean_first': False, 'cmake_force_configure': False, 'cmake_target': None, 'cmake_target_skip_unavailable': False, 'install_base': '/home/jarothenberg/Documents/GitHub/RBE550-Quadruped/install/quadruped', 'merge_install': False, 'path': '/home/jarothenberg/Documents/GitHub/RBE550-Quadruped/src/quadruped', 'symlink_install': False, 'test_result_base': None}
[0.307s] Level 5:colcon.colcon_core.verb:set package 'robot_description' build argument 'cmake_args' from command line to 'None'
[0.307s] Level 5:colcon.colcon_core.verb:set package 'robot_description' build argument 'cmake_target' from command line to 'None'
[0.307s] Level 5:colcon.colcon_core.verb:set package 'robot_description' build argument 'cmake_target_skip_unavailable' from command line to 'False'
[0.307s] Level 5:colcon.colcon_core.verb:set package 'robot_description' build argument 'cmake_clean_cache' from command line to 'False'
[0.307s] Level 5:colcon.colcon_core.verb:set package 'robot_description' build argument 'cmake_clean_first' from command line to 'False'
[0.307s] Level 5:colcon.colcon_core.verb:set package 'robot_description' build argument 'cmake_force_configure' from command line to 'False'
[0.307s] Level 5:colcon.colcon_core.verb:set package 'robot_description' build argument 'ament_cmake_args' from command line to 'None'
[0.307s] Level 5:colcon.colcon_core.verb:set package 'robot_description' build argument 'catkin_cmake_args' from command line to 'None'
[0.307s] Level 5:colcon.colcon_core.verb:set package 'robot_description' build argument 'catkin_skip_building_tests' from command line to 'False'
[0.307s] DEBUG:colcon.colcon_core.verb:Building package 'robot_description' with the following arguments: {'ament_cmake_args': None, 'build_base': '/home/jarothenberg/Documents/GitHub/RBE550-Quadruped/build/robot_description', 'catkin_cmake_args': None, 'catkin_skip_building_tests': False, 'cmake_args': None, 'cmake_clean_cache': False, 'cmake_clean_first': False, 'cmake_force_configure': False, 'cmake_target': None, 'cmake_target_skip_unavailable': False, 'install_base': '/home/jarothenberg/Documents/GitHub/RBE550-Quadruped/install/robot_description', 'merge_install': False, 'path': '/home/jarothenberg/Documents/GitHub/RBE550-Quadruped/src/robot_description', 'symlink_install': False, 'test_result_base': None}
[0.307s] Level 5:colcon.colcon_core.verb:set package 'robot_sim' build argument 'cmake_args' from command line to 'None'
[0.307s] Level 5:colcon.colcon_core.verb:set package 'robot_sim' build argument 'cmake_target' from command line to 'None'
[0.307s] Level 5:colcon.colcon_core.verb:set package 'robot_sim' build argument 'cmake_target_skip_unavailable' from command line to 'False'
[0.307s] Level 5:colcon.colcon_core.verb:set package 'robot_sim' build argument 'cmake_clean_cache' from command line to 'False'
[0.307s] Level 5:colcon.colcon_core.verb:set package 'robot_sim' build argument 'cmake_clean_first' from command line to 'False'
[0.307s] Level 5:colcon.colcon_core.verb:set package 'robot_sim' build argument 'cmake_force_configure' from command line to 'False'
[0.307s] Level 5:colcon.colcon_core.verb:set package 'robot_sim' build argument 'ament_cmake_args' from command line to 'None'
[0.307s] Level 5:colcon.colcon_core.verb:set package 'robot_sim' build argument 'catkin_cmake_args' from command line to 'None'
[0.307s] Level 5:colcon.colcon_core.verb:set package 'robot_sim' build argument 'catkin_skip_building_tests' from command line to 'False'
[0.307s] DEBUG:colcon.colcon_core.verb:Building package 'robot_sim' with the following arguments: {'ament_cmake_args': None, 'build_base': '/home/jarothenberg/Documents/GitHub/RBE550-Quadruped/build/robot_sim', 'catkin_cmake_args': None, 'catkin_skip_building_tests': False, 'cmake_args': None, 'cmake_clean_cache': False, 'cmake_clean_first': False, 'cmake_force_configure': False, 'cmake_target': None, 'cmake_target_skip_unavailable': False, 'install_base': '/home/jarothenberg/Documents/GitHub/RBE550-Quadruped/install/robot_sim', 'merge_install': False, 'path': '/home/jarothenberg/Documents/GitHub/RBE550-Quadruped/src/robot_sim', 'symlink_install': False, 'test_result_base': None}
[0.308s] Level 5:colcon.colcon_core.verb:set package 'leg_controls' build argument 'cmake_args' from command line to 'None'
[0.308s] Level 5:colcon.colcon_core.verb:set package 'leg_controls' build argument 'cmake_target' from command line to 'None'
[0.308s] Level 5:colcon.colcon_core.verb:set package 'leg_controls' build argument 'cmake_target_skip_unavailable' from command line to 'False'
[0.308s] Level 5:colcon.colcon_core.verb:set package 'leg_controls' build argument 'cmake_clean_cache' from command line to 'False'
[0.308s] Level 5:colcon.colcon_core.verb:set package 'leg_controls' build argument 'cmake_clean_first' from command line to 'False'
[0.308s] Level 5:colcon.colcon_core.verb:set package 'leg_controls' build argument 'cmake_force_configure' from command line to 'False'
[0.308s] Level 5:colcon.colcon_core.verb:set package 'leg_controls' build argument 'ament_cmake_args' from command line to 'None'
[0.308s] Level 5:colcon.colcon_core.verb:set package 'leg_controls' build argument 'catkin_cmake_args' from command line to 'None'
[0.308s] Level 5:colcon.colcon_core.verb:set package 'leg_controls' build argument 'catkin_skip_building_tests' from command line to 'False'
[0.308s] DEBUG:colcon.colcon_core.verb:Building package 'leg_controls' with the following arguments: {'ament_cmake_args': None, 'build_base': '/home/jarothenberg/Documents/GitHub/RBE550-Quadruped/build/leg_controls', 'catkin_cmake_args': None, 'catkin_skip_building_tests': False, 'cmake_args': None, 'cmake_clean_cache': False, 'cmake_clean_first': False, 'cmake_force_configure': False, 'cmake_target': None, 'cmake_target_skip_unavailable': False, 'install_base': '/home/jarothenberg/Documents/GitHub/RBE550-Quadruped/install/leg_controls', 'merge_install': False, 'path': '/home/jarothenberg/Documents/GitHub/RBE550-Quadruped/src/leg_controls', 'symlink_install': False, 'test_result_base': None}
[0.308s] Level 5:colcon.colcon_core.verb:set package 'sensors' build argument 'cmake_args' from command line to 'None'
[0.308s] Level 5:colcon.colcon_core.verb:set package 'sensors' build argument 'cmake_target' from command line to 'None'
[0.308s] Level 5:colcon.colcon_core.verb:set package 'sensors' build argument 'cmake_target_skip_unavailable' from command line to 'False'
[0.308s] Level 5:colcon.colcon_core.verb:set package 'sensors' build argument 'cmake_clean_cache' from command line to 'False'
[0.308s] Level 5:colcon.colcon_core.verb:set package 'sensors' build argument 'cmake_clean_first' from command line to 'False'
[0.308s] Level 5:colcon.colcon_core.verb:set package 'sensors' build argument 'cmake_force_configure' from command line to 'False'
[0.308s] Level 5:colcon.colcon_core.verb:set package 'sensors' build argument 'ament_cmake_args' from command line to 'None'
[0.308s] Level 5:colcon.colcon_core.verb:set package 'sensors' build argument 'catkin_cmake_args' from command line to 'None'
[0.308s] Level 5:colcon.colcon_core.verb:set package 'sensors' build argument 'catkin_skip_building_tests' from command line to 'False'
[0.308s] DEBUG:colcon.colcon_core.verb:Building package 'sensors' with the following arguments: {'ament_cmake_args': None, 'build_base': '/home/jarothenberg/Documents/GitHub/RBE550-Quadruped/build/sensors', 'catkin_cmake_args': None, 'catkin_skip_building_tests': False, 'cmake_args': None, 'cmake_clean_cache': False, 'cmake_clean_first': False, 'cmake_force_configure': False, 'cmake_target': None, 'cmake_target_skip_unavailable': False, 'install_base': '/home/jarothenberg/Documents/GitHub/RBE550-Quadruped/install/sensors', 'merge_install': False, 'path': '/home/jarothenberg/Documents/GitHub/RBE550-Quadruped/src/sensors', 'symlink_install': False, 'test_result_base': None}
[0.308s] INFO:colcon.colcon_core.executor:Executing jobs using 'parallel' executor
[0.310s] DEBUG:colcon.colcon_parallel_executor.executor.parallel:run_until_complete
[0.310s] INFO:colcon.colcon_ros.task.ament_cmake.build:Building ROS package in '/home/jarothenberg/Documents/GitHub/RBE550-Quadruped/src/custom_interface' with build type 'ament_cmake'
[0.310s] INFO:colcon.colcon_cmake.task.cmake.build:Building CMake package in '/home/jarothenberg/Documents/GitHub/RBE550-Quadruped/src/custom_interface'
[0.313s] INFO:colcon.colcon_core.plugin_system:Skipping extension 'colcon_core.shell.bat': Not used on non-Windows systems
[0.313s] INFO:colcon.colcon_core.shell:Skip shell extension 'powershell' for command environment: Not usable outside of PowerShell
[0.313s] DEBUG:colcon.colcon_core.shell:Skip shell extension 'dsv' for command environment
[0.319s] INFO:colcon.colcon_ros.task.ament_python.build:Building ROS package in '/home/jarothenberg/Documents/GitHub/RBE550-Quadruped/src/center_of_mass' with build type 'ament_python'
[0.319s] Level 1:colcon.colcon_core.shell:create_environment_hook('center_of_mass', 'ament_prefix_path')
[0.319s] INFO:colcon.colcon_core.shell:Creating environment hook '/home/jarothenberg/Documents/GitHub/RBE550-Quadruped/install/center_of_mass/share/center_of_mass/hook/ament_prefix_path.ps1'
[0.321s] INFO:colcon.colcon_core.shell:Creating environment descriptor '/home/jarothenberg/Documents/GitHub/RBE550-Quadruped/install/center_of_mass/share/center_of_mass/hook/ament_prefix_path.dsv'
[0.321s] INFO:colcon.colcon_core.shell:Creating environment hook '/home/jarothenberg/Documents/GitHub/RBE550-Quadruped/install/center_of_mass/share/center_of_mass/hook/ament_prefix_path.sh'
[0.322s] INFO:colcon.colcon_core.shell:Skip shell extension 'powershell' for command environment: Not usable outside of PowerShell
[0.322s] DEBUG:colcon.colcon_core.shell:Skip shell extension 'dsv' for command environment
[0.328s] INFO:colcon.colcon_ros.task.ament_python.build:Building ROS package in '/home/jarothenberg/Documents/GitHub/RBE550-Quadruped/src/motion_planner' with build type 'ament_python'
[0.328s] Level 1:colcon.colcon_core.shell:create_environment_hook('motion_planner', 'ament_prefix_path')
[0.329s] INFO:colcon.colcon_core.shell:Creating environment hook '/home/jarothenberg/Documents/GitHub/RBE550-Quadruped/install/motion_planner/share/motion_planner/hook/ament_prefix_path.ps1'
[0.329s] INFO:colcon.colcon_core.shell:Creating environment descriptor '/home/jarothenberg/Documents/GitHub/RBE550-Quadruped/install/motion_planner/share/motion_planner/hook/ament_prefix_path.dsv'
[0.330s] INFO:colcon.colcon_core.shell:Creating environment hook '/home/jarothenberg/Documents/GitHub/RBE550-Quadruped/install/motion_planner/share/motion_planner/hook/ament_prefix_path.sh'
[0.330s] INFO:colcon.colcon_core.shell:Skip shell extension 'powershell' for command environment: Not usable outside of PowerShell
[0.330s] DEBUG:colcon.colcon_core.shell:Skip shell extension 'dsv' for command environment
[0.335s] INFO:colcon.colcon_ros.task.ament_python.build:Building ROS package in '/home/jarothenberg/Documents/GitHub/RBE550-Quadruped/src/quadruped' with build type 'ament_python'
[0.336s] Level 1:colcon.colcon_core.shell:create_environment_hook('quadruped', 'ament_prefix_path')
[0.336s] INFO:colcon.colcon_core.shell:Creating environment hook '/home/jarothenberg/Documents/GitHub/RBE550-Quadruped/install/quadruped/share/quadruped/hook/ament_prefix_path.ps1'
[0.337s] INFO:colcon.colcon_core.shell:Creating environment descriptor '/home/jarothenberg/Documents/GitHub/RBE550-Quadruped/install/quadruped/share/quadruped/hook/ament_prefix_path.dsv'
[0.337s] INFO:colcon.colcon_core.shell:Creating environment hook '/home/jarothenberg/Documents/GitHub/RBE550-Quadruped/install/quadruped/share/quadruped/hook/ament_prefix_path.sh'
[0.338s] INFO:colcon.colcon_core.shell:Skip shell extension 'powershell' for command environment: Not usable outside of PowerShell
[0.338s] DEBUG:colcon.colcon_core.shell:Skip shell extension 'dsv' for command environment
[0.344s] INFO:colcon.colcon_ros.task.ament_python.build:Building ROS package in '/home/jarothenberg/Documents/GitHub/RBE550-Quadruped/src/robot_description' with build type 'ament_python'
[0.344s] Level 1:colcon.colcon_core.shell:create_environment_hook('robot_description', 'ament_prefix_path')
[0.344s] INFO:colcon.colcon_core.shell:Creating environment hook '/home/jarothenberg/Documents/GitHub/RBE550-Quadruped/install/robot_description/share/robot_description/hook/ament_prefix_path.ps1'
[0.345s] INFO:colcon.colcon_core.shell:Creating environment descriptor '/home/jarothenberg/Documents/GitHub/RBE550-Quadruped/install/robot_description/share/robot_description/hook/ament_prefix_path.dsv'
[0.345s] INFO:colcon.colcon_core.shell:Creating environment hook '/home/jarothenberg/Documents/GitHub/RBE550-Quadruped/install/robot_description/share/robot_description/hook/ament_prefix_path.sh'
[0.346s] INFO:colcon.colcon_core.shell:Skip shell extension 'powershell' for command environment: Not usable outside of PowerShell
[0.346s] DEBUG:colcon.colcon_core.shell:Skip shell extension 'dsv' for command environment
[0.352s] INFO:colcon.colcon_ros.task.ament_python.build:Building ROS package in '/home/jarothenberg/Documents/GitHub/RBE550-Quadruped/src/robot_sim' with build type 'ament_python'
[0.353s] Level 1:colcon.colcon_core.shell:create_environment_hook('robot_sim', 'ament_prefix_path')
[0.353s] INFO:colcon.colcon_core.shell:Creating environment hook '/home/jarothenberg/Documents/GitHub/RBE550-Quadruped/install/robot_sim/share/robot_sim/hook/ament_prefix_path.ps1'
[0.353s] INFO:colcon.colcon_core.shell:Creating environment descriptor '/home/jarothenberg/Documents/GitHub/RBE550-Quadruped/install/robot_sim/share/robot_sim/hook/ament_prefix_path.dsv'
[0.354s] INFO:colcon.colcon_core.shell:Creating environment hook '/home/jarothenberg/Documents/GitHub/RBE550-Quadruped/install/robot_sim/share/robot_sim/hook/ament_prefix_path.sh'
[0.355s] INFO:colcon.colcon_core.shell:Skip shell extension 'powershell' for command environment: Not usable outside of PowerShell
[0.355s] DEBUG:colcon.colcon_core.shell:Skip shell extension 'dsv' for command environment
[0.370s] DEBUG:colcon.colcon_core.event_handler.log_command:Invoking command in '/home/jarothenberg/Documents/GitHub/RBE550-Quadruped/build/custom_interface': CMAKE_PREFIX_PATH=${CMAKE_PREFIX_PATH}:/home/jarothenberg/Documents/GitHub/RBE550-Quadruped/install/sensors:/home/jarothenberg/Documents/GitHub/RBE550-Quadruped/install/robot_sim:/home/jarothenberg/Documents/GitHub/RBE550-Quadruped/install/robot_description:/home/jarothenberg/Documents/GitHub/RBE550-Quadruped/install/quadruped:/home/jarothenberg/Documents/GitHub/RBE550-Quadruped/install/motion_planner:/home/jarothenberg/Documents/GitHub/RBE550-Quadruped/install/leg_controls:/home/jarothenberg/Documents/GitHub/RBE550-Quadruped/install/center_of_mass:/opt/ros/jazzy DEBUGINFOD_URLS=https://debuginfod.ubuntu.com /usr/bin/cmake --build /home/jarothenberg/Documents/GitHub/RBE550-Quadruped/build/custom_interface -- -j32 -l32
[0.719s] INFO:colcon.colcon_core.task.python.build:Building Python package in '/home/jarothenberg/Documents/GitHub/RBE550-Quadruped/src/center_of_mass'
[0.720s] INFO:colcon.colcon_core.shell:Skip shell extension 'powershell' for command environment: Not usable outside of PowerShell
[0.720s] DEBUG:colcon.colcon_core.shell:Skip shell extension 'dsv' for command environment
[1.047s] INFO:colcon.colcon_core.task.python.build:Building Python package in '/home/jarothenberg/Documents/GitHub/RBE550-Quadruped/src/motion_planner'
[1.047s] INFO:colcon.colcon_core.shell:Skip shell extension 'powershell' for command environment: Not usable outside of PowerShell
[1.047s] DEBUG:colcon.colcon_core.shell:Skip shell extension 'dsv' for command environment
[1.350s] INFO:colcon.colcon_core.task.python.build:Building Python package in '/home/jarothenberg/Documents/GitHub/RBE550-Quadruped/src/quadruped'
[1.350s] INFO:colcon.colcon_core.shell:Skip shell extension 'powershell' for command environment: Not usable outside of PowerShell
[1.350s] DEBUG:colcon.colcon_core.shell:Skip shell extension 'dsv' for command environment
[1.656s] INFO:colcon.colcon_core.task.python.build:Building Python package in '/home/jarothenberg/Documents/GitHub/RBE550-Quadruped/src/robot_description'
[1.657s] INFO:colcon.colcon_core.shell:Skip shell extension 'powershell' for command environment: Not usable outside of PowerShell
[1.657s] DEBUG:colcon.colcon_core.shell:Skip shell extension 'dsv' for command environment
[1.980s] INFO:colcon.colcon_core.task.python.build:Building Python package in '/home/jarothenberg/Documents/GitHub/RBE550-Quadruped/src/robot_sim'
[1.980s] INFO:colcon.colcon_core.shell:Skip shell extension 'powershell' for command environment: Not usable outside of PowerShell
[1.980s] DEBUG:colcon.colcon_core.shell:Skip shell extension 'dsv' for command environment
[1.987s] DEBUG:colcon.colcon_core.event_handler.log_command:Invoked command in '/home/jarothenberg/Documents/GitHub/RBE550-Quadruped/build/custom_interface' returned '0': CMAKE_PREFIX_PATH=${CMAKE_PREFIX_PATH}:/home/jarothenberg/Documents/GitHub/RBE550-Quadruped/install/sensors:/home/jarothenberg/Documents/GitHub/RBE550-Quadruped/install/robot_sim:/home/jarothenberg/Documents/GitHub/RBE550-Quadruped/install/robot_description:/home/jarothenberg/Documents/GitHub/RBE550-Quadruped/install/quadruped:/home/jarothenberg/Documents/GitHub/RBE550-Quadruped/install/motion_planner:/home/jarothenberg/Documents/GitHub/RBE550-Quadruped/install/leg_controls:/home/jarothenberg/Documents/GitHub/RBE550-Quadruped/install/center_of_mass:/opt/ros/jazzy DEBUGINFOD_URLS=https://debuginfod.ubuntu.com /usr/bin/cmake --build /home/jarothenberg/Documents/GitHub/RBE550-Quadruped/build/custom_interface -- -j32 -l32
[2.194s] DEBUG:colcon.colcon_core.event_handler.log_command:Invoking command in '/home/jarothenberg/Documents/GitHub/RBE550-Quadruped/build/custom_interface': CMAKE_PREFIX_PATH=${CMAKE_PREFIX_PATH}:/home/jarothenberg/Documents/GitHub/RBE550-Quadruped/install/sensors:/home/jarothenberg/Documents/GitHub/RBE550-Quadruped/install/robot_sim:/home/jarothenberg/Documents/GitHub/RBE550-Quadruped/install/robot_description:/home/jarothenberg/Documents/GitHub/RBE550-Quadruped/install/quadruped:/home/jarothenberg/Documents/GitHub/RBE550-Quadruped/install/motion_planner:/home/jarothenberg/Documents/GitHub/RBE550-Quadruped/install/leg_controls:/home/jarothenberg/Documents/GitHub/RBE550-Quadruped/install/center_of_mass:/opt/ros/jazzy DEBUGINFOD_URLS=https://debuginfod.ubuntu.com /usr/bin/cmake --install /home/jarothenberg/Documents/GitHub/RBE550-Quadruped/build/custom_interface
[2.303s] Level 1:colcon.colcon_core.environment:create_environment_scripts_only(custom_interface)
[2.305s] DEBUG:colcon.colcon_core.event_handler.log_command:Invoked command in '/home/jarothenberg/Documents/GitHub/RBE550-Quadruped/build/custom_interface' returned '0': CMAKE_PREFIX_PATH=${CMAKE_PREFIX_PATH}:/home/jarothenberg/Documents/GitHub/RBE550-Quadruped/install/sensors:/home/jarothenberg/Documents/GitHub/RBE550-Quadruped/install/robot_sim:/home/jarothenberg/Documents/GitHub/RBE550-Quadruped/install/robot_description:/home/jarothenberg/Documents/GitHub/RBE550-Quadruped/install/quadruped:/home/jarothenberg/Documents/GitHub/RBE550-Quadruped/install/motion_planner:/home/jarothenberg/Documents/GitHub/RBE550-Quadruped/install/leg_controls:/home/jarothenberg/Documents/GitHub/RBE550-Quadruped/install/center_of_mass:/opt/ros/jazzy DEBUGINFOD_URLS=https://debuginfod.ubuntu.com /usr/bin/cmake --install /home/jarothenberg/Documents/GitHub/RBE550-Quadruped/build/custom_interface
[2.309s] Level 1:colcon.colcon_core.environment:checking '/home/jarothenberg/Documents/GitHub/RBE550-Quadruped/install/custom_interface' for CMake module files
[2.311s] Level 1:colcon.colcon_core.environment:checking '/home/jarothenberg/Documents/GitHub/RBE550-Quadruped/install/custom_interface' for CMake config files
[2.312s] Level 1:colcon.colcon_core.shell:create_environment_hook('custom_interface', 'cmake_prefix_path')
[2.312s] INFO:colcon.colcon_core.shell:Creating environment hook '/home/jarothenberg/Documents/GitHub/RBE550-Quadruped/install/custom_interface/share/custom_interface/hook/cmake_prefix_path.ps1'
[2.313s] INFO:colcon.colcon_core.shell:Creating environment descriptor '/home/jarothenberg/Documents/GitHub/RBE550-Quadruped/install/custom_interface/share/custom_interface/hook/cmake_prefix_path.dsv'
[2.314s] INFO:colcon.colcon_core.shell:Creating environment hook '/home/jarothenberg/Documents/GitHub/RBE550-Quadruped/install/custom_interface/share/custom_interface/hook/cmake_prefix_path.sh'
[2.315s] Level 1:colcon.colcon_core.environment:checking '/home/jarothenberg/Documents/GitHub/RBE550-Quadruped/install/custom_interface/lib'
[2.316s] Level 1:colcon.colcon_core.shell:create_environment_hook('custom_interface', 'ld_library_path_lib')
[2.316s] INFO:colcon.colcon_core.shell:Creating environment hook '/home/jarothenberg/Documents/GitHub/RBE550-Quadruped/install/custom_interface/share/custom_interface/hook/ld_library_path_lib.ps1'
[2.318s] INFO:colcon.colcon_core.shell:Creating environment descriptor '/home/jarothenberg/Documents/GitHub/RBE550-Quadruped/install/custom_interface/share/custom_interface/hook/ld_library_path_lib.dsv'
[2.318s] INFO:colcon.colcon_core.shell:Creating environment hook '/home/jarothenberg/Documents/GitHub/RBE550-Quadruped/install/custom_interface/share/custom_interface/hook/ld_library_path_lib.sh'
[2.319s] Level 1:colcon.colcon_core.environment:checking '/home/jarothenberg/Documents/GitHub/RBE550-Quadruped/install/custom_interface/bin'
[2.319s] Level 1:colcon.colcon_core.environment:checking '/home/jarothenberg/Documents/GitHub/RBE550-Quadruped/install/custom_interface/lib/pkgconfig/custom_interface.pc'
[2.320s] Level 1:colcon.colcon_core.environment:checking '/home/jarothenberg/Documents/GitHub/RBE550-Quadruped/install/custom_interface/lib/python3.12/site-packages'
[2.320s] Level 1:colcon.colcon_core.shell:create_environment_hook('custom_interface', 'pythonpath')
[2.321s] INFO:colcon.colcon_core.shell:Creating environment hook '/home/jarothenberg/Documents/GitHub/RBE550-Quadruped/install/custom_interface/share/custom_interface/hook/pythonpath.ps1'
[2.322s] INFO:colcon.colcon_core.shell:Creating environment descriptor '/home/jarothenberg/Documents/GitHub/RBE550-Quadruped/install/custom_interface/share/custom_interface/hook/pythonpath.dsv'
[2.322s] INFO:colcon.colcon_core.shell:Creating environment hook '/home/jarothenberg/Documents/GitHub/RBE550-Quadruped/install/custom_interface/share/custom_interface/hook/pythonpath.sh'
[2.324s] Level 1:colcon.colcon_core.environment:checking '/home/jarothenberg/Documents/GitHub/RBE550-Quadruped/install/custom_interface/bin'
[2.324s] INFO:colcon.colcon_core.shell:Creating package script '/home/jarothenberg/Documents/GitHub/RBE550-Quadruped/install/custom_interface/share/custom_interface/package.ps1'
[2.326s] INFO:colcon.colcon_core.shell:Creating package descriptor '/home/jarothenberg/Documents/GitHub/RBE550-Quadruped/install/custom_interface/share/custom_interface/package.dsv'
[2.327s] INFO:colcon.colcon_core.shell:Creating package script '/home/jarothenberg/Documents/GitHub/RBE550-Quadruped/install/custom_interface/share/custom_interface/package.sh'
[2.329s] INFO:colcon.colcon_core.shell:Creating package script '/home/jarothenberg/Documents/GitHub/RBE550-Quadruped/install/custom_interface/share/custom_interface/package.bash'
[2.330s] INFO:colcon.colcon_core.shell:Creating package script '/home/jarothenberg/Documents/GitHub/RBE550-Quadruped/install/custom_interface/share/custom_interface/package.zsh'
[2.331s] Level 1:colcon.colcon_core.environment:create_file_with_runtime_dependencies(/home/jarothenberg/Documents/GitHub/RBE550-Quadruped/install/custom_interface/share/colcon-core/packages/custom_interface)
[2.531s] Level 1:colcon.colcon_core.environment:create_environment_scripts_only(custom_interface)
[2.531s] Level 1:colcon.colcon_core.environment:checking '/home/jarothenberg/Documents/GitHub/RBE550-Quadruped/install/custom_interface' for CMake module files
[2.532s] Level 1:colcon.colcon_core.environment:checking '/home/jarothenberg/Documents/GitHub/RBE550-Quadruped/install/custom_interface' for CMake config files
[2.533s] Level 1:colcon.colcon_core.shell:create_environment_hook('custom_interface', 'cmake_prefix_path')
[2.533s] INFO:colcon.colcon_core.shell:Creating environment hook '/home/jarothenberg/Documents/GitHub/RBE550-Quadruped/install/custom_interface/share/custom_interface/hook/cmake_prefix_path.ps1'
[2.534s] INFO:colcon.colcon_core.shell:Creating environment descriptor '/home/jarothenberg/Documents/GitHub/RBE550-Quadruped/install/custom_interface/share/custom_interface/hook/cmake_prefix_path.dsv'
[2.534s] INFO:colcon.colcon_core.shell:Creating environment hook '/home/jarothenberg/Documents/GitHub/RBE550-Quadruped/install/custom_interface/share/custom_interface/hook/cmake_prefix_path.sh'
[2.535s] Level 1:colcon.colcon_core.environment:checking '/home/jarothenberg/Documents/GitHub/RBE550-Quadruped/install/custom_interface/lib'
[2.535s] Level 1:colcon.colcon_core.shell:create_environment_hook('custom_interface', 'ld_library_path_lib')
[2.535s] INFO:colcon.colcon_core.shell:Creating environment hook '/home/jarothenberg/Documents/GitHub/RBE550-Quadruped/install/custom_interface/share/custom_interface/hook/ld_library_path_lib.ps1'
[2.536s] INFO:colcon.colcon_core.shell:Creating environment descriptor '/home/jarothenberg/Documents/GitHub/RBE550-Quadruped/install/custom_interface/share/custom_interface/hook/ld_library_path_lib.dsv'
[2.536s] INFO:colcon.colcon_core.shell:Creating environment hook '/home/jarothenberg/Documents/GitHub/RBE550-Quadruped/install/custom_interface/share/custom_interface/hook/ld_library_path_lib.sh'
[2.537s] Level 1:colcon.colcon_core.environment:checking '/home/jarothenberg/Documents/GitHub/RBE550-Quadruped/install/custom_interface/bin'
[2.537s] Level 1:colcon.colcon_core.environment:checking '/home/jarothenberg/Documents/GitHub/RBE550-Quadruped/install/custom_interface/lib/pkgconfig/custom_interface.pc'
[2.537s] Level 1:colcon.colcon_core.environment:checking '/home/jarothenberg/Documents/GitHub/RBE550-Quadruped/install/custom_interface/lib/python3.12/site-packages'
[2.538s] Level 1:colcon.colcon_core.shell:create_environment_hook('custom_interface', 'pythonpath')
[2.538s] INFO:colcon.colcon_core.shell:Creating environment hook '/home/jarothenberg/Documents/GitHub/RBE550-Quadruped/install/custom_interface/share/custom_interface/hook/pythonpath.ps1'
[2.538s] INFO:colcon.colcon_core.shell:Creating environment descriptor '/home/jarothenberg/Documents/GitHub/RBE550-Quadruped/install/custom_interface/share/custom_interface/hook/pythonpath.dsv'
[2.539s] INFO:colcon.colcon_core.shell:Creating environment hook '/home/jarothenberg/Documents/GitHub/RBE550-Quadruped/install/custom_interface/share/custom_interface/hook/pythonpath.sh'
[2.540s] Level 1:colcon.colcon_core.environment:checking '/home/jarothenberg/Documents/GitHub/RBE550-Quadruped/install/custom_interface/bin'
[2.540s] INFO:colcon.colcon_core.shell:Creating package script '/home/jarothenberg/Documents/GitHub/RBE550-Quadruped/install/custom_interface/share/custom_interface/package.ps1'
[2.541s] INFO:colcon.colcon_core.shell:Creating package descriptor '/home/jarothenberg/Documents/GitHub/RBE550-Quadruped/install/custom_interface/share/custom_interface/package.dsv'
[2.542s] INFO:colcon.colcon_core.shell:Creating package script '/home/jarothenberg/Documents/GitHub/RBE550-Quadruped/install/custom_interface/share/custom_interface/package.sh'
[2.542s] INFO:colcon.colcon_core.shell:Creating package script '/home/jarothenberg/Documents/GitHub/RBE550-Quadruped/install/custom_interface/share/custom_interface/package.bash'
[2.544s] INFO:colcon.colcon_core.shell:Creating package script '/home/jarothenberg/Documents/GitHub/RBE550-Quadruped/install/custom_interface/share/custom_interface/package.zsh'
[2.545s] Level 1:colcon.colcon_core.environment:create_file_with_runtime_dependencies(/home/jarothenberg/Documents/GitHub/RBE550-Quadruped/install/custom_interface/share/colcon-core/packages/custom_interface)
[2.545s] INFO:colcon.colcon_ros.task.ament_python.build:Building ROS package in '/home/jarothenberg/Documents/GitHub/RBE550-Quadruped/src/leg_controls' with build type 'ament_python'
[2.546s] Level 1:colcon.colcon_core.shell:create_environment_hook('leg_controls', 'ament_prefix_path')
[2.546s] INFO:colcon.colcon_core.shell:Creating environment hook '/home/jarothenberg/Documents/GitHub/RBE550-Quadruped/install/leg_controls/share/leg_controls/hook/ament_prefix_path.ps1'
[2.547s] INFO:colcon.colcon_core.shell:Creating environment descriptor '/home/jarothenberg/Documents/GitHub/RBE550-Quadruped/install/leg_controls/share/leg_controls/hook/ament_prefix_path.dsv'
[2.548s] INFO:colcon.colcon_core.shell:Creating environment hook '/home/jarothenberg/Documents/GitHub/RBE550-Quadruped/install/leg_controls/share/leg_controls/hook/ament_prefix_path.sh'
[2.549s] INFO:colcon.colcon_core.shell:Skip shell extension 'powershell' for command environment: Not usable outside of PowerShell
[2.549s] DEBUG:colcon.colcon_core.shell:Skip shell extension 'dsv' for command environment
[2.555s] INFO:colcon.colcon_ros.task.ament_python.build:Building ROS package in '/home/jarothenberg/Documents/GitHub/RBE550-Quadruped/src/sensors' with build type 'ament_python'
[2.555s] Level 1:colcon.colcon_core.shell:create_environment_hook('sensors', 'ament_prefix_path')
[2.556s] INFO:colcon.colcon_core.shell:Creating environment hook '/home/jarothenberg/Documents/GitHub/RBE550-Quadruped/install/sensors/share/sensors/hook/ament_prefix_path.ps1'
[2.557s] INFO:colcon.colcon_core.shell:Creating environment descriptor '/home/jarothenberg/Documents/GitHub/RBE550-Quadruped/install/sensors/share/sensors/hook/ament_prefix_path.dsv'
[2.557s] INFO:colcon.colcon_core.shell:Creating environment hook '/home/jarothenberg/Documents/GitHub/RBE550-Quadruped/install/sensors/share/sensors/hook/ament_prefix_path.sh'
[2.558s] INFO:colcon.colcon_core.shell:Skip shell extension 'powershell' for command environment: Not usable outside of PowerShell
[2.558s] DEBUG:colcon.colcon_core.shell:Skip shell extension 'dsv' for command environment
[2.970s] INFO:colcon.colcon_core.task.python.build:Building Python package in '/home/jarothenberg/Documents/GitHub/RBE550-Quadruped/src/leg_controls'
[2.971s] INFO:colcon.colcon_core.shell:Skip shell extension 'powershell' for command environment: Not usable outside of PowerShell
[2.971s] DEBUG:colcon.colcon_core.shell:Skip shell extension 'dsv' for command environment
[3.309s] INFO:colcon.colcon_core.task.python.build:Building Python package in '/home/jarothenberg/Documents/GitHub/RBE550-Quadruped/src/sensors'
[3.310s] INFO:colcon.colcon_core.shell:Skip shell extension 'powershell' for command environment: Not usable outside of PowerShell
[3.310s] DEBUG:colcon.colcon_core.shell:Skip shell extension 'dsv' for command environment
[3.318s] DEBUG:colcon.colcon_core.event_handler.log_command:Invoking command in '/home/jarothenberg/Documents/GitHub/RBE550-Quadruped/src/quadruped': DEBUGINFOD_URLS=https://debuginfod.ubuntu.com PYTHONPATH=/home/jarothenberg/Documents/GitHub/RBE550-Quadruped/build/quadruped/prefix_override:/usr/lib/python3/dist-packages/colcon_core/task/python/colcon_distutils_commands:/home/jarothenberg/Documents/GitHub/RBE550-Quadruped/install/quadruped/lib/python3.12/site-packages:${PYTHONPATH} /usr/bin/python3 -W ignore:setup.py install is deprecated -W ignore:easy_install command is deprecated setup.py egg_info --egg-base ../../build/quadruped build --build-base /home/jarothenberg/Documents/GitHub/RBE550-Quadruped/build/quadruped/build install --record /home/jarothenberg/Documents/GitHub/RBE550-Quadruped/build/quadruped/install.log --single-version-externally-managed install_data
[3.322s] DEBUG:colcon.colcon_core.event_handler.log_command:Invoking command in '/home/jarothenberg/Documents/GitHub/RBE550-Quadruped/src/robot_sim': DEBUGINFOD_URLS=https://debuginfod.ubuntu.com PYTHONPATH=/home/jarothenberg/Documents/GitHub/RBE550-Quadruped/build/robot_sim/prefix_override:/usr/lib/python3/dist-packages/colcon_core/task/python/colcon_distutils_commands:/home/jarothenberg/Documents/GitHub/RBE550-Quadruped/install/robot_sim/lib/python3.12/site-packages:${PYTHONPATH} /usr/bin/python3 -W ignore:setup.py install is deprecated -W ignore:easy_install command is deprecated setup.py egg_info --egg-base ../../build/robot_sim build --build-base /home/jarothenberg/Documents/GitHub/RBE550-Quadruped/build/robot_sim/build install --record /home/jarothenberg/Documents/GitHub/RBE550-Quadruped/build/robot_sim/install.log --single-version-externally-managed install_data
[3.342s] DEBUG:colcon.colcon_core.event_handler.log_command:Invoking command in '/home/jarothenberg/Documents/GitHub/RBE550-Quadruped/src/center_of_mass': DEBUGINFOD_URLS=https://debuginfod.ubuntu.com PYTHONPATH=/home/jarothenberg/Documents/GitHub/RBE550-Quadruped/build/center_of_mass/prefix_override:/usr/lib/python3/dist-packages/colcon_core/task/python/colcon_distutils_commands:/home/jarothenberg/Documents/GitHub/RBE550-Quadruped/install/center_of_mass/lib/python3.12/site-packages:${PYTHONPATH} /usr/bin/python3 -W ignore:setup.py install is deprecated -W ignore:easy_install command is deprecated setup.py egg_info --egg-base ../../build/center_of_mass build --build-base /home/jarothenberg/Documents/GitHub/RBE550-Quadruped/build/center_of_mass/build install --record /home/jarothenberg/Documents/GitHub/RBE550-Quadruped/build/center_of_mass/install.log --single-version-externally-managed install_data
[3.347s] DEBUG:colcon.colcon_core.event_handler.log_command:Invoking command in '/home/jarothenberg/Documents/GitHub/RBE550-Quadruped/src/motion_planner': DEBUGINFOD_URLS=https://debuginfod.ubuntu.com PYTHONPATH=/home/jarothenberg/Documents/GitHub/RBE550-Quadruped/build/motion_planner/prefix_override:/usr/lib/python3/dist-packages/colcon_core/task/python/colcon_distutils_commands:/home/jarothenberg/Documents/GitHub/RBE550-Quadruped/install/motion_planner/lib/python3.12/site-packages:${PYTHONPATH} /usr/bin/python3 -W ignore:setup.py install is deprecated -W ignore:easy_install command is deprecated setup.py egg_info --egg-base ../../build/motion_planner build --build-base /home/jarothenberg/Documents/GitHub/RBE550-Quadruped/build/motion_planner/build install --record /home/jarothenberg/Documents/GitHub/RBE550-Quadruped/build/motion_planner/install.log --single-version-externally-managed install_data
[3.351s] DEBUG:colcon.colcon_core.event_handler.log_command:Invoking command in '/home/jarothenberg/Documents/GitHub/RBE550-Quadruped/src/robot_description': DEBUGINFOD_URLS=https://debuginfod.ubuntu.com PYTHONPATH=/home/jarothenberg/Documents/GitHub/RBE550-Quadruped/build/robot_description/prefix_override:/usr/lib/python3/dist-packages/colcon_core/task/python/colcon_distutils_commands:/home/jarothenberg/Documents/GitHub/RBE550-Quadruped/install/robot_description/lib/python3.12/site-packages:${PYTHONPATH} /usr/bin/python3 -W ignore:setup.py install is deprecated -W ignore:easy_install command is deprecated setup.py egg_info --egg-base ../../build/robot_description build --build-base /home/jarothenberg/Documents/GitHub/RBE550-Quadruped/build/robot_description/build install --record /home/jarothenberg/Documents/GitHub/RBE550-Quadruped/build/robot_description/install.log --single-version-externally-managed install_data
[4.213s] Level 1:colcon.colcon_core.environment:checking '/home/jarothenberg/Documents/GitHub/RBE550-Quadruped/install/robot_sim' for CMake module files
[4.214s] DEBUG:colcon.colcon_core.event_handler.log_command:Invoked command in '/home/jarothenberg/Documents/GitHub/RBE550-Quadruped/src/robot_sim' returned '0': DEBUGINFOD_URLS=https://debuginfod.ubuntu.com PYTHONPATH=/home/jarothenberg/Documents/GitHub/RBE550-Quadruped/build/robot_sim/prefix_override:/usr/lib/python3/dist-packages/colcon_core/task/python/colcon_distutils_commands:/home/jarothenberg/Documents/GitHub/RBE550-Quadruped/install/robot_sim/lib/python3.12/site-packages:${PYTHONPATH} /usr/bin/python3 -W ignore:setup.py install is deprecated -W ignore:easy_install command is deprecated setup.py egg_info --egg-base ../../build/robot_sim build --build-base /home/jarothenberg/Documents/GitHub/RBE550-Quadruped/build/robot_sim/build install --record /home/jarothenberg/Documents/GitHub/RBE550-Quadruped/build/robot_sim/install.log --single-version-externally-managed install_data
[4.216s] Level 1:colcon.colcon_core.environment:checking '/home/jarothenberg/Documents/GitHub/RBE550-Quadruped/install/robot_sim' for CMake config files
[4.218s] Level 1:colcon.colcon_core.environment:checking '/home/jarothenberg/Documents/GitHub/RBE550-Quadruped/install/robot_sim/lib'
[4.218s] Level 1:colcon.colcon_core.environment:checking '/home/jarothenberg/Documents/GitHub/RBE550-Quadruped/install/robot_sim/bin'
[4.218s] Level 1:colcon.colcon_core.environment:checking '/home/jarothenberg/Documents/GitHub/RBE550-Quadruped/install/robot_sim/lib/pkgconfig/robot_sim.pc'
[4.219s] Level 1:colcon.colcon_core.environment:checking '/home/jarothenberg/Documents/GitHub/RBE550-Quadruped/install/robot_sim/lib/python3.12/site-packages'
[4.219s] Level 1:colcon.colcon_core.shell:create_environment_hook('robot_sim', 'pythonpath')
[4.220s] INFO:colcon.colcon_core.shell:Creating environment hook '/home/jarothenberg/Documents/GitHub/RBE550-Quadruped/install/robot_sim/share/robot_sim/hook/pythonpath.ps1'
[4.221s] INFO:colcon.colcon_core.shell:Creating environment descriptor '/home/jarothenberg/Documents/GitHub/RBE550-Quadruped/install/robot_sim/share/robot_sim/hook/pythonpath.dsv'
[4.222s] INFO:colcon.colcon_core.shell:Creating environment hook '/home/jarothenberg/Documents/GitHub/RBE550-Quadruped/install/robot_sim/share/robot_sim/hook/pythonpath.sh'
[4.223s] Level 1:colcon.colcon_core.environment:checking '/home/jarothenberg/Documents/GitHub/RBE550-Quadruped/install/robot_sim/bin'
[4.223s] Level 1:colcon.colcon_core.environment:create_environment_scripts_only(robot_sim)
[4.224s] INFO:colcon.colcon_core.shell:Creating package script '/home/jarothenberg/Documents/GitHub/RBE550-Quadruped/install/robot_sim/share/robot_sim/package.ps1'
[4.226s] INFO:colcon.colcon_core.shell:Creating package descriptor '/home/jarothenberg/Documents/GitHub/RBE550-Quadruped/install/robot_sim/share/robot_sim/package.dsv'
[4.228s] INFO:colcon.colcon_core.shell:Creating package script '/home/jarothenberg/Documents/GitHub/RBE550-Quadruped/install/robot_sim/share/robot_sim/package.sh'
[4.229s] INFO:colcon.colcon_core.shell:Creating package script '/home/jarothenberg/Documents/GitHub/RBE550-Quadruped/install/robot_sim/share/robot_sim/package.bash'
[4.229s] INFO:colcon.colcon_core.shell:Creating package script '/home/jarothenberg/Documents/GitHub/RBE550-Quadruped/install/robot_sim/share/robot_sim/package.zsh'
[4.229s] Level 1:colcon.colcon_core.environment:create_file_with_runtime_dependencies(/home/jarothenberg/Documents/GitHub/RBE550-Quadruped/install/robot_sim/share/colcon-core/packages/robot_sim)
[4.261s] Level 1:colcon.colcon_core.environment:checking '/home/jarothenberg/Documents/GitHub/RBE550-Quadruped/install/robot_description' for CMake module files
[4.263s] DEBUG:colcon.colcon_core.event_handler.log_command:Invoked command in '/home/jarothenberg/Documents/GitHub/RBE550-Quadruped/src/robot_description' returned '0': DEBUGINFOD_URLS=https://debuginfod.ubuntu.com PYTHONPATH=/home/jarothenberg/Documents/GitHub/RBE550-Quadruped/build/robot_description/prefix_override:/usr/lib/python3/dist-packages/colcon_core/task/python/colcon_distutils_commands:/home/jarothenberg/Documents/GitHub/RBE550-Quadruped/install/robot_description/lib/python3.12/site-packages:${PYTHONPATH} /usr/bin/python3 -W ignore:setup.py install is deprecated -W ignore:easy_install command is deprecated setup.py egg_info --egg-base ../../build/robot_description build --build-base /home/jarothenberg/Documents/GitHub/RBE550-Quadruped/build/robot_description/build install --record /home/jarothenberg/Documents/GitHub/RBE550-Quadruped/build/robot_description/install.log --single-version-externally-managed install_data
[4.263s] Level 1:colcon.colcon_core.environment:checking '/home/jarothenberg/Documents/GitHub/RBE550-Quadruped/install/robot_description' for CMake config files
[4.265s] Level 1:colcon.colcon_core.environment:checking '/home/jarothenberg/Documents/GitHub/RBE550-Quadruped/install/robot_description/lib'
[4.265s] Level 1:colcon.colcon_core.environment:checking '/home/jarothenberg/Documents/GitHub/RBE550-Quadruped/install/robot_description/bin'
[4.265s] Level 1:colcon.colcon_core.environment:checking '/home/jarothenberg/Documents/GitHub/RBE550-Quadruped/install/robot_description/lib/pkgconfig/robot_description.pc'
[4.266s] Level 1:colcon.colcon_core.environment:checking '/home/jarothenberg/Documents/GitHub/RBE550-Quadruped/install/robot_description/lib/python3.12/site-packages'
[4.266s] Level 1:colcon.colcon_core.shell:create_environment_hook('robot_description', 'pythonpath')
[4.266s] INFO:colcon.colcon_core.shell:Creating environment hook '/home/jarothenberg/Documents/GitHub/RBE550-Quadruped/install/robot_description/share/robot_description/hook/pythonpath.ps1'
[4.267s] INFO:colcon.colcon_core.shell:Creating environment descriptor '/home/jarothenberg/Documents/GitHub/RBE550-Quadruped/install/robot_description/share/robot_description/hook/pythonpath.dsv'
[4.267s] INFO:colcon.colcon_core.shell:Creating environment hook '/home/jarothenberg/Documents/GitHub/RBE550-Quadruped/install/robot_description/share/robot_description/hook/pythonpath.sh'
[4.268s] Level 1:colcon.colcon_core.environment:checking '/home/jarothenberg/Documents/GitHub/RBE550-Quadruped/install/robot_description/bin'
[4.268s] Level 1:colcon.colcon_core.environment:create_environment_scripts_only(robot_description)
[4.269s] INFO:colcon.colcon_core.shell:Creating package script '/home/jarothenberg/Documents/GitHub/RBE550-Quadruped/install/robot_description/share/robot_description/package.ps1'
[4.269s] INFO:colcon.colcon_core.shell:Creating package descriptor '/home/jarothenberg/Documents/GitHub/RBE550-Quadruped/install/robot_description/share/robot_description/package.dsv'
[4.270s] INFO:colcon.colcon_core.shell:Creating package script '/home/jarothenberg/Documents/GitHub/RBE550-Quadruped/install/robot_description/share/robot_description/package.sh'
[4.271s] INFO:colcon.colcon_core.shell:Creating package script '/home/jarothenberg/Documents/GitHub/RBE550-Quadruped/install/robot_description/share/robot_description/package.bash'
[4.271s] INFO:colcon.colcon_core.shell:Creating package script '/home/jarothenberg/Documents/GitHub/RBE550-Quadruped/install/robot_description/share/robot_description/package.zsh'
[4.271s] Level 1:colcon.colcon_core.environment:create_file_with_runtime_dependencies(/home/jarothenberg/Documents/GitHub/RBE550-Quadruped/install/robot_description/share/colcon-core/packages/robot_description)
[4.275s] Level 1:colcon.colcon_core.environment:checking '/home/jarothenberg/Documents/GitHub/RBE550-Quadruped/install/motion_planner' for CMake module files
[4.277s] DEBUG:colcon.colcon_core.event_handler.log_command:Invoked command in '/home/jarothenberg/Documents/GitHub/RBE550-Quadruped/src/motion_planner' returned '0': DEBUGINFOD_URLS=https://debuginfod.ubuntu.com PYTHONPATH=/home/jarothenberg/Documents/GitHub/RBE550-Quadruped/build/motion_planner/prefix_override:/usr/lib/python3/dist-packages/colcon_core/task/python/colcon_distutils_commands:/home/jarothenberg/Documents/GitHub/RBE550-Quadruped/install/motion_planner/lib/python3.12/site-packages:${PYTHONPATH} /usr/bin/python3 -W ignore:setup.py install is deprecated -W ignore:easy_install command is deprecated setup.py egg_info --egg-base ../../build/motion_planner build --build-base /home/jarothenberg/Documents/GitHub/RBE550-Quadruped/build/motion_planner/build install --record /home/jarothenberg/Documents/GitHub/RBE550-Quadruped/build/motion_planner/install.log --single-version-externally-managed install_data
[4.277s] Level 1:colcon.colcon_core.environment:checking '/home/jarothenberg/Documents/GitHub/RBE550-Quadruped/install/motion_planner' for CMake config files
[4.278s] Level 1:colcon.colcon_core.environment:checking '/home/jarothenberg/Documents/GitHub/RBE550-Quadruped/install/motion_planner/lib'
[4.278s] Level 1:colcon.colcon_core.environment:checking '/home/jarothenberg/Documents/GitHub/RBE550-Quadruped/install/motion_planner/bin'
[4.278s] Level 1:colcon.colcon_core.environment:checking '/home/jarothenberg/Documents/GitHub/RBE550-Quadruped/install/motion_planner/lib/pkgconfig/motion_planner.pc'
[4.278s] Level 1:colcon.colcon_core.environment:checking '/home/jarothenberg/Documents/GitHub/RBE550-Quadruped/install/motion_planner/lib/python3.12/site-packages'
[4.279s] Level 1:colcon.colcon_core.shell:create_environment_hook('motion_planner', 'pythonpath')
[4.279s] INFO:colcon.colcon_core.shell:Creating environment hook '/home/jarothenberg/Documents/GitHub/RBE550-Quadruped/install/motion_planner/share/motion_planner/hook/pythonpath.ps1'
[4.280s] INFO:colcon.colcon_core.shell:Creating environment descriptor '/home/jarothenberg/Documents/GitHub/RBE550-Quadruped/install/motion_planner/share/motion_planner/hook/pythonpath.dsv'
[4.280s] INFO:colcon.colcon_core.shell:Creating environment hook '/home/jarothenberg/Documents/GitHub/RBE550-Quadruped/install/motion_planner/share/motion_planner/hook/pythonpath.sh'
[4.281s] Level 1:colcon.colcon_core.environment:checking '/home/jarothenberg/Documents/GitHub/RBE550-Quadruped/install/motion_planner/bin'
[4.281s] Level 1:colcon.colcon_core.environment:create_environment_scripts_only(motion_planner)
[4.281s] INFO:colcon.colcon_core.shell:Creating package script '/home/jarothenberg/Documents/GitHub/RBE550-Quadruped/install/motion_planner/share/motion_planner/package.ps1'
[4.282s] INFO:colcon.colcon_core.shell:Creating package descriptor '/home/jarothenberg/Documents/GitHub/RBE550-Quadruped/install/motion_planner/share/motion_planner/package.dsv'
[4.283s] INFO:colcon.colcon_core.shell:Creating package script '/home/jarothenberg/Documents/GitHub/RBE550-Quadruped/install/motion_planner/share/motion_planner/package.sh'
[4.283s] INFO:colcon.colcon_core.shell:Creating package script '/home/jarothenberg/Documents/GitHub/RBE550-Quadruped/install/motion_planner/share/motion_planner/package.bash'
[4.284s] INFO:colcon.colcon_core.shell:Creating package script '/home/jarothenberg/Documents/GitHub/RBE550-Quadruped/install/motion_planner/share/motion_planner/package.zsh'
[4.284s] Level 1:colcon.colcon_core.environment:create_file_with_runtime_dependencies(/home/jarothenberg/Documents/GitHub/RBE550-Quadruped/install/motion_planner/share/colcon-core/packages/motion_planner)
[4.285s] Level 1:colcon.colcon_core.environment:checking '/home/jarothenberg/Documents/GitHub/RBE550-Quadruped/install/center_of_mass' for CMake module files
[4.286s] Level 1:colcon.colcon_core.environment:checking '/home/jarothenberg/Documents/GitHub/RBE550-Quadruped/install/center_of_mass' for CMake config files
[4.287s] DEBUG:colcon.colcon_core.event_handler.log_command:Invoked command in '/home/jarothenberg/Documents/GitHub/RBE550-Quadruped/src/center_of_mass' returned '0': DEBUGINFOD_URLS=https://debuginfod.ubuntu.com PYTHONPATH=/home/jarothenberg/Documents/GitHub/RBE550-Quadruped/build/center_of_mass/prefix_override:/usr/lib/python3/dist-packages/colcon_core/task/python/colcon_distutils_commands:/home/jarothenberg/Documents/GitHub/RBE550-Quadruped/install/center_of_mass/lib/python3.12/site-packages:${PYTHONPATH} /usr/bin/python3 -W ignore:setup.py install is deprecated -W ignore:easy_install command is deprecated setup.py egg_info --egg-base ../../build/center_of_mass build --build-base /home/jarothenberg/Documents/GitHub/RBE550-Quadruped/build/center_of_mass/build install --record /home/jarothenberg/Documents/GitHub/RBE550-Quadruped/build/center_of_mass/install.log --single-version-externally-managed install_data
[4.288s] Level 1:colcon.colcon_core.environment:checking '/home/jarothenberg/Documents/GitHub/RBE550-Quadruped/install/center_of_mass/lib'
[4.289s] Level 1:colcon.colcon_core.environment:checking '/home/jarothenberg/Documents/GitHub/RBE550-Quadruped/install/center_of_mass/bin'
[4.289s] Level 1:colcon.colcon_core.environment:checking '/home/jarothenberg/Documents/GitHub/RBE550-Quadruped/install/center_of_mass/lib/pkgconfig/center_of_mass.pc'
[4.289s] Level 1:colcon.colcon_core.environment:checking '/home/jarothenberg/Documents/GitHub/RBE550-Quadruped/install/center_of_mass/lib/python3.12/site-packages'
[4.289s] Level 1:colcon.colcon_core.shell:create_environment_hook('center_of_mass', 'pythonpath')
[4.290s] INFO:colcon.colcon_core.shell:Creating environment hook '/home/jarothenberg/Documents/GitHub/RBE550-Quadruped/install/center_of_mass/share/center_of_mass/hook/pythonpath.ps1'
[4.291s] INFO:colcon.colcon_core.shell:Creating environment descriptor '/home/jarothenberg/Documents/GitHub/RBE550-Quadruped/install/center_of_mass/share/center_of_mass/hook/pythonpath.dsv'
[4.291s] INFO:colcon.colcon_core.shell:Creating environment hook '/home/jarothenberg/Documents/GitHub/RBE550-Quadruped/install/center_of_mass/share/center_of_mass/hook/pythonpath.sh'
[4.292s] Level 1:colcon.colcon_core.environment:checking '/home/jarothenberg/Documents/GitHub/RBE550-Quadruped/install/center_of_mass/bin'
[4.293s] Level 1:colcon.colcon_core.environment:create_environment_scripts_only(center_of_mass)
[4.293s] INFO:colcon.colcon_core.shell:Creating package script '/home/jarothenberg/Documents/GitHub/RBE550-Quadruped/install/center_of_mass/share/center_of_mass/package.ps1'
[4.294s] INFO:colcon.colcon_core.shell:Creating package descriptor '/home/jarothenberg/Documents/GitHub/RBE550-Quadruped/install/center_of_mass/share/center_of_mass/package.dsv'
[4.295s] INFO:colcon.colcon_core.shell:Creating package script '/home/jarothenberg/Documents/GitHub/RBE550-Quadruped/install/center_of_mass/share/center_of_mass/package.sh'
[4.296s] INFO:colcon.colcon_core.shell:Creating package script '/home/jarothenberg/Documents/GitHub/RBE550-Quadruped/install/center_of_mass/share/center_of_mass/package.bash'
[4.296s] INFO:colcon.colcon_core.shell:Creating package script '/home/jarothenberg/Documents/GitHub/RBE550-Quadruped/install/center_of_mass/share/center_of_mass/package.zsh'
[4.297s] Level 1:colcon.colcon_core.environment:create_file_with_runtime_dependencies(/home/jarothenberg/Documents/GitHub/RBE550-Quadruped/install/center_of_mass/share/colcon-core/packages/center_of_mass)
[4.297s] Level 1:colcon.colcon_core.environment:checking '/home/jarothenberg/Documents/GitHub/RBE550-Quadruped/install/quadruped' for CMake module files
[4.299s] Level 1:colcon.colcon_core.environment:checking '/home/jarothenberg/Documents/GitHub/RBE550-Quadruped/install/quadruped' for CMake config files
[4.300s] DEBUG:colcon.colcon_core.event_handler.log_command:Invoked command in '/home/jarothenberg/Documents/GitHub/RBE550-Quadruped/src/quadruped' returned '0': DEBUGINFOD_URLS=https://debuginfod.ubuntu.com PYTHONPATH=/home/jarothenberg/Documents/GitHub/RBE550-Quadruped/build/quadruped/prefix_override:/usr/lib/python3/dist-packages/colcon_core/task/python/colcon_distutils_commands:/home/jarothenberg/Documents/GitHub/RBE550-Quadruped/install/quadruped/lib/python3.12/site-packages:${PYTHONPATH} /usr/bin/python3 -W ignore:setup.py install is deprecated -W ignore:easy_install command is deprecated setup.py egg_info --egg-base ../../build/quadruped build --build-base /home/jarothenberg/Documents/GitHub/RBE550-Quadruped/build/quadruped/build install --record /home/jarothenberg/Documents/GitHub/RBE550-Quadruped/build/quadruped/install.log --single-version-externally-managed install_data
[4.301s] Level 1:colcon.colcon_core.environment:checking '/home/jarothenberg/Documents/GitHub/RBE550-Quadruped/install/quadruped/lib'
[4.301s] Level 1:colcon.colcon_core.environment:checking '/home/jarothenberg/Documents/GitHub/RBE550-Quadruped/install/quadruped/bin'
[4.301s] Level 1:colcon.colcon_core.environment:checking '/home/jarothenberg/Documents/GitHub/RBE550-Quadruped/install/quadruped/lib/pkgconfig/quadruped.pc'
[4.301s] Level 1:colcon.colcon_core.environment:checking '/home/jarothenberg/Documents/GitHub/RBE550-Quadruped/install/quadruped/lib/python3.12/site-packages'
[4.301s] Level 1:colcon.colcon_core.shell:create_environment_hook('quadruped', 'pythonpath')
[4.302s] INFO:colcon.colcon_core.shell:Creating environment hook '/home/jarothenberg/Documents/GitHub/RBE550-Quadruped/install/quadruped/share/quadruped/hook/pythonpath.ps1'
[4.302s] INFO:colcon.colcon_core.shell:Creating environment descriptor '/home/jarothenberg/Documents/GitHub/RBE550-Quadruped/install/quadruped/share/quadruped/hook/pythonpath.dsv'
[4.303s] INFO:colcon.colcon_core.shell:Creating environment hook '/home/jarothenberg/Documents/GitHub/RBE550-Quadruped/install/quadruped/share/quadruped/hook/pythonpath.sh'
[4.304s] Level 1:colcon.colcon_core.environment:checking '/home/jarothenberg/Documents/GitHub/RBE550-Quadruped/install/quadruped/bin'
[4.304s] Level 1:colcon.colcon_core.environment:create_environment_scripts_only(quadruped)
[4.304s] INFO:colcon.colcon_core.shell:Creating package script '/home/jarothenberg/Documents/GitHub/RBE550-Quadruped/install/quadruped/share/quadruped/package.ps1'
[4.305s] INFO:colcon.colcon_core.shell:Creating package descriptor '/home/jarothenberg/Documents/GitHub/RBE550-Quadruped/install/quadruped/share/quadruped/package.dsv'
[4.306s] INFO:colcon.colcon_core.shell:Creating package script '/home/jarothenberg/Documents/GitHub/RBE550-Quadruped/install/quadruped/share/quadruped/package.sh'
[4.307s] INFO:colcon.colcon_core.shell:Creating package script '/home/jarothenberg/Documents/GitHub/RBE550-Quadruped/install/quadruped/share/quadruped/package.bash'
[4.307s] INFO:colcon.colcon_core.shell:Creating package script '/home/jarothenberg/Documents/GitHub/RBE550-Quadruped/install/quadruped/share/quadruped/package.zsh'
[4.308s] Level 1:colcon.colcon_core.environment:create_file_with_runtime_dependencies(/home/jarothenberg/Documents/GitHub/RBE550-Quadruped/install/quadruped/share/colcon-core/packages/quadruped)
[4.339s] DEBUG:colcon.colcon_core.event_handler.log_command:Invoking command in '/home/jarothenberg/Documents/GitHub/RBE550-Quadruped/src/leg_controls': DEBUGINFOD_URLS=https://debuginfod.ubuntu.com PYTHONPATH=/home/jarothenberg/Documents/GitHub/RBE550-Quadruped/build/leg_controls/prefix_override:/usr/lib/python3/dist-packages/colcon_core/task/python/colcon_distutils_commands:/home/jarothenberg/Documents/GitHub/RBE550-Quadruped/install/leg_controls/lib/python3.12/site-packages:/home/jarothenberg/Documents/GitHub/RBE550-Quadruped/install/custom_interface/lib/python3.12/site-packages:/home/jarothenberg/Documents/GitHub/RBE550-Quadruped/install/sensors/lib/python3.12/site-packages:/home/jarothenberg/Documents/GitHub/RBE550-Quadruped/install/robot_sim/lib/python3.12/site-packages:/home/jarothenberg/Documents/GitHub/RBE550-Quadruped/install/robot_description/lib/python3.12/site-packages:/home/jarothenberg/Documents/GitHub/RBE550-Quadruped/install/quadruped/lib/python3.12/site-packages:/home/jarothenberg/Documents/GitHub/RBE550-Quadruped/install/motion_planner/lib/python3.12/site-packages:/home/jarothenberg/Documents/GitHub/RBE550-Quadruped/install/leg_controls/lib/python3.12/site-packages:/home/jarothenberg/Documents/GitHub/RBE550-Quadruped/install/center_of_mass/lib/python3.12/site-packages:/opt/ros/jazzy/lib/python3.12/site-packages /usr/bin/python3 -W ignore:setup.py install is deprecated -W ignore:easy_install command is deprecated setup.py egg_info --egg-base ../../build/leg_controls build --build-base /home/jarothenberg/Documents/GitHub/RBE550-Quadruped/build/leg_controls/build install --record /home/jarothenberg/Documents/GitHub/RBE550-Quadruped/build/leg_controls/install.log --single-version-externally-managed install_data
[4.355s] DEBUG:colcon.colcon_core.event_handler.log_command:Invoking command in '/home/jarothenberg/Documents/GitHub/RBE550-Quadruped/src/sensors': DEBUGINFOD_URLS=https://debuginfod.ubuntu.com PYTHONPATH=/home/jarothenberg/Documents/GitHub/RBE550-Quadruped/build/sensors/prefix_override:/usr/lib/python3/dist-packages/colcon_core/task/python/colcon_distutils_commands:/home/jarothenberg/Documents/GitHub/RBE550-Quadruped/install/sensors/lib/python3.12/site-packages:/home/jarothenberg/Documents/GitHub/RBE550-Quadruped/install/custom_interface/lib/python3.12/site-packages:/home/jarothenberg/Documents/GitHub/RBE550-Quadruped/install/sensors/lib/python3.12/site-packages:/home/jarothenberg/Documents/GitHub/RBE550-Quadruped/install/robot_sim/lib/python3.12/site-packages:/home/jarothenberg/Documents/GitHub/RBE550-Quadruped/install/robot_description/lib/python3.12/site-packages:/home/jarothenberg/Documents/GitHub/RBE550-Quadruped/install/quadruped/lib/python3.12/site-packages:/home/jarothenberg/Documents/GitHub/RBE550-Quadruped/install/motion_planner/lib/python3.12/site-packages:/home/jarothenberg/Documents/GitHub/RBE550-Quadruped/install/leg_controls/lib/python3.12/site-packages:/home/jarothenberg/Documents/GitHub/RBE550-Quadruped/install/center_of_mass/lib/python3.12/site-packages:/opt/ros/jazzy/lib/python3.12/site-packages /usr/bin/python3 -W ignore:setup.py install is deprecated -W ignore:easy_install command is deprecated setup.py egg_info --egg-base ../../build/sensors build --build-base /home/jarothenberg/Documents/GitHub/RBE550-Quadruped/build/sensors/build install --record /home/jarothenberg/Documents/GitHub/RBE550-Quadruped/build/sensors/install.log --single-version-externally-managed install_data
[5.172s] Level 1:colcon.colcon_core.environment:checking '/home/jarothenberg/Documents/GitHub/RBE550-Quadruped/install/leg_controls' for CMake module files
[5.172s] DEBUG:colcon.colcon_core.event_handler.log_command:Invoked command in '/home/jarothenberg/Documents/GitHub/RBE550-Quadruped/src/leg_controls' returned '0': DEBUGINFOD_URLS=https://debuginfod.ubuntu.com PYTHONPATH=/home/jarothenberg/Documents/GitHub/RBE550-Quadruped/build/leg_controls/prefix_override:/usr/lib/python3/dist-packages/colcon_core/task/python/colcon_distutils_commands:/home/jarothenberg/Documents/GitHub/RBE550-Quadruped/install/leg_controls/lib/python3.12/site-packages:/home/jarothenberg/Documents/GitHub/RBE550-Quadruped/install/custom_interface/lib/python3.12/site-packages:/home/jarothenberg/Documents/GitHub/RBE550-Quadruped/install/sensors/lib/python3.12/site-packages:/home/jarothenberg/Documents/GitHub/RBE550-Quadruped/install/robot_sim/lib/python3.12/site-packages:/home/jarothenberg/Documents/GitHub/RBE550-Quadruped/install/robot_description/lib/python3.12/site-packages:/home/jarothenberg/Documents/GitHub/RBE550-Quadruped/install/quadruped/lib/python3.12/site-packages:/home/jarothenberg/Documents/GitHub/RBE550-Quadruped/install/motion_planner/lib/python3.12/site-packages:/home/jarothenberg/Documents/GitHub/RBE550-Quadruped/install/leg_controls/lib/python3.12/site-packages:/home/jarothenberg/Documents/GitHub/RBE550-Quadruped/install/center_of_mass/lib/python3.12/site-packages:/opt/ros/jazzy/lib/python3.12/site-packages /usr/bin/python3 -W ignore:setup.py install is deprecated -W ignore:easy_install command is deprecated setup.py egg_info --egg-base ../../build/leg_controls build --build-base /home/jarothenberg/Documents/GitHub/RBE550-Quadruped/build/leg_controls/build install --record /home/jarothenberg/Documents/GitHub/RBE550-Quadruped/build/leg_controls/install.log --single-version-externally-managed install_data
[5.173s] Level 1:colcon.colcon_core.environment:checking '/home/jarothenberg/Documents/GitHub/RBE550-Quadruped/install/leg_controls' for CMake config files
[5.174s] Level 1:colcon.colcon_core.environment:checking '/home/jarothenberg/Documents/GitHub/RBE550-Quadruped/install/leg_controls/lib'
[5.174s] Level 1:colcon.colcon_core.environment:checking '/home/jarothenberg/Documents/GitHub/RBE550-Quadruped/install/leg_controls/bin'
[5.174s] Level 1:colcon.colcon_core.environment:checking '/home/jarothenberg/Documents/GitHub/RBE550-Quadruped/install/leg_controls/lib/pkgconfig/leg_controls.pc'
[5.174s] Level 1:colcon.colcon_core.environment:checking '/home/jarothenberg/Documents/GitHub/RBE550-Quadruped/install/leg_controls/lib/python3.12/site-packages'
[5.175s] Level 1:colcon.colcon_core.shell:create_environment_hook('leg_controls', 'pythonpath')
[5.175s] INFO:colcon.colcon_core.shell:Creating environment hook '/home/jarothenberg/Documents/GitHub/RBE550-Quadruped/install/leg_controls/share/leg_controls/hook/pythonpath.ps1'
[5.176s] INFO:colcon.colcon_core.shell:Creating environment descriptor '/home/jarothenberg/Documents/GitHub/RBE550-Quadruped/install/leg_controls/share/leg_controls/hook/pythonpath.dsv'
[5.176s] INFO:colcon.colcon_core.shell:Creating environment hook '/home/jarothenberg/Documents/GitHub/RBE550-Quadruped/install/leg_controls/share/leg_controls/hook/pythonpath.sh'
[5.177s] Level 1:colcon.colcon_core.environment:checking '/home/jarothenberg/Documents/GitHub/RBE550-Quadruped/install/leg_controls/bin'
[5.177s] Level 1:colcon.colcon_core.environment:create_environment_scripts_only(leg_controls)
[5.177s] INFO:colcon.colcon_core.shell:Creating package script '/home/jarothenberg/Documents/GitHub/RBE550-Quadruped/install/leg_controls/share/leg_controls/package.ps1'
[5.178s] INFO:colcon.colcon_core.shell:Creating package descriptor '/home/jarothenberg/Documents/GitHub/RBE550-Quadruped/install/leg_controls/share/leg_controls/package.dsv'
[5.178s] INFO:colcon.colcon_core.shell:Creating package script '/home/jarothenberg/Documents/GitHub/RBE550-Quadruped/install/leg_controls/share/leg_controls/package.sh'
[5.179s] INFO:colcon.colcon_core.shell:Creating package script '/home/jarothenberg/Documents/GitHub/RBE550-Quadruped/install/leg_controls/share/leg_controls/package.bash'
[5.179s] INFO:colcon.colcon_core.shell:Creating package script '/home/jarothenberg/Documents/GitHub/RBE550-Quadruped/install/leg_controls/share/leg_controls/package.zsh'
[5.180s] Level 1:colcon.colcon_core.environment:create_file_with_runtime_dependencies(/home/jarothenberg/Documents/GitHub/RBE550-Quadruped/install/leg_controls/share/colcon-core/packages/leg_controls)
[5.183s] Level 1:colcon.colcon_core.environment:checking '/home/jarothenberg/Documents/GitHub/RBE550-Quadruped/install/sensors' for CMake module files
[5.184s] DEBUG:colcon.colcon_core.event_handler.log_command:Invoked command in '/home/jarothenberg/Documents/GitHub/RBE550-Quadruped/src/sensors' returned '0': DEBUGINFOD_URLS=https://debuginfod.ubuntu.com PYTHONPATH=/home/jarothenberg/Documents/GitHub/RBE550-Quadruped/build/sensors/prefix_override:/usr/lib/python3/dist-packages/colcon_core/task/python/colcon_distutils_commands:/home/jarothenberg/Documents/GitHub/RBE550-Quadruped/install/sensors/lib/python3.12/site-packages:/home/jarothenberg/Documents/GitHub/RBE550-Quadruped/install/custom_interface/lib/python3.12/site-packages:/home/jarothenberg/Documents/GitHub/RBE550-Quadruped/install/sensors/lib/python3.12/site-packages:/home/jarothenberg/Documents/GitHub/RBE550-Quadruped/install/robot_sim/lib/python3.12/site-packages:/home/jarothenberg/Documents/GitHub/RBE550-Quadruped/install/robot_description/lib/python3.12/site-packages:/home/jarothenberg/Documents/GitHub/RBE550-Quadruped/install/quadruped/lib/python3.12/site-packages:/home/jarothenberg/Documents/GitHub/RBE550-Quadruped/install/motion_planner/lib/python3.12/site-packages:/home/jarothenberg/Documents/GitHub/RBE550-Quadruped/install/leg_controls/lib/python3.12/site-packages:/home/jarothenberg/Documents/GitHub/RBE550-Quadruped/install/center_of_mass/lib/python3.12/site-packages:/opt/ros/jazzy/lib/python3.12/site-packages /usr/bin/python3 -W ignore:setup.py install is deprecated -W ignore:easy_install command is deprecated setup.py egg_info --egg-base ../../build/sensors build --build-base /home/jarothenberg/Documents/GitHub/RBE550-Quadruped/build/sensors/build install --record /home/jarothenberg/Documents/GitHub/RBE550-Quadruped/build/sensors/install.log --single-version-externally-managed install_data
[5.184s] Level 1:colcon.colcon_core.environment:checking '/home/jarothenberg/Documents/GitHub/RBE550-Quadruped/install/sensors' for CMake config files
[5.185s] Level 1:colcon.colcon_core.environment:checking '/home/jarothenberg/Documents/GitHub/RBE550-Quadruped/install/sensors/lib'
[5.185s] Level 1:colcon.colcon_core.environment:checking '/home/jarothenberg/Documents/GitHub/RBE550-Quadruped/install/sensors/bin'
[5.185s] Level 1:colcon.colcon_core.environment:checking '/home/jarothenberg/Documents/GitHub/RBE550-Quadruped/install/sensors/lib/pkgconfig/sensors.pc'
[5.185s] Level 1:colcon.colcon_core.environment:checking '/home/jarothenberg/Documents/GitHub/RBE550-Quadruped/install/sensors/lib/python3.12/site-packages'
[5.185s] Level 1:colcon.colcon_core.shell:create_environment_hook('sensors', 'pythonpath')
[5.186s] INFO:colcon.colcon_core.shell:Creating environment hook '/home/jarothenberg/Documents/GitHub/RBE550-Quadruped/install/sensors/share/sensors/hook/pythonpath.ps1'
[5.186s] INFO:colcon.colcon_core.shell:Creating environment descriptor '/home/jarothenberg/Documents/GitHub/RBE550-Quadruped/install/sensors/share/sensors/hook/pythonpath.dsv'
[5.187s] INFO:colcon.colcon_core.shell:Creating environment hook '/home/jarothenberg/Documents/GitHub/RBE550-Quadruped/install/sensors/share/sensors/hook/pythonpath.sh'
[5.188s] Level 1:colcon.colcon_core.environment:checking '/home/jarothenberg/Documents/GitHub/RBE550-Quadruped/install/sensors/bin'
[5.188s] Level 1:colcon.colcon_core.environment:create_environment_scripts_only(sensors)
[5.188s] INFO:colcon.colcon_core.shell:Creating package script '/home/jarothenberg/Documents/GitHub/RBE550-Quadruped/install/sensors/share/sensors/package.ps1'
[5.189s] INFO:colcon.colcon_core.shell:Creating package descriptor '/home/jarothenberg/Documents/GitHub/RBE550-Quadruped/install/sensors/share/sensors/package.dsv'
[5.189s] INFO:colcon.colcon_core.shell:Creating package script '/home/jarothenberg/Documents/GitHub/RBE550-Quadruped/install/sensors/share/sensors/package.sh'
[5.190s] INFO:colcon.colcon_core.shell:Creating package script '/home/jarothenberg/Documents/GitHub/RBE550-Quadruped/install/sensors/share/sensors/package.bash'
[5.190s] INFO:colcon.colcon_core.shell:Creating package script '/home/jarothenberg/Documents/GitHub/RBE550-Quadruped/install/sensors/share/sensors/package.zsh'
[5.190s] Level 1:colcon.colcon_core.environment:create_file_with_runtime_dependencies(/home/jarothenberg/Documents/GitHub/RBE550-Quadruped/install/sensors/share/colcon-core/packages/sensors)
[5.191s] DEBUG:colcon.colcon_parallel_executor.executor.parallel:closing loop
[5.191s] DEBUG:colcon.colcon_parallel_executor.executor.parallel:loop closed
[5.191s] DEBUG:colcon.colcon_parallel_executor.executor.parallel:run_until_complete finished with '0'
[5.191s] DEBUG:colcon.colcon_core.event_reactor:joining thread
[5.201s] INFO:colcon.colcon_core.plugin_system:Skipping extension 'colcon_notification.desktop_notification.terminal_notifier': Not used on non-Darwin systems
[5.201s] INFO:colcon.colcon_core.plugin_system:Skipping extension 'colcon_notification.desktop_notification.win32': Not used on non-Windows systems
[5.202s] INFO:colcon.colcon_notification.desktop_notification:Sending desktop notification using 'notify2'
[5.222s] DEBUG:colcon.colcon_core.event_reactor:joined thread
[5.223s] INFO:colcon.colcon_core.shell:Creating prefix script '/home/jarothenberg/Documents/GitHub/RBE550-Quadruped/install/local_setup.ps1'
[5.224s] INFO:colcon.colcon_core.shell:Creating prefix util module '/home/jarothenberg/Documents/GitHub/RBE550-Quadruped/install/_local_setup_util_ps1.py'
[5.225s] INFO:colcon.colcon_core.shell:Creating prefix chain script '/home/jarothenberg/Documents/GitHub/RBE550-Quadruped/install/setup.ps1'
[5.226s] INFO:colcon.colcon_core.shell:Creating prefix script '/home/jarothenberg/Documents/GitHub/RBE550-Quadruped/install/local_setup.sh'
[5.227s] INFO:colcon.colcon_core.shell:Creating prefix util module '/home/jarothenberg/Documents/GitHub/RBE550-Quadruped/install/_local_setup_util_sh.py'
[5.228s] INFO:colcon.colcon_core.shell:Creating prefix chain script '/home/jarothenberg/Documents/GitHub/RBE550-Quadruped/install/setup.sh'
[5.229s] INFO:colcon.colcon_core.shell:Creating prefix script '/home/jarothenberg/Documents/GitHub/RBE550-Quadruped/install/local_setup.bash'
[5.230s] INFO:colcon.colcon_core.shell:Creating prefix chain script '/home/jarothenberg/Documents/GitHub/RBE550-Quadruped/install/setup.bash'
[5.231s] INFO:colcon.colcon_core.shell:Creating prefix script '/home/jarothenberg/Documents/GitHub/RBE550-Quadruped/install/local_setup.zsh'
[5.231s] INFO:colcon.colcon_core.shell:Creating prefix chain script '/home/jarothenberg/Documents/GitHub/RBE550-Quadruped/install/setup.zsh'
