[0.590s] Invoking command in '/home/jarothenberg/Documents/GitHub/RBE550-Quadruped/src/leg_controls': DEBUGINFOD_URLS=https://debuginfod.ubuntu.com PYTHONPATH=/home/jarothenberg/Documents/GitHub/RBE550-Quadruped/build/leg_controls/prefix_override:/usr/lib/python3/dist-packages/colcon_core/task/python/colcon_distutils_commands:/home/jarothenberg/Documents/GitHub/RBE550-Quadruped/install/leg_controls/lib/python3.12/site-packages:/home/jarothenberg/Documents/GitHub/RBE550-Quadruped/install/custom_interface/lib/python3.12/site-packages:/home/jarothenberg/Documents/GitHub/RBE550-Quadruped/install/sensors/lib/python3.12/site-packages:/home/jarothenberg/Documents/GitHub/RBE550-Quadruped/install/robot_sim/lib/python3.12/site-packages:/home/jarothenberg/Documents/GitHub/RBE550-Quadruped/install/robot_description/lib/python3.12/site-packages:/home/jarothenberg/Documents/GitHub/RBE550-Quadruped/install/quadruped/lib/python3.12/site-packages:/home/jarothenberg/Documents/GitHub/RBE550-Quadruped/install/leg_controls/lib/python3.12/site-packages:/home/jarothenberg/Documents/GitHub/RBE550-Quadruped/install/center_of_mass/lib/python3.12/site-packages:/opt/ros/jazzy/lib/python3.12/site-packages /usr/bin/python3 -W ignore:setup.py install is deprecated -W ignore:easy_install command is deprecated setup.py egg_info --egg-base ../../build/leg_controls build --build-base /home/jarothenberg/Documents/GitHub/RBE550-Quadruped/build/leg_controls/build install --record /home/jarothenberg/Documents/GitHub/RBE550-Quadruped/build/leg_controls/install.log --single-version-externally-managed install_data
[0.721s] running egg_info
[0.730s] writing ../../build/leg_controls/leg_controls.egg-info/PKG-INFO
[0.730s] writing dependency_links to ../../build/leg_controls/leg_controls.egg-info/dependency_links.txt
[0.730s] writing entry points to ../../build/leg_controls/leg_controls.egg-info/entry_points.txt
[0.730s] writing requirements to ../../build/leg_controls/leg_controls.egg-info/requires.txt
[0.730s] writing top-level names to ../../build/leg_controls/leg_controls.egg-info/top_level.txt
[0.749s] reading manifest file '../../build/leg_controls/leg_controls.egg-info/SOURCES.txt'
[0.749s] adding license file 'LICENSE'
[0.750s] writing manifest file '../../build/leg_controls/leg_controls.egg-info/SOURCES.txt'
[0.750s] running build
[0.750s] running build_py
[0.750s] copying leg_controls/Leg.py -> /home/jarothenberg/Documents/GitHub/RBE550-Quadruped/build/leg_controls/build/lib/leg_controls
[0.750s] running install
[0.753s] running install_lib
[0.762s] copying /home/jarothenberg/Documents/GitHub/RBE550-Quadruped/build/leg_controls/build/lib/leg_controls/Leg.py -> /home/jarothenberg/Documents/GitHub/RBE550-Quadruped/install/leg_controls/lib/python3.12/site-packages/leg_controls
[0.763s] byte-compiling /home/jarothenberg/Documents/GitHub/RBE550-Quadruped/install/leg_controls/lib/python3.12/site-packages/leg_controls/Leg.py to Leg.cpython-312.pyc
[0.764s] running install_data
[0.764s] copying leg_controls/Leg.py -> /home/jarothenberg/Documents/GitHub/RBE550-Quadruped/install/leg_controls/lib/leg_controls
[0.764s] running install_egg_info
[0.773s] removing '/home/jarothenberg/Documents/GitHub/RBE550-Quadruped/install/leg_controls/lib/python3.12/site-packages/leg_controls-0.0.0-py3.12.egg-info' (and everything under it)
[0.774s] Copying ../../build/leg_controls/leg_controls.egg-info to /home/jarothenberg/Documents/GitHub/RBE550-Quadruped/install/leg_controls/lib/python3.12/site-packages/leg_controls-0.0.0-py3.12.egg-info
[0.774s] running install_scripts
[0.838s] Installing FrontLeftLeg script to /home/jarothenberg/Documents/GitHub/RBE550-Quadruped/install/leg_controls/lib/leg_controls
[0.838s] Installing FrontRightLeg script to /home/jarothenberg/Documents/GitHub/RBE550-Quadruped/install/leg_controls/lib/leg_controls
[0.838s] Installing RearLeftLeg script to /home/jarothenberg/Documents/GitHub/RBE550-Quadruped/install/leg_controls/lib/leg_controls
[0.838s] Installing RearRightLeg script to /home/jarothenberg/Documents/GitHub/RBE550-Quadruped/install/leg_controls/lib/leg_controls
[0.838s] Installing gait script to /home/jarothenberg/Documents/GitHub/RBE550-Quadruped/install/leg_controls/lib/leg_controls
[0.838s] Installing leg_init script to /home/jarothenberg/Documents/GitHub/RBE550-Quadruped/install/leg_controls/lib/leg_controls
[0.839s] Installing test_ik script to /home/jarothenberg/Documents/GitHub/RBE550-Quadruped/install/leg_controls/lib/leg_controls
[0.839s] Installing test_movement script to /home/jarothenberg/Documents/GitHub/RBE550-Quadruped/install/leg_controls/lib/leg_controls
[0.839s] writing list of installed files to '/home/jarothenberg/Documents/GitHub/RBE550-Quadruped/build/leg_controls/install.log'
[0.852s] Invoked command in '/home/jarothenberg/Documents/GitHub/RBE550-Quadruped/src/leg_controls' returned '0': DEBUGINFOD_URLS=https://debuginfod.ubuntu.com PYTHONPATH=/home/jarothenberg/Documents/GitHub/RBE550-Quadruped/build/leg_controls/prefix_override:/usr/lib/python3/dist-packages/colcon_core/task/python/colcon_distutils_commands:/home/jarothenberg/Documents/GitHub/RBE550-Quadruped/install/leg_controls/lib/python3.12/site-packages:/home/jarothenberg/Documents/GitHub/RBE550-Quadruped/install/custom_interface/lib/python3.12/site-packages:/home/jarothenberg/Documents/GitHub/RBE550-Quadruped/install/sensors/lib/python3.12/site-packages:/home/jarothenberg/Documents/GitHub/RBE550-Quadruped/install/robot_sim/lib/python3.12/site-packages:/home/jarothenberg/Documents/GitHub/RBE550-Quadruped/install/robot_description/lib/python3.12/site-packages:/home/jarothenberg/Documents/GitHub/RBE550-Quadruped/install/quadruped/lib/python3.12/site-packages:/home/jarothenberg/Documents/GitHub/RBE550-Quadruped/install/leg_controls/lib/python3.12/site-packages:/home/jarothenberg/Documents/GitHub/RBE550-Quadruped/install/center_of_mass/lib/python3.12/site-packages:/opt/ros/jazzy/lib/python3.12/site-packages /usr/bin/python3 -W ignore:setup.py install is deprecated -W ignore:easy_install command is deprecated setup.py egg_info --egg-base ../../build/leg_controls build --build-base /home/jarothenberg/Documents/GitHub/RBE550-Quadruped/build/leg_controls/build install --record /home/jarothenberg/Documents/GitHub/RBE550-Quadruped/build/leg_controls/install.log --single-version-externally-managed install_data
