[2.760s] Invoking command in '/home/jarothenberg/Documents/GitHub/RBE550-Quadruped/src/robot_description': DEBUGINFOD_URLS=https://debuginfod.ubuntu.com PYTHONPATH=/home/jarothenberg/Documents/GitHub/RBE550-Quadruped/build/robot_description/prefix_override:/usr/lib/python3/dist-packages/colcon_core/task/python/colcon_distutils_commands:/home/jarothenberg/Documents/GitHub/RBE550-Quadruped/install/robot_description/lib/python3.12/site-packages:${PYTHONPATH} /usr/bin/python3 -W ignore:setup.py install is deprecated -W ignore:easy_install command is deprecated setup.py egg_info --egg-base ../../build/robot_description build --build-base /home/jarothenberg/Documents/GitHub/RBE550-Quadruped/build/robot_description/build install --record /home/jarothenberg/Documents/GitHub/RBE550-Quadruped/build/robot_description/install.log --single-version-externally-managed install_data
[3.218s] running egg_info
[3.250s] writing ../../build/robot_description/robot_description.egg-info/PKG-INFO
[3.251s] writing dependency_links to ../../build/robot_description/robot_description.egg-info/dependency_links.txt
[3.251s] writing requirements to ../../build/robot_description/robot_description.egg-info/requires.txt
[3.251s] writing top-level names to ../../build/robot_description/robot_description.egg-info/top_level.txt
[3.323s] reading manifest file '../../build/robot_description/robot_description.egg-info/SOURCES.txt'
[3.324s] adding license file 'LICENSE'
[3.326s] writing manifest file '../../build/robot_description/robot_description.egg-info/SOURCES.txt'
[3.326s] running build
[3.326s] running build_py
[3.327s] running install
[3.338s] running install_lib
[3.371s] running install_data
[3.374s] running install_egg_info
[3.409s] removing '/home/jarothenberg/Documents/GitHub/RBE550-Quadruped/install/robot_description/lib/python3.12/site-packages/robot_description-0.0.0-py3.12.egg-info' (and everything under it)
[3.409s] Copying ../../build/robot_description/robot_description.egg-info to /home/jarothenberg/Documents/GitHub/RBE550-Quadruped/install/robot_description/lib/python3.12/site-packages/robot_description-0.0.0-py3.12.egg-info
[3.411s] running install_scripts
[3.637s] writing list of installed files to '/home/jarothenberg/Documents/GitHub/RBE550-Quadruped/build/robot_description/install.log'
[3.716s] Invoked command in '/home/jarothenberg/Documents/GitHub/RBE550-Quadruped/src/robot_description' returned '0': DEBUGINFOD_URLS=https://debuginfod.ubuntu.com PYTHONPATH=/home/jarothenberg/Documents/GitHub/RBE550-Quadruped/build/robot_description/prefix_override:/usr/lib/python3/dist-packages/colcon_core/task/python/colcon_distutils_commands:/home/jarothenberg/Documents/GitHub/RBE550-Quadruped/install/robot_description/lib/python3.12/site-packages:${PYTHONPATH} /usr/bin/python3 -W ignore:setup.py install is deprecated -W ignore:easy_install command is deprecated setup.py egg_info --egg-base ../../build/robot_description build --build-base /home/jarothenberg/Documents/GitHub/RBE550-Quadruped/build/robot_description/build install --record /home/jarothenberg/Documents/GitHub/RBE550-Quadruped/build/robot_description/install.log --single-version-externally-managed install_data
