[0.019s] Invoking command in '/home/sbpena01/GitHub/RBE550-Quadruped/build/controls': CMAKE_PREFIX_PATH=/home/sbpena01/GitHub/RBE550-Quadruped/src/install/controls:/home/sbpena01/GitHub/RBE550-Quadruped/install/controls:/home/sbpena01/GitHub/RBE550-Quadruped/src/install/control:/opt/ros/jazzy/opt/gz_sim_vendor:/opt/ros/jazzy/opt/gz_sensors_vendor:/opt/ros/jazzy/opt/gz_physics_vendor:/opt/ros/jazzy/opt/sdformat_vendor:/opt/ros/jazzy/opt/gz_gui_vendor:/opt/ros/jazzy/opt/gz_transport_vendor:/opt/ros/jazzy/opt/gz_rendering_vendor:/opt/ros/jazzy/opt/gz_plugin_vendor:/opt/ros/jazzy/opt/gz_fuel_tools_vendor:/opt/ros/jazzy/opt/gz_msgs_vendor:/opt/ros/jazzy/opt/gz_common_vendor:/opt/ros/jazzy/opt/gz_math_vendor:/opt/ros/jazzy/opt/gz_utils_vendor:/opt/ros/jazzy/opt/gz_tools_vendor:/opt/ros/jazzy/opt/gz_ogre_next_vendor:/opt/ros/jazzy/opt/gz_dartsim_vendor:/opt/ros/jazzy/opt/gz_cmake_vendor:/opt/ros/jazzy:/home/sbpena01/GitHub/RBE521-Quadruped-Robot/devel DEBUGINFOD_URLS=https://debuginfod.ubuntu.com /usr/bin/cmake --build /home/sbpena01/GitHub/RBE550-Quadruped/build/controls -- -j12 -l12
[0.047s] -- Found ament_cmake: 2.5.2 (/opt/ros/jazzy/share/ament_cmake/cmake)
[0.360s] -- Found rclcpp: 28.1.5 (/opt/ros/jazzy/share/rclcpp/cmake)
[0.402s] -- Found rosidl_generator_c: 4.6.4 (/opt/ros/jazzy/share/rosidl_generator_c/cmake)
[0.417s] -- Found rosidl_generator_cpp: 4.6.4 (/opt/ros/jazzy/share/rosidl_generator_cpp/cmake)
[0.436s] -- Using all available rosidl_typesupport_c: rosidl_typesupport_fastrtps_c;rosidl_typesupport_introspection_c
[0.453s] -- Using all available rosidl_typesupport_cpp: rosidl_typesupport_fastrtps_cpp;rosidl_typesupport_introspection_cpp
[0.530s] -- Found rmw_implementation_cmake: 7.3.1 (/opt/ros/jazzy/share/rmw_implementation_cmake/cmake)
[0.531s] -- Found rmw_fastrtps_cpp: 8.4.1 (/opt/ros/jazzy/share/rmw_fastrtps_cpp/cmake)
[0.661s] -- Using RMW implementation 'rmw_fastrtps_cpp' as default
[0.750s] -- Found std_msgs: 5.3.5 (/opt/ros/jazzy/share/std_msgs/cmake)
[0.853s] -- Configuring done (0.8s)
[0.868s] -- Generating done (0.0s)
[0.870s] -- Build files have been written to: /home/sbpena01/GitHub/RBE550-Quadruped/build/controls
[0.923s] [ 50%] Built target listener
[0.928s] [100%] Built target talk
[0.942s] Invoked command in '/home/sbpena01/GitHub/RBE550-Quadruped/build/controls' returned '0': CMAKE_PREFIX_PATH=/home/sbpena01/GitHub/RBE550-Quadruped/src/install/controls:/home/sbpena01/GitHub/RBE550-Quadruped/install/controls:/home/sbpena01/GitHub/RBE550-Quadruped/src/install/control:/opt/ros/jazzy/opt/gz_sim_vendor:/opt/ros/jazzy/opt/gz_sensors_vendor:/opt/ros/jazzy/opt/gz_physics_vendor:/opt/ros/jazzy/opt/sdformat_vendor:/opt/ros/jazzy/opt/gz_gui_vendor:/opt/ros/jazzy/opt/gz_transport_vendor:/opt/ros/jazzy/opt/gz_rendering_vendor:/opt/ros/jazzy/opt/gz_plugin_vendor:/opt/ros/jazzy/opt/gz_fuel_tools_vendor:/opt/ros/jazzy/opt/gz_msgs_vendor:/opt/ros/jazzy/opt/gz_common_vendor:/opt/ros/jazzy/opt/gz_math_vendor:/opt/ros/jazzy/opt/gz_utils_vendor:/opt/ros/jazzy/opt/gz_tools_vendor:/opt/ros/jazzy/opt/gz_ogre_next_vendor:/opt/ros/jazzy/opt/gz_dartsim_vendor:/opt/ros/jazzy/opt/gz_cmake_vendor:/opt/ros/jazzy:/home/sbpena01/GitHub/RBE521-Quadruped-Robot/devel DEBUGINFOD_URLS=https://debuginfod.ubuntu.com /usr/bin/cmake --build /home/sbpena01/GitHub/RBE550-Quadruped/build/controls -- -j12 -l12
[0.998s] Invoking command in '/home/sbpena01/GitHub/RBE550-Quadruped/build/controls': CMAKE_PREFIX_PATH=/home/sbpena01/GitHub/RBE550-Quadruped/src/install/controls:/home/sbpena01/GitHub/RBE550-Quadruped/install/controls:/home/sbpena01/GitHub/RBE550-Quadruped/src/install/control:/opt/ros/jazzy/opt/gz_sim_vendor:/opt/ros/jazzy/opt/gz_sensors_vendor:/opt/ros/jazzy/opt/gz_physics_vendor:/opt/ros/jazzy/opt/sdformat_vendor:/opt/ros/jazzy/opt/gz_gui_vendor:/opt/ros/jazzy/opt/gz_transport_vendor:/opt/ros/jazzy/opt/gz_rendering_vendor:/opt/ros/jazzy/opt/gz_plugin_vendor:/opt/ros/jazzy/opt/gz_fuel_tools_vendor:/opt/ros/jazzy/opt/gz_msgs_vendor:/opt/ros/jazzy/opt/gz_common_vendor:/opt/ros/jazzy/opt/gz_math_vendor:/opt/ros/jazzy/opt/gz_utils_vendor:/opt/ros/jazzy/opt/gz_tools_vendor:/opt/ros/jazzy/opt/gz_ogre_next_vendor:/opt/ros/jazzy/opt/gz_dartsim_vendor:/opt/ros/jazzy/opt/gz_cmake_vendor:/opt/ros/jazzy:/home/sbpena01/GitHub/RBE521-Quadruped-Robot/devel DEBUGINFOD_URLS=https://debuginfod.ubuntu.com /usr/bin/cmake --install /home/sbpena01/GitHub/RBE550-Quadruped/build/controls
[1.014s] -- Install configuration: ""
[1.014s] -- Up-to-date: /home/sbpena01/GitHub/RBE550-Quadruped/install/controls/lib/controls/talk
[1.015s] -- Up-to-date: /home/sbpena01/GitHub/RBE550-Quadruped/install/controls/lib/controls/listener
[1.015s] -- Up-to-date: /home/sbpena01/GitHub/RBE550-Quadruped/install/controls/share/ament_index/resource_index/package_run_dependencies/controls
[1.015s] -- Up-to-date: /home/sbpena01/GitHub/RBE550-Quadruped/install/controls/share/ament_index/resource_index/parent_prefix_path/controls
[1.020s] -- Up-to-date: /home/sbpena01/GitHub/RBE550-Quadruped/install/controls/share/controls/environment/ament_prefix_path.sh
[1.020s] -- Up-to-date: /home/sbpena01/GitHub/RBE550-Quadruped/install/controls/share/controls/environment/ament_prefix_path.dsv
[1.020s] -- Up-to-date: /home/sbpena01/GitHub/RBE550-Quadruped/install/controls/share/controls/environment/path.sh
[1.020s] -- Up-to-date: /home/sbpena01/GitHub/RBE550-Quadruped/install/controls/share/controls/environment/path.dsv
[1.020s] -- Up-to-date: /home/sbpena01/GitHub/RBE550-Quadruped/install/controls/share/controls/local_setup.bash
[1.021s] -- Up-to-date: /home/sbpena01/GitHub/RBE550-Quadruped/install/controls/share/controls/local_setup.sh
[1.021s] -- Up-to-date: /home/sbpena01/GitHub/RBE550-Quadruped/install/controls/share/controls/local_setup.zsh
[1.021s] -- Up-to-date: /home/sbpena01/GitHub/RBE550-Quadruped/install/controls/share/controls/local_setup.dsv
[1.021s] -- Installing: /home/sbpena01/GitHub/RBE550-Quadruped/install/controls/share/controls/package.dsv
[1.021s] -- Up-to-date: /home/sbpena01/GitHub/RBE550-Quadruped/install/controls/share/ament_index/resource_index/packages/controls
[1.022s] -- Up-to-date: /home/sbpena01/GitHub/RBE550-Quadruped/install/controls/share/controls/cmake/controlsConfig.cmake
[1.022s] -- Up-to-date: /home/sbpena01/GitHub/RBE550-Quadruped/install/controls/share/controls/cmake/controlsConfig-version.cmake
[1.022s] -- Up-to-date: /home/sbpena01/GitHub/RBE550-Quadruped/install/controls/share/controls/package.xml
[1.025s] Invoked command in '/home/sbpena01/GitHub/RBE550-Quadruped/build/controls' returned '0': CMAKE_PREFIX_PATH=/home/sbpena01/GitHub/RBE550-Quadruped/src/install/controls:/home/sbpena01/GitHub/RBE550-Quadruped/install/controls:/home/sbpena01/GitHub/RBE550-Quadruped/src/install/control:/opt/ros/jazzy/opt/gz_sim_vendor:/opt/ros/jazzy/opt/gz_sensors_vendor:/opt/ros/jazzy/opt/gz_physics_vendor:/opt/ros/jazzy/opt/sdformat_vendor:/opt/ros/jazzy/opt/gz_gui_vendor:/opt/ros/jazzy/opt/gz_transport_vendor:/opt/ros/jazzy/opt/gz_rendering_vendor:/opt/ros/jazzy/opt/gz_plugin_vendor:/opt/ros/jazzy/opt/gz_fuel_tools_vendor:/opt/ros/jazzy/opt/gz_msgs_vendor:/opt/ros/jazzy/opt/gz_common_vendor:/opt/ros/jazzy/opt/gz_math_vendor:/opt/ros/jazzy/opt/gz_utils_vendor:/opt/ros/jazzy/opt/gz_tools_vendor:/opt/ros/jazzy/opt/gz_ogre_next_vendor:/opt/ros/jazzy/opt/gz_dartsim_vendor:/opt/ros/jazzy/opt/gz_cmake_vendor:/opt/ros/jazzy:/home/sbpena01/GitHub/RBE521-Quadruped-Robot/devel DEBUGINFOD_URLS=https://debuginfod.ubuntu.com /usr/bin/cmake --install /home/sbpena01/GitHub/RBE550-Quadruped/build/controls
