[6.582s] Invoking command in '/home/scott-pena/GitHub/RBE550-Quadruped/src/robot_description': DEBUGINFOD_URLS=https://debuginfod.ubuntu.com PYTHONPATH=/home/scott-pena/GitHub/RBE550-Quadruped/build/robot_description/prefix_override:/usr/lib/python3/dist-packages/colcon_core/task/python/colcon_distutils_commands:/home/scott-pena/GitHub/RBE550-Quadruped/install/robot_description/lib/python3.12/site-packages:${PYTHONPATH} /usr/bin/python3 -W ignore:setup.py install is deprecated setup.py egg_info --egg-base ../../build/robot_description build --build-base /home/scott-pena/GitHub/RBE550-Quadruped/build/robot_description/build install --record /home/scott-pena/GitHub/RBE550-Quadruped/build/robot_description/install.log --single-version-externally-managed install_data
[6.829s] running egg_info
[6.851s] writing ../../build/robot_description/robot_description.egg-info/PKG-INFO
[6.852s] writing dependency_links to ../../build/robot_description/robot_description.egg-info/dependency_links.txt
[6.852s] writing requirements to ../../build/robot_description/robot_description.egg-info/requires.txt
[6.852s] writing top-level names to ../../build/robot_description/robot_description.egg-info/top_level.txt
[6.898s] reading manifest file '../../build/robot_description/robot_description.egg-info/SOURCES.txt'
[6.898s] adding license file 'LICENSE'
[6.899s] writing manifest file '../../build/robot_description/robot_description.egg-info/SOURCES.txt'
[6.899s] running build
[6.899s] running build_py
[6.899s] running install
[6.904s] running install_lib
[6.927s] running install_data
[6.928s] running install_egg_info
[6.951s] removing '/home/scott-pena/GitHub/RBE550-Quadruped/install/robot_description/lib/python3.12/site-packages/robot_description-0.0.0-py3.12.egg-info' (and everything under it)
[6.951s] Copying ../../build/robot_description/robot_description.egg-info to /home/scott-pena/GitHub/RBE550-Quadruped/install/robot_description/lib/python3.12/site-packages/robot_description-0.0.0-py3.12.egg-info
[6.971s] running install_scripts
[7.113s] writing list of installed files to '/home/scott-pena/GitHub/RBE550-Quadruped/build/robot_description/install.log'
[7.145s] Invoked command in '/home/scott-pena/GitHub/RBE550-Quadruped/src/robot_description' returned '0': DEBUGINFOD_URLS=https://debuginfod.ubuntu.com PYTHONPATH=/home/scott-pena/GitHub/RBE550-Quadruped/build/robot_description/prefix_override:/usr/lib/python3/dist-packages/colcon_core/task/python/colcon_distutils_commands:/home/scott-pena/GitHub/RBE550-Quadruped/install/robot_description/lib/python3.12/site-packages:${PYTHONPATH} /usr/bin/python3 -W ignore:setup.py install is deprecated setup.py egg_info --egg-base ../../build/robot_description build --build-base /home/scott-pena/GitHub/RBE550-Quadruped/build/robot_description/build install --record /home/scott-pena/GitHub/RBE550-Quadruped/build/robot_description/install.log --single-version-externally-managed install_data
