[1.422s] Invoking command in '/home/jarothenberg/Documents/GitHub/RBE550-Quadruped/src/leg_controls': DEBUGINFOD_URLS=https://debuginfod.ubuntu.com PYTHONPATH=/home/jarothenberg/Documents/GitHub/RBE550-Quadruped/build/leg_controls/prefix_override:/usr/lib/python3/dist-packages/colcon_core/task/python/colcon_distutils_commands:/home/jarothenberg/Documents/GitHub/RBE550-Quadruped/install/leg_controls/lib/python3.12/site-packages:/home/jarothenberg/Documents/GitHub/RBE550-Quadruped/install/custom_interface/lib/python3.12/site-packages:/home/jarothenberg/Documents/GitHub/RBE550-Quadruped/install/sensors/lib/python3.12/site-packages:/home/jarothenberg/Documents/GitHub/RBE550-Quadruped/install/robot_sim/lib/python3.12/site-packages:/home/jarothenberg/Documents/GitHub/RBE550-Quadruped/install/robot_description/lib/python3.12/site-packages:/home/jarothenberg/Documents/GitHub/RBE550-Quadruped/install/py_pubsub/lib/python3.12/site-packages:/home/jarothenberg/Documents/GitHub/RBE550-Quadruped/install/leg_controls/lib/python3.12/site-packages:/opt/ros/jazzy/lib/python3.12/site-packages /usr/bin/python3 -W ignore:setup.py install is deprecated setup.py egg_info --egg-base ../../build/leg_controls build --build-base /home/jarothenberg/Documents/GitHub/RBE550-Quadruped/build/leg_controls/build install --record /home/jarothenberg/Documents/GitHub/RBE550-Quadruped/build/leg_controls/install.log --single-version-externally-managed install_data
[1.784s] running egg_info
[1.807s] writing ../../build/leg_controls/leg_controls.egg-info/PKG-INFO
[1.808s] writing dependency_links to ../../build/leg_controls/leg_controls.egg-info/dependency_links.txt
[1.809s] writing entry points to ../../build/leg_controls/leg_controls.egg-info/entry_points.txt
[1.809s] writing requirements to ../../build/leg_controls/leg_controls.egg-info/requires.txt
[1.809s] writing top-level names to ../../build/leg_controls/leg_controls.egg-info/top_level.txt
[1.855s] reading manifest file '../../build/leg_controls/leg_controls.egg-info/SOURCES.txt'
[1.857s] adding license file 'LICENSE'
[1.857s] writing manifest file '../../build/leg_controls/leg_controls.egg-info/SOURCES.txt'
[1.857s] running build
[1.858s] running build_py
[1.859s] running install
[1.867s] running install_lib
[1.891s] creating /home/jarothenberg/Documents/GitHub/RBE550-Quadruped/install/leg_controls/lib/python3.12/site-packages/leg_controls
[1.891s] copying /home/jarothenberg/Documents/GitHub/RBE550-Quadruped/build/leg_controls/build/lib/leg_controls/__init__.py -> /home/jarothenberg/Documents/GitHub/RBE550-Quadruped/install/leg_controls/lib/python3.12/site-packages/leg_controls
[1.892s] copying /home/jarothenberg/Documents/GitHub/RBE550-Quadruped/build/leg_controls/build/lib/leg_controls/test_movement.py -> /home/jarothenberg/Documents/GitHub/RBE550-Quadruped/install/leg_controls/lib/python3.12/site-packages/leg_controls
[1.893s] copying /home/jarothenberg/Documents/GitHub/RBE550-Quadruped/build/leg_controls/build/lib/leg_controls/Leg.py -> /home/jarothenberg/Documents/GitHub/RBE550-Quadruped/install/leg_controls/lib/python3.12/site-packages/leg_controls
[1.893s] copying /home/jarothenberg/Documents/GitHub/RBE550-Quadruped/build/leg_controls/build/lib/leg_controls/RearRightLeg_DEPRICATED.py -> /home/jarothenberg/Documents/GitHub/RBE550-Quadruped/install/leg_controls/lib/python3.12/site-packages/leg_controls
[1.894s] copying /home/jarothenberg/Documents/GitHub/RBE550-Quadruped/build/leg_controls/build/lib/leg_controls/RearLeftLeg.py -> /home/jarothenberg/Documents/GitHub/RBE550-Quadruped/install/leg_controls/lib/python3.12/site-packages/leg_controls
[1.894s] copying /home/jarothenberg/Documents/GitHub/RBE550-Quadruped/build/leg_controls/build/lib/leg_controls/FrontLeftLeg.py -> /home/jarothenberg/Documents/GitHub/RBE550-Quadruped/install/leg_controls/lib/python3.12/site-packages/leg_controls
[1.895s] copying /home/jarothenberg/Documents/GitHub/RBE550-Quadruped/build/leg_controls/build/lib/leg_controls/GaitGenerator.py -> /home/jarothenberg/Documents/GitHub/RBE550-Quadruped/install/leg_controls/lib/python3.12/site-packages/leg_controls
[1.895s] copying /home/jarothenberg/Documents/GitHub/RBE550-Quadruped/build/leg_controls/build/lib/leg_controls/FrontRightLeg.py -> /home/jarothenberg/Documents/GitHub/RBE550-Quadruped/install/leg_controls/lib/python3.12/site-packages/leg_controls
[1.895s] copying /home/jarothenberg/Documents/GitHub/RBE550-Quadruped/build/leg_controls/build/lib/leg_controls/init_legs.py -> /home/jarothenberg/Documents/GitHub/RBE550-Quadruped/install/leg_controls/lib/python3.12/site-packages/leg_controls
[1.896s] copying /home/jarothenberg/Documents/GitHub/RBE550-Quadruped/build/leg_controls/build/lib/leg_controls/RearRightLeg.py -> /home/jarothenberg/Documents/GitHub/RBE550-Quadruped/install/leg_controls/lib/python3.12/site-packages/leg_controls
[1.896s] copying /home/jarothenberg/Documents/GitHub/RBE550-Quadruped/build/leg_controls/build/lib/leg_controls/test_IK_TF_Comparison.py -> /home/jarothenberg/Documents/GitHub/RBE550-Quadruped/install/leg_controls/lib/python3.12/site-packages/leg_controls
[1.897s] byte-compiling /home/jarothenberg/Documents/GitHub/RBE550-Quadruped/install/leg_controls/lib/python3.12/site-packages/leg_controls/__init__.py to __init__.cpython-312.pyc
[1.897s] byte-compiling /home/jarothenberg/Documents/GitHub/RBE550-Quadruped/install/leg_controls/lib/python3.12/site-packages/leg_controls/test_movement.py to test_movement.cpython-312.pyc
[1.898s] byte-compiling /home/jarothenberg/Documents/GitHub/RBE550-Quadruped/install/leg_controls/lib/python3.12/site-packages/leg_controls/Leg.py to Leg.cpython-312.pyc
[1.900s] byte-compiling /home/jarothenberg/Documents/GitHub/RBE550-Quadruped/install/leg_controls/lib/python3.12/site-packages/leg_controls/RearRightLeg_DEPRICATED.py to RearRightLeg_DEPRICATED.cpython-312.pyc
[1.901s] byte-compiling /home/jarothenberg/Documents/GitHub/RBE550-Quadruped/install/leg_controls/lib/python3.12/site-packages/leg_controls/RearLeftLeg.py to RearLeftLeg.cpython-312.pyc
[1.902s] byte-compiling /home/jarothenberg/Documents/GitHub/RBE550-Quadruped/install/leg_controls/lib/python3.12/site-packages/leg_controls/FrontLeftLeg.py to FrontLeftLeg.cpython-312.pyc
[1.902s] byte-compiling /home/jarothenberg/Documents/GitHub/RBE550-Quadruped/install/leg_controls/lib/python3.12/site-packages/leg_controls/GaitGenerator.py to GaitGenerator.cpython-312.pyc
[1.903s] byte-compiling /home/jarothenberg/Documents/GitHub/RBE550-Quadruped/install/leg_controls/lib/python3.12/site-packages/leg_controls/FrontRightLeg.py to FrontRightLeg.cpython-312.pyc
[1.903s] byte-compiling /home/jarothenberg/Documents/GitHub/RBE550-Quadruped/install/leg_controls/lib/python3.12/site-packages/leg_controls/init_legs.py to init_legs.cpython-312.pyc
[1.904s] byte-compiling /home/jarothenberg/Documents/GitHub/RBE550-Quadruped/install/leg_controls/lib/python3.12/site-packages/leg_controls/RearRightLeg.py to RearRightLeg.cpython-312.pyc
[1.905s] byte-compiling /home/jarothenberg/Documents/GitHub/RBE550-Quadruped/install/leg_controls/lib/python3.12/site-packages/leg_controls/test_IK_TF_Comparison.py to test_IK_TF_Comparison.cpython-312.pyc
[1.906s] running install_data
[1.906s] creating /home/jarothenberg/Documents/GitHub/RBE550-Quadruped/install/leg_controls/share/ament_index
[1.906s] creating /home/jarothenberg/Documents/GitHub/RBE550-Quadruped/install/leg_controls/share/ament_index/resource_index
[1.906s] creating /home/jarothenberg/Documents/GitHub/RBE550-Quadruped/install/leg_controls/share/ament_index/resource_index/packages
[1.906s] copying resource/leg_controls -> /home/jarothenberg/Documents/GitHub/RBE550-Quadruped/install/leg_controls/share/ament_index/resource_index/packages
[1.906s] copying package.xml -> /home/jarothenberg/Documents/GitHub/RBE550-Quadruped/install/leg_controls/share/leg_controls
[1.906s] creating /home/jarothenberg/Documents/GitHub/RBE550-Quadruped/install/leg_controls/lib/leg_controls
[1.906s] copying leg_controls/__init__.py -> /home/jarothenberg/Documents/GitHub/RBE550-Quadruped/install/leg_controls/lib/leg_controls
[1.907s] copying leg_controls/test_movement.py -> /home/jarothenberg/Documents/GitHub/RBE550-Quadruped/install/leg_controls/lib/leg_controls
[1.907s] copying leg_controls/Leg.py -> /home/jarothenberg/Documents/GitHub/RBE550-Quadruped/install/leg_controls/lib/leg_controls
[1.908s] copying leg_controls/RearRightLeg_DEPRICATED.py -> /home/jarothenberg/Documents/GitHub/RBE550-Quadruped/install/leg_controls/lib/leg_controls
[1.908s] copying leg_controls/RearLeftLeg.py -> /home/jarothenberg/Documents/GitHub/RBE550-Quadruped/install/leg_controls/lib/leg_controls
[1.908s] copying leg_controls/FrontLeftLeg.py -> /home/jarothenberg/Documents/GitHub/RBE550-Quadruped/install/leg_controls/lib/leg_controls
[1.908s] copying leg_controls/GaitGenerator.py -> /home/jarothenberg/Documents/GitHub/RBE550-Quadruped/install/leg_controls/lib/leg_controls
[1.908s] copying leg_controls/FrontRightLeg.py -> /home/jarothenberg/Documents/GitHub/RBE550-Quadruped/install/leg_controls/lib/leg_controls
[1.908s] copying leg_controls/init_legs.py -> /home/jarothenberg/Documents/GitHub/RBE550-Quadruped/install/leg_controls/lib/leg_controls
[1.908s] copying leg_controls/RearRightLeg.py -> /home/jarothenberg/Documents/GitHub/RBE550-Quadruped/install/leg_controls/lib/leg_controls
[1.908s] copying leg_controls/test_IK_TF_Comparison.py -> /home/jarothenberg/Documents/GitHub/RBE550-Quadruped/install/leg_controls/lib/leg_controls
[1.908s] creating /home/jarothenberg/Documents/GitHub/RBE550-Quadruped/install/leg_controls/share/leg_controls/launch
[1.909s] copying launch/leg_control_launch.py -> /home/jarothenberg/Documents/GitHub/RBE550-Quadruped/install/leg_controls/share/leg_controls/launch
[1.909s] running install_egg_info
[1.935s] Copying ../../build/leg_controls/leg_controls.egg-info to /home/jarothenberg/Documents/GitHub/RBE550-Quadruped/install/leg_controls/lib/python3.12/site-packages/leg_controls-0.0.0-py3.12.egg-info
[1.936s] running install_scripts
[2.096s] Installing FrontLeftLeg script to /home/jarothenberg/Documents/GitHub/RBE550-Quadruped/install/leg_controls/lib/leg_controls
[2.096s] Installing FrontRightLeg script to /home/jarothenberg/Documents/GitHub/RBE550-Quadruped/install/leg_controls/lib/leg_controls
[2.096s] Installing RearLeftLeg script to /home/jarothenberg/Documents/GitHub/RBE550-Quadruped/install/leg_controls/lib/leg_controls
[2.097s] Installing RearRightLeg script to /home/jarothenberg/Documents/GitHub/RBE550-Quadruped/install/leg_controls/lib/leg_controls
[2.097s] Installing gait script to /home/jarothenberg/Documents/GitHub/RBE550-Quadruped/install/leg_controls/lib/leg_controls
[2.097s] Installing leg_init script to /home/jarothenberg/Documents/GitHub/RBE550-Quadruped/install/leg_controls/lib/leg_controls
[2.097s] Installing test_ik script to /home/jarothenberg/Documents/GitHub/RBE550-Quadruped/install/leg_controls/lib/leg_controls
[2.097s] Installing test_movement script to /home/jarothenberg/Documents/GitHub/RBE550-Quadruped/install/leg_controls/lib/leg_controls
[2.097s] writing list of installed files to '/home/jarothenberg/Documents/GitHub/RBE550-Quadruped/build/leg_controls/install.log'
[2.129s] Invoked command in '/home/jarothenberg/Documents/GitHub/RBE550-Quadruped/src/leg_controls' returned '0': DEBUGINFOD_URLS=https://debuginfod.ubuntu.com PYTHONPATH=/home/jarothenberg/Documents/GitHub/RBE550-Quadruped/build/leg_controls/prefix_override:/usr/lib/python3/dist-packages/colcon_core/task/python/colcon_distutils_commands:/home/jarothenberg/Documents/GitHub/RBE550-Quadruped/install/leg_controls/lib/python3.12/site-packages:/home/jarothenberg/Documents/GitHub/RBE550-Quadruped/install/custom_interface/lib/python3.12/site-packages:/home/jarothenberg/Documents/GitHub/RBE550-Quadruped/install/sensors/lib/python3.12/site-packages:/home/jarothenberg/Documents/GitHub/RBE550-Quadruped/install/robot_sim/lib/python3.12/site-packages:/home/jarothenberg/Documents/GitHub/RBE550-Quadruped/install/robot_description/lib/python3.12/site-packages:/home/jarothenberg/Documents/GitHub/RBE550-Quadruped/install/py_pubsub/lib/python3.12/site-packages:/home/jarothenberg/Documents/GitHub/RBE550-Quadruped/install/leg_controls/lib/python3.12/site-packages:/opt/ros/jazzy/lib/python3.12/site-packages /usr/bin/python3 -W ignore:setup.py install is deprecated setup.py egg_info --egg-base ../../build/leg_controls build --build-base /home/jarothenberg/Documents/GitHub/RBE550-Quadruped/build/leg_controls/build install --record /home/jarothenberg/Documents/GitHub/RBE550-Quadruped/build/leg_controls/install.log --single-version-externally-managed install_data
