[2.209s] Invoking command in '/home/scott-pena/GitHub/RBE550-Quadruped/src/quadruped': DEBUGINFOD_URLS=https://debuginfod.ubuntu.com PYTHONPATH=/home/scott-pena/GitHub/RBE550-Quadruped/build/quadruped/prefix_override:/usr/lib/python3/dist-packages/colcon_core/task/python/colcon_distutils_commands:/home/scott-pena/GitHub/RBE550-Quadruped/install/quadruped/lib/python3.12/site-packages:${PYTHONPATH} /usr/bin/python3 -W ignore:setup.py install is deprecated setup.py egg_info --egg-base ../../build/quadruped build --build-base /home/scott-pena/GitHub/RBE550-Quadruped/build/quadruped/build install --record /home/scott-pena/GitHub/RBE550-Quadruped/build/quadruped/install.log --single-version-externally-managed install_data
[2.637s] running egg_info
[2.674s] writing ../../build/quadruped/quadruped.egg-info/PKG-INFO
[2.675s] writing dependency_links to ../../build/quadruped/quadruped.egg-info/dependency_links.txt
[2.675s] writing entry points to ../../build/quadruped/quadruped.egg-info/entry_points.txt
[2.676s] writing requirements to ../../build/quadruped/quadruped.egg-info/requires.txt
[2.676s] writing top-level names to ../../build/quadruped/quadruped.egg-info/top_level.txt
[2.749s] reading manifest file '../../build/quadruped/quadruped.egg-info/SOURCES.txt'
[2.749s] adding license file 'LICENSE'
[2.750s] writing manifest file '../../build/quadruped/quadruped.egg-info/SOURCES.txt'
[2.750s] running build
[2.751s] running build_py
[2.751s] copying quadruped/Quadruped.py -> /home/scott-pena/GitHub/RBE550-Quadruped/build/quadruped/build/lib/quadruped
[2.751s] running install
[2.758s] running install_lib
[2.797s] copying /home/scott-pena/GitHub/RBE550-Quadruped/build/quadruped/build/lib/quadruped/Quadruped.py -> /home/scott-pena/GitHub/RBE550-Quadruped/install/quadruped/lib/python3.12/site-packages/quadruped
[2.798s] byte-compiling /home/scott-pena/GitHub/RBE550-Quadruped/install/quadruped/lib/python3.12/site-packages/quadruped/Quadruped.py to Quadruped.cpython-312.pyc
[2.799s] running install_data
[2.799s] running install_egg_info
[2.839s] removing '/home/scott-pena/GitHub/RBE550-Quadruped/install/quadruped/lib/python3.12/site-packages/quadruped-0.0.0-py3.12.egg-info' (and everything under it)
[2.839s] Copying ../../build/quadruped/quadruped.egg-info to /home/scott-pena/GitHub/RBE550-Quadruped/install/quadruped/lib/python3.12/site-packages/quadruped-0.0.0-py3.12.egg-info
[2.840s] running install_scripts
[3.069s] Installing quadruped script to /home/scott-pena/GitHub/RBE550-Quadruped/install/quadruped/lib/quadruped
[3.069s] writing list of installed files to '/home/scott-pena/GitHub/RBE550-Quadruped/build/quadruped/install.log'
[3.113s] Invoked command in '/home/scott-pena/GitHub/RBE550-Quadruped/src/quadruped' returned '0': DEBUGINFOD_URLS=https://debuginfod.ubuntu.com PYTHONPATH=/home/scott-pena/GitHub/RBE550-Quadruped/build/quadruped/prefix_override:/usr/lib/python3/dist-packages/colcon_core/task/python/colcon_distutils_commands:/home/scott-pena/GitHub/RBE550-Quadruped/install/quadruped/lib/python3.12/site-packages:${PYTHONPATH} /usr/bin/python3 -W ignore:setup.py install is deprecated setup.py egg_info --egg-base ../../build/quadruped build --build-base /home/scott-pena/GitHub/RBE550-Quadruped/build/quadruped/build install --record /home/scott-pena/GitHub/RBE550-Quadruped/build/quadruped/install.log --single-version-externally-managed install_data
