[2.361s] Invoking command in '/home/scott-pena/GitHub/RBE550-Quadruped/src/center_of_mass': DEBUGINFOD_URLS=https://debuginfod.ubuntu.com PYTHONPATH=/home/scott-pena/GitHub/RBE550-Quadruped/build/center_of_mass/prefix_override:/usr/lib/python3/dist-packages/colcon_core/task/python/colcon_distutils_commands:/home/scott-pena/GitHub/RBE550-Quadruped/install/center_of_mass/lib/python3.12/site-packages:${PYTHONPATH} /usr/bin/python3 -W ignore:setup.py install is deprecated setup.py egg_info --egg-base ../../build/center_of_mass build --build-base /home/scott-pena/GitHub/RBE550-Quadruped/build/center_of_mass/build install --record /home/scott-pena/GitHub/RBE550-Quadruped/build/center_of_mass/install.log --single-version-externally-managed install_data
[2.862s] running egg_info
[2.899s] writing ../../build/center_of_mass/center_of_mass.egg-info/PKG-INFO
[2.900s] writing dependency_links to ../../build/center_of_mass/center_of_mass.egg-info/dependency_links.txt
[2.900s] writing entry points to ../../build/center_of_mass/center_of_mass.egg-info/entry_points.txt
[2.900s] writing requirements to ../../build/center_of_mass/center_of_mass.egg-info/requires.txt
[2.900s] writing top-level names to ../../build/center_of_mass/center_of_mass.egg-info/top_level.txt
[2.975s] reading manifest file '../../build/center_of_mass/center_of_mass.egg-info/SOURCES.txt'
[2.975s] adding license file 'LICENSE'
[2.976s] writing manifest file '../../build/center_of_mass/center_of_mass.egg-info/SOURCES.txt'
[2.976s] running build
[2.976s] running build_py
[2.976s] running install
[2.983s] running install_lib
[3.022s] running install_data
[3.022s] running install_egg_info
[3.061s] removing '/home/scott-pena/GitHub/RBE550-Quadruped/install/center_of_mass/lib/python3.12/site-packages/center_of_mass-0.0.0-py3.12.egg-info' (and everything under it)
[3.061s] Copying ../../build/center_of_mass/center_of_mass.egg-info to /home/scott-pena/GitHub/RBE550-Quadruped/install/center_of_mass/lib/python3.12/site-packages/center_of_mass-0.0.0-py3.12.egg-info
[3.062s] running install_scripts
[3.295s] Installing CoM script to /home/scott-pena/GitHub/RBE550-Quadruped/install/center_of_mass/lib/center_of_mass
[3.295s] writing list of installed files to '/home/scott-pena/GitHub/RBE550-Quadruped/build/center_of_mass/install.log'
[3.330s] Invoked command in '/home/scott-pena/GitHub/RBE550-Quadruped/src/center_of_mass' returned '0': DEBUGINFOD_URLS=https://debuginfod.ubuntu.com PYTHONPATH=/home/scott-pena/GitHub/RBE550-Quadruped/build/center_of_mass/prefix_override:/usr/lib/python3/dist-packages/colcon_core/task/python/colcon_distutils_commands:/home/scott-pena/GitHub/RBE550-Quadruped/install/center_of_mass/lib/python3.12/site-packages:${PYTHONPATH} /usr/bin/python3 -W ignore:setup.py install is deprecated setup.py egg_info --egg-base ../../build/center_of_mass build --build-base /home/scott-pena/GitHub/RBE550-Quadruped/build/center_of_mass/build install --record /home/scott-pena/GitHub/RBE550-Quadruped/build/center_of_mass/install.log --single-version-externally-managed install_data
