[3.176s] Invoking command in '/home/jarothenberg/Documents/GitHub/RBE550-Quadruped/src/center_of_mass': DEBUGINFOD_URLS=https://debuginfod.ubuntu.com PYTHONPATH=/home/jarothenberg/Documents/GitHub/RBE550-Quadruped/build/center_of_mass/prefix_override:/usr/lib/python3/dist-packages/colcon_core/task/python/colcon_distutils_commands:/home/jarothenberg/Documents/GitHub/RBE550-Quadruped/install/center_of_mass/lib/python3.12/site-packages:${PYTHONPATH} /usr/bin/python3 -W ignore:setup.py install is deprecated -W ignore:easy_install command is deprecated setup.py egg_info --egg-base ../../build/center_of_mass build --build-base /home/jarothenberg/Documents/GitHub/RBE550-Quadruped/build/center_of_mass/build install --record /home/jarothenberg/Documents/GitHub/RBE550-Quadruped/build/center_of_mass/install.log --single-version-externally-managed install_data
[3.613s] running egg_info
[3.645s] writing ../../build/center_of_mass/center_of_mass.egg-info/PKG-INFO
[3.646s] writing dependency_links to ../../build/center_of_mass/center_of_mass.egg-info/dependency_links.txt
[3.647s] writing entry points to ../../build/center_of_mass/center_of_mass.egg-info/entry_points.txt
[3.647s] writing requirements to ../../build/center_of_mass/center_of_mass.egg-info/requires.txt
[3.647s] writing top-level names to ../../build/center_of_mass/center_of_mass.egg-info/top_level.txt
[3.710s] reading manifest file '../../build/center_of_mass/center_of_mass.egg-info/SOURCES.txt'
[3.711s] adding license file 'LICENSE'
[3.712s] writing manifest file '../../build/center_of_mass/center_of_mass.egg-info/SOURCES.txt'
[3.712s] running build
[3.712s] running build_py
[3.713s] running install
[3.723s] running install_lib
[3.757s] running install_data
[3.757s] running install_egg_info
[3.791s] removing '/home/jarothenberg/Documents/GitHub/RBE550-Quadruped/install/center_of_mass/lib/python3.12/site-packages/center_of_mass-0.0.0-py3.12.egg-info' (and everything under it)
[3.792s] Copying ../../build/center_of_mass/center_of_mass.egg-info to /home/jarothenberg/Documents/GitHub/RBE550-Quadruped/install/center_of_mass/lib/python3.12/site-packages/center_of_mass-0.0.0-py3.12.egg-info
[3.793s] running install_scripts
[4.007s] Installing CoM script to /home/jarothenberg/Documents/GitHub/RBE550-Quadruped/install/center_of_mass/lib/center_of_mass
[4.008s] writing list of installed files to '/home/jarothenberg/Documents/GitHub/RBE550-Quadruped/build/center_of_mass/install.log'
[4.064s] Invoked command in '/home/jarothenberg/Documents/GitHub/RBE550-Quadruped/src/center_of_mass' returned '0': DEBUGINFOD_URLS=https://debuginfod.ubuntu.com PYTHONPATH=/home/jarothenberg/Documents/GitHub/RBE550-Quadruped/build/center_of_mass/prefix_override:/usr/lib/python3/dist-packages/colcon_core/task/python/colcon_distutils_commands:/home/jarothenberg/Documents/GitHub/RBE550-Quadruped/install/center_of_mass/lib/python3.12/site-packages:${PYTHONPATH} /usr/bin/python3 -W ignore:setup.py install is deprecated -W ignore:easy_install command is deprecated setup.py egg_info --egg-base ../../build/center_of_mass build --build-base /home/jarothenberg/Documents/GitHub/RBE550-Quadruped/build/center_of_mass/build install --record /home/jarothenberg/Documents/GitHub/RBE550-Quadruped/build/center_of_mass/install.log --single-version-externally-managed install_data
