[0.015s] Invoking command in '/home/scott-pena/GitHub/RBE550-Quadruped/build/custom_interface': CMAKE_PREFIX_PATH=${CMAKE_PREFIX_PATH}:/home/scott-pena/GitHub/RBE550-Quadruped/install/sensors:/home/scott-pena/GitHub/RBE550-Quadruped/install/robot_sim:/home/scott-pena/GitHub/RBE550-Quadruped/install/robot_description:/home/scott-pena/GitHub/RBE550-Quadruped/install/py_pubsub:/home/scott-pena/GitHub/RBE550-Quadruped/install/leg_controls:/opt/ros/jazzy DEBUGINFOD_URLS=https://debuginfod.ubuntu.com /usr/bin/cmake --build /home/scott-pena/GitHub/RBE550-Quadruped/build/custom_interface -- -j24 -l24
[0.210s] [  2%] Built target custom_interface__rosidl_generator_type_description
[0.211s] [  2%] Built target ament_cmake_python_copy_custom_interface
[0.211s] [ 17%] Built target custom_interface__rosidl_generator_c
[0.211s] [ 20%] Built target custom_interface__cpp
[0.211s] [ 47%] Built target custom_interface__rosidl_typesupport_fastrtps_c
[0.211s] [ 47%] Built target custom_interface__rosidl_typesupport_introspection_c
[0.211s] [ 47%] Built target custom_interface__rosidl_typesupport_c
[0.211s] [ 55%] Built target custom_interface__rosidl_typesupport_introspection_cpp
[0.211s] [ 64%] Built target custom_interface__rosidl_typesupport_cpp
[0.211s] [ 73%] Built target custom_interface__rosidl_typesupport_fastrtps_cpp
[0.211s] [ 73%] Built target custom_interface
[0.211s] [ 76%] Built target custom_interface__py
[0.211s] [ 82%] Built target custom_interface__rosidl_generator_py
[0.211s] [ 91%] Built target custom_interface_s__rosidl_typesupport_fastrtps_c
[0.211s] [ 97%] Built target custom_interface_s__rosidl_typesupport_c
[0.211s] [100%] Built target custom_interface_s__rosidl_typesupport_introspection_c
[0.269s] running egg_info
[0.292s] writing custom_interface.egg-info/PKG-INFO
[0.292s] writing dependency_links to custom_interface.egg-info/dependency_links.txt
[0.292s] writing top-level names to custom_interface.egg-info/top_level.txt
[0.357s] reading manifest file 'custom_interface.egg-info/SOURCES.txt'
[0.358s] writing manifest file 'custom_interface.egg-info/SOURCES.txt'
[0.381s] [100%] Built target ament_cmake_python_build_custom_interface_egg
[0.405s] Invoked command in '/home/scott-pena/GitHub/RBE550-Quadruped/build/custom_interface' returned '0': CMAKE_PREFIX_PATH=${CMAKE_PREFIX_PATH}:/home/scott-pena/GitHub/RBE550-Quadruped/install/sensors:/home/scott-pena/GitHub/RBE550-Quadruped/install/robot_sim:/home/scott-pena/GitHub/RBE550-Quadruped/install/robot_description:/home/scott-pena/GitHub/RBE550-Quadruped/install/py_pubsub:/home/scott-pena/GitHub/RBE550-Quadruped/install/leg_controls:/opt/ros/jazzy DEBUGINFOD_URLS=https://debuginfod.ubuntu.com /usr/bin/cmake --build /home/scott-pena/GitHub/RBE550-Quadruped/build/custom_interface -- -j24 -l24
[0.466s] Invoking command in '/home/scott-pena/GitHub/RBE550-Quadruped/build/custom_interface': CMAKE_PREFIX_PATH=${CMAKE_PREFIX_PATH}:/home/scott-pena/GitHub/RBE550-Quadruped/install/sensors:/home/scott-pena/GitHub/RBE550-Quadruped/install/robot_sim:/home/scott-pena/GitHub/RBE550-Quadruped/install/robot_description:/home/scott-pena/GitHub/RBE550-Quadruped/install/py_pubsub:/home/scott-pena/GitHub/RBE550-Quadruped/install/leg_controls:/opt/ros/jazzy DEBUGINFOD_URLS=https://debuginfod.ubuntu.com /usr/bin/cmake --install /home/scott-pena/GitHub/RBE550-Quadruped/build/custom_interface
[0.473s] -- Install configuration: ""
[0.474s] -- Up-to-date: /home/scott-pena/GitHub/RBE550-Quadruped/install/custom_interface/share/ament_index/resource_index/rosidl_interfaces/custom_interface
[0.474s] -- Up-to-date: /home/scott-pena/GitHub/RBE550-Quadruped/install/custom_interface/share/custom_interface/srv/ImuData.json
[0.474s] -- Up-to-date: /home/scott-pena/GitHub/RBE550-Quadruped/install/custom_interface/include/custom_interface/custom_interface
[0.474s] -- Up-to-date: /home/scott-pena/GitHub/RBE550-Quadruped/install/custom_interface/include/custom_interface/custom_interface/msg
[0.474s] -- Up-to-date: /home/scott-pena/GitHub/RBE550-Quadruped/install/custom_interface/include/custom_interface/custom_interface/msg/rosidl_generator_c__visibility_control.h
[0.474s] -- Up-to-date: /home/scott-pena/GitHub/RBE550-Quadruped/install/custom_interface/include/custom_interface/custom_interface/srv
[0.474s] -- Up-to-date: /home/scott-pena/GitHub/RBE550-Quadruped/install/custom_interface/include/custom_interface/custom_interface/srv/imu_data.h
[0.474s] -- Up-to-date: /home/scott-pena/GitHub/RBE550-Quadruped/install/custom_interface/include/custom_interface/custom_interface/srv/detail
[0.474s] -- Up-to-date: /home/scott-pena/GitHub/RBE550-Quadruped/install/custom_interface/include/custom_interface/custom_interface/srv/detail/imu_data__functions.c
[0.474s] -- Up-to-date: /home/scott-pena/GitHub/RBE550-Quadruped/install/custom_interface/include/custom_interface/custom_interface/srv/detail/imu_data__functions.h
[0.474s] -- Up-to-date: /home/scott-pena/GitHub/RBE550-Quadruped/install/custom_interface/include/custom_interface/custom_interface/srv/detail/imu_data__struct.h
[0.474s] -- Up-to-date: /home/scott-pena/GitHub/RBE550-Quadruped/install/custom_interface/include/custom_interface/custom_interface/srv/detail/imu_data__description.c
[0.474s] -- Up-to-date: /home/scott-pena/GitHub/RBE550-Quadruped/install/custom_interface/include/custom_interface/custom_interface/srv/detail/imu_data__type_support.h
[0.474s] -- Up-to-date: /home/scott-pena/GitHub/RBE550-Quadruped/install/custom_interface/include/custom_interface/custom_interface/srv/detail/imu_data__type_support.c
[0.474s] -- Up-to-date: /home/scott-pena/GitHub/RBE550-Quadruped/install/custom_interface/share/custom_interface/environment/library_path.sh
[0.475s] -- Up-to-date: /home/scott-pena/GitHub/RBE550-Quadruped/install/custom_interface/share/custom_interface/environment/library_path.dsv
[0.475s] -- Up-to-date: /home/scott-pena/GitHub/RBE550-Quadruped/install/custom_interface/lib/libcustom_interface__rosidl_generator_c.so
[0.475s] -- Up-to-date: /home/scott-pena/GitHub/RBE550-Quadruped/install/custom_interface/include/custom_interface/custom_interface
[0.475s] -- Up-to-date: /home/scott-pena/GitHub/RBE550-Quadruped/install/custom_interface/include/custom_interface/custom_interface/msg
[0.475s] -- Up-to-date: /home/scott-pena/GitHub/RBE550-Quadruped/install/custom_interface/include/custom_interface/custom_interface/msg/rosidl_typesupport_fastrtps_c__visibility_control.h
[0.475s] -- Up-to-date: /home/scott-pena/GitHub/RBE550-Quadruped/install/custom_interface/include/custom_interface/custom_interface/srv
[0.475s] -- Up-to-date: /home/scott-pena/GitHub/RBE550-Quadruped/install/custom_interface/include/custom_interface/custom_interface/srv/detail
[0.475s] -- Up-to-date: /home/scott-pena/GitHub/RBE550-Quadruped/install/custom_interface/include/custom_interface/custom_interface/srv/detail/imu_data__rosidl_typesupport_fastrtps_c.h
[0.475s] -- Up-to-date: /home/scott-pena/GitHub/RBE550-Quadruped/install/custom_interface/lib/libcustom_interface__rosidl_typesupport_fastrtps_c.so
[0.475s] -- Up-to-date: /home/scott-pena/GitHub/RBE550-Quadruped/install/custom_interface/include/custom_interface/custom_interface
[0.475s] -- Up-to-date: /home/scott-pena/GitHub/RBE550-Quadruped/install/custom_interface/include/custom_interface/custom_interface/msg
[0.475s] -- Up-to-date: /home/scott-pena/GitHub/RBE550-Quadruped/install/custom_interface/include/custom_interface/custom_interface/msg/rosidl_typesupport_introspection_c__visibility_control.h
[0.475s] -- Up-to-date: /home/scott-pena/GitHub/RBE550-Quadruped/install/custom_interface/include/custom_interface/custom_interface/srv
[0.475s] -- Up-to-date: /home/scott-pena/GitHub/RBE550-Quadruped/install/custom_interface/include/custom_interface/custom_interface/srv/detail
[0.475s] -- Up-to-date: /home/scott-pena/GitHub/RBE550-Quadruped/install/custom_interface/include/custom_interface/custom_interface/srv/detail/imu_data__rosidl_typesupport_introspection_c.h
[0.475s] -- Up-to-date: /home/scott-pena/GitHub/RBE550-Quadruped/install/custom_interface/include/custom_interface/custom_interface/srv/detail/imu_data__type_support.c
[0.475s] -- Up-to-date: /home/scott-pena/GitHub/RBE550-Quadruped/install/custom_interface/lib/libcustom_interface__rosidl_typesupport_introspection_c.so
[0.475s] -- Up-to-date: /home/scott-pena/GitHub/RBE550-Quadruped/install/custom_interface/lib/libcustom_interface__rosidl_typesupport_c.so
[0.476s] -- Up-to-date: /home/scott-pena/GitHub/RBE550-Quadruped/install/custom_interface/include/custom_interface/custom_interface
[0.476s] -- Up-to-date: /home/scott-pena/GitHub/RBE550-Quadruped/install/custom_interface/include/custom_interface/custom_interface/msg
[0.476s] -- Up-to-date: /home/scott-pena/GitHub/RBE550-Quadruped/install/custom_interface/include/custom_interface/custom_interface/msg/rosidl_generator_cpp__visibility_control.hpp
[0.476s] -- Up-to-date: /home/scott-pena/GitHub/RBE550-Quadruped/install/custom_interface/include/custom_interface/custom_interface/srv
[0.476s] -- Up-to-date: /home/scott-pena/GitHub/RBE550-Quadruped/install/custom_interface/include/custom_interface/custom_interface/srv/imu_data.hpp
[0.476s] -- Up-to-date: /home/scott-pena/GitHub/RBE550-Quadruped/install/custom_interface/include/custom_interface/custom_interface/srv/detail
[0.476s] -- Up-to-date: /home/scott-pena/GitHub/RBE550-Quadruped/install/custom_interface/include/custom_interface/custom_interface/srv/detail/imu_data__struct.hpp
[0.476s] -- Up-to-date: /home/scott-pena/GitHub/RBE550-Quadruped/install/custom_interface/include/custom_interface/custom_interface/srv/detail/imu_data__builder.hpp
[0.476s] -- Up-to-date: /home/scott-pena/GitHub/RBE550-Quadruped/install/custom_interface/include/custom_interface/custom_interface/srv/detail/imu_data__traits.hpp
[0.476s] -- Up-to-date: /home/scott-pena/GitHub/RBE550-Quadruped/install/custom_interface/include/custom_interface/custom_interface/srv/detail/imu_data__type_support.hpp
[0.476s] -- Up-to-date: /home/scott-pena/GitHub/RBE550-Quadruped/install/custom_interface/include/custom_interface/custom_interface
[0.476s] -- Up-to-date: /home/scott-pena/GitHub/RBE550-Quadruped/install/custom_interface/include/custom_interface/custom_interface/msg
[0.476s] -- Up-to-date: /home/scott-pena/GitHub/RBE550-Quadruped/install/custom_interface/include/custom_interface/custom_interface/msg/rosidl_typesupport_fastrtps_cpp__visibility_control.h
[0.476s] -- Up-to-date: /home/scott-pena/GitHub/RBE550-Quadruped/install/custom_interface/include/custom_interface/custom_interface/srv
[0.476s] -- Up-to-date: /home/scott-pena/GitHub/RBE550-Quadruped/install/custom_interface/include/custom_interface/custom_interface/srv/detail
[0.476s] -- Up-to-date: /home/scott-pena/GitHub/RBE550-Quadruped/install/custom_interface/include/custom_interface/custom_interface/srv/detail/imu_data__rosidl_typesupport_fastrtps_cpp.hpp
[0.476s] -- Up-to-date: /home/scott-pena/GitHub/RBE550-Quadruped/install/custom_interface/include/custom_interface/custom_interface/srv/detail/dds_fastrtps
[0.477s] -- Up-to-date: /home/scott-pena/GitHub/RBE550-Quadruped/install/custom_interface/lib/libcustom_interface__rosidl_typesupport_fastrtps_cpp.so
[0.477s] -- Up-to-date: /home/scott-pena/GitHub/RBE550-Quadruped/install/custom_interface/include/custom_interface/custom_interface
[0.477s] -- Up-to-date: /home/scott-pena/GitHub/RBE550-Quadruped/install/custom_interface/include/custom_interface/custom_interface/srv
[0.477s] -- Up-to-date: /home/scott-pena/GitHub/RBE550-Quadruped/install/custom_interface/include/custom_interface/custom_interface/srv/detail
[0.477s] -- Up-to-date: /home/scott-pena/GitHub/RBE550-Quadruped/install/custom_interface/include/custom_interface/custom_interface/srv/detail/imu_data__rosidl_typesupport_introspection_cpp.hpp
[0.477s] -- Up-to-date: /home/scott-pena/GitHub/RBE550-Quadruped/install/custom_interface/include/custom_interface/custom_interface/srv/detail/imu_data__type_support.cpp
[0.477s] -- Up-to-date: /home/scott-pena/GitHub/RBE550-Quadruped/install/custom_interface/lib/libcustom_interface__rosidl_typesupport_introspection_cpp.so
[0.477s] -- Up-to-date: /home/scott-pena/GitHub/RBE550-Quadruped/install/custom_interface/lib/libcustom_interface__rosidl_typesupport_cpp.so
[0.477s] -- Up-to-date: /home/scott-pena/GitHub/RBE550-Quadruped/install/custom_interface/share/custom_interface/environment/pythonpath.sh
[0.477s] -- Up-to-date: /home/scott-pena/GitHub/RBE550-Quadruped/install/custom_interface/share/custom_interface/environment/pythonpath.dsv
[0.477s] -- Up-to-date: /home/scott-pena/GitHub/RBE550-Quadruped/install/custom_interface/lib/python3.12/site-packages/custom_interface-0.0.0-py3.12.egg-info
[0.477s] -- Installing: /home/scott-pena/GitHub/RBE550-Quadruped/install/custom_interface/lib/python3.12/site-packages/custom_interface-0.0.0-py3.12.egg-info/PKG-INFO
[0.477s] -- Installing: /home/scott-pena/GitHub/RBE550-Quadruped/install/custom_interface/lib/python3.12/site-packages/custom_interface-0.0.0-py3.12.egg-info/SOURCES.txt
[0.477s] -- Installing: /home/scott-pena/GitHub/RBE550-Quadruped/install/custom_interface/lib/python3.12/site-packages/custom_interface-0.0.0-py3.12.egg-info/dependency_links.txt
[0.477s] -- Installing: /home/scott-pena/GitHub/RBE550-Quadruped/install/custom_interface/lib/python3.12/site-packages/custom_interface-0.0.0-py3.12.egg-info/top_level.txt
[0.477s] -- Up-to-date: /home/scott-pena/GitHub/RBE550-Quadruped/install/custom_interface/lib/python3.12/site-packages/custom_interface
[0.477s] -- Up-to-date: /home/scott-pena/GitHub/RBE550-Quadruped/install/custom_interface/lib/python3.12/site-packages/custom_interface/__init__.py
[0.478s] -- Up-to-date: /home/scott-pena/GitHub/RBE550-Quadruped/install/custom_interface/lib/python3.12/site-packages/custom_interface/srv
[0.478s] -- Up-to-date: /home/scott-pena/GitHub/RBE550-Quadruped/install/custom_interface/lib/python3.12/site-packages/custom_interface/srv/_imu_data_s.c
[0.478s] -- Up-to-date: /home/scott-pena/GitHub/RBE550-Quadruped/install/custom_interface/lib/python3.12/site-packages/custom_interface/srv/__init__.py
[0.478s] -- Up-to-date: /home/scott-pena/GitHub/RBE550-Quadruped/install/custom_interface/lib/python3.12/site-packages/custom_interface/srv/_imu_data.py
[0.478s] -- Up-to-date: /home/scott-pena/GitHub/RBE550-Quadruped/install/custom_interface/lib/python3.12/site-packages/custom_interface/custom_interface_s__rosidl_typesupport_introspection_c.so
[0.478s] -- Up-to-date: /home/scott-pena/GitHub/RBE550-Quadruped/install/custom_interface/lib/python3.12/site-packages/custom_interface/custom_interface_s__rosidl_typesupport_c.so
[0.478s] -- Up-to-date: /home/scott-pena/GitHub/RBE550-Quadruped/install/custom_interface/lib/python3.12/site-packages/custom_interface/custom_interface_s__rosidl_typesupport_fastrtps_c.so
[0.478s] -- Up-to-date: /home/scott-pena/GitHub/RBE550-Quadruped/install/custom_interface/lib/python3.12/site-packages/custom_interface/_custom_interface_s.ep.rosidl_typesupport_c.c
[0.478s] -- Up-to-date: /home/scott-pena/GitHub/RBE550-Quadruped/install/custom_interface/lib/python3.12/site-packages/custom_interface/_custom_interface_s.ep.rosidl_typesupport_fastrtps_c.c
[0.478s] -- Up-to-date: /home/scott-pena/GitHub/RBE550-Quadruped/install/custom_interface/lib/python3.12/site-packages/custom_interface/_custom_interface_s.ep.rosidl_typesupport_introspection_c.c
[0.504s] Listing '/home/scott-pena/GitHub/RBE550-Quadruped/install/custom_interface/lib/python3.12/site-packages/custom_interface'...
[0.504s] Listing '/home/scott-pena/GitHub/RBE550-Quadruped/install/custom_interface/lib/python3.12/site-packages/custom_interface/srv'...
[0.507s] -- Up-to-date: /home/scott-pena/GitHub/RBE550-Quadruped/install/custom_interface/lib/python3.12/site-packages/custom_interface/custom_interface_s__rosidl_typesupport_fastrtps_c.so
[0.508s] -- Up-to-date: /home/scott-pena/GitHub/RBE550-Quadruped/install/custom_interface/lib/python3.12/site-packages/custom_interface/custom_interface_s__rosidl_typesupport_introspection_c.so
[0.508s] -- Up-to-date: /home/scott-pena/GitHub/RBE550-Quadruped/install/custom_interface/lib/python3.12/site-packages/custom_interface/custom_interface_s__rosidl_typesupport_c.so
[0.508s] -- Up-to-date: /home/scott-pena/GitHub/RBE550-Quadruped/install/custom_interface/lib/libcustom_interface__rosidl_generator_py.so
[0.508s] -- Up-to-date: /home/scott-pena/GitHub/RBE550-Quadruped/install/custom_interface/share/custom_interface/srv/ImuData.idl
[0.508s] -- Up-to-date: /home/scott-pena/GitHub/RBE550-Quadruped/install/custom_interface/share/custom_interface/srv/ImuData.srv
[0.508s] -- Up-to-date: /home/scott-pena/GitHub/RBE550-Quadruped/install/custom_interface/share/ament_index/resource_index/package_run_dependencies/custom_interface
[0.508s] -- Up-to-date: /home/scott-pena/GitHub/RBE550-Quadruped/install/custom_interface/share/ament_index/resource_index/parent_prefix_path/custom_interface
[0.509s] -- Up-to-date: /home/scott-pena/GitHub/RBE550-Quadruped/install/custom_interface/share/custom_interface/environment/ament_prefix_path.sh
[0.509s] -- Up-to-date: /home/scott-pena/GitHub/RBE550-Quadruped/install/custom_interface/share/custom_interface/environment/ament_prefix_path.dsv
[0.509s] -- Up-to-date: /home/scott-pena/GitHub/RBE550-Quadruped/install/custom_interface/share/custom_interface/environment/path.sh
[0.509s] -- Up-to-date: /home/scott-pena/GitHub/RBE550-Quadruped/install/custom_interface/share/custom_interface/environment/path.dsv
[0.509s] -- Up-to-date: /home/scott-pena/GitHub/RBE550-Quadruped/install/custom_interface/share/custom_interface/local_setup.bash
[0.509s] -- Up-to-date: /home/scott-pena/GitHub/RBE550-Quadruped/install/custom_interface/share/custom_interface/local_setup.sh
[0.509s] -- Up-to-date: /home/scott-pena/GitHub/RBE550-Quadruped/install/custom_interface/share/custom_interface/local_setup.zsh
[0.509s] -- Up-to-date: /home/scott-pena/GitHub/RBE550-Quadruped/install/custom_interface/share/custom_interface/local_setup.dsv
[0.509s] -- Installing: /home/scott-pena/GitHub/RBE550-Quadruped/install/custom_interface/share/custom_interface/package.dsv
[0.509s] -- Up-to-date: /home/scott-pena/GitHub/RBE550-Quadruped/install/custom_interface/share/ament_index/resource_index/packages/custom_interface
[0.510s] -- Up-to-date: /home/scott-pena/GitHub/RBE550-Quadruped/install/custom_interface/share/custom_interface/cmake/export_custom_interface__rosidl_generator_cExport.cmake
[0.510s] -- Up-to-date: /home/scott-pena/GitHub/RBE550-Quadruped/install/custom_interface/share/custom_interface/cmake/export_custom_interface__rosidl_generator_cExport-noconfig.cmake
[0.510s] -- Up-to-date: /home/scott-pena/GitHub/RBE550-Quadruped/install/custom_interface/share/custom_interface/cmake/export_custom_interface__rosidl_typesupport_fastrtps_cExport.cmake
[0.510s] -- Up-to-date: /home/scott-pena/GitHub/RBE550-Quadruped/install/custom_interface/share/custom_interface/cmake/export_custom_interface__rosidl_typesupport_fastrtps_cExport-noconfig.cmake
[0.510s] -- Up-to-date: /home/scott-pena/GitHub/RBE550-Quadruped/install/custom_interface/share/custom_interface/cmake/custom_interface__rosidl_typesupport_introspection_cExport.cmake
[0.510s] -- Up-to-date: /home/scott-pena/GitHub/RBE550-Quadruped/install/custom_interface/share/custom_interface/cmake/custom_interface__rosidl_typesupport_introspection_cExport-noconfig.cmake
[0.510s] -- Up-to-date: /home/scott-pena/GitHub/RBE550-Quadruped/install/custom_interface/share/custom_interface/cmake/custom_interface__rosidl_typesupport_cExport.cmake
[0.510s] -- Up-to-date: /home/scott-pena/GitHub/RBE550-Quadruped/install/custom_interface/share/custom_interface/cmake/custom_interface__rosidl_typesupport_cExport-noconfig.cmake
[0.510s] -- Up-to-date: /home/scott-pena/GitHub/RBE550-Quadruped/install/custom_interface/share/custom_interface/cmake/export_custom_interface__rosidl_generator_cppExport.cmake
[0.510s] -- Up-to-date: /home/scott-pena/GitHub/RBE550-Quadruped/install/custom_interface/share/custom_interface/cmake/export_custom_interface__rosidl_typesupport_fastrtps_cppExport.cmake
[0.510s] -- Up-to-date: /home/scott-pena/GitHub/RBE550-Quadruped/install/custom_interface/share/custom_interface/cmake/export_custom_interface__rosidl_typesupport_fastrtps_cppExport-noconfig.cmake
[0.511s] -- Up-to-date: /home/scott-pena/GitHub/RBE550-Quadruped/install/custom_interface/share/custom_interface/cmake/custom_interface__rosidl_typesupport_introspection_cppExport.cmake
[0.511s] -- Up-to-date: /home/scott-pena/GitHub/RBE550-Quadruped/install/custom_interface/share/custom_interface/cmake/custom_interface__rosidl_typesupport_introspection_cppExport-noconfig.cmake
[0.511s] -- Up-to-date: /home/scott-pena/GitHub/RBE550-Quadruped/install/custom_interface/share/custom_interface/cmake/custom_interface__rosidl_typesupport_cppExport.cmake
[0.511s] -- Up-to-date: /home/scott-pena/GitHub/RBE550-Quadruped/install/custom_interface/share/custom_interface/cmake/custom_interface__rosidl_typesupport_cppExport-noconfig.cmake
[0.511s] -- Up-to-date: /home/scott-pena/GitHub/RBE550-Quadruped/install/custom_interface/share/custom_interface/cmake/export_custom_interface__rosidl_generator_pyExport.cmake
[0.511s] -- Up-to-date: /home/scott-pena/GitHub/RBE550-Quadruped/install/custom_interface/share/custom_interface/cmake/export_custom_interface__rosidl_generator_pyExport-noconfig.cmake
[0.512s] -- Up-to-date: /home/scott-pena/GitHub/RBE550-Quadruped/install/custom_interface/share/custom_interface/cmake/rosidl_cmake-extras.cmake
[0.512s] -- Up-to-date: /home/scott-pena/GitHub/RBE550-Quadruped/install/custom_interface/share/custom_interface/cmake/ament_cmake_export_dependencies-extras.cmake
[0.512s] -- Up-to-date: /home/scott-pena/GitHub/RBE550-Quadruped/install/custom_interface/share/custom_interface/cmake/ament_cmake_export_include_directories-extras.cmake
[0.512s] -- Up-to-date: /home/scott-pena/GitHub/RBE550-Quadruped/install/custom_interface/share/custom_interface/cmake/ament_cmake_export_libraries-extras.cmake
[0.512s] -- Up-to-date: /home/scott-pena/GitHub/RBE550-Quadruped/install/custom_interface/share/custom_interface/cmake/ament_cmake_export_targets-extras.cmake
[0.512s] -- Up-to-date: /home/scott-pena/GitHub/RBE550-Quadruped/install/custom_interface/share/custom_interface/cmake/rosidl_cmake_export_typesupport_targets-extras.cmake
[0.512s] -- Up-to-date: /home/scott-pena/GitHub/RBE550-Quadruped/install/custom_interface/share/custom_interface/cmake/rosidl_cmake_export_typesupport_libraries-extras.cmake
[0.512s] -- Up-to-date: /home/scott-pena/GitHub/RBE550-Quadruped/install/custom_interface/share/custom_interface/cmake/custom_interfaceConfig.cmake
[0.512s] -- Up-to-date: /home/scott-pena/GitHub/RBE550-Quadruped/install/custom_interface/share/custom_interface/cmake/custom_interfaceConfig-version.cmake
[0.512s] -- Up-to-date: /home/scott-pena/GitHub/RBE550-Quadruped/install/custom_interface/share/custom_interface/package.xml
[0.513s] Invoked command in '/home/scott-pena/GitHub/RBE550-Quadruped/build/custom_interface' returned '0': CMAKE_PREFIX_PATH=${CMAKE_PREFIX_PATH}:/home/scott-pena/GitHub/RBE550-Quadruped/install/sensors:/home/scott-pena/GitHub/RBE550-Quadruped/install/robot_sim:/home/scott-pena/GitHub/RBE550-Quadruped/install/robot_description:/home/scott-pena/GitHub/RBE550-Quadruped/install/py_pubsub:/home/scott-pena/GitHub/RBE550-Quadruped/install/leg_controls:/opt/ros/jazzy DEBUGINFOD_URLS=https://debuginfod.ubuntu.com /usr/bin/cmake --install /home/scott-pena/GitHub/RBE550-Quadruped/build/custom_interface
