[3.216s] Invoking command in '/home/scott-pena/GitHub/RBE550-Quadruped/src/sensors': DEBUGINFOD_URLS=https://debuginfod.ubuntu.com PYTHONPATH=/home/scott-pena/GitHub/RBE550-Quadruped/build/sensors/prefix_override:/usr/lib/python3/dist-packages/colcon_core/task/python/colcon_distutils_commands:/home/scott-pena/GitHub/RBE550-Quadruped/install/sensors/lib/python3.12/site-packages:/home/scott-pena/GitHub/RBE550-Quadruped/install/custom_interface/lib/python3.12/site-packages:/home/scott-pena/GitHub/RBE550-Quadruped/install/sensors/lib/python3.12/site-packages:/home/scott-pena/GitHub/RBE550-Quadruped/install/robot_sim/lib/python3.12/site-packages:/home/scott-pena/GitHub/RBE550-Quadruped/install/robot_description/lib/python3.12/site-packages:/home/scott-pena/GitHub/RBE550-Quadruped/install/py_pubsub/lib/python3.12/site-packages:/home/scott-pena/GitHub/RBE550-Quadruped/install/leg_controls/lib/python3.12/site-packages:/opt/ros/jazzy/lib/python3.12/site-packages /usr/bin/python3 -W ignore:setup.py install is deprecated setup.py egg_info --egg-base ../../build/sensors build --build-base /home/scott-pena/GitHub/RBE550-Quadruped/build/sensors/build install --record /home/scott-pena/GitHub/RBE550-Quadruped/build/sensors/install.log --single-version-externally-managed install_data
[3.477s] running egg_info
[3.500s] writing ../../build/sensors/sensors.egg-info/PKG-INFO
[3.500s] writing dependency_links to ../../build/sensors/sensors.egg-info/dependency_links.txt
[3.500s] writing entry points to ../../build/sensors/sensors.egg-info/entry_points.txt
[3.500s] writing requirements to ../../build/sensors/sensors.egg-info/requires.txt
[3.500s] writing top-level names to ../../build/sensors/sensors.egg-info/top_level.txt
[3.546s] reading manifest file '../../build/sensors/sensors.egg-info/SOURCES.txt'
[3.559s] adding license file 'LICENSE'
[3.559s] writing manifest file '../../build/sensors/sensors.egg-info/SOURCES.txt'
[3.559s] running build
[3.559s] running build_py
[3.559s] running install
[3.564s] running install_lib
[3.587s] running install_data
[3.587s] running install_egg_info
[3.611s] removing '/home/scott-pena/GitHub/RBE550-Quadruped/install/sensors/lib/python3.12/site-packages/sensors-0.0.0-py3.12.egg-info' (and everything under it)
[3.611s] Copying ../../build/sensors/sensors.egg-info to /home/scott-pena/GitHub/RBE550-Quadruped/install/sensors/lib/python3.12/site-packages/sensors-0.0.0-py3.12.egg-info
[3.630s] running install_scripts
[3.777s] Installing imu script to /home/scott-pena/GitHub/RBE550-Quadruped/install/sensors/lib/sensors
[3.777s] writing list of installed files to '/home/scott-pena/GitHub/RBE550-Quadruped/build/sensors/install.log'
[3.803s] Invoked command in '/home/scott-pena/GitHub/RBE550-Quadruped/src/sensors' returned '0': DEBUGINFOD_URLS=https://debuginfod.ubuntu.com PYTHONPATH=/home/scott-pena/GitHub/RBE550-Quadruped/build/sensors/prefix_override:/usr/lib/python3/dist-packages/colcon_core/task/python/colcon_distutils_commands:/home/scott-pena/GitHub/RBE550-Quadruped/install/sensors/lib/python3.12/site-packages:/home/scott-pena/GitHub/RBE550-Quadruped/install/custom_interface/lib/python3.12/site-packages:/home/scott-pena/GitHub/RBE550-Quadruped/install/sensors/lib/python3.12/site-packages:/home/scott-pena/GitHub/RBE550-Quadruped/install/robot_sim/lib/python3.12/site-packages:/home/scott-pena/GitHub/RBE550-Quadruped/install/robot_description/lib/python3.12/site-packages:/home/scott-pena/GitHub/RBE550-Quadruped/install/py_pubsub/lib/python3.12/site-packages:/home/scott-pena/GitHub/RBE550-Quadruped/install/leg_controls/lib/python3.12/site-packages:/opt/ros/jazzy/lib/python3.12/site-packages /usr/bin/python3 -W ignore:setup.py install is deprecated setup.py egg_info --egg-base ../../build/sensors build --build-base /home/scott-pena/GitHub/RBE550-Quadruped/build/sensors/build install --record /home/scott-pena/GitHub/RBE550-Quadruped/build/sensors/install.log --single-version-externally-managed install_data
