[1.196s] Invoking command in '/home/jarothenberg/Documents/GitHub/RBE550-Quadruped/src/robot_description': DEBUGINFOD_URLS=https://debuginfod.ubuntu.com PYTHONPATH=/home/jarothenberg/Documents/GitHub/RBE550-Quadruped/build/robot_description/prefix_override:/usr/lib/python3/dist-packages/colcon_core/task/python/colcon_distutils_commands:/home/jarothenberg/Documents/GitHub/RBE550-Quadruped/install/robot_description/lib/python3.12/site-packages:${PYTHONPATH} /usr/bin/python3 -W ignore:setup.py install is deprecated setup.py egg_info --egg-base ../../build/robot_description build --build-base /home/jarothenberg/Documents/GitHub/RBE550-Quadruped/build/robot_description/build install --record /home/jarothenberg/Documents/GitHub/RBE550-Quadruped/build/robot_description/install.log --single-version-externally-managed install_data
[1.402s] running egg_info
[1.415s] writing ../../build/robot_description/robot_description.egg-info/PKG-INFO
[1.415s] writing dependency_links to ../../build/robot_description/robot_description.egg-info/dependency_links.txt
[1.415s] writing requirements to ../../build/robot_description/robot_description.egg-info/requires.txt
[1.415s] writing top-level names to ../../build/robot_description/robot_description.egg-info/top_level.txt
[1.443s] reading manifest file '../../build/robot_description/robot_description.egg-info/SOURCES.txt'
[1.443s] adding license file 'LICENSE'
[1.444s] writing manifest file '../../build/robot_description/robot_description.egg-info/SOURCES.txt'
[1.444s] running build
[1.444s] running build_py
[1.444s] running install
[1.449s] running install_lib
[1.462s] running install_data
[1.463s] copying robots/spotmicro_copy_copy.xacro -> /home/jarothenberg/Documents/GitHub/RBE550-Quadruped/install/robot_description/share/robot_description/robots
[1.464s] running install_egg_info
[1.477s] removing '/home/jarothenberg/Documents/GitHub/RBE550-Quadruped/install/robot_description/lib/python3.12/site-packages/robot_description-0.0.0-py3.12.egg-info' (and everything under it)
[1.477s] Copying ../../build/robot_description/robot_description.egg-info to /home/jarothenberg/Documents/GitHub/RBE550-Quadruped/install/robot_description/lib/python3.12/site-packages/robot_description-0.0.0-py3.12.egg-info
[1.478s] running install_scripts
[1.589s] writing list of installed files to '/home/jarothenberg/Documents/GitHub/RBE550-Quadruped/build/robot_description/install.log'
