[0.119s] DEBUG:colcon:Command line arguments: ['/home/sbpena01/.local/bin/colcon', 'build']
[0.119s] DEBUG:colcon:Parsed command line arguments: Namespace(log_base=None, log_level=None, verb_name='build', build_base='build', install_base='install', merge_install=False, symlink_install=False, test_result_base=None, continue_on_error=False, executor='parallel', parallel_workers=12, event_handlers=None, ignore_user_meta=False, metas=['./colcon.meta'], base_paths=['.'], packages_ignore=None, packages_ignore_regex=None, paths=None, packages_up_to=None, packages_up_to_regex=None, packages_above=None, packages_above_and_dependencies=None, packages_above_depth=None, packages_select_by_dep=None, packages_skip_by_dep=None, packages_skip_up_to=None, packages_select_build_failed=False, packages_skip_build_finished=False, packages_select_test_failures=False, packages_skip_test_passed=False, packages_select=None, packages_skip=None, packages_select_regex=None, packages_skip_regex=None, packages_start=None, packages_end=None, cmake_args=None, cmake_target=None, cmake_target_skip_unavailable=False, cmake_clean_cache=False, cmake_clean_first=False, cmake_force_configure=False, ament_cmake_args=None, catkin_cmake_args=None, catkin_skip_building_tests=False, verb_parser=<colcon_defaults.argument_parser.defaults.DefaultArgumentsDecorator object at 0x7115870df110>, verb_extension=<colcon_core.verb.build.BuildVerb object at 0x7115870deed0>, main=<bound method BuildVerb.main of <colcon_core.verb.build.BuildVerb object at 0x7115870deed0>>)
[0.148s] Level 1:colcon.colcon_core.package_discovery:discover_packages(colcon_meta) check parameters
[0.148s] Level 1:colcon.colcon_core.package_discovery:discover_packages(recursive) check parameters
[0.148s] Level 1:colcon.colcon_core.package_discovery:discover_packages(ignore) check parameters
[0.148s] Level 1:colcon.colcon_core.package_discovery:discover_packages(path) check parameters
[0.148s] Level 1:colcon.colcon_core.package_discovery:discover_packages(colcon_meta) discover
[0.148s] Level 1:colcon.colcon_core.package_discovery:discover_packages(recursive) discover
[0.148s] INFO:colcon.colcon_core.package_discovery:Crawling recursively for packages in '/home/sbpena01/GitHub/RBE550-Quadruped'
[0.149s] Level 1:colcon.colcon_core.package_identification:_identify(.) by extensions ['ignore', 'ignore_ament_install']
[0.149s] Level 1:colcon.colcon_core.package_identification:_identify(.) by extension 'ignore'
[0.149s] Level 1:colcon.colcon_core.package_identification:_identify(.) by extension 'ignore_ament_install'
[0.149s] Level 1:colcon.colcon_core.package_identification:_identify(.) by extensions ['colcon_pkg']
[0.149s] Level 1:colcon.colcon_core.package_identification:_identify(.) by extension 'colcon_pkg'
[0.149s] Level 1:colcon.colcon_core.package_identification:_identify(.) by extensions ['colcon_meta']
[0.149s] Level 1:colcon.colcon_core.package_identification:_identify(.) by extension 'colcon_meta'
[0.149s] Level 1:colcon.colcon_core.package_identification:_identify(.) by extensions ['ros']
[0.149s] Level 1:colcon.colcon_core.package_identification:_identify(.) by extension 'ros'
[0.170s] Level 1:colcon.colcon_core.package_identification:_identify(.) by extensions ['cmake', 'python']
[0.170s] Level 1:colcon.colcon_core.package_identification:_identify(.) by extension 'cmake'
[0.170s] Level 1:colcon.colcon_core.package_identification:_identify(.) by extension 'python'
[0.170s] Level 1:colcon.colcon_core.package_identification:_identify(.) by extensions ['python_setup_py']
[0.170s] Level 1:colcon.colcon_core.package_identification:_identify(.) by extension 'python_setup_py'
[0.170s] Level 1:colcon.colcon_core.package_identification:_identify(build) by extensions ['ignore', 'ignore_ament_install']
[0.170s] Level 1:colcon.colcon_core.package_identification:_identify(build) by extension 'ignore'
[0.170s] Level 1:colcon.colcon_core.package_identification:_identify(build) ignored
[0.170s] Level 1:colcon.colcon_core.package_identification:_identify(install) by extensions ['ignore', 'ignore_ament_install']
[0.170s] Level 1:colcon.colcon_core.package_identification:_identify(install) by extension 'ignore'
[0.170s] Level 1:colcon.colcon_core.package_identification:_identify(install) ignored
[0.171s] Level 1:colcon.colcon_core.package_identification:_identify(log) by extensions ['ignore', 'ignore_ament_install']
[0.171s] Level 1:colcon.colcon_core.package_identification:_identify(log) by extension 'ignore'
[0.171s] Level 1:colcon.colcon_core.package_identification:_identify(log) ignored
[0.171s] Level 1:colcon.colcon_core.package_identification:_identify(src) by extensions ['ignore', 'ignore_ament_install']
[0.171s] Level 1:colcon.colcon_core.package_identification:_identify(src) by extension 'ignore'
[0.171s] Level 1:colcon.colcon_core.package_identification:_identify(src) by extension 'ignore_ament_install'
[0.171s] Level 1:colcon.colcon_core.package_identification:_identify(src) by extensions ['colcon_pkg']
[0.171s] Level 1:colcon.colcon_core.package_identification:_identify(src) by extension 'colcon_pkg'
[0.171s] Level 1:colcon.colcon_core.package_identification:_identify(src) by extensions ['colcon_meta']
[0.171s] Level 1:colcon.colcon_core.package_identification:_identify(src) by extension 'colcon_meta'
[0.171s] Level 1:colcon.colcon_core.package_identification:_identify(src) by extensions ['ros']
[0.171s] Level 1:colcon.colcon_core.package_identification:_identify(src) by extension 'ros'
[0.171s] Level 1:colcon.colcon_core.package_identification:_identify(src) by extensions ['cmake', 'python']
[0.171s] Level 1:colcon.colcon_core.package_identification:_identify(src) by extension 'cmake'
[0.171s] Level 1:colcon.colcon_core.package_identification:_identify(src) by extension 'python'
[0.171s] Level 1:colcon.colcon_core.package_identification:_identify(src) by extensions ['python_setup_py']
[0.171s] Level 1:colcon.colcon_core.package_identification:_identify(src) by extension 'python_setup_py'
[0.171s] Level 1:colcon.colcon_core.package_identification:_identify(src/build) by extensions ['ignore', 'ignore_ament_install']
[0.171s] Level 1:colcon.colcon_core.package_identification:_identify(src/build) by extension 'ignore'
[0.171s] Level 1:colcon.colcon_core.package_identification:_identify(src/build) ignored
[0.172s] Level 1:colcon.colcon_core.package_identification:_identify(src/cpp_pubsub) by extensions ['ignore', 'ignore_ament_install']
[0.172s] Level 1:colcon.colcon_core.package_identification:_identify(src/cpp_pubsub) by extension 'ignore'
[0.172s] Level 1:colcon.colcon_core.package_identification:_identify(src/cpp_pubsub) by extension 'ignore_ament_install'
[0.172s] Level 1:colcon.colcon_core.package_identification:_identify(src/cpp_pubsub) by extensions ['colcon_pkg']
[0.172s] Level 1:colcon.colcon_core.package_identification:_identify(src/cpp_pubsub) by extension 'colcon_pkg'
[0.172s] Level 1:colcon.colcon_core.package_identification:_identify(src/cpp_pubsub) by extensions ['colcon_meta']
[0.172s] Level 1:colcon.colcon_core.package_identification:_identify(src/cpp_pubsub) by extension 'colcon_meta'
[0.172s] Level 1:colcon.colcon_core.package_identification:_identify(src/cpp_pubsub) by extensions ['ros']
[0.172s] Level 1:colcon.colcon_core.package_identification:_identify(src/cpp_pubsub) by extension 'ros'
[0.174s] DEBUG:colcon.colcon_core.package_identification:Package 'src/cpp_pubsub' with type 'ros.ament_cmake' and name 'cpp_pubsub'
[0.174s] Level 1:colcon.colcon_core.package_identification:_identify(src/gazebo) by extensions ['ignore', 'ignore_ament_install']
[0.174s] Level 1:colcon.colcon_core.package_identification:_identify(src/gazebo) by extension 'ignore'
[0.174s] Level 1:colcon.colcon_core.package_identification:_identify(src/gazebo) by extension 'ignore_ament_install'
[0.174s] Level 1:colcon.colcon_core.package_identification:_identify(src/gazebo) by extensions ['colcon_pkg']
[0.174s] Level 1:colcon.colcon_core.package_identification:_identify(src/gazebo) by extension 'colcon_pkg'
[0.174s] Level 1:colcon.colcon_core.package_identification:_identify(src/gazebo) by extensions ['colcon_meta']
[0.174s] Level 1:colcon.colcon_core.package_identification:_identify(src/gazebo) by extension 'colcon_meta'
[0.174s] Level 1:colcon.colcon_core.package_identification:_identify(src/gazebo) by extensions ['ros']
[0.175s] Level 1:colcon.colcon_core.package_identification:_identify(src/gazebo) by extension 'ros'
[0.175s] Level 1:colcon.colcon_core.package_identification:_identify(src/gazebo) by extensions ['cmake', 'python']
[0.175s] Level 1:colcon.colcon_core.package_identification:_identify(src/gazebo) by extension 'cmake'
[0.175s] Level 1:colcon.colcon_core.package_identification:_identify(src/gazebo) by extension 'python'
[0.175s] Level 1:colcon.colcon_core.package_identification:_identify(src/gazebo) by extensions ['python_setup_py']
[0.175s] Level 1:colcon.colcon_core.package_identification:_identify(src/gazebo) by extension 'python_setup_py'
[0.175s] Level 1:colcon.colcon_core.package_identification:_identify(src/install) by extensions ['ignore', 'ignore_ament_install']
[0.175s] Level 1:colcon.colcon_core.package_identification:_identify(src/install) by extension 'ignore'
[0.175s] Level 1:colcon.colcon_core.package_identification:_identify(src/install) ignored
[0.175s] Level 1:colcon.colcon_core.package_identification:_identify(src/log) by extensions ['ignore', 'ignore_ament_install']
[0.175s] Level 1:colcon.colcon_core.package_identification:_identify(src/log) by extension 'ignore'
[0.175s] Level 1:colcon.colcon_core.package_identification:_identify(src/log) ignored
[0.175s] Level 1:colcon.colcon_core.package_identification:_identify(src/meshes) by extensions ['ignore', 'ignore_ament_install']
[0.176s] Level 1:colcon.colcon_core.package_identification:_identify(src/meshes) by extension 'ignore'
[0.176s] Level 1:colcon.colcon_core.package_identification:_identify(src/meshes) by extension 'ignore_ament_install'
[0.176s] Level 1:colcon.colcon_core.package_identification:_identify(src/meshes) by extensions ['colcon_pkg']
[0.176s] Level 1:colcon.colcon_core.package_identification:_identify(src/meshes) by extension 'colcon_pkg'
[0.176s] Level 1:colcon.colcon_core.package_identification:_identify(src/meshes) by extensions ['colcon_meta']
[0.176s] Level 1:colcon.colcon_core.package_identification:_identify(src/meshes) by extension 'colcon_meta'
[0.176s] Level 1:colcon.colcon_core.package_identification:_identify(src/meshes) by extensions ['ros']
[0.176s] Level 1:colcon.colcon_core.package_identification:_identify(src/meshes) by extension 'ros'
[0.176s] Level 1:colcon.colcon_core.package_identification:_identify(src/meshes) by extensions ['cmake', 'python']
[0.176s] Level 1:colcon.colcon_core.package_identification:_identify(src/meshes) by extension 'cmake'
[0.176s] Level 1:colcon.colcon_core.package_identification:_identify(src/meshes) by extension 'python'
[0.176s] Level 1:colcon.colcon_core.package_identification:_identify(src/meshes) by extensions ['python_setup_py']
[0.176s] Level 1:colcon.colcon_core.package_identification:_identify(src/meshes) by extension 'python_setup_py'
[0.176s] Level 1:colcon.colcon_core.package_discovery:discover_packages(recursive) using defaults
[0.176s] Level 1:colcon.colcon_core.package_discovery:discover_packages(ignore) discover
[0.176s] Level 1:colcon.colcon_core.package_discovery:discover_packages(ignore) using defaults
[0.176s] Level 1:colcon.colcon_core.package_discovery:discover_packages(path) discover
[0.176s] Level 1:colcon.colcon_core.package_discovery:discover_packages(path) using defaults
[0.191s] Level 5:colcon.colcon_core.verb:set package 'cpp_pubsub' build argument 'cmake_args' from command line to 'None'
[0.191s] Level 5:colcon.colcon_core.verb:set package 'cpp_pubsub' build argument 'cmake_target' from command line to 'None'
[0.191s] Level 5:colcon.colcon_core.verb:set package 'cpp_pubsub' build argument 'cmake_target_skip_unavailable' from command line to 'False'
[0.191s] Level 5:colcon.colcon_core.verb:set package 'cpp_pubsub' build argument 'cmake_clean_cache' from command line to 'False'
[0.191s] Level 5:colcon.colcon_core.verb:set package 'cpp_pubsub' build argument 'cmake_clean_first' from command line to 'False'
[0.191s] Level 5:colcon.colcon_core.verb:set package 'cpp_pubsub' build argument 'cmake_force_configure' from command line to 'False'
[0.191s] Level 5:colcon.colcon_core.verb:set package 'cpp_pubsub' build argument 'ament_cmake_args' from command line to 'None'
[0.191s] Level 5:colcon.colcon_core.verb:set package 'cpp_pubsub' build argument 'catkin_cmake_args' from command line to 'None'
[0.191s] Level 5:colcon.colcon_core.verb:set package 'cpp_pubsub' build argument 'catkin_skip_building_tests' from command line to 'False'
[0.191s] DEBUG:colcon.colcon_core.verb:Building package 'cpp_pubsub' with the following arguments: {'ament_cmake_args': None, 'build_base': '/home/sbpena01/GitHub/RBE550-Quadruped/build/cpp_pubsub', 'catkin_cmake_args': None, 'catkin_skip_building_tests': False, 'cmake_args': None, 'cmake_clean_cache': False, 'cmake_clean_first': False, 'cmake_force_configure': False, 'cmake_target': None, 'cmake_target_skip_unavailable': False, 'install_base': '/home/sbpena01/GitHub/RBE550-Quadruped/install/cpp_pubsub', 'merge_install': False, 'path': '/home/sbpena01/GitHub/RBE550-Quadruped/src/cpp_pubsub', 'symlink_install': False, 'test_result_base': None}
[0.191s] INFO:colcon.colcon_core.executor:Executing jobs using 'parallel' executor
[0.192s] DEBUG:colcon.colcon_parallel_executor.executor.parallel:run_until_complete
[0.192s] INFO:colcon.colcon_ros.task.ament_cmake.build:Building ROS package in '/home/sbpena01/GitHub/RBE550-Quadruped/src/cpp_pubsub' with build type 'ament_cmake'
[0.193s] INFO:colcon.colcon_cmake.task.cmake.build:Building CMake package in '/home/sbpena01/GitHub/RBE550-Quadruped/src/cpp_pubsub'
[0.194s] INFO:colcon.colcon_core.plugin_system:Skipping extension 'colcon_core.shell.bat': Not used on non-Windows systems
[0.195s] INFO:colcon.colcon_core.shell:Skip shell extension 'powershell' for command environment: Not usable outside of PowerShell
[0.195s] DEBUG:colcon.colcon_core.shell:Skip shell extension 'dsv' for command environment
[0.200s] DEBUG:colcon.colcon_core.shell:Ignoring prefix path '/home/sbpena01/GitHub/RBE521-Quadruped-Robot/devel'
[0.212s] DEBUG:colcon.colcon_core.event_handler.log_command:Invoking command in '/home/sbpena01/GitHub/RBE550-Quadruped/build/cpp_pubsub': CMAKE_PREFIX_PATH=/home/sbpena01/GitHub/RBE550-Quadruped/install/cpp_pubsub:/home/sbpena01/GitHub/RBE550-Quadruped/install/controls:/home/sbpena01/GitHub/RBE550-Quadruped/src/install/controls:/home/sbpena01/GitHub/RBE550-Quadruped/src/install/control:/opt/ros/jazzy/opt/gz_sim_vendor:/opt/ros/jazzy/opt/gz_sensors_vendor:/opt/ros/jazzy/opt/gz_physics_vendor:/opt/ros/jazzy/opt/sdformat_vendor:/opt/ros/jazzy/opt/gz_gui_vendor:/opt/ros/jazzy/opt/gz_transport_vendor:/opt/ros/jazzy/opt/gz_rendering_vendor:/opt/ros/jazzy/opt/gz_plugin_vendor:/opt/ros/jazzy/opt/gz_fuel_tools_vendor:/opt/ros/jazzy/opt/gz_msgs_vendor:/opt/ros/jazzy/opt/gz_common_vendor:/opt/ros/jazzy/opt/gz_math_vendor:/opt/ros/jazzy/opt/gz_utils_vendor:/opt/ros/jazzy/opt/gz_tools_vendor:/opt/ros/jazzy/opt/gz_ogre_next_vendor:/opt/ros/jazzy/opt/gz_dartsim_vendor:/opt/ros/jazzy/opt/gz_cmake_vendor:/opt/ros/jazzy:/home/sbpena01/GitHub/RBE521-Quadruped-Robot/devel DEBUGINFOD_URLS=https://debuginfod.ubuntu.com /usr/bin/cmake --build /home/sbpena01/GitHub/RBE550-Quadruped/build/cpp_pubsub -- -j12 -l12
[9.489s] DEBUG:colcon.colcon_core.event_handler.log_command:Invoked command in '/home/sbpena01/GitHub/RBE550-Quadruped/build/cpp_pubsub' returned '0': CMAKE_PREFIX_PATH=/home/sbpena01/GitHub/RBE550-Quadruped/install/cpp_pubsub:/home/sbpena01/GitHub/RBE550-Quadruped/install/controls:/home/sbpena01/GitHub/RBE550-Quadruped/src/install/controls:/home/sbpena01/GitHub/RBE550-Quadruped/src/install/control:/opt/ros/jazzy/opt/gz_sim_vendor:/opt/ros/jazzy/opt/gz_sensors_vendor:/opt/ros/jazzy/opt/gz_physics_vendor:/opt/ros/jazzy/opt/sdformat_vendor:/opt/ros/jazzy/opt/gz_gui_vendor:/opt/ros/jazzy/opt/gz_transport_vendor:/opt/ros/jazzy/opt/gz_rendering_vendor:/opt/ros/jazzy/opt/gz_plugin_vendor:/opt/ros/jazzy/opt/gz_fuel_tools_vendor:/opt/ros/jazzy/opt/gz_msgs_vendor:/opt/ros/jazzy/opt/gz_common_vendor:/opt/ros/jazzy/opt/gz_math_vendor:/opt/ros/jazzy/opt/gz_utils_vendor:/opt/ros/jazzy/opt/gz_tools_vendor:/opt/ros/jazzy/opt/gz_ogre_next_vendor:/opt/ros/jazzy/opt/gz_dartsim_vendor:/opt/ros/jazzy/opt/gz_cmake_vendor:/opt/ros/jazzy:/home/sbpena01/GitHub/RBE521-Quadruped-Robot/devel DEBUGINFOD_URLS=https://debuginfod.ubuntu.com /usr/bin/cmake --build /home/sbpena01/GitHub/RBE550-Quadruped/build/cpp_pubsub -- -j12 -l12
[9.532s] DEBUG:colcon.colcon_core.event_handler.log_command:Invoking command in '/home/sbpena01/GitHub/RBE550-Quadruped/build/cpp_pubsub': CMAKE_PREFIX_PATH=/home/sbpena01/GitHub/RBE550-Quadruped/install/cpp_pubsub:/home/sbpena01/GitHub/RBE550-Quadruped/install/controls:/home/sbpena01/GitHub/RBE550-Quadruped/src/install/controls:/home/sbpena01/GitHub/RBE550-Quadruped/src/install/control:/opt/ros/jazzy/opt/gz_sim_vendor:/opt/ros/jazzy/opt/gz_sensors_vendor:/opt/ros/jazzy/opt/gz_physics_vendor:/opt/ros/jazzy/opt/sdformat_vendor:/opt/ros/jazzy/opt/gz_gui_vendor:/opt/ros/jazzy/opt/gz_transport_vendor:/opt/ros/jazzy/opt/gz_rendering_vendor:/opt/ros/jazzy/opt/gz_plugin_vendor:/opt/ros/jazzy/opt/gz_fuel_tools_vendor:/opt/ros/jazzy/opt/gz_msgs_vendor:/opt/ros/jazzy/opt/gz_common_vendor:/opt/ros/jazzy/opt/gz_math_vendor:/opt/ros/jazzy/opt/gz_utils_vendor:/opt/ros/jazzy/opt/gz_tools_vendor:/opt/ros/jazzy/opt/gz_ogre_next_vendor:/opt/ros/jazzy/opt/gz_dartsim_vendor:/opt/ros/jazzy/opt/gz_cmake_vendor:/opt/ros/jazzy:/home/sbpena01/GitHub/RBE521-Quadruped-Robot/devel DEBUGINFOD_URLS=https://debuginfod.ubuntu.com /usr/bin/cmake --install /home/sbpena01/GitHub/RBE550-Quadruped/build/cpp_pubsub
[9.553s] Level 1:colcon.colcon_core.environment:create_environment_scripts_only(cpp_pubsub)
[9.553s] DEBUG:colcon.colcon_core.event_handler.log_command:Invoked command in '/home/sbpena01/GitHub/RBE550-Quadruped/build/cpp_pubsub' returned '0': CMAKE_PREFIX_PATH=/home/sbpena01/GitHub/RBE550-Quadruped/install/cpp_pubsub:/home/sbpena01/GitHub/RBE550-Quadruped/install/controls:/home/sbpena01/GitHub/RBE550-Quadruped/src/install/controls:/home/sbpena01/GitHub/RBE550-Quadruped/src/install/control:/opt/ros/jazzy/opt/gz_sim_vendor:/opt/ros/jazzy/opt/gz_sensors_vendor:/opt/ros/jazzy/opt/gz_physics_vendor:/opt/ros/jazzy/opt/sdformat_vendor:/opt/ros/jazzy/opt/gz_gui_vendor:/opt/ros/jazzy/opt/gz_transport_vendor:/opt/ros/jazzy/opt/gz_rendering_vendor:/opt/ros/jazzy/opt/gz_plugin_vendor:/opt/ros/jazzy/opt/gz_fuel_tools_vendor:/opt/ros/jazzy/opt/gz_msgs_vendor:/opt/ros/jazzy/opt/gz_common_vendor:/opt/ros/jazzy/opt/gz_math_vendor:/opt/ros/jazzy/opt/gz_utils_vendor:/opt/ros/jazzy/opt/gz_tools_vendor:/opt/ros/jazzy/opt/gz_ogre_next_vendor:/opt/ros/jazzy/opt/gz_dartsim_vendor:/opt/ros/jazzy/opt/gz_cmake_vendor:/opt/ros/jazzy:/home/sbpena01/GitHub/RBE521-Quadruped-Robot/devel DEBUGINFOD_URLS=https://debuginfod.ubuntu.com /usr/bin/cmake --install /home/sbpena01/GitHub/RBE550-Quadruped/build/cpp_pubsub
[9.555s] Level 1:colcon.colcon_core.environment:checking '/home/sbpena01/GitHub/RBE550-Quadruped/install/cpp_pubsub' for CMake module files
[9.556s] Level 1:colcon.colcon_core.environment:checking '/home/sbpena01/GitHub/RBE550-Quadruped/install/cpp_pubsub' for CMake config files
[9.556s] Level 1:colcon.colcon_core.shell:create_environment_hook('cpp_pubsub', 'cmake_prefix_path')
[9.556s] INFO:colcon.colcon_core.shell:Creating environment hook '/home/sbpena01/GitHub/RBE550-Quadruped/install/cpp_pubsub/share/cpp_pubsub/hook/cmake_prefix_path.ps1'
[9.557s] INFO:colcon.colcon_core.shell:Creating environment descriptor '/home/sbpena01/GitHub/RBE550-Quadruped/install/cpp_pubsub/share/cpp_pubsub/hook/cmake_prefix_path.dsv'
[9.557s] INFO:colcon.colcon_core.shell:Creating environment hook '/home/sbpena01/GitHub/RBE550-Quadruped/install/cpp_pubsub/share/cpp_pubsub/hook/cmake_prefix_path.sh'
[9.558s] Level 1:colcon.colcon_core.environment:checking '/home/sbpena01/GitHub/RBE550-Quadruped/install/cpp_pubsub/lib'
[9.558s] Level 1:colcon.colcon_core.environment:checking '/home/sbpena01/GitHub/RBE550-Quadruped/install/cpp_pubsub/bin'
[9.558s] Level 1:colcon.colcon_core.environment:checking '/home/sbpena01/GitHub/RBE550-Quadruped/install/cpp_pubsub/lib/pkgconfig/cpp_pubsub.pc'
[9.559s] Level 1:colcon.colcon_core.environment:checking '/home/sbpena01/GitHub/RBE550-Quadruped/install/cpp_pubsub/lib/python3.12/site-packages'
[9.559s] Level 1:colcon.colcon_core.environment:checking '/home/sbpena01/GitHub/RBE550-Quadruped/install/cpp_pubsub/bin'
[9.560s] INFO:colcon.colcon_core.shell:Creating package script '/home/sbpena01/GitHub/RBE550-Quadruped/install/cpp_pubsub/share/cpp_pubsub/package.ps1'
[9.560s] INFO:colcon.colcon_core.shell:Creating package descriptor '/home/sbpena01/GitHub/RBE550-Quadruped/install/cpp_pubsub/share/cpp_pubsub/package.dsv'
[9.561s] INFO:colcon.colcon_core.shell:Creating package script '/home/sbpena01/GitHub/RBE550-Quadruped/install/cpp_pubsub/share/cpp_pubsub/package.sh'
[9.561s] INFO:colcon.colcon_core.shell:Creating package script '/home/sbpena01/GitHub/RBE550-Quadruped/install/cpp_pubsub/share/cpp_pubsub/package.bash'
[9.562s] INFO:colcon.colcon_core.shell:Creating package script '/home/sbpena01/GitHub/RBE550-Quadruped/install/cpp_pubsub/share/cpp_pubsub/package.zsh'
[9.562s] Level 1:colcon.colcon_core.environment:create_file_with_runtime_dependencies(/home/sbpena01/GitHub/RBE550-Quadruped/install/cpp_pubsub/share/colcon-core/packages/cpp_pubsub)
[9.593s] Level 1:colcon.colcon_core.environment:create_environment_scripts_only(cpp_pubsub)
[9.593s] Level 1:colcon.colcon_core.environment:checking '/home/sbpena01/GitHub/RBE550-Quadruped/install/cpp_pubsub' for CMake module files
[9.594s] Level 1:colcon.colcon_core.environment:checking '/home/sbpena01/GitHub/RBE550-Quadruped/install/cpp_pubsub' for CMake config files
[9.594s] Level 1:colcon.colcon_core.shell:create_environment_hook('cpp_pubsub', 'cmake_prefix_path')
[9.594s] INFO:colcon.colcon_core.shell:Creating environment hook '/home/sbpena01/GitHub/RBE550-Quadruped/install/cpp_pubsub/share/cpp_pubsub/hook/cmake_prefix_path.ps1'
[9.595s] INFO:colcon.colcon_core.shell:Creating environment descriptor '/home/sbpena01/GitHub/RBE550-Quadruped/install/cpp_pubsub/share/cpp_pubsub/hook/cmake_prefix_path.dsv'
[9.595s] INFO:colcon.colcon_core.shell:Creating environment hook '/home/sbpena01/GitHub/RBE550-Quadruped/install/cpp_pubsub/share/cpp_pubsub/hook/cmake_prefix_path.sh'
[9.596s] Level 1:colcon.colcon_core.environment:checking '/home/sbpena01/GitHub/RBE550-Quadruped/install/cpp_pubsub/lib'
[9.596s] Level 1:colcon.colcon_core.environment:checking '/home/sbpena01/GitHub/RBE550-Quadruped/install/cpp_pubsub/bin'
[9.596s] Level 1:colcon.colcon_core.environment:checking '/home/sbpena01/GitHub/RBE550-Quadruped/install/cpp_pubsub/lib/pkgconfig/cpp_pubsub.pc'
[9.596s] Level 1:colcon.colcon_core.environment:checking '/home/sbpena01/GitHub/RBE550-Quadruped/install/cpp_pubsub/lib/python3.12/site-packages'
[9.597s] Level 1:colcon.colcon_core.environment:checking '/home/sbpena01/GitHub/RBE550-Quadruped/install/cpp_pubsub/bin'
[9.597s] INFO:colcon.colcon_core.shell:Creating package script '/home/sbpena01/GitHub/RBE550-Quadruped/install/cpp_pubsub/share/cpp_pubsub/package.ps1'
[9.597s] INFO:colcon.colcon_core.shell:Creating package descriptor '/home/sbpena01/GitHub/RBE550-Quadruped/install/cpp_pubsub/share/cpp_pubsub/package.dsv'
[9.598s] INFO:colcon.colcon_core.shell:Creating package script '/home/sbpena01/GitHub/RBE550-Quadruped/install/cpp_pubsub/share/cpp_pubsub/package.sh'
[9.598s] INFO:colcon.colcon_core.shell:Creating package script '/home/sbpena01/GitHub/RBE550-Quadruped/install/cpp_pubsub/share/cpp_pubsub/package.bash'
[9.599s] INFO:colcon.colcon_core.shell:Creating package script '/home/sbpena01/GitHub/RBE550-Quadruped/install/cpp_pubsub/share/cpp_pubsub/package.zsh'
[9.599s] Level 1:colcon.colcon_core.environment:create_file_with_runtime_dependencies(/home/sbpena01/GitHub/RBE550-Quadruped/install/cpp_pubsub/share/colcon-core/packages/cpp_pubsub)
[9.600s] DEBUG:colcon.colcon_parallel_executor.executor.parallel:closing loop
[9.600s] DEBUG:colcon.colcon_parallel_executor.executor.parallel:loop closed
[9.600s] DEBUG:colcon.colcon_parallel_executor.executor.parallel:run_until_complete finished with '0'
[9.600s] DEBUG:colcon.colcon_core.event_reactor:joining thread
[9.603s] INFO:colcon.colcon_core.plugin_system:Skipping extension 'colcon_notification.desktop_notification.notify2': 'notify2' not found
[9.603s] INFO:colcon.colcon_core.plugin_system:Skipping extension 'colcon_notification.desktop_notification.terminal_notifier': Not used on non-Darwin systems
[9.603s] INFO:colcon.colcon_core.plugin_system:Skipping extension 'colcon_notification.desktop_notification.win32': Not used on non-Windows systems
[9.603s] INFO:colcon.colcon_notification.desktop_notification:Sending desktop notification using 'notify_send'
[9.652s] DEBUG:colcon.colcon_core.event_reactor:joined thread
[9.653s] INFO:colcon.colcon_core.shell:Creating prefix script '/home/sbpena01/GitHub/RBE550-Quadruped/install/local_setup.ps1'
[9.654s] INFO:colcon.colcon_core.shell:Creating prefix util module '/home/sbpena01/GitHub/RBE550-Quadruped/install/_local_setup_util_ps1.py'
[9.655s] INFO:colcon.colcon_core.shell:Creating prefix chain script '/home/sbpena01/GitHub/RBE550-Quadruped/install/setup.ps1'
[9.656s] INFO:colcon.colcon_core.shell:Creating prefix script '/home/sbpena01/GitHub/RBE550-Quadruped/install/local_setup.sh'
[9.656s] INFO:colcon.colcon_core.shell:Creating prefix util module '/home/sbpena01/GitHub/RBE550-Quadruped/install/_local_setup_util_sh.py'
[9.657s] INFO:colcon.colcon_core.shell:Creating prefix chain script '/home/sbpena01/GitHub/RBE550-Quadruped/install/setup.sh'
[9.658s] INFO:colcon.colcon_core.shell:Creating prefix script '/home/sbpena01/GitHub/RBE550-Quadruped/install/local_setup.bash'
[9.658s] INFO:colcon.colcon_core.shell:Creating prefix chain script '/home/sbpena01/GitHub/RBE550-Quadruped/install/setup.bash'
[9.659s] INFO:colcon.colcon_core.shell:Creating prefix script '/home/sbpena01/GitHub/RBE550-Quadruped/install/local_setup.zsh'
[9.660s] INFO:colcon.colcon_core.shell:Creating prefix chain script '/home/sbpena01/GitHub/RBE550-Quadruped/install/setup.zsh'
