[0.954s] Invoking command in '/home/scott-pena/GitHub/RBE550-Quadruped/src/leg_controls': AMENT_PREFIX_PATH=/home/scott-pena/GitHub/RBE550-Quadruped/install/custom_interface:${AMENT_PREFIX_PATH} CMAKE_PREFIX_PATH=/home/scott-pena/GitHub/RBE550-Quadruped/install/custom_interface:${CMAKE_PREFIX_PATH} DEBUGINFOD_URLS=https://debuginfod.ubuntu.com LD_LIBRARY_PATH=/home/scott-pena/GitHub/RBE550-Quadruped/install/custom_interface/lib:${LD_LIBRARY_PATH} PYTHONPATH=/home/scott-pena/GitHub/RBE550-Quadruped/build/leg_controls/prefix_override:/usr/lib/python3/dist-packages/colcon_core/task/python/colcon_distutils_commands:/home/scott-pena/GitHub/RBE550-Quadruped/install/leg_controls/lib/python3.12/site-packages:/home/scott-pena/GitHub/RBE550-Quadruped/install/custom_interface/lib/python3.12/site-packages:${PYTHONPATH} /usr/bin/python3 -W ignore:setup.py install is deprecated setup.py egg_info --egg-base ../../build/leg_controls build --build-base /home/scott-pena/GitHub/RBE550-Quadruped/build/leg_controls/build install --record /home/scott-pena/GitHub/RBE550-Quadruped/build/leg_controls/install.log --single-version-externally-managed install_data
[1.288s] running egg_info
[1.318s] writing ../../build/leg_controls/leg_controls.egg-info/PKG-INFO
[1.319s] writing dependency_links to ../../build/leg_controls/leg_controls.egg-info/dependency_links.txt
[1.319s] writing entry points to ../../build/leg_controls/leg_controls.egg-info/entry_points.txt
[1.319s] writing requirements to ../../build/leg_controls/leg_controls.egg-info/requires.txt
[1.319s] writing top-level names to ../../build/leg_controls/leg_controls.egg-info/top_level.txt
[1.380s] reading manifest file '../../build/leg_controls/leg_controls.egg-info/SOURCES.txt'
[1.380s] adding license file 'LICENSE'
[1.380s] writing manifest file '../../build/leg_controls/leg_controls.egg-info/SOURCES.txt'
[1.381s] running build
[1.381s] running build_py
[1.381s] copying leg_controls/FrontLeftLeg.py -> /home/scott-pena/GitHub/RBE550-Quadruped/build/leg_controls/build/lib/leg_controls
[1.381s] copying leg_controls/FrontRightLeg.py -> /home/scott-pena/GitHub/RBE550-Quadruped/build/leg_controls/build/lib/leg_controls
[1.381s] copying leg_controls/RearLeftLeg.py -> /home/scott-pena/GitHub/RBE550-Quadruped/build/leg_controls/build/lib/leg_controls
[1.382s] running install
[1.388s] running install_lib
[1.418s] copying /home/scott-pena/GitHub/RBE550-Quadruped/build/leg_controls/build/lib/leg_controls/FrontLeftLeg.py -> /home/scott-pena/GitHub/RBE550-Quadruped/install/leg_controls/lib/python3.12/site-packages/leg_controls
[1.418s] copying /home/scott-pena/GitHub/RBE550-Quadruped/build/leg_controls/build/lib/leg_controls/FrontRightLeg.py -> /home/scott-pena/GitHub/RBE550-Quadruped/install/leg_controls/lib/python3.12/site-packages/leg_controls
[1.418s] copying /home/scott-pena/GitHub/RBE550-Quadruped/build/leg_controls/build/lib/leg_controls/RearLeftLeg.py -> /home/scott-pena/GitHub/RBE550-Quadruped/install/leg_controls/lib/python3.12/site-packages/leg_controls
[1.419s] byte-compiling /home/scott-pena/GitHub/RBE550-Quadruped/install/leg_controls/lib/python3.12/site-packages/leg_controls/FrontLeftLeg.py to FrontLeftLeg.cpython-312.pyc
[1.419s] byte-compiling /home/scott-pena/GitHub/RBE550-Quadruped/install/leg_controls/lib/python3.12/site-packages/leg_controls/FrontRightLeg.py to FrontRightLeg.cpython-312.pyc
[1.420s] byte-compiling /home/scott-pena/GitHub/RBE550-Quadruped/install/leg_controls/lib/python3.12/site-packages/leg_controls/RearLeftLeg.py to RearLeftLeg.cpython-312.pyc
[1.420s] running install_data
[1.420s] copying leg_controls/FrontLeftLeg.py -> /home/scott-pena/GitHub/RBE550-Quadruped/install/leg_controls/lib/leg_controls
[1.421s] copying leg_controls/FrontRightLeg.py -> /home/scott-pena/GitHub/RBE550-Quadruped/install/leg_controls/lib/leg_controls
[1.421s] copying leg_controls/RearLeftLeg.py -> /home/scott-pena/GitHub/RBE550-Quadruped/install/leg_controls/lib/leg_controls
[1.421s] running install_egg_info
[1.453s] removing '/home/scott-pena/GitHub/RBE550-Quadruped/install/leg_controls/lib/python3.12/site-packages/leg_controls-0.0.0-py3.12.egg-info' (and everything under it)
[1.454s] Copying ../../build/leg_controls/leg_controls.egg-info to /home/scott-pena/GitHub/RBE550-Quadruped/install/leg_controls/lib/python3.12/site-packages/leg_controls-0.0.0-py3.12.egg-info
[1.455s] running install_scripts
[1.640s] Installing FrontLeftLeg script to /home/scott-pena/GitHub/RBE550-Quadruped/install/leg_controls/lib/leg_controls
[1.640s] Installing FrontRightLeg script to /home/scott-pena/GitHub/RBE550-Quadruped/install/leg_controls/lib/leg_controls
[1.640s] Installing RearLeftLeg script to /home/scott-pena/GitHub/RBE550-Quadruped/install/leg_controls/lib/leg_controls
[1.640s] Installing RearRightLeg script to /home/scott-pena/GitHub/RBE550-Quadruped/install/leg_controls/lib/leg_controls
[1.640s] Installing gait script to /home/scott-pena/GitHub/RBE550-Quadruped/install/leg_controls/lib/leg_controls
[1.640s] Installing leg_init script to /home/scott-pena/GitHub/RBE550-Quadruped/install/leg_controls/lib/leg_controls
[1.640s] Installing test_ik script to /home/scott-pena/GitHub/RBE550-Quadruped/install/leg_controls/lib/leg_controls
[1.641s] Installing test_movement script to /home/scott-pena/GitHub/RBE550-Quadruped/install/leg_controls/lib/leg_controls
[1.641s] writing list of installed files to '/home/scott-pena/GitHub/RBE550-Quadruped/build/leg_controls/install.log'
[1.665s] Invoked command in '/home/scott-pena/GitHub/RBE550-Quadruped/src/leg_controls' returned '0': AMENT_PREFIX_PATH=/home/scott-pena/GitHub/RBE550-Quadruped/install/custom_interface:${AMENT_PREFIX_PATH} CMAKE_PREFIX_PATH=/home/scott-pena/GitHub/RBE550-Quadruped/install/custom_interface:${CMAKE_PREFIX_PATH} DEBUGINFOD_URLS=https://debuginfod.ubuntu.com LD_LIBRARY_PATH=/home/scott-pena/GitHub/RBE550-Quadruped/install/custom_interface/lib:${LD_LIBRARY_PATH} PYTHONPATH=/home/scott-pena/GitHub/RBE550-Quadruped/build/leg_controls/prefix_override:/usr/lib/python3/dist-packages/colcon_core/task/python/colcon_distutils_commands:/home/scott-pena/GitHub/RBE550-Quadruped/install/leg_controls/lib/python3.12/site-packages:/home/scott-pena/GitHub/RBE550-Quadruped/install/custom_interface/lib/python3.12/site-packages:${PYTHONPATH} /usr/bin/python3 -W ignore:setup.py install is deprecated setup.py egg_info --egg-base ../../build/leg_controls build --build-base /home/scott-pena/GitHub/RBE550-Quadruped/build/leg_controls/build install --record /home/scott-pena/GitHub/RBE550-Quadruped/build/leg_controls/install.log --single-version-externally-managed install_data
