[3.463s] Invoking command in '/home/scott-pena/GitHub/RBE550-Quadruped/src/quadruped': DEBUGINFOD_URLS=https://debuginfod.ubuntu.com PYTHONPATH=/home/scott-pena/GitHub/RBE550-Quadruped/build/quadruped/prefix_override:/usr/lib/python3/dist-packages/colcon_core/task/python/colcon_distutils_commands:/home/scott-pena/GitHub/RBE550-Quadruped/install/quadruped/lib/python3.12/site-packages:${PYTHONPATH} /usr/bin/python3 -W ignore:setup.py install is deprecated setup.py egg_info --egg-base ../../build/quadruped build --build-base /home/scott-pena/GitHub/RBE550-Quadruped/build/quadruped/build install --record /home/scott-pena/GitHub/RBE550-Quadruped/build/quadruped/install.log --single-version-externally-managed install_data
[3.766s] running egg_info
[3.790s] writing ../../build/quadruped/quadruped.egg-info/PKG-INFO
[3.829s] writing dependency_links to ../../build/quadruped/quadruped.egg-info/dependency_links.txt
[3.829s] writing entry points to ../../build/quadruped/quadruped.egg-info/entry_points.txt
[3.831s] writing requirements to ../../build/quadruped/quadruped.egg-info/requires.txt
[3.831s] writing top-level names to ../../build/quadruped/quadruped.egg-info/top_level.txt
[3.886s] reading manifest file '../../build/quadruped/quadruped.egg-info/SOURCES.txt'
[3.886s] adding license file 'LICENSE'
[3.887s] writing manifest file '../../build/quadruped/quadruped.egg-info/SOURCES.txt'
[3.907s] running build
[3.907s] running build_py
[3.907s] copying quadruped/Quadruped.py -> /home/scott-pena/GitHub/RBE550-Quadruped/build/quadruped/build/lib/quadruped
[3.908s] running install
[3.912s] running install_lib
[3.975s] copying /home/scott-pena/GitHub/RBE550-Quadruped/build/quadruped/build/lib/quadruped/Quadruped.py -> /home/scott-pena/GitHub/RBE550-Quadruped/install/quadruped/lib/python3.12/site-packages/quadruped
[3.975s] byte-compiling /home/scott-pena/GitHub/RBE550-Quadruped/install/quadruped/lib/python3.12/site-packages/quadruped/Quadruped.py to Quadruped.cpython-312.pyc
[3.976s] running install_data
[3.976s] running install_egg_info
[4.001s] removing '/home/scott-pena/GitHub/RBE550-Quadruped/install/quadruped/lib/python3.12/site-packages/quadruped-0.0.0-py3.12.egg-info' (and everything under it)
[4.002s] Copying ../../build/quadruped/quadruped.egg-info to /home/scott-pena/GitHub/RBE550-Quadruped/install/quadruped/lib/python3.12/site-packages/quadruped-0.0.0-py3.12.egg-info
[4.002s] running install_scripts
[4.156s] Installing quadruped script to /home/scott-pena/GitHub/RBE550-Quadruped/install/quadruped/lib/quadruped
[4.168s] writing list of installed files to '/home/scott-pena/GitHub/RBE550-Quadruped/build/quadruped/install.log'
