[1.440s] Invoking command in '/home/sbpena01/GitHub/RBE550-Quadruped/src/py_pubsub': DEBUGINFOD_URLS=https://debuginfod.ubuntu.com PS1=\[\e]0;\u@\h: \w\a\]${debian_chroot:+($debian_chroot)}\[\033[01;32m\]\u@\h\[\033[00m\]:\[\033[01;34m\]\w\[\033[00m\]\$ PYTHONPATH=/home/sbpena01/GitHub/RBE550-Quadruped/build/py_pubsub/prefix_override:/home/sbpena01/.local/share/pipx/venvs/colcon-common-extensions/lib/python3.12/site-packages/colcon_core/task/python/colcon_distutils_commands:/home/sbpena01/GitHub/RBE550-Quadruped/install/py_pubsub/lib/python3.12/site-packages:${PYTHONPATH} /home/sbpena01/.local/share/pipx/venvs/colcon-common-extensions/bin/python -W ignore:setup.py install is deprecated setup.py egg_info --egg-base ../../build/py_pubsub build --build-base /home/sbpena01/GitHub/RBE550-Quadruped/build/py_pubsub/build install --record /home/sbpena01/GitHub/RBE550-Quadruped/build/py_pubsub/install.log --single-version-externally-managed install_data
[1.846s] running egg_info
[1.872s] writing ../../build/py_pubsub/py_pubsub.egg-info/PKG-INFO
[1.872s] writing dependency_links to ../../build/py_pubsub/py_pubsub.egg-info/dependency_links.txt
[1.873s] writing entry points to ../../build/py_pubsub/py_pubsub.egg-info/entry_points.txt
[1.873s] writing requirements to ../../build/py_pubsub/py_pubsub.egg-info/requires.txt
[1.874s] writing top-level names to ../../build/py_pubsub/py_pubsub.egg-info/top_level.txt
[1.937s] reading manifest file '../../build/py_pubsub/py_pubsub.egg-info/SOURCES.txt'
[1.938s] adding license file 'LICENSE'
[1.939s] writing manifest file '../../build/py_pubsub/py_pubsub.egg-info/SOURCES.txt'
[1.939s] running build
[1.939s] running build_py
[1.940s] copying py_pubsub/publisher_member_function.py -> /home/sbpena01/GitHub/RBE550-Quadruped/build/py_pubsub/build/lib/py_pubsub
[1.940s] copying py_pubsub/__init__.py -> /home/sbpena01/GitHub/RBE550-Quadruped/build/py_pubsub/build/lib/py_pubsub
[1.940s] running install
[1.949s] running install_lib
[1.973s] running install_data
[1.973s] copying resource/py_pubsub -> /home/sbpena01/GitHub/RBE550-Quadruped/install/py_pubsub/share/ament_index/resource_index/packages
[1.974s] copying package.xml -> /home/sbpena01/GitHub/RBE550-Quadruped/install/py_pubsub/share/py_pubsub
[1.974s] running install_egg_info
[2.013s] removing '/home/sbpena01/GitHub/RBE550-Quadruped/install/py_pubsub/lib/python3.12/site-packages/py_pubsub-0.0.0-py3.12.egg-info' (and everything under it)
[2.013s] Copying ../../build/py_pubsub/py_pubsub.egg-info to /home/sbpena01/GitHub/RBE550-Quadruped/install/py_pubsub/lib/python3.12/site-packages/py_pubsub-0.0.0-py3.12.egg-info
[2.015s] running install_scripts
[2.149s] Installing talker script to /home/sbpena01/GitHub/RBE550-Quadruped/install/py_pubsub/lib/py_pubsub
[2.149s] writing list of installed files to '/home/sbpena01/GitHub/RBE550-Quadruped/build/py_pubsub/install.log'
[2.201s] Invoked command in '/home/sbpena01/GitHub/RBE550-Quadruped/src/py_pubsub' returned '0': DEBUGINFOD_URLS=https://debuginfod.ubuntu.com PS1=\[\e]0;\u@\h: \w\a\]${debian_chroot:+($debian_chroot)}\[\033[01;32m\]\u@\h\[\033[00m\]:\[\033[01;34m\]\w\[\033[00m\]\$ PYTHONPATH=/home/sbpena01/GitHub/RBE550-Quadruped/build/py_pubsub/prefix_override:/home/sbpena01/.local/share/pipx/venvs/colcon-common-extensions/lib/python3.12/site-packages/colcon_core/task/python/colcon_distutils_commands:/home/sbpena01/GitHub/RBE550-Quadruped/install/py_pubsub/lib/python3.12/site-packages:${PYTHONPATH} /home/sbpena01/.local/share/pipx/venvs/colcon-common-extensions/bin/python -W ignore:setup.py install is deprecated setup.py egg_info --egg-base ../../build/py_pubsub build --build-base /home/sbpena01/GitHub/RBE550-Quadruped/build/py_pubsub/build install --record /home/sbpena01/GitHub/RBE550-Quadruped/build/py_pubsub/install.log --single-version-externally-managed install_data
