[0.125s] DEBUG:colcon:Command line arguments: ['/home/sbpena01/.local/bin/colcon', 'build', '--packages-select', 'controls']
[0.125s] DEBUG:colcon:Parsed command line arguments: Namespace(log_base=None, log_level=None, verb_name='build', build_base='build', install_base='install', merge_install=False, symlink_install=False, test_result_base=None, continue_on_error=False, executor='parallel', parallel_workers=12, event_handlers=None, ignore_user_meta=False, metas=['./colcon.meta'], base_paths=['.'], packages_ignore=None, packages_ignore_regex=None, paths=None, packages_up_to=None, packages_up_to_regex=None, packages_above=None, packages_above_and_dependencies=None, packages_above_depth=None, packages_select_by_dep=None, packages_skip_by_dep=None, packages_skip_up_to=None, packages_select_build_failed=False, packages_skip_build_finished=False, packages_select_test_failures=False, packages_skip_test_passed=False, packages_select=['controls'], packages_skip=None, packages_select_regex=None, packages_skip_regex=None, packages_start=None, packages_end=None, cmake_args=None, cmake_target=None, cmake_target_skip_unavailable=False, cmake_clean_cache=False, cmake_clean_first=False, cmake_force_configure=False, ament_cmake_args=None, catkin_cmake_args=None, catkin_skip_building_tests=False, verb_parser=<colcon_defaults.argument_parser.defaults.DefaultArgumentsDecorator object at 0x77fdff667230>, verb_extension=<colcon_core.verb.build.BuildVerb object at 0x77fdff666b70>, main=<bound method BuildVerb.main of <colcon_core.verb.build.BuildVerb object at 0x77fdff666b70>>)
[0.155s] Level 1:colcon.colcon_core.package_discovery:discover_packages(colcon_meta) check parameters
[0.155s] Level 1:colcon.colcon_core.package_discovery:discover_packages(recursive) check parameters
[0.155s] Level 1:colcon.colcon_core.package_discovery:discover_packages(ignore) check parameters
[0.155s] Level 1:colcon.colcon_core.package_discovery:discover_packages(path) check parameters
[0.155s] Level 1:colcon.colcon_core.package_discovery:discover_packages(colcon_meta) discover
[0.155s] Level 1:colcon.colcon_core.package_discovery:discover_packages(recursive) discover
[0.155s] INFO:colcon.colcon_core.package_discovery:Crawling recursively for packages in '/home/sbpena01/GitHub/RBE550-Quadruped'
[0.156s] Level 1:colcon.colcon_core.package_identification:_identify(.) by extensions ['ignore', 'ignore_ament_install']
[0.156s] Level 1:colcon.colcon_core.package_identification:_identify(.) by extension 'ignore'
[0.156s] Level 1:colcon.colcon_core.package_identification:_identify(.) by extension 'ignore_ament_install'
[0.156s] Level 1:colcon.colcon_core.package_identification:_identify(.) by extensions ['colcon_pkg']
[0.156s] Level 1:colcon.colcon_core.package_identification:_identify(.) by extension 'colcon_pkg'
[0.156s] Level 1:colcon.colcon_core.package_identification:_identify(.) by extensions ['colcon_meta']
[0.156s] Level 1:colcon.colcon_core.package_identification:_identify(.) by extension 'colcon_meta'
[0.156s] Level 1:colcon.colcon_core.package_identification:_identify(.) by extensions ['ros']
[0.156s] Level 1:colcon.colcon_core.package_identification:_identify(.) by extension 'ros'
[0.177s] Level 1:colcon.colcon_core.package_identification:_identify(.) by extensions ['cmake', 'python']
[0.177s] Level 1:colcon.colcon_core.package_identification:_identify(.) by extension 'cmake'
[0.177s] Level 1:colcon.colcon_core.package_identification:_identify(.) by extension 'python'
[0.177s] Level 1:colcon.colcon_core.package_identification:_identify(.) by extensions ['python_setup_py']
[0.177s] Level 1:colcon.colcon_core.package_identification:_identify(.) by extension 'python_setup_py'
[0.177s] Level 1:colcon.colcon_core.package_identification:_identify(build) by extensions ['ignore', 'ignore_ament_install']
[0.177s] Level 1:colcon.colcon_core.package_identification:_identify(build) by extension 'ignore'
[0.177s] Level 1:colcon.colcon_core.package_identification:_identify(build) ignored
[0.178s] Level 1:colcon.colcon_core.package_identification:_identify(install) by extensions ['ignore', 'ignore_ament_install']
[0.178s] Level 1:colcon.colcon_core.package_identification:_identify(install) by extension 'ignore'
[0.178s] Level 1:colcon.colcon_core.package_identification:_identify(install) ignored
[0.178s] Level 1:colcon.colcon_core.package_identification:_identify(log) by extensions ['ignore', 'ignore_ament_install']
[0.178s] Level 1:colcon.colcon_core.package_identification:_identify(log) by extension 'ignore'
[0.178s] Level 1:colcon.colcon_core.package_identification:_identify(log) ignored
[0.178s] Level 1:colcon.colcon_core.package_identification:_identify(src) by extensions ['ignore', 'ignore_ament_install']
[0.178s] Level 1:colcon.colcon_core.package_identification:_identify(src) by extension 'ignore'
[0.178s] Level 1:colcon.colcon_core.package_identification:_identify(src) by extension 'ignore_ament_install'
[0.178s] Level 1:colcon.colcon_core.package_identification:_identify(src) by extensions ['colcon_pkg']
[0.178s] Level 1:colcon.colcon_core.package_identification:_identify(src) by extension 'colcon_pkg'
[0.178s] Level 1:colcon.colcon_core.package_identification:_identify(src) by extensions ['colcon_meta']
[0.178s] Level 1:colcon.colcon_core.package_identification:_identify(src) by extension 'colcon_meta'
[0.178s] Level 1:colcon.colcon_core.package_identification:_identify(src) by extensions ['ros']
[0.178s] Level 1:colcon.colcon_core.package_identification:_identify(src) by extension 'ros'
[0.178s] Level 1:colcon.colcon_core.package_identification:_identify(src) by extensions ['cmake', 'python']
[0.179s] Level 1:colcon.colcon_core.package_identification:_identify(src) by extension 'cmake'
[0.179s] Level 1:colcon.colcon_core.package_identification:_identify(src) by extension 'python'
[0.179s] Level 1:colcon.colcon_core.package_identification:_identify(src) by extensions ['python_setup_py']
[0.179s] Level 1:colcon.colcon_core.package_identification:_identify(src) by extension 'python_setup_py'
[0.179s] Level 1:colcon.colcon_core.package_identification:_identify(src/build) by extensions ['ignore', 'ignore_ament_install']
[0.179s] Level 1:colcon.colcon_core.package_identification:_identify(src/build) by extension 'ignore'
[0.179s] Level 1:colcon.colcon_core.package_identification:_identify(src/build) ignored
[0.179s] Level 1:colcon.colcon_core.package_identification:_identify(src/controls) by extensions ['ignore', 'ignore_ament_install']
[0.179s] Level 1:colcon.colcon_core.package_identification:_identify(src/controls) by extension 'ignore'
[0.179s] Level 1:colcon.colcon_core.package_identification:_identify(src/controls) by extension 'ignore_ament_install'
[0.179s] Level 1:colcon.colcon_core.package_identification:_identify(src/controls) by extensions ['colcon_pkg']
[0.179s] Level 1:colcon.colcon_core.package_identification:_identify(src/controls) by extension 'colcon_pkg'
[0.179s] Level 1:colcon.colcon_core.package_identification:_identify(src/controls) by extensions ['colcon_meta']
[0.179s] Level 1:colcon.colcon_core.package_identification:_identify(src/controls) by extension 'colcon_meta'
[0.179s] Level 1:colcon.colcon_core.package_identification:_identify(src/controls) by extensions ['ros']
[0.179s] Level 1:colcon.colcon_core.package_identification:_identify(src/controls) by extension 'ros'
[0.181s] DEBUG:colcon.colcon_core.package_identification:Package 'src/controls' with type 'ros.ament_cmake' and name 'controls'
[0.181s] Level 1:colcon.colcon_core.package_identification:_identify(src/gazebo) by extensions ['ignore', 'ignore_ament_install']
[0.182s] Level 1:colcon.colcon_core.package_identification:_identify(src/gazebo) by extension 'ignore'
[0.182s] Level 1:colcon.colcon_core.package_identification:_identify(src/gazebo) by extension 'ignore_ament_install'
[0.182s] Level 1:colcon.colcon_core.package_identification:_identify(src/gazebo) by extensions ['colcon_pkg']
[0.182s] Level 1:colcon.colcon_core.package_identification:_identify(src/gazebo) by extension 'colcon_pkg'
[0.182s] Level 1:colcon.colcon_core.package_identification:_identify(src/gazebo) by extensions ['colcon_meta']
[0.182s] Level 1:colcon.colcon_core.package_identification:_identify(src/gazebo) by extension 'colcon_meta'
[0.182s] Level 1:colcon.colcon_core.package_identification:_identify(src/gazebo) by extensions ['ros']
[0.182s] Level 1:colcon.colcon_core.package_identification:_identify(src/gazebo) by extension 'ros'
[0.182s] Level 1:colcon.colcon_core.package_identification:_identify(src/gazebo) by extensions ['cmake', 'python']
[0.182s] Level 1:colcon.colcon_core.package_identification:_identify(src/gazebo) by extension 'cmake'
[0.182s] Level 1:colcon.colcon_core.package_identification:_identify(src/gazebo) by extension 'python'
[0.182s] Level 1:colcon.colcon_core.package_identification:_identify(src/gazebo) by extensions ['python_setup_py']
[0.182s] Level 1:colcon.colcon_core.package_identification:_identify(src/gazebo) by extension 'python_setup_py'
[0.182s] Level 1:colcon.colcon_core.package_identification:_identify(src/install) by extensions ['ignore', 'ignore_ament_install']
[0.182s] Level 1:colcon.colcon_core.package_identification:_identify(src/install) by extension 'ignore'
[0.182s] Level 1:colcon.colcon_core.package_identification:_identify(src/install) ignored
[0.182s] Level 1:colcon.colcon_core.package_identification:_identify(src/log) by extensions ['ignore', 'ignore_ament_install']
[0.182s] Level 1:colcon.colcon_core.package_identification:_identify(src/log) by extension 'ignore'
[0.182s] Level 1:colcon.colcon_core.package_identification:_identify(src/log) ignored
[0.183s] Level 1:colcon.colcon_core.package_identification:_identify(src/meshes) by extensions ['ignore', 'ignore_ament_install']
[0.183s] Level 1:colcon.colcon_core.package_identification:_identify(src/meshes) by extension 'ignore'
[0.183s] Level 1:colcon.colcon_core.package_identification:_identify(src/meshes) by extension 'ignore_ament_install'
[0.183s] Level 1:colcon.colcon_core.package_identification:_identify(src/meshes) by extensions ['colcon_pkg']
[0.183s] Level 1:colcon.colcon_core.package_identification:_identify(src/meshes) by extension 'colcon_pkg'
[0.183s] Level 1:colcon.colcon_core.package_identification:_identify(src/meshes) by extensions ['colcon_meta']
[0.183s] Level 1:colcon.colcon_core.package_identification:_identify(src/meshes) by extension 'colcon_meta'
[0.183s] Level 1:colcon.colcon_core.package_identification:_identify(src/meshes) by extensions ['ros']
[0.183s] Level 1:colcon.colcon_core.package_identification:_identify(src/meshes) by extension 'ros'
[0.183s] Level 1:colcon.colcon_core.package_identification:_identify(src/meshes) by extensions ['cmake', 'python']
[0.183s] Level 1:colcon.colcon_core.package_identification:_identify(src/meshes) by extension 'cmake'
[0.183s] Level 1:colcon.colcon_core.package_identification:_identify(src/meshes) by extension 'python'
[0.183s] Level 1:colcon.colcon_core.package_identification:_identify(src/meshes) by extensions ['python_setup_py']
[0.183s] Level 1:colcon.colcon_core.package_identification:_identify(src/meshes) by extension 'python_setup_py'
[0.183s] Level 1:colcon.colcon_core.package_discovery:discover_packages(recursive) using defaults
[0.183s] Level 1:colcon.colcon_core.package_discovery:discover_packages(ignore) discover
[0.184s] Level 1:colcon.colcon_core.package_discovery:discover_packages(ignore) using defaults
[0.184s] Level 1:colcon.colcon_core.package_discovery:discover_packages(path) discover
[0.184s] Level 1:colcon.colcon_core.package_discovery:discover_packages(path) using defaults
[0.198s] Level 5:colcon.colcon_core.verb:set package 'controls' build argument 'cmake_args' from command line to 'None'
[0.198s] Level 5:colcon.colcon_core.verb:set package 'controls' build argument 'cmake_target' from command line to 'None'
[0.198s] Level 5:colcon.colcon_core.verb:set package 'controls' build argument 'cmake_target_skip_unavailable' from command line to 'False'
[0.198s] Level 5:colcon.colcon_core.verb:set package 'controls' build argument 'cmake_clean_cache' from command line to 'False'
[0.198s] Level 5:colcon.colcon_core.verb:set package 'controls' build argument 'cmake_clean_first' from command line to 'False'
[0.198s] Level 5:colcon.colcon_core.verb:set package 'controls' build argument 'cmake_force_configure' from command line to 'False'
[0.198s] Level 5:colcon.colcon_core.verb:set package 'controls' build argument 'ament_cmake_args' from command line to 'None'
[0.198s] Level 5:colcon.colcon_core.verb:set package 'controls' build argument 'catkin_cmake_args' from command line to 'None'
[0.198s] Level 5:colcon.colcon_core.verb:set package 'controls' build argument 'catkin_skip_building_tests' from command line to 'False'
[0.198s] DEBUG:colcon.colcon_core.verb:Building package 'controls' with the following arguments: {'ament_cmake_args': None, 'build_base': '/home/sbpena01/GitHub/RBE550-Quadruped/build/controls', 'catkin_cmake_args': None, 'catkin_skip_building_tests': False, 'cmake_args': None, 'cmake_clean_cache': False, 'cmake_clean_first': False, 'cmake_force_configure': False, 'cmake_target': None, 'cmake_target_skip_unavailable': False, 'install_base': '/home/sbpena01/GitHub/RBE550-Quadruped/install/controls', 'merge_install': False, 'path': '/home/sbpena01/GitHub/RBE550-Quadruped/src/controls', 'symlink_install': False, 'test_result_base': None}
[0.198s] INFO:colcon.colcon_core.executor:Executing jobs using 'parallel' executor
[0.199s] DEBUG:colcon.colcon_parallel_executor.executor.parallel:run_until_complete
[0.199s] INFO:colcon.colcon_ros.task.ament_cmake.build:Building ROS package in '/home/sbpena01/GitHub/RBE550-Quadruped/src/controls' with build type 'ament_cmake'
[0.199s] INFO:colcon.colcon_cmake.task.cmake.build:Building CMake package in '/home/sbpena01/GitHub/RBE550-Quadruped/src/controls'
[0.201s] INFO:colcon.colcon_core.plugin_system:Skipping extension 'colcon_core.shell.bat': Not used on non-Windows systems
[0.202s] INFO:colcon.colcon_core.shell:Skip shell extension 'powershell' for command environment: Not usable outside of PowerShell
[0.202s] DEBUG:colcon.colcon_core.shell:Skip shell extension 'dsv' for command environment
[0.208s] DEBUG:colcon.colcon_core.shell:Ignoring prefix path '/home/sbpena01/GitHub/RBE521-Quadruped-Robot/devel'
[0.222s] DEBUG:colcon.colcon_core.event_handler.log_command:Invoking command in '/home/sbpena01/GitHub/RBE550-Quadruped/build/controls': CMAKE_PREFIX_PATH=/home/sbpena01/GitHub/RBE550-Quadruped/src/install/controls:/home/sbpena01/GitHub/RBE550-Quadruped/install/controls:/home/sbpena01/GitHub/RBE550-Quadruped/src/install/control:/opt/ros/jazzy/opt/gz_sim_vendor:/opt/ros/jazzy/opt/gz_sensors_vendor:/opt/ros/jazzy/opt/gz_physics_vendor:/opt/ros/jazzy/opt/sdformat_vendor:/opt/ros/jazzy/opt/gz_gui_vendor:/opt/ros/jazzy/opt/gz_transport_vendor:/opt/ros/jazzy/opt/gz_rendering_vendor:/opt/ros/jazzy/opt/gz_plugin_vendor:/opt/ros/jazzy/opt/gz_fuel_tools_vendor:/opt/ros/jazzy/opt/gz_msgs_vendor:/opt/ros/jazzy/opt/gz_common_vendor:/opt/ros/jazzy/opt/gz_math_vendor:/opt/ros/jazzy/opt/gz_utils_vendor:/opt/ros/jazzy/opt/gz_tools_vendor:/opt/ros/jazzy/opt/gz_ogre_next_vendor:/opt/ros/jazzy/opt/gz_dartsim_vendor:/opt/ros/jazzy/opt/gz_cmake_vendor:/opt/ros/jazzy:/home/sbpena01/GitHub/RBE521-Quadruped-Robot/devel DEBUGINFOD_URLS=https://debuginfod.ubuntu.com /usr/bin/cmake --build /home/sbpena01/GitHub/RBE550-Quadruped/build/controls -- -j12 -l12
[0.318s] DEBUG:colcon.colcon_core.event_handler.log_command:Invoked command in '/home/sbpena01/GitHub/RBE550-Quadruped/build/controls' returned '0': CMAKE_PREFIX_PATH=/home/sbpena01/GitHub/RBE550-Quadruped/src/install/controls:/home/sbpena01/GitHub/RBE550-Quadruped/install/controls:/home/sbpena01/GitHub/RBE550-Quadruped/src/install/control:/opt/ros/jazzy/opt/gz_sim_vendor:/opt/ros/jazzy/opt/gz_sensors_vendor:/opt/ros/jazzy/opt/gz_physics_vendor:/opt/ros/jazzy/opt/sdformat_vendor:/opt/ros/jazzy/opt/gz_gui_vendor:/opt/ros/jazzy/opt/gz_transport_vendor:/opt/ros/jazzy/opt/gz_rendering_vendor:/opt/ros/jazzy/opt/gz_plugin_vendor:/opt/ros/jazzy/opt/gz_fuel_tools_vendor:/opt/ros/jazzy/opt/gz_msgs_vendor:/opt/ros/jazzy/opt/gz_common_vendor:/opt/ros/jazzy/opt/gz_math_vendor:/opt/ros/jazzy/opt/gz_utils_vendor:/opt/ros/jazzy/opt/gz_tools_vendor:/opt/ros/jazzy/opt/gz_ogre_next_vendor:/opt/ros/jazzy/opt/gz_dartsim_vendor:/opt/ros/jazzy/opt/gz_cmake_vendor:/opt/ros/jazzy:/home/sbpena01/GitHub/RBE521-Quadruped-Robot/devel DEBUGINFOD_URLS=https://debuginfod.ubuntu.com /usr/bin/cmake --build /home/sbpena01/GitHub/RBE550-Quadruped/build/controls -- -j12 -l12
[0.360s] DEBUG:colcon.colcon_core.event_handler.log_command:Invoking command in '/home/sbpena01/GitHub/RBE550-Quadruped/build/controls': CMAKE_PREFIX_PATH=/home/sbpena01/GitHub/RBE550-Quadruped/src/install/controls:/home/sbpena01/GitHub/RBE550-Quadruped/install/controls:/home/sbpena01/GitHub/RBE550-Quadruped/src/install/control:/opt/ros/jazzy/opt/gz_sim_vendor:/opt/ros/jazzy/opt/gz_sensors_vendor:/opt/ros/jazzy/opt/gz_physics_vendor:/opt/ros/jazzy/opt/sdformat_vendor:/opt/ros/jazzy/opt/gz_gui_vendor:/opt/ros/jazzy/opt/gz_transport_vendor:/opt/ros/jazzy/opt/gz_rendering_vendor:/opt/ros/jazzy/opt/gz_plugin_vendor:/opt/ros/jazzy/opt/gz_fuel_tools_vendor:/opt/ros/jazzy/opt/gz_msgs_vendor:/opt/ros/jazzy/opt/gz_common_vendor:/opt/ros/jazzy/opt/gz_math_vendor:/opt/ros/jazzy/opt/gz_utils_vendor:/opt/ros/jazzy/opt/gz_tools_vendor:/opt/ros/jazzy/opt/gz_ogre_next_vendor:/opt/ros/jazzy/opt/gz_dartsim_vendor:/opt/ros/jazzy/opt/gz_cmake_vendor:/opt/ros/jazzy:/home/sbpena01/GitHub/RBE521-Quadruped-Robot/devel DEBUGINFOD_URLS=https://debuginfod.ubuntu.com /usr/bin/cmake --install /home/sbpena01/GitHub/RBE550-Quadruped/build/controls
[0.371s] Level 1:colcon.colcon_core.environment:create_environment_scripts_only(controls)
[0.371s] DEBUG:colcon.colcon_core.event_handler.log_command:Invoked command in '/home/sbpena01/GitHub/RBE550-Quadruped/build/controls' returned '0': CMAKE_PREFIX_PATH=/home/sbpena01/GitHub/RBE550-Quadruped/src/install/controls:/home/sbpena01/GitHub/RBE550-Quadruped/install/controls:/home/sbpena01/GitHub/RBE550-Quadruped/src/install/control:/opt/ros/jazzy/opt/gz_sim_vendor:/opt/ros/jazzy/opt/gz_sensors_vendor:/opt/ros/jazzy/opt/gz_physics_vendor:/opt/ros/jazzy/opt/sdformat_vendor:/opt/ros/jazzy/opt/gz_gui_vendor:/opt/ros/jazzy/opt/gz_transport_vendor:/opt/ros/jazzy/opt/gz_rendering_vendor:/opt/ros/jazzy/opt/gz_plugin_vendor:/opt/ros/jazzy/opt/gz_fuel_tools_vendor:/opt/ros/jazzy/opt/gz_msgs_vendor:/opt/ros/jazzy/opt/gz_common_vendor:/opt/ros/jazzy/opt/gz_math_vendor:/opt/ros/jazzy/opt/gz_utils_vendor:/opt/ros/jazzy/opt/gz_tools_vendor:/opt/ros/jazzy/opt/gz_ogre_next_vendor:/opt/ros/jazzy/opt/gz_dartsim_vendor:/opt/ros/jazzy/opt/gz_cmake_vendor:/opt/ros/jazzy:/home/sbpena01/GitHub/RBE521-Quadruped-Robot/devel DEBUGINFOD_URLS=https://debuginfod.ubuntu.com /usr/bin/cmake --install /home/sbpena01/GitHub/RBE550-Quadruped/build/controls
[0.373s] Level 1:colcon.colcon_core.environment:checking '/home/sbpena01/GitHub/RBE550-Quadruped/install/controls' for CMake module files
[0.374s] Level 1:colcon.colcon_core.environment:checking '/home/sbpena01/GitHub/RBE550-Quadruped/install/controls' for CMake config files
[0.374s] Level 1:colcon.colcon_core.shell:create_environment_hook('controls', 'cmake_prefix_path')
[0.374s] INFO:colcon.colcon_core.shell:Creating environment hook '/home/sbpena01/GitHub/RBE550-Quadruped/install/controls/share/controls/hook/cmake_prefix_path.ps1'
[0.375s] INFO:colcon.colcon_core.shell:Creating environment descriptor '/home/sbpena01/GitHub/RBE550-Quadruped/install/controls/share/controls/hook/cmake_prefix_path.dsv'
[0.375s] INFO:colcon.colcon_core.shell:Creating environment hook '/home/sbpena01/GitHub/RBE550-Quadruped/install/controls/share/controls/hook/cmake_prefix_path.sh'
[0.376s] Level 1:colcon.colcon_core.environment:checking '/home/sbpena01/GitHub/RBE550-Quadruped/install/controls/lib'
[0.376s] Level 1:colcon.colcon_core.environment:checking '/home/sbpena01/GitHub/RBE550-Quadruped/install/controls/bin'
[0.376s] Level 1:colcon.colcon_core.environment:checking '/home/sbpena01/GitHub/RBE550-Quadruped/install/controls/lib/pkgconfig/controls.pc'
[0.377s] Level 1:colcon.colcon_core.environment:checking '/home/sbpena01/GitHub/RBE550-Quadruped/install/controls/lib/python3.12/site-packages'
[0.377s] Level 1:colcon.colcon_core.environment:checking '/home/sbpena01/GitHub/RBE550-Quadruped/install/controls/bin'
[0.377s] INFO:colcon.colcon_core.shell:Creating package script '/home/sbpena01/GitHub/RBE550-Quadruped/install/controls/share/controls/package.ps1'
[0.378s] INFO:colcon.colcon_core.shell:Creating package descriptor '/home/sbpena01/GitHub/RBE550-Quadruped/install/controls/share/controls/package.dsv'
[0.378s] INFO:colcon.colcon_core.shell:Creating package script '/home/sbpena01/GitHub/RBE550-Quadruped/install/controls/share/controls/package.sh'
[0.379s] INFO:colcon.colcon_core.shell:Creating package script '/home/sbpena01/GitHub/RBE550-Quadruped/install/controls/share/controls/package.bash'
[0.379s] INFO:colcon.colcon_core.shell:Creating package script '/home/sbpena01/GitHub/RBE550-Quadruped/install/controls/share/controls/package.zsh'
[0.380s] Level 1:colcon.colcon_core.environment:create_file_with_runtime_dependencies(/home/sbpena01/GitHub/RBE550-Quadruped/install/controls/share/colcon-core/packages/controls)
[0.418s] Level 1:colcon.colcon_core.environment:create_environment_scripts_only(controls)
[0.418s] Level 1:colcon.colcon_core.environment:checking '/home/sbpena01/GitHub/RBE550-Quadruped/install/controls' for CMake module files
[0.419s] Level 1:colcon.colcon_core.environment:checking '/home/sbpena01/GitHub/RBE550-Quadruped/install/controls' for CMake config files
[0.419s] Level 1:colcon.colcon_core.shell:create_environment_hook('controls', 'cmake_prefix_path')
[0.419s] INFO:colcon.colcon_core.shell:Creating environment hook '/home/sbpena01/GitHub/RBE550-Quadruped/install/controls/share/controls/hook/cmake_prefix_path.ps1'
[0.420s] INFO:colcon.colcon_core.shell:Creating environment descriptor '/home/sbpena01/GitHub/RBE550-Quadruped/install/controls/share/controls/hook/cmake_prefix_path.dsv'
[0.420s] INFO:colcon.colcon_core.shell:Creating environment hook '/home/sbpena01/GitHub/RBE550-Quadruped/install/controls/share/controls/hook/cmake_prefix_path.sh'
[0.421s] Level 1:colcon.colcon_core.environment:checking '/home/sbpena01/GitHub/RBE550-Quadruped/install/controls/lib'
[0.421s] Level 1:colcon.colcon_core.environment:checking '/home/sbpena01/GitHub/RBE550-Quadruped/install/controls/bin'
[0.421s] Level 1:colcon.colcon_core.environment:checking '/home/sbpena01/GitHub/RBE550-Quadruped/install/controls/lib/pkgconfig/controls.pc'
[0.422s] Level 1:colcon.colcon_core.environment:checking '/home/sbpena01/GitHub/RBE550-Quadruped/install/controls/lib/python3.12/site-packages'
[0.422s] Level 1:colcon.colcon_core.environment:checking '/home/sbpena01/GitHub/RBE550-Quadruped/install/controls/bin'
[0.423s] INFO:colcon.colcon_core.shell:Creating package script '/home/sbpena01/GitHub/RBE550-Quadruped/install/controls/share/controls/package.ps1'
[0.423s] INFO:colcon.colcon_core.shell:Creating package descriptor '/home/sbpena01/GitHub/RBE550-Quadruped/install/controls/share/controls/package.dsv'
[0.424s] INFO:colcon.colcon_core.shell:Creating package script '/home/sbpena01/GitHub/RBE550-Quadruped/install/controls/share/controls/package.sh'
[0.424s] INFO:colcon.colcon_core.shell:Creating package script '/home/sbpena01/GitHub/RBE550-Quadruped/install/controls/share/controls/package.bash'
[0.425s] INFO:colcon.colcon_core.shell:Creating package script '/home/sbpena01/GitHub/RBE550-Quadruped/install/controls/share/controls/package.zsh'
[0.426s] Level 1:colcon.colcon_core.environment:create_file_with_runtime_dependencies(/home/sbpena01/GitHub/RBE550-Quadruped/install/controls/share/colcon-core/packages/controls)
[0.426s] DEBUG:colcon.colcon_parallel_executor.executor.parallel:closing loop
[0.426s] DEBUG:colcon.colcon_parallel_executor.executor.parallel:loop closed
[0.426s] DEBUG:colcon.colcon_parallel_executor.executor.parallel:run_until_complete finished with '0'
[0.426s] DEBUG:colcon.colcon_core.event_reactor:joining thread
[0.430s] INFO:colcon.colcon_core.plugin_system:Skipping extension 'colcon_notification.desktop_notification.notify2': 'notify2' not found
[0.430s] INFO:colcon.colcon_core.plugin_system:Skipping extension 'colcon_notification.desktop_notification.terminal_notifier': Not used on non-Darwin systems
[0.430s] INFO:colcon.colcon_core.plugin_system:Skipping extension 'colcon_notification.desktop_notification.win32': Not used on non-Windows systems
[0.430s] INFO:colcon.colcon_notification.desktop_notification:Sending desktop notification using 'notify_send'
[0.465s] DEBUG:colcon.colcon_core.event_reactor:joined thread
[0.465s] INFO:colcon.colcon_core.shell:Creating prefix script '/home/sbpena01/GitHub/RBE550-Quadruped/install/local_setup.ps1'
[0.466s] INFO:colcon.colcon_core.shell:Creating prefix util module '/home/sbpena01/GitHub/RBE550-Quadruped/install/_local_setup_util_ps1.py'
[0.469s] INFO:colcon.colcon_core.shell:Creating prefix chain script '/home/sbpena01/GitHub/RBE550-Quadruped/install/setup.ps1'
[0.470s] INFO:colcon.colcon_core.shell:Creating prefix script '/home/sbpena01/GitHub/RBE550-Quadruped/install/local_setup.sh'
[0.472s] INFO:colcon.colcon_core.shell:Creating prefix util module '/home/sbpena01/GitHub/RBE550-Quadruped/install/_local_setup_util_sh.py'
[0.473s] INFO:colcon.colcon_core.shell:Creating prefix chain script '/home/sbpena01/GitHub/RBE550-Quadruped/install/setup.sh'
[0.476s] INFO:colcon.colcon_core.shell:Creating prefix script '/home/sbpena01/GitHub/RBE550-Quadruped/install/local_setup.bash'
[0.477s] INFO:colcon.colcon_core.shell:Creating prefix chain script '/home/sbpena01/GitHub/RBE550-Quadruped/install/setup.bash'
[0.479s] INFO:colcon.colcon_core.shell:Creating prefix script '/home/sbpena01/GitHub/RBE550-Quadruped/install/local_setup.zsh'
[0.480s] INFO:colcon.colcon_core.shell:Creating prefix chain script '/home/sbpena01/GitHub/RBE550-Quadruped/install/setup.zsh'
