[2.512s] Invoking command in '/home/jarothenberg/Documents/GitHub/RBE550-Quadruped/src/leg_controls': DEBUGINFOD_URLS=https://debuginfod.ubuntu.com PYTHONPATH=/home/jarothenberg/Documents/GitHub/RBE550-Quadruped/build/leg_controls/prefix_override:/usr/lib/python3/dist-packages/colcon_core/task/python/colcon_distutils_commands:/home/jarothenberg/Documents/GitHub/RBE550-Quadruped/install/leg_controls/lib/python3.12/site-packages:/home/jarothenberg/Documents/GitHub/RBE550-Quadruped/install/custom_interface/lib/python3.12/site-packages:/home/jarothenberg/Documents/GitHub/RBE550-Quadruped/install/sensors/lib/python3.12/site-packages:/home/jarothenberg/Documents/GitHub/RBE550-Quadruped/install/robot_sim/lib/python3.12/site-packages:/home/jarothenberg/Documents/GitHub/RBE550-Quadruped/install/robot_description/lib/python3.12/site-packages:/home/jarothenberg/Documents/GitHub/RBE550-Quadruped/install/quadruped/lib/python3.12/site-packages:/home/jarothenberg/Documents/GitHub/RBE550-Quadruped/install/motion_planner/lib/python3.12/site-packages:/home/jarothenberg/Documents/GitHub/RBE550-Quadruped/install/leg_controls/lib/python3.12/site-packages:/home/jarothenberg/Documents/GitHub/RBE550-Quadruped/install/center_of_mass/lib/python3.12/site-packages:/opt/ros/jazzy/lib/python3.12/site-packages /usr/bin/python3 -W ignore:setup.py install is deprecated -W ignore:easy_install command is deprecated setup.py egg_info --egg-base ../../build/leg_controls build --build-base /home/jarothenberg/Documents/GitHub/RBE550-Quadruped/build/leg_controls/build install --record /home/jarothenberg/Documents/GitHub/RBE550-Quadruped/build/leg_controls/install.log --single-version-externally-managed install_data
[3.133s] running egg_info
[3.177s] writing ../../build/leg_controls/leg_controls.egg-info/PKG-INFO
[3.178s] writing dependency_links to ../../build/leg_controls/leg_controls.egg-info/dependency_links.txt
[3.178s] writing entry points to ../../build/leg_controls/leg_controls.egg-info/entry_points.txt
[3.178s] writing requirements to ../../build/leg_controls/leg_controls.egg-info/requires.txt
[3.178s] writing top-level names to ../../build/leg_controls/leg_controls.egg-info/top_level.txt
[3.254s] reading manifest file '../../build/leg_controls/leg_controls.egg-info/SOURCES.txt'
[3.254s] adding license file 'LICENSE'
[3.255s] writing manifest file '../../build/leg_controls/leg_controls.egg-info/SOURCES.txt'
[3.255s] running build
[3.255s] running build_py
[3.256s] running install
[3.269s] running install_lib
[3.307s] running install_data
[3.308s] running install_egg_info
[3.352s] removing '/home/jarothenberg/Documents/GitHub/RBE550-Quadruped/install/leg_controls/lib/python3.12/site-packages/leg_controls-0.0.0-py3.12.egg-info' (and everything under it)
[3.352s] Copying ../../build/leg_controls/leg_controls.egg-info to /home/jarothenberg/Documents/GitHub/RBE550-Quadruped/install/leg_controls/lib/python3.12/site-packages/leg_controls-0.0.0-py3.12.egg-info
[3.353s] running install_scripts
[3.637s] Installing FrontLeftLeg script to /home/jarothenberg/Documents/GitHub/RBE550-Quadruped/install/leg_controls/lib/leg_controls
[3.638s] Installing FrontRightLeg script to /home/jarothenberg/Documents/GitHub/RBE550-Quadruped/install/leg_controls/lib/leg_controls
[3.638s] Installing RearLeftLeg script to /home/jarothenberg/Documents/GitHub/RBE550-Quadruped/install/leg_controls/lib/leg_controls
[3.638s] Installing RearRightLeg script to /home/jarothenberg/Documents/GitHub/RBE550-Quadruped/install/leg_controls/lib/leg_controls
[3.639s] Installing gait script to /home/jarothenberg/Documents/GitHub/RBE550-Quadruped/install/leg_controls/lib/leg_controls
[3.639s] Installing leg_init script to /home/jarothenberg/Documents/GitHub/RBE550-Quadruped/install/leg_controls/lib/leg_controls
[3.640s] Installing test_ik script to /home/jarothenberg/Documents/GitHub/RBE550-Quadruped/install/leg_controls/lib/leg_controls
[3.640s] Installing test_movement script to /home/jarothenberg/Documents/GitHub/RBE550-Quadruped/install/leg_controls/lib/leg_controls
[3.640s] writing list of installed files to '/home/jarothenberg/Documents/GitHub/RBE550-Quadruped/build/leg_controls/install.log'
[3.691s] Invoked command in '/home/jarothenberg/Documents/GitHub/RBE550-Quadruped/src/leg_controls' returned '0': DEBUGINFOD_URLS=https://debuginfod.ubuntu.com PYTHONPATH=/home/jarothenberg/Documents/GitHub/RBE550-Quadruped/build/leg_controls/prefix_override:/usr/lib/python3/dist-packages/colcon_core/task/python/colcon_distutils_commands:/home/jarothenberg/Documents/GitHub/RBE550-Quadruped/install/leg_controls/lib/python3.12/site-packages:/home/jarothenberg/Documents/GitHub/RBE550-Quadruped/install/custom_interface/lib/python3.12/site-packages:/home/jarothenberg/Documents/GitHub/RBE550-Quadruped/install/sensors/lib/python3.12/site-packages:/home/jarothenberg/Documents/GitHub/RBE550-Quadruped/install/robot_sim/lib/python3.12/site-packages:/home/jarothenberg/Documents/GitHub/RBE550-Quadruped/install/robot_description/lib/python3.12/site-packages:/home/jarothenberg/Documents/GitHub/RBE550-Quadruped/install/quadruped/lib/python3.12/site-packages:/home/jarothenberg/Documents/GitHub/RBE550-Quadruped/install/motion_planner/lib/python3.12/site-packages:/home/jarothenberg/Documents/GitHub/RBE550-Quadruped/install/leg_controls/lib/python3.12/site-packages:/home/jarothenberg/Documents/GitHub/RBE550-Quadruped/install/center_of_mass/lib/python3.12/site-packages:/opt/ros/jazzy/lib/python3.12/site-packages /usr/bin/python3 -W ignore:setup.py install is deprecated -W ignore:easy_install command is deprecated setup.py egg_info --egg-base ../../build/leg_controls build --build-base /home/jarothenberg/Documents/GitHub/RBE550-Quadruped/build/leg_controls/build install --record /home/jarothenberg/Documents/GitHub/RBE550-Quadruped/build/leg_controls/install.log --single-version-externally-managed install_data
