[1.992s] Invoking command in '/home/scott-pena/GitHub/RBE550-Quadruped/src/motion_planner': DEBUGINFOD_URLS=https://debuginfod.ubuntu.com PYTHONPATH=/home/scott-pena/GitHub/RBE550-Quadruped/build/motion_planner/prefix_override:/usr/lib/python3/dist-packages/colcon_core/task/python/colcon_distutils_commands:/home/scott-pena/GitHub/RBE550-Quadruped/install/motion_planner/lib/python3.12/site-packages:${PYTHONPATH} /usr/bin/python3 -W ignore:setup.py install is deprecated setup.py egg_info --egg-base ../../build/motion_planner build --build-base /home/scott-pena/GitHub/RBE550-Quadruped/build/motion_planner/build install --record /home/scott-pena/GitHub/RBE550-Quadruped/build/motion_planner/install.log --single-version-externally-managed install_data
[2.353s] running egg_info
[2.385s] writing ../../build/motion_planner/motion_planner.egg-info/PKG-INFO
[2.385s] writing dependency_links to ../../build/motion_planner/motion_planner.egg-info/dependency_links.txt
[2.385s] writing entry points to ../../build/motion_planner/motion_planner.egg-info/entry_points.txt
[2.386s] writing requirements to ../../build/motion_planner/motion_planner.egg-info/requires.txt
[2.386s] writing top-level names to ../../build/motion_planner/motion_planner.egg-info/top_level.txt
[2.450s] reading manifest file '../../build/motion_planner/motion_planner.egg-info/SOURCES.txt'
[2.451s] adding license file 'LICENSE'
[2.451s] writing manifest file '../../build/motion_planner/motion_planner.egg-info/SOURCES.txt'
[2.452s] running build
[2.452s] running build_py
[2.452s] running install
[2.459s] running install_lib
[2.491s] running install_data
[2.491s] copying package.xml -> /home/scott-pena/GitHub/RBE550-Quadruped/install/motion_planner/share/motion_planner
[2.492s] running install_egg_info
[2.524s] removing '/home/scott-pena/GitHub/RBE550-Quadruped/install/motion_planner/lib/python3.12/site-packages/motion_planner-0.0.0-py3.12.egg-info' (and everything under it)
[2.525s] Copying ../../build/motion_planner/motion_planner.egg-info to /home/scott-pena/GitHub/RBE550-Quadruped/install/motion_planner/lib/python3.12/site-packages/motion_planner-0.0.0-py3.12.egg-info
[2.526s] running install_scripts
[2.729s] Installing map script to /home/scott-pena/GitHub/RBE550-Quadruped/install/motion_planner/lib/motion_planner
[2.729s] Installing rrt script to /home/scott-pena/GitHub/RBE550-Quadruped/install/motion_planner/lib/motion_planner
[2.730s] writing list of installed files to '/home/scott-pena/GitHub/RBE550-Quadruped/build/motion_planner/install.log'
[2.787s] Invoked command in '/home/scott-pena/GitHub/RBE550-Quadruped/src/motion_planner' returned '0': DEBUGINFOD_URLS=https://debuginfod.ubuntu.com PYTHONPATH=/home/scott-pena/GitHub/RBE550-Quadruped/build/motion_planner/prefix_override:/usr/lib/python3/dist-packages/colcon_core/task/python/colcon_distutils_commands:/home/scott-pena/GitHub/RBE550-Quadruped/install/motion_planner/lib/python3.12/site-packages:${PYTHONPATH} /usr/bin/python3 -W ignore:setup.py install is deprecated setup.py egg_info --egg-base ../../build/motion_planner build --build-base /home/scott-pena/GitHub/RBE550-Quadruped/build/motion_planner/build install --record /home/scott-pena/GitHub/RBE550-Quadruped/build/motion_planner/install.log --single-version-externally-managed install_data
