[1.625s] Invoking command in '/home/jarothenberg/Documents/GitHub/RBE550-Quadruped/src/leg_controls': DEBUGINFOD_URLS=https://debuginfod.ubuntu.com PYTHONPATH=/home/jarothenberg/Documents/GitHub/RBE550-Quadruped/build/leg_controls/prefix_override:/usr/lib/python3/dist-packages/colcon_core/task/python/colcon_distutils_commands:/home/jarothenberg/Documents/GitHub/RBE550-Quadruped/install/leg_controls/lib/python3.12/site-packages:/home/jarothenberg/Documents/GitHub/RBE550-Quadruped/install/custom_interface/lib/python3.12/site-packages:/home/jarothenberg/Documents/GitHub/RBE550-Quadruped/install/sensors/lib/python3.12/site-packages:/home/jarothenberg/Documents/GitHub/RBE550-Quadruped/install/robot_sim/lib/python3.12/site-packages:/home/jarothenberg/Documents/GitHub/RBE550-Quadruped/install/robot_description/lib/python3.12/site-packages:/home/jarothenberg/Documents/GitHub/RBE550-Quadruped/install/quadruped/lib/python3.12/site-packages:/home/jarothenberg/Documents/GitHub/RBE550-Quadruped/install/leg_controls/lib/python3.12/site-packages:/home/jarothenberg/Documents/GitHub/RBE550-Quadruped/install/center_of_mass/lib/python3.12/site-packages:/opt/ros/jazzy/lib/python3.12/site-packages /usr/bin/python3 -W ignore:setup.py install is deprecated -W ignore:easy_install command is deprecated setup.py egg_info --egg-base ../../build/leg_controls build --build-base /home/jarothenberg/Documents/GitHub/RBE550-Quadruped/build/leg_controls/build install --record /home/jarothenberg/Documents/GitHub/RBE550-Quadruped/build/leg_controls/install.log --single-version-externally-managed install_data
[2.021s] running egg_info
[2.050s] writing ../../build/leg_controls/leg_controls.egg-info/PKG-INFO
[2.050s] writing dependency_links to ../../build/leg_controls/leg_controls.egg-info/dependency_links.txt
[2.050s] writing entry points to ../../build/leg_controls/leg_controls.egg-info/entry_points.txt
[2.050s] writing requirements to ../../build/leg_controls/leg_controls.egg-info/requires.txt
[2.051s] writing top-level names to ../../build/leg_controls/leg_controls.egg-info/top_level.txt
[2.107s] reading manifest file '../../build/leg_controls/leg_controls.egg-info/SOURCES.txt'
[2.107s] adding license file 'LICENSE'
[2.108s] writing manifest file '../../build/leg_controls/leg_controls.egg-info/SOURCES.txt'
[2.108s] running build
[2.108s] running build_py
[2.109s] running install
[2.119s] running install_lib
[2.148s] running install_data
[2.149s] running install_egg_info
[2.178s] removing '/home/jarothenberg/Documents/GitHub/RBE550-Quadruped/install/leg_controls/lib/python3.12/site-packages/leg_controls-0.0.0-py3.12.egg-info' (and everything under it)
[2.179s] Copying ../../build/leg_controls/leg_controls.egg-info to /home/jarothenberg/Documents/GitHub/RBE550-Quadruped/install/leg_controls/lib/python3.12/site-packages/leg_controls-0.0.0-py3.12.egg-info
[2.180s] running install_scripts
[2.370s] Installing FrontLeftLeg script to /home/jarothenberg/Documents/GitHub/RBE550-Quadruped/install/leg_controls/lib/leg_controls
[2.370s] Installing FrontRightLeg script to /home/jarothenberg/Documents/GitHub/RBE550-Quadruped/install/leg_controls/lib/leg_controls
[2.370s] Installing RearLeftLeg script to /home/jarothenberg/Documents/GitHub/RBE550-Quadruped/install/leg_controls/lib/leg_controls
[2.370s] Installing RearRightLeg script to /home/jarothenberg/Documents/GitHub/RBE550-Quadruped/install/leg_controls/lib/leg_controls
[2.371s] Installing gait script to /home/jarothenberg/Documents/GitHub/RBE550-Quadruped/install/leg_controls/lib/leg_controls
[2.371s] Installing leg_init script to /home/jarothenberg/Documents/GitHub/RBE550-Quadruped/install/leg_controls/lib/leg_controls
[2.371s] Installing test_ik script to /home/jarothenberg/Documents/GitHub/RBE550-Quadruped/install/leg_controls/lib/leg_controls
[2.371s] Installing test_movement script to /home/jarothenberg/Documents/GitHub/RBE550-Quadruped/install/leg_controls/lib/leg_controls
[2.371s] writing list of installed files to '/home/jarothenberg/Documents/GitHub/RBE550-Quadruped/build/leg_controls/install.log'
[2.408s] Invoked command in '/home/jarothenberg/Documents/GitHub/RBE550-Quadruped/src/leg_controls' returned '0': DEBUGINFOD_URLS=https://debuginfod.ubuntu.com PYTHONPATH=/home/jarothenberg/Documents/GitHub/RBE550-Quadruped/build/leg_controls/prefix_override:/usr/lib/python3/dist-packages/colcon_core/task/python/colcon_distutils_commands:/home/jarothenberg/Documents/GitHub/RBE550-Quadruped/install/leg_controls/lib/python3.12/site-packages:/home/jarothenberg/Documents/GitHub/RBE550-Quadruped/install/custom_interface/lib/python3.12/site-packages:/home/jarothenberg/Documents/GitHub/RBE550-Quadruped/install/sensors/lib/python3.12/site-packages:/home/jarothenberg/Documents/GitHub/RBE550-Quadruped/install/robot_sim/lib/python3.12/site-packages:/home/jarothenberg/Documents/GitHub/RBE550-Quadruped/install/robot_description/lib/python3.12/site-packages:/home/jarothenberg/Documents/GitHub/RBE550-Quadruped/install/quadruped/lib/python3.12/site-packages:/home/jarothenberg/Documents/GitHub/RBE550-Quadruped/install/leg_controls/lib/python3.12/site-packages:/home/jarothenberg/Documents/GitHub/RBE550-Quadruped/install/center_of_mass/lib/python3.12/site-packages:/opt/ros/jazzy/lib/python3.12/site-packages /usr/bin/python3 -W ignore:setup.py install is deprecated -W ignore:easy_install command is deprecated setup.py egg_info --egg-base ../../build/leg_controls build --build-base /home/jarothenberg/Documents/GitHub/RBE550-Quadruped/build/leg_controls/build install --record /home/jarothenberg/Documents/GitHub/RBE550-Quadruped/build/leg_controls/install.log --single-version-externally-managed install_data
