[1.012s] Invoking command in '/home/scott-pena/GitHub/RBE550-Quadruped/src/leg_controls': AMENT_PREFIX_PATH=/home/scott-pena/GitHub/RBE550-Quadruped/install/custom_interface:${AMENT_PREFIX_PATH} CMAKE_PREFIX_PATH=/home/scott-pena/GitHub/RBE550-Quadruped/install/custom_interface:${CMAKE_PREFIX_PATH} DEBUGINFOD_URLS=https://debuginfod.ubuntu.com LD_LIBRARY_PATH=/home/scott-pena/GitHub/RBE550-Quadruped/install/custom_interface/lib:${LD_LIBRARY_PATH} PYTHONPATH=/home/scott-pena/GitHub/RBE550-Quadruped/build/leg_controls/prefix_override:/usr/lib/python3/dist-packages/colcon_core/task/python/colcon_distutils_commands:/home/scott-pena/GitHub/RBE550-Quadruped/install/leg_controls/lib/python3.12/site-packages:/home/scott-pena/GitHub/RBE550-Quadruped/install/custom_interface/lib/python3.12/site-packages:${PYTHONPATH} /usr/bin/python3 -W ignore:setup.py install is deprecated setup.py egg_info --egg-base ../../build/leg_controls build --build-base /home/scott-pena/GitHub/RBE550-Quadruped/build/leg_controls/build install --record /home/scott-pena/GitHub/RBE550-Quadruped/build/leg_controls/install.log --single-version-externally-managed install_data
[1.362s] running egg_info
[1.406s] writing ../../build/leg_controls/leg_controls.egg-info/PKG-INFO
[1.406s] writing dependency_links to ../../build/leg_controls/leg_controls.egg-info/dependency_links.txt
[1.406s] writing entry points to ../../build/leg_controls/leg_controls.egg-info/entry_points.txt
[1.406s] writing requirements to ../../build/leg_controls/leg_controls.egg-info/requires.txt
[1.406s] writing top-level names to ../../build/leg_controls/leg_controls.egg-info/top_level.txt
[1.477s] reading manifest file '../../build/leg_controls/leg_controls.egg-info/SOURCES.txt'
[1.477s] adding license file 'LICENSE'
[1.477s] writing manifest file '../../build/leg_controls/leg_controls.egg-info/SOURCES.txt'
[1.477s] running build
[1.478s] running build_py
[1.478s] copying leg_controls/Leg.py -> /home/scott-pena/GitHub/RBE550-Quadruped/build/leg_controls/build/lib/leg_controls
[1.478s] running install
[1.484s] running install_lib
[1.515s] copying /home/scott-pena/GitHub/RBE550-Quadruped/build/leg_controls/build/lib/leg_controls/Leg.py -> /home/scott-pena/GitHub/RBE550-Quadruped/install/leg_controls/lib/python3.12/site-packages/leg_controls
[1.516s] byte-compiling /home/scott-pena/GitHub/RBE550-Quadruped/install/leg_controls/lib/python3.12/site-packages/leg_controls/Leg.py to Leg.cpython-312.pyc
[1.517s] running install_data
[1.517s] copying leg_controls/Leg.py -> /home/scott-pena/GitHub/RBE550-Quadruped/install/leg_controls/lib/leg_controls
[1.518s] running install_egg_info
[1.549s] removing '/home/scott-pena/GitHub/RBE550-Quadruped/install/leg_controls/lib/python3.12/site-packages/leg_controls-0.0.0-py3.12.egg-info' (and everything under it)
[1.549s] Copying ../../build/leg_controls/leg_controls.egg-info to /home/scott-pena/GitHub/RBE550-Quadruped/install/leg_controls/lib/python3.12/site-packages/leg_controls-0.0.0-py3.12.egg-info
[1.550s] running install_scripts
[1.734s] Installing FrontLeftLeg script to /home/scott-pena/GitHub/RBE550-Quadruped/install/leg_controls/lib/leg_controls
[1.734s] Installing FrontRightLeg script to /home/scott-pena/GitHub/RBE550-Quadruped/install/leg_controls/lib/leg_controls
[1.734s] Installing RearLeftLeg script to /home/scott-pena/GitHub/RBE550-Quadruped/install/leg_controls/lib/leg_controls
[1.735s] Installing RearRightLeg script to /home/scott-pena/GitHub/RBE550-Quadruped/install/leg_controls/lib/leg_controls
[1.735s] Installing gait script to /home/scott-pena/GitHub/RBE550-Quadruped/install/leg_controls/lib/leg_controls
[1.735s] Installing leg_init script to /home/scott-pena/GitHub/RBE550-Quadruped/install/leg_controls/lib/leg_controls
[1.735s] Installing test_ik script to /home/scott-pena/GitHub/RBE550-Quadruped/install/leg_controls/lib/leg_controls
[1.735s] Installing test_movement script to /home/scott-pena/GitHub/RBE550-Quadruped/install/leg_controls/lib/leg_controls
[1.735s] writing list of installed files to '/home/scott-pena/GitHub/RBE550-Quadruped/build/leg_controls/install.log'
[1.758s] Invoked command in '/home/scott-pena/GitHub/RBE550-Quadruped/src/leg_controls' returned '0': AMENT_PREFIX_PATH=/home/scott-pena/GitHub/RBE550-Quadruped/install/custom_interface:${AMENT_PREFIX_PATH} CMAKE_PREFIX_PATH=/home/scott-pena/GitHub/RBE550-Quadruped/install/custom_interface:${CMAKE_PREFIX_PATH} DEBUGINFOD_URLS=https://debuginfod.ubuntu.com LD_LIBRARY_PATH=/home/scott-pena/GitHub/RBE550-Quadruped/install/custom_interface/lib:${LD_LIBRARY_PATH} PYTHONPATH=/home/scott-pena/GitHub/RBE550-Quadruped/build/leg_controls/prefix_override:/usr/lib/python3/dist-packages/colcon_core/task/python/colcon_distutils_commands:/home/scott-pena/GitHub/RBE550-Quadruped/install/leg_controls/lib/python3.12/site-packages:/home/scott-pena/GitHub/RBE550-Quadruped/install/custom_interface/lib/python3.12/site-packages:${PYTHONPATH} /usr/bin/python3 -W ignore:setup.py install is deprecated setup.py egg_info --egg-base ../../build/leg_controls build --build-base /home/scott-pena/GitHub/RBE550-Quadruped/build/leg_controls/build install --record /home/scott-pena/GitHub/RBE550-Quadruped/build/leg_controls/install.log --single-version-externally-managed install_data
