[0.906s] Invoking command in '/home/jarothenberg/Documents/GitHub/RBE550-Quadruped/src/quadruped': DEBUGINFOD_URLS=https://debuginfod.ubuntu.com PYTHONPATH=/home/jarothenberg/Documents/GitHub/RBE550-Quadruped/build/quadruped/prefix_override:/usr/lib/python3/dist-packages/colcon_core/task/python/colcon_distutils_commands:/home/jarothenberg/Documents/GitHub/RBE550-Quadruped/install/quadruped/lib/python3.12/site-packages:${PYTHONPATH} /usr/bin/python3 -W ignore:setup.py install is deprecated -W ignore:easy_install command is deprecated setup.py egg_info --egg-base ../../build/quadruped build --build-base /home/jarothenberg/Documents/GitHub/RBE550-Quadruped/build/quadruped/build install --record /home/jarothenberg/Documents/GitHub/RBE550-Quadruped/build/quadruped/install.log --single-version-externally-managed install_data
[1.055s] running egg_info
[1.065s] writing ../../build/quadruped/quadruped.egg-info/PKG-INFO
[1.065s] writing dependency_links to ../../build/quadruped/quadruped.egg-info/dependency_links.txt
[1.066s] writing entry points to ../../build/quadruped/quadruped.egg-info/entry_points.txt
[1.066s] writing requirements to ../../build/quadruped/quadruped.egg-info/requires.txt
[1.066s] writing top-level names to ../../build/quadruped/quadruped.egg-info/top_level.txt
[1.086s] reading manifest file '../../build/quadruped/quadruped.egg-info/SOURCES.txt'
[1.086s] adding license file 'LICENSE'
[1.086s] writing manifest file '../../build/quadruped/quadruped.egg-info/SOURCES.txt'
[1.086s] running build
[1.086s] running build_py
[1.087s] copying quadruped/Quadruped.py -> /home/jarothenberg/Documents/GitHub/RBE550-Quadruped/build/quadruped/build/lib/quadruped
[1.087s] running install
[1.091s] running install_lib
[1.102s] copying /home/jarothenberg/Documents/GitHub/RBE550-Quadruped/build/quadruped/build/lib/quadruped/Quadruped.py -> /home/jarothenberg/Documents/GitHub/RBE550-Quadruped/install/quadruped/lib/python3.12/site-packages/quadruped
[1.102s] byte-compiling /home/jarothenberg/Documents/GitHub/RBE550-Quadruped/install/quadruped/lib/python3.12/site-packages/quadruped/Quadruped.py to Quadruped.cpython-312.pyc
[1.103s] running install_data
[1.103s] running install_egg_info
[1.115s] removing '/home/jarothenberg/Documents/GitHub/RBE550-Quadruped/install/quadruped/lib/python3.12/site-packages/quadruped-0.0.0-py3.12.egg-info' (and everything under it)
[1.115s] Copying ../../build/quadruped/quadruped.egg-info to /home/jarothenberg/Documents/GitHub/RBE550-Quadruped/install/quadruped/lib/python3.12/site-packages/quadruped-0.0.0-py3.12.egg-info
[1.116s] running install_scripts
[1.186s] Installing quadruped script to /home/jarothenberg/Documents/GitHub/RBE550-Quadruped/install/quadruped/lib/quadruped
[1.186s] writing list of installed files to '/home/jarothenberg/Documents/GitHub/RBE550-Quadruped/build/quadruped/install.log'
