[2.184s] Invoking command in '/home/scott-pena/GitHub/RBE550-Quadruped/src/quadruped': DEBUGINFOD_URLS=https://debuginfod.ubuntu.com PYTHONPATH=/home/scott-pena/GitHub/RBE550-Quadruped/build/quadruped/prefix_override:/usr/lib/python3/dist-packages/colcon_core/task/python/colcon_distutils_commands:/home/scott-pena/GitHub/RBE550-Quadruped/install/quadruped/lib/python3.12/site-packages:${PYTHONPATH} /usr/bin/python3 -W ignore:setup.py install is deprecated setup.py egg_info --egg-base ../../build/quadruped build --build-base /home/scott-pena/GitHub/RBE550-Quadruped/build/quadruped/build install --record /home/scott-pena/GitHub/RBE550-Quadruped/build/quadruped/install.log --single-version-externally-managed install_data
[2.628s] running egg_info
[2.667s] writing ../../build/quadruped/quadruped.egg-info/PKG-INFO
[2.668s] writing dependency_links to ../../build/quadruped/quadruped.egg-info/dependency_links.txt
[2.668s] writing entry points to ../../build/quadruped/quadruped.egg-info/entry_points.txt
[2.668s] writing requirements to ../../build/quadruped/quadruped.egg-info/requires.txt
[2.668s] writing top-level names to ../../build/quadruped/quadruped.egg-info/top_level.txt
[2.745s] reading manifest file '../../build/quadruped/quadruped.egg-info/SOURCES.txt'
[2.745s] adding license file 'LICENSE'
[2.746s] writing manifest file '../../build/quadruped/quadruped.egg-info/SOURCES.txt'
[2.746s] running build
[2.746s] running build_py
[2.747s] running install
[2.753s] running install_lib
[2.794s] running install_data
[2.794s] running install_egg_info
[2.835s] removing '/home/scott-pena/GitHub/RBE550-Quadruped/install/quadruped/lib/python3.12/site-packages/quadruped-0.0.0-py3.12.egg-info' (and everything under it)
[2.835s] Copying ../../build/quadruped/quadruped.egg-info to /home/scott-pena/GitHub/RBE550-Quadruped/install/quadruped/lib/python3.12/site-packages/quadruped-0.0.0-py3.12.egg-info
[2.836s] running install_scripts
[3.065s] Installing quadruped script to /home/scott-pena/GitHub/RBE550-Quadruped/install/quadruped/lib/quadruped
[3.066s] writing list of installed files to '/home/scott-pena/GitHub/RBE550-Quadruped/build/quadruped/install.log'
[3.108s] Invoked command in '/home/scott-pena/GitHub/RBE550-Quadruped/src/quadruped' returned '0': DEBUGINFOD_URLS=https://debuginfod.ubuntu.com PYTHONPATH=/home/scott-pena/GitHub/RBE550-Quadruped/build/quadruped/prefix_override:/usr/lib/python3/dist-packages/colcon_core/task/python/colcon_distutils_commands:/home/scott-pena/GitHub/RBE550-Quadruped/install/quadruped/lib/python3.12/site-packages:${PYTHONPATH} /usr/bin/python3 -W ignore:setup.py install is deprecated setup.py egg_info --egg-base ../../build/quadruped build --build-base /home/scott-pena/GitHub/RBE550-Quadruped/build/quadruped/build install --record /home/scott-pena/GitHub/RBE550-Quadruped/build/quadruped/install.log --single-version-externally-managed install_data
