[1.006s] Invoking command in '/home/scott-pena/GitHub/RBE550-Quadruped/src/center_of_mass': DEBUGINFOD_URLS=https://debuginfod.ubuntu.com PYTHONPATH=/home/scott-pena/GitHub/RBE550-Quadruped/build/center_of_mass/prefix_override:/usr/lib/python3/dist-packages/colcon_core/task/python/colcon_distutils_commands:/home/scott-pena/GitHub/RBE550-Quadruped/install/center_of_mass/lib/python3.12/site-packages:${PYTHONPATH} /usr/bin/python3 -W ignore:setup.py install is deprecated setup.py egg_info --egg-base ../../build/center_of_mass build --build-base /home/scott-pena/GitHub/RBE550-Quadruped/build/center_of_mass/build install --record /home/scott-pena/GitHub/RBE550-Quadruped/build/center_of_mass/install.log --single-version-externally-managed install_data
[1.354s] running egg_info
[1.384s] writing ../../build/center_of_mass/center_of_mass.egg-info/PKG-INFO
[1.384s] writing dependency_links to ../../build/center_of_mass/center_of_mass.egg-info/dependency_links.txt
[1.384s] writing entry points to ../../build/center_of_mass/center_of_mass.egg-info/entry_points.txt
[1.385s] writing requirements to ../../build/center_of_mass/center_of_mass.egg-info/requires.txt
[1.385s] writing top-level names to ../../build/center_of_mass/center_of_mass.egg-info/top_level.txt
[1.445s] reading manifest file '../../build/center_of_mass/center_of_mass.egg-info/SOURCES.txt'
[1.445s] adding license file 'LICENSE'
[1.446s] writing manifest file '../../build/center_of_mass/center_of_mass.egg-info/SOURCES.txt'
[1.446s] running build
[1.446s] running build_py
[1.446s] copying center_of_mass/CenterOfMass.py -> /home/scott-pena/GitHub/RBE550-Quadruped/build/center_of_mass/build/lib/center_of_mass
[1.446s] running install
[1.452s] running install_lib
[1.482s] copying /home/scott-pena/GitHub/RBE550-Quadruped/build/center_of_mass/build/lib/center_of_mass/CenterOfMass.py -> /home/scott-pena/GitHub/RBE550-Quadruped/install/center_of_mass/lib/python3.12/site-packages/center_of_mass
[1.482s] byte-compiling /home/scott-pena/GitHub/RBE550-Quadruped/install/center_of_mass/lib/python3.12/site-packages/center_of_mass/CenterOfMass.py to CenterOfMass.cpython-312.pyc
[1.483s] running install_data
[1.483s] running install_egg_info
[1.514s] removing '/home/scott-pena/GitHub/RBE550-Quadruped/install/center_of_mass/lib/python3.12/site-packages/center_of_mass-0.0.0-py3.12.egg-info' (and everything under it)
[1.514s] Copying ../../build/center_of_mass/center_of_mass.egg-info to /home/scott-pena/GitHub/RBE550-Quadruped/install/center_of_mass/lib/python3.12/site-packages/center_of_mass-0.0.0-py3.12.egg-info
[1.515s] running install_scripts
[1.698s] Installing CoM script to /home/scott-pena/GitHub/RBE550-Quadruped/install/center_of_mass/lib/center_of_mass
[1.698s] writing list of installed files to '/home/scott-pena/GitHub/RBE550-Quadruped/build/center_of_mass/install.log'
[1.720s] Invoked command in '/home/scott-pena/GitHub/RBE550-Quadruped/src/center_of_mass' returned '0': DEBUGINFOD_URLS=https://debuginfod.ubuntu.com PYTHONPATH=/home/scott-pena/GitHub/RBE550-Quadruped/build/center_of_mass/prefix_override:/usr/lib/python3/dist-packages/colcon_core/task/python/colcon_distutils_commands:/home/scott-pena/GitHub/RBE550-Quadruped/install/center_of_mass/lib/python3.12/site-packages:${PYTHONPATH} /usr/bin/python3 -W ignore:setup.py install is deprecated setup.py egg_info --egg-base ../../build/center_of_mass build --build-base /home/scott-pena/GitHub/RBE550-Quadruped/build/center_of_mass/build install --record /home/scott-pena/GitHub/RBE550-Quadruped/build/center_of_mass/install.log --single-version-externally-managed install_data
