[1.191s] Invoking command in '/home/scott-pena/GitHub/RBE550-Quadruped/src/sensors': DEBUGINFOD_URLS=https://debuginfod.ubuntu.com PYTHONPATH=/home/scott-pena/GitHub/RBE550-Quadruped/build/sensors/prefix_override:/usr/lib/python3/dist-packages/colcon_core/task/python/colcon_distutils_commands:/home/scott-pena/GitHub/RBE550-Quadruped/install/sensors/lib/python3.12/site-packages:/home/scott-pena/GitHub/RBE550-Quadruped/install/custom_interface/lib/python3.12/site-packages:/home/scott-pena/GitHub/RBE550-Quadruped/install/sensors/lib/python3.12/site-packages:/home/scott-pena/GitHub/RBE550-Quadruped/install/robot_sim/lib/python3.12/site-packages:/home/scott-pena/GitHub/RBE550-Quadruped/install/robot_description/lib/python3.12/site-packages:/home/scott-pena/GitHub/RBE550-Quadruped/install/py_pubsub/lib/python3.12/site-packages:/home/scott-pena/GitHub/RBE550-Quadruped/install/leg_controls/lib/python3.12/site-packages:/opt/ros/jazzy/lib/python3.12/site-packages /usr/bin/python3 -W ignore:setup.py install is deprecated setup.py egg_info --egg-base ../../build/sensors build --build-base /home/scott-pena/GitHub/RBE550-Quadruped/build/sensors/build install --record /home/scott-pena/GitHub/RBE550-Quadruped/build/sensors/install.log --single-version-externally-managed install_data
[1.505s] running egg_info
[1.532s] writing ../../build/sensors/sensors.egg-info/PKG-INFO
[1.532s] writing dependency_links to ../../build/sensors/sensors.egg-info/dependency_links.txt
[1.532s] writing requirements to ../../build/sensors/sensors.egg-info/requires.txt
[1.532s] writing top-level names to ../../build/sensors/sensors.egg-info/top_level.txt
[1.586s] reading manifest file '../../build/sensors/sensors.egg-info/SOURCES.txt'
[1.586s] adding license file 'LICENSE'
[1.587s] writing manifest file '../../build/sensors/sensors.egg-info/SOURCES.txt'
[1.587s] running build
[1.587s] running build_py
[1.587s] running install
[1.592s] running install_lib
[1.620s] running install_data
[1.621s] running install_egg_info
[1.648s] removing '/home/scott-pena/GitHub/RBE550-Quadruped/install/sensors/lib/python3.12/site-packages/sensors-0.0.0-py3.12.egg-info' (and everything under it)
[1.649s] Copying ../../build/sensors/sensors.egg-info to /home/scott-pena/GitHub/RBE550-Quadruped/install/sensors/lib/python3.12/site-packages/sensors-0.0.0-py3.12.egg-info
[1.650s] running install_scripts
[1.816s] writing list of installed files to '/home/scott-pena/GitHub/RBE550-Quadruped/build/sensors/install.log'
[1.835s] Invoked command in '/home/scott-pena/GitHub/RBE550-Quadruped/src/sensors' returned '0': DEBUGINFOD_URLS=https://debuginfod.ubuntu.com PYTHONPATH=/home/scott-pena/GitHub/RBE550-Quadruped/build/sensors/prefix_override:/usr/lib/python3/dist-packages/colcon_core/task/python/colcon_distutils_commands:/home/scott-pena/GitHub/RBE550-Quadruped/install/sensors/lib/python3.12/site-packages:/home/scott-pena/GitHub/RBE550-Quadruped/install/custom_interface/lib/python3.12/site-packages:/home/scott-pena/GitHub/RBE550-Quadruped/install/sensors/lib/python3.12/site-packages:/home/scott-pena/GitHub/RBE550-Quadruped/install/robot_sim/lib/python3.12/site-packages:/home/scott-pena/GitHub/RBE550-Quadruped/install/robot_description/lib/python3.12/site-packages:/home/scott-pena/GitHub/RBE550-Quadruped/install/py_pubsub/lib/python3.12/site-packages:/home/scott-pena/GitHub/RBE550-Quadruped/install/leg_controls/lib/python3.12/site-packages:/opt/ros/jazzy/lib/python3.12/site-packages /usr/bin/python3 -W ignore:setup.py install is deprecated setup.py egg_info --egg-base ../../build/sensors build --build-base /home/scott-pena/GitHub/RBE550-Quadruped/build/sensors/build install --record /home/scott-pena/GitHub/RBE550-Quadruped/build/sensors/install.log --single-version-externally-managed install_data
