[0.996s] Invoking command in '/home/scott-pena/GitHub/RBE550-Quadruped/src/center_of_mass': DEBUGINFOD_URLS=https://debuginfod.ubuntu.com PYTHONPATH=/home/scott-pena/GitHub/RBE550-Quadruped/build/center_of_mass/prefix_override:/usr/lib/python3/dist-packages/colcon_core/task/python/colcon_distutils_commands:/home/scott-pena/GitHub/RBE550-Quadruped/install/center_of_mass/lib/python3.12/site-packages:${PYTHONPATH} /usr/bin/python3 -W ignore:setup.py install is deprecated setup.py egg_info --egg-base ../../build/center_of_mass build --build-base /home/scott-pena/GitHub/RBE550-Quadruped/build/center_of_mass/build install --record /home/scott-pena/GitHub/RBE550-Quadruped/build/center_of_mass/install.log --single-version-externally-managed install_data
[1.331s] running egg_info
[1.360s] writing ../../build/center_of_mass/center_of_mass.egg-info/PKG-INFO
[1.360s] writing dependency_links to ../../build/center_of_mass/center_of_mass.egg-info/dependency_links.txt
[1.360s] writing entry points to ../../build/center_of_mass/center_of_mass.egg-info/entry_points.txt
[1.360s] writing requirements to ../../build/center_of_mass/center_of_mass.egg-info/requires.txt
[1.360s] writing top-level names to ../../build/center_of_mass/center_of_mass.egg-info/top_level.txt
[1.420s] reading manifest file '../../build/center_of_mass/center_of_mass.egg-info/SOURCES.txt'
[1.420s] adding license file 'LICENSE'
[1.420s] writing manifest file '../../build/center_of_mass/center_of_mass.egg-info/SOURCES.txt'
[1.421s] running build
[1.421s] running build_py
[1.421s] copying center_of_mass/CenterOfMass.py -> /home/scott-pena/GitHub/RBE550-Quadruped/build/center_of_mass/build/lib/center_of_mass
[1.421s] running install
[1.427s] running install_lib
[1.457s] copying /home/scott-pena/GitHub/RBE550-Quadruped/build/center_of_mass/build/lib/center_of_mass/CenterOfMass.py -> /home/scott-pena/GitHub/RBE550-Quadruped/install/center_of_mass/lib/python3.12/site-packages/center_of_mass
[1.457s] byte-compiling /home/scott-pena/GitHub/RBE550-Quadruped/install/center_of_mass/lib/python3.12/site-packages/center_of_mass/CenterOfMass.py to CenterOfMass.cpython-312.pyc
[1.458s] running install_data
[1.458s] running install_egg_info
[1.492s] removing '/home/scott-pena/GitHub/RBE550-Quadruped/install/center_of_mass/lib/python3.12/site-packages/center_of_mass-0.0.0-py3.12.egg-info' (and everything under it)
[1.493s] Copying ../../build/center_of_mass/center_of_mass.egg-info to /home/scott-pena/GitHub/RBE550-Quadruped/install/center_of_mass/lib/python3.12/site-packages/center_of_mass-0.0.0-py3.12.egg-info
[1.494s] running install_scripts
[1.677s] Installing CoM script to /home/scott-pena/GitHub/RBE550-Quadruped/install/center_of_mass/lib/center_of_mass
[1.677s] writing list of installed files to '/home/scott-pena/GitHub/RBE550-Quadruped/build/center_of_mass/install.log'
[1.701s] Invoked command in '/home/scott-pena/GitHub/RBE550-Quadruped/src/center_of_mass' returned '0': DEBUGINFOD_URLS=https://debuginfod.ubuntu.com PYTHONPATH=/home/scott-pena/GitHub/RBE550-Quadruped/build/center_of_mass/prefix_override:/usr/lib/python3/dist-packages/colcon_core/task/python/colcon_distutils_commands:/home/scott-pena/GitHub/RBE550-Quadruped/install/center_of_mass/lib/python3.12/site-packages:${PYTHONPATH} /usr/bin/python3 -W ignore:setup.py install is deprecated setup.py egg_info --egg-base ../../build/center_of_mass build --build-base /home/scott-pena/GitHub/RBE550-Quadruped/build/center_of_mass/build install --record /home/scott-pena/GitHub/RBE550-Quadruped/build/center_of_mass/install.log --single-version-externally-managed install_data
