[1.006s] Invoking command in '/home/jarothenberg/Documents/GitHub/RBE550-Quadruped/src/center_of_mass': DEBUGINFOD_URLS=https://debuginfod.ubuntu.com PYTHONPATH=/home/jarothenberg/Documents/GitHub/RBE550-Quadruped/build/center_of_mass/prefix_override:/usr/lib/python3/dist-packages/colcon_core/task/python/colcon_distutils_commands:/home/jarothenberg/Documents/GitHub/RBE550-Quadruped/install/center_of_mass/lib/python3.12/site-packages:${PYTHONPATH} /usr/bin/python3 -W ignore:setup.py install is deprecated -W ignore:easy_install command is deprecated setup.py egg_info --egg-base ../../build/center_of_mass build --build-base /home/jarothenberg/Documents/GitHub/RBE550-Quadruped/build/center_of_mass/build install --record /home/jarothenberg/Documents/GitHub/RBE550-Quadruped/build/center_of_mass/install.log --single-version-externally-managed install_data
[1.159s] running egg_info
[1.171s] writing ../../build/center_of_mass/center_of_mass.egg-info/PKG-INFO
[1.171s] writing dependency_links to ../../build/center_of_mass/center_of_mass.egg-info/dependency_links.txt
[1.171s] writing entry points to ../../build/center_of_mass/center_of_mass.egg-info/entry_points.txt
[1.171s] writing requirements to ../../build/center_of_mass/center_of_mass.egg-info/requires.txt
[1.171s] writing top-level names to ../../build/center_of_mass/center_of_mass.egg-info/top_level.txt
[1.194s] reading manifest file '../../build/center_of_mass/center_of_mass.egg-info/SOURCES.txt'
[1.194s] adding license file 'LICENSE'
[1.195s] writing manifest file '../../build/center_of_mass/center_of_mass.egg-info/SOURCES.txt'
[1.195s] running build
[1.195s] running build_py
[1.195s] running install
[1.199s] running install_lib
[1.211s] running install_data
[1.211s] running install_egg_info
[1.224s] removing '/home/jarothenberg/Documents/GitHub/RBE550-Quadruped/install/center_of_mass/lib/python3.12/site-packages/center_of_mass-0.0.0-py3.12.egg-info' (and everything under it)
[1.224s] Copying ../../build/center_of_mass/center_of_mass.egg-info to /home/jarothenberg/Documents/GitHub/RBE550-Quadruped/install/center_of_mass/lib/python3.12/site-packages/center_of_mass-0.0.0-py3.12.egg-info
[1.224s] running install_scripts
[1.301s] Installing CoM script to /home/jarothenberg/Documents/GitHub/RBE550-Quadruped/install/center_of_mass/lib/center_of_mass
[1.301s] writing list of installed files to '/home/jarothenberg/Documents/GitHub/RBE550-Quadruped/build/center_of_mass/install.log'
