[0.817s] Invoking command in '/home/jarothenberg/Documents/GitHub/RBE550-Quadruped/src/py_pubsub': DEBUGINFOD_URLS=https://debuginfod.ubuntu.com PYTHONPATH=/home/jarothenberg/Documents/GitHub/RBE550-Quadruped/build/py_pubsub/prefix_override:/usr/lib/python3/dist-packages/colcon_core/task/python/colcon_distutils_commands:/home/jarothenberg/Documents/GitHub/RBE550-Quadruped/install/py_pubsub/lib/python3.12/site-packages:${PYTHONPATH} /usr/bin/python3 -W ignore:setup.py install is deprecated setup.py egg_info --egg-base ../../build/py_pubsub build --build-base /home/jarothenberg/Documents/GitHub/RBE550-Quadruped/build/py_pubsub/build install --record /home/jarothenberg/Documents/GitHub/RBE550-Quadruped/build/py_pubsub/install.log --single-version-externally-managed install_data
[0.985s] running egg_info
[0.997s] writing ../../build/py_pubsub/py_pubsub.egg-info/PKG-INFO
[0.998s] writing dependency_links to ../../build/py_pubsub/py_pubsub.egg-info/dependency_links.txt
[0.998s] writing entry points to ../../build/py_pubsub/py_pubsub.egg-info/entry_points.txt
[0.998s] writing requirements to ../../build/py_pubsub/py_pubsub.egg-info/requires.txt
[0.998s] writing top-level names to ../../build/py_pubsub/py_pubsub.egg-info/top_level.txt
[1.023s] reading manifest file '../../build/py_pubsub/py_pubsub.egg-info/SOURCES.txt'
[1.024s] adding license file 'LICENSE'
[1.024s] writing manifest file '../../build/py_pubsub/py_pubsub.egg-info/SOURCES.txt'
[1.024s] running build
[1.024s] running build_py
[1.024s] running install
[1.028s] running install_lib
[1.041s] running install_data
[1.041s] running install_egg_info
[1.054s] removing '/home/jarothenberg/Documents/GitHub/RBE550-Quadruped/install/py_pubsub/lib/python3.12/site-packages/py_pubsub-0.0.0-py3.12.egg-info' (and everything under it)
[1.055s] Copying ../../build/py_pubsub/py_pubsub.egg-info to /home/jarothenberg/Documents/GitHub/RBE550-Quadruped/install/py_pubsub/lib/python3.12/site-packages/py_pubsub-0.0.0-py3.12.egg-info
[1.055s] running install_scripts
[1.137s] Installing talker script to /home/jarothenberg/Documents/GitHub/RBE550-Quadruped/install/py_pubsub/lib/py_pubsub
[1.137s] writing list of installed files to '/home/jarothenberg/Documents/GitHub/RBE550-Quadruped/build/py_pubsub/install.log'
[1.163s] Invoked command in '/home/jarothenberg/Documents/GitHub/RBE550-Quadruped/src/py_pubsub' returned '0': DEBUGINFOD_URLS=https://debuginfod.ubuntu.com PYTHONPATH=/home/jarothenberg/Documents/GitHub/RBE550-Quadruped/build/py_pubsub/prefix_override:/usr/lib/python3/dist-packages/colcon_core/task/python/colcon_distutils_commands:/home/jarothenberg/Documents/GitHub/RBE550-Quadruped/install/py_pubsub/lib/python3.12/site-packages:${PYTHONPATH} /usr/bin/python3 -W ignore:setup.py install is deprecated setup.py egg_info --egg-base ../../build/py_pubsub build --build-base /home/jarothenberg/Documents/GitHub/RBE550-Quadruped/build/py_pubsub/build install --record /home/jarothenberg/Documents/GitHub/RBE550-Quadruped/build/py_pubsub/install.log --single-version-externally-managed install_data
