[0.019s] Invoking command in '/home/scott-pena/GitHub/RBE550-Quadruped/build/custom_interface': CMAKE_PREFIX_PATH=${CMAKE_PREFIX_PATH}:/opt/ros/jazzy DEBUGINFOD_URLS=https://debuginfod.ubuntu.com /usr/bin/cmake --build /home/scott-pena/GitHub/RBE550-Quadruped/build/custom_interface -- -j24 -l24
[0.257s] [  2%] Built target custom_interface__rosidl_generator_type_description
[0.257s] [  2%] Built target ament_cmake_python_copy_custom_interface
[0.257s] [  4%] Built target custom_interface__cpp
[0.257s] [ 22%] Built target custom_interface__rosidl_generator_c
[0.257s] [ 40%] Built target custom_interface__rosidl_typesupport_c
[0.257s] [ 40%] Built target custom_interface__rosidl_typesupport_cpp
[0.257s] [ 50%] Built target custom_interface__rosidl_typesupport_fastrtps_c
[0.258s] [ 77%] Built target custom_interface__rosidl_typesupport_introspection_c
[0.258s] [ 77%] Built target custom_interface__rosidl_typesupport_fastrtps_cpp
[0.258s] [ 77%] Built target custom_interface__rosidl_typesupport_introspection_cpp
[0.258s] [ 77%] Built target custom_interface
[0.258s] [ 79%] Built target custom_interface__py
[0.258s] [ 86%] Built target custom_interface__rosidl_generator_py
[0.258s] [ 95%] Built target custom_interface_s__rosidl_typesupport_c
[0.258s] [ 95%] Built target custom_interface_s__rosidl_typesupport_introspection_c
[0.258s] [100%] Built target custom_interface_s__rosidl_typesupport_fastrtps_c
[0.331s] running egg_info
[0.359s] writing custom_interface.egg-info/PKG-INFO
[0.359s] writing dependency_links to custom_interface.egg-info/dependency_links.txt
[0.359s] writing top-level names to custom_interface.egg-info/top_level.txt
[0.441s] reading manifest file 'custom_interface.egg-info/SOURCES.txt'
[0.441s] writing manifest file 'custom_interface.egg-info/SOURCES.txt'
[0.466s] [100%] Built target ament_cmake_python_build_custom_interface_egg
[0.498s] Invoked command in '/home/scott-pena/GitHub/RBE550-Quadruped/build/custom_interface' returned '0': CMAKE_PREFIX_PATH=${CMAKE_PREFIX_PATH}:/opt/ros/jazzy DEBUGINFOD_URLS=https://debuginfod.ubuntu.com /usr/bin/cmake --build /home/scott-pena/GitHub/RBE550-Quadruped/build/custom_interface -- -j24 -l24
[0.599s] Invoking command in '/home/scott-pena/GitHub/RBE550-Quadruped/build/custom_interface': CMAKE_PREFIX_PATH=${CMAKE_PREFIX_PATH}:/opt/ros/jazzy DEBUGINFOD_URLS=https://debuginfod.ubuntu.com /usr/bin/cmake --install /home/scott-pena/GitHub/RBE550-Quadruped/build/custom_interface
[0.609s] -- Install configuration: ""
[0.609s] -- Up-to-date: /home/scott-pena/GitHub/RBE550-Quadruped/install/custom_interface/share/ament_index/resource_index/rosidl_interfaces/custom_interface
[0.609s] -- Up-to-date: /home/scott-pena/GitHub/RBE550-Quadruped/install/custom_interface/share/custom_interface/msg/ImuData.json
[0.609s] -- Up-to-date: /home/scott-pena/GitHub/RBE550-Quadruped/install/custom_interface/share/custom_interface/msg/LegState.json
[0.609s] -- Up-to-date: /home/scott-pena/GitHub/RBE550-Quadruped/install/custom_interface/include/custom_interface/custom_interface
[0.610s] -- Up-to-date: /home/scott-pena/GitHub/RBE550-Quadruped/install/custom_interface/include/custom_interface/custom_interface/msg
[0.610s] -- Up-to-date: /home/scott-pena/GitHub/RBE550-Quadruped/install/custom_interface/include/custom_interface/custom_interface/msg/leg_state.h
[0.610s] -- Up-to-date: /home/scott-pena/GitHub/RBE550-Quadruped/install/custom_interface/include/custom_interface/custom_interface/msg/leg_pose.h
[0.610s] -- Up-to-date: /home/scott-pena/GitHub/RBE550-Quadruped/install/custom_interface/include/custom_interface/custom_interface/msg/imu_data.h
[0.610s] -- Up-to-date: /home/scott-pena/GitHub/RBE550-Quadruped/install/custom_interface/include/custom_interface/custom_interface/msg/rosidl_generator_c__visibility_control.h
[0.610s] -- Up-to-date: /home/scott-pena/GitHub/RBE550-Quadruped/install/custom_interface/include/custom_interface/custom_interface/msg/detail
[0.610s] -- Up-to-date: /home/scott-pena/GitHub/RBE550-Quadruped/install/custom_interface/include/custom_interface/custom_interface/msg/detail/leg_pose__description.c
[0.610s] -- Up-to-date: /home/scott-pena/GitHub/RBE550-Quadruped/install/custom_interface/include/custom_interface/custom_interface/msg/detail/leg_state__type_support.h
[0.610s] -- Up-to-date: /home/scott-pena/GitHub/RBE550-Quadruped/install/custom_interface/include/custom_interface/custom_interface/msg/detail/imu_data__functions.c
[0.610s] -- Up-to-date: /home/scott-pena/GitHub/RBE550-Quadruped/install/custom_interface/include/custom_interface/custom_interface/msg/detail/leg_pose__type_support.h
[0.610s] -- Up-to-date: /home/scott-pena/GitHub/RBE550-Quadruped/install/custom_interface/include/custom_interface/custom_interface/msg/detail/imu_data__functions.h
[0.610s] -- Up-to-date: /home/scott-pena/GitHub/RBE550-Quadruped/install/custom_interface/include/custom_interface/custom_interface/msg/detail/leg_state__type_support.c
[0.610s] -- Up-to-date: /home/scott-pena/GitHub/RBE550-Quadruped/install/custom_interface/include/custom_interface/custom_interface/msg/detail/imu_data__struct.h
[0.610s] -- Up-to-date: /home/scott-pena/GitHub/RBE550-Quadruped/install/custom_interface/include/custom_interface/custom_interface/msg/detail/leg_pose__struct.h
[0.610s] -- Up-to-date: /home/scott-pena/GitHub/RBE550-Quadruped/install/custom_interface/include/custom_interface/custom_interface/msg/detail/leg_pose__functions.c
[0.611s] -- Up-to-date: /home/scott-pena/GitHub/RBE550-Quadruped/install/custom_interface/include/custom_interface/custom_interface/msg/detail/leg_pose__functions.h
[0.611s] -- Up-to-date: /home/scott-pena/GitHub/RBE550-Quadruped/install/custom_interface/include/custom_interface/custom_interface/msg/detail/leg_state__description.c
[0.611s] -- Up-to-date: /home/scott-pena/GitHub/RBE550-Quadruped/install/custom_interface/include/custom_interface/custom_interface/msg/detail/leg_pose__type_support.c
[0.611s] -- Up-to-date: /home/scott-pena/GitHub/RBE550-Quadruped/install/custom_interface/include/custom_interface/custom_interface/msg/detail/leg_state__functions.c
[0.611s] -- Up-to-date: /home/scott-pena/GitHub/RBE550-Quadruped/install/custom_interface/include/custom_interface/custom_interface/msg/detail/imu_data__description.c
[0.611s] -- Up-to-date: /home/scott-pena/GitHub/RBE550-Quadruped/install/custom_interface/include/custom_interface/custom_interface/msg/detail/imu_data__type_support.h
[0.611s] -- Up-to-date: /home/scott-pena/GitHub/RBE550-Quadruped/install/custom_interface/include/custom_interface/custom_interface/msg/detail/leg_state__struct.h
[0.611s] -- Up-to-date: /home/scott-pena/GitHub/RBE550-Quadruped/install/custom_interface/include/custom_interface/custom_interface/msg/detail/leg_state__functions.h
[0.611s] -- Up-to-date: /home/scott-pena/GitHub/RBE550-Quadruped/install/custom_interface/include/custom_interface/custom_interface/msg/detail/imu_data__type_support.c
[0.611s] -- Up-to-date: /home/scott-pena/GitHub/RBE550-Quadruped/install/custom_interface/include/custom_interface/custom_interface/srv
[0.611s] -- Up-to-date: /home/scott-pena/GitHub/RBE550-Quadruped/install/custom_interface/include/custom_interface/custom_interface/srv/imu_data.h
[0.611s] -- Up-to-date: /home/scott-pena/GitHub/RBE550-Quadruped/install/custom_interface/include/custom_interface/custom_interface/srv/detail
[0.611s] -- Up-to-date: /home/scott-pena/GitHub/RBE550-Quadruped/install/custom_interface/include/custom_interface/custom_interface/srv/detail/imu_data__functions.c
[0.611s] -- Up-to-date: /home/scott-pena/GitHub/RBE550-Quadruped/install/custom_interface/include/custom_interface/custom_interface/srv/detail/imu_data__functions.h
[0.612s] -- Up-to-date: /home/scott-pena/GitHub/RBE550-Quadruped/install/custom_interface/include/custom_interface/custom_interface/srv/detail/imu_data__struct.h
[0.612s] -- Up-to-date: /home/scott-pena/GitHub/RBE550-Quadruped/install/custom_interface/include/custom_interface/custom_interface/srv/detail/imu_data__description.c
[0.612s] -- Up-to-date: /home/scott-pena/GitHub/RBE550-Quadruped/install/custom_interface/include/custom_interface/custom_interface/srv/detail/imu_data__type_support.h
[0.612s] -- Up-to-date: /home/scott-pena/GitHub/RBE550-Quadruped/install/custom_interface/include/custom_interface/custom_interface/srv/detail/imu_data__type_support.c
[0.612s] -- Up-to-date: /home/scott-pena/GitHub/RBE550-Quadruped/install/custom_interface/share/custom_interface/environment/library_path.sh
[0.612s] -- Up-to-date: /home/scott-pena/GitHub/RBE550-Quadruped/install/custom_interface/share/custom_interface/environment/library_path.dsv
[0.612s] -- Up-to-date: /home/scott-pena/GitHub/RBE550-Quadruped/install/custom_interface/lib/libcustom_interface__rosidl_generator_c.so
[0.612s] -- Up-to-date: /home/scott-pena/GitHub/RBE550-Quadruped/install/custom_interface/include/custom_interface/custom_interface
[0.612s] -- Up-to-date: /home/scott-pena/GitHub/RBE550-Quadruped/install/custom_interface/include/custom_interface/custom_interface/msg
[0.613s] -- Up-to-date: /home/scott-pena/GitHub/RBE550-Quadruped/install/custom_interface/include/custom_interface/custom_interface/msg/rosidl_typesupport_fastrtps_c__visibility_control.h
[0.613s] -- Up-to-date: /home/scott-pena/GitHub/RBE550-Quadruped/install/custom_interface/include/custom_interface/custom_interface/msg/detail
[0.613s] -- Up-to-date: /home/scott-pena/GitHub/RBE550-Quadruped/install/custom_interface/include/custom_interface/custom_interface/msg/detail/leg_pose__rosidl_typesupport_fastrtps_c.h
[0.613s] -- Up-to-date: /home/scott-pena/GitHub/RBE550-Quadruped/install/custom_interface/include/custom_interface/custom_interface/msg/detail/imu_data__rosidl_typesupport_fastrtps_c.h
[0.613s] -- Up-to-date: /home/scott-pena/GitHub/RBE550-Quadruped/install/custom_interface/include/custom_interface/custom_interface/msg/detail/leg_state__rosidl_typesupport_fastrtps_c.h
[0.613s] -- Up-to-date: /home/scott-pena/GitHub/RBE550-Quadruped/install/custom_interface/include/custom_interface/custom_interface/srv
[0.613s] -- Up-to-date: /home/scott-pena/GitHub/RBE550-Quadruped/install/custom_interface/include/custom_interface/custom_interface/srv/detail
[0.613s] -- Up-to-date: /home/scott-pena/GitHub/RBE550-Quadruped/install/custom_interface/include/custom_interface/custom_interface/srv/detail/imu_data__rosidl_typesupport_fastrtps_c.h
[0.613s] -- Up-to-date: /home/scott-pena/GitHub/RBE550-Quadruped/install/custom_interface/lib/libcustom_interface__rosidl_typesupport_fastrtps_c.so
[0.614s] -- Up-to-date: /home/scott-pena/GitHub/RBE550-Quadruped/install/custom_interface/include/custom_interface/custom_interface
[0.614s] -- Up-to-date: /home/scott-pena/GitHub/RBE550-Quadruped/install/custom_interface/include/custom_interface/custom_interface/msg
[0.614s] -- Up-to-date: /home/scott-pena/GitHub/RBE550-Quadruped/install/custom_interface/include/custom_interface/custom_interface/msg/rosidl_typesupport_introspection_c__visibility_control.h
[0.614s] -- Up-to-date: /home/scott-pena/GitHub/RBE550-Quadruped/install/custom_interface/include/custom_interface/custom_interface/msg/detail
[0.614s] -- Up-to-date: /home/scott-pena/GitHub/RBE550-Quadruped/install/custom_interface/include/custom_interface/custom_interface/msg/detail/leg_pose__rosidl_typesupport_introspection_c.h
[0.614s] -- Up-to-date: /home/scott-pena/GitHub/RBE550-Quadruped/install/custom_interface/include/custom_interface/custom_interface/msg/detail/leg_state__rosidl_typesupport_introspection_c.h
[0.614s] -- Up-to-date: /home/scott-pena/GitHub/RBE550-Quadruped/install/custom_interface/include/custom_interface/custom_interface/msg/detail/leg_state__type_support.c
[0.615s] -- Up-to-date: /home/scott-pena/GitHub/RBE550-Quadruped/install/custom_interface/include/custom_interface/custom_interface/msg/detail/imu_data__rosidl_typesupport_introspection_c.h
[0.615s] -- Up-to-date: /home/scott-pena/GitHub/RBE550-Quadruped/install/custom_interface/include/custom_interface/custom_interface/msg/detail/leg_pose__type_support.c
[0.615s] -- Up-to-date: /home/scott-pena/GitHub/RBE550-Quadruped/install/custom_interface/include/custom_interface/custom_interface/msg/detail/imu_data__type_support.c
[0.615s] -- Up-to-date: /home/scott-pena/GitHub/RBE550-Quadruped/install/custom_interface/include/custom_interface/custom_interface/srv
[0.615s] -- Up-to-date: /home/scott-pena/GitHub/RBE550-Quadruped/install/custom_interface/include/custom_interface/custom_interface/srv/detail
[0.615s] -- Up-to-date: /home/scott-pena/GitHub/RBE550-Quadruped/install/custom_interface/include/custom_interface/custom_interface/srv/detail/imu_data__rosidl_typesupport_introspection_c.h
[0.615s] -- Up-to-date: /home/scott-pena/GitHub/RBE550-Quadruped/install/custom_interface/include/custom_interface/custom_interface/srv/detail/imu_data__type_support.c
[0.615s] -- Up-to-date: /home/scott-pena/GitHub/RBE550-Quadruped/install/custom_interface/lib/libcustom_interface__rosidl_typesupport_introspection_c.so
[0.616s] -- Up-to-date: /home/scott-pena/GitHub/RBE550-Quadruped/install/custom_interface/lib/libcustom_interface__rosidl_typesupport_c.so
[0.616s] -- Up-to-date: /home/scott-pena/GitHub/RBE550-Quadruped/install/custom_interface/include/custom_interface/custom_interface
[0.616s] -- Up-to-date: /home/scott-pena/GitHub/RBE550-Quadruped/install/custom_interface/include/custom_interface/custom_interface/msg
[0.616s] -- Up-to-date: /home/scott-pena/GitHub/RBE550-Quadruped/install/custom_interface/include/custom_interface/custom_interface/msg/rosidl_generator_cpp__visibility_control.hpp
[0.616s] -- Up-to-date: /home/scott-pena/GitHub/RBE550-Quadruped/install/custom_interface/include/custom_interface/custom_interface/msg/imu_data.hpp
[0.616s] -- Up-to-date: /home/scott-pena/GitHub/RBE550-Quadruped/install/custom_interface/include/custom_interface/custom_interface/msg/leg_state.hpp
[0.616s] -- Up-to-date: /home/scott-pena/GitHub/RBE550-Quadruped/install/custom_interface/include/custom_interface/custom_interface/msg/leg_pose.hpp
[0.616s] -- Up-to-date: /home/scott-pena/GitHub/RBE550-Quadruped/install/custom_interface/include/custom_interface/custom_interface/msg/detail
[0.617s] -- Up-to-date: /home/scott-pena/GitHub/RBE550-Quadruped/install/custom_interface/include/custom_interface/custom_interface/msg/detail/leg_state__type_support.hpp
[0.617s] -- Up-to-date: /home/scott-pena/GitHub/RBE550-Quadruped/install/custom_interface/include/custom_interface/custom_interface/msg/detail/imu_data__struct.hpp
[0.617s] -- Up-to-date: /home/scott-pena/GitHub/RBE550-Quadruped/install/custom_interface/include/custom_interface/custom_interface/msg/detail/imu_data__builder.hpp
[0.617s] -- Up-to-date: /home/scott-pena/GitHub/RBE550-Quadruped/install/custom_interface/include/custom_interface/custom_interface/msg/detail/leg_pose__struct.hpp
[0.617s] -- Up-to-date: /home/scott-pena/GitHub/RBE550-Quadruped/install/custom_interface/include/custom_interface/custom_interface/msg/detail/leg_state__builder.hpp
[0.617s] -- Up-to-date: /home/scott-pena/GitHub/RBE550-Quadruped/install/custom_interface/include/custom_interface/custom_interface/msg/detail/leg_state__struct.hpp
[0.617s] -- Up-to-date: /home/scott-pena/GitHub/RBE550-Quadruped/install/custom_interface/include/custom_interface/custom_interface/msg/detail/leg_pose__builder.hpp
[0.617s] -- Up-to-date: /home/scott-pena/GitHub/RBE550-Quadruped/install/custom_interface/include/custom_interface/custom_interface/msg/detail/leg_state__traits.hpp
[0.617s] -- Up-to-date: /home/scott-pena/GitHub/RBE550-Quadruped/install/custom_interface/include/custom_interface/custom_interface/msg/detail/leg_pose__traits.hpp
[0.618s] -- Up-to-date: /home/scott-pena/GitHub/RBE550-Quadruped/install/custom_interface/include/custom_interface/custom_interface/msg/detail/imu_data__traits.hpp
[0.618s] -- Up-to-date: /home/scott-pena/GitHub/RBE550-Quadruped/install/custom_interface/include/custom_interface/custom_interface/msg/detail/imu_data__type_support.hpp
[0.618s] -- Up-to-date: /home/scott-pena/GitHub/RBE550-Quadruped/install/custom_interface/include/custom_interface/custom_interface/msg/detail/leg_pose__type_support.hpp
[0.618s] -- Up-to-date: /home/scott-pena/GitHub/RBE550-Quadruped/install/custom_interface/include/custom_interface/custom_interface/srv
[0.618s] -- Up-to-date: /home/scott-pena/GitHub/RBE550-Quadruped/install/custom_interface/include/custom_interface/custom_interface/srv/imu_data.hpp
[0.618s] -- Up-to-date: /home/scott-pena/GitHub/RBE550-Quadruped/install/custom_interface/include/custom_interface/custom_interface/srv/detail
[0.618s] -- Up-to-date: /home/scott-pena/GitHub/RBE550-Quadruped/install/custom_interface/include/custom_interface/custom_interface/srv/detail/imu_data__struct.hpp
[0.618s] -- Up-to-date: /home/scott-pena/GitHub/RBE550-Quadruped/install/custom_interface/include/custom_interface/custom_interface/srv/detail/imu_data__builder.hpp
[0.618s] -- Up-to-date: /home/scott-pena/GitHub/RBE550-Quadruped/install/custom_interface/include/custom_interface/custom_interface/srv/detail/imu_data__traits.hpp
[0.618s] -- Up-to-date: /home/scott-pena/GitHub/RBE550-Quadruped/install/custom_interface/include/custom_interface/custom_interface/srv/detail/imu_data__type_support.hpp
[0.619s] -- Up-to-date: /home/scott-pena/GitHub/RBE550-Quadruped/install/custom_interface/include/custom_interface/custom_interface
[0.619s] -- Up-to-date: /home/scott-pena/GitHub/RBE550-Quadruped/install/custom_interface/include/custom_interface/custom_interface/msg
[0.619s] -- Up-to-date: /home/scott-pena/GitHub/RBE550-Quadruped/install/custom_interface/include/custom_interface/custom_interface/msg/rosidl_typesupport_fastrtps_cpp__visibility_control.h
[0.619s] -- Up-to-date: /home/scott-pena/GitHub/RBE550-Quadruped/install/custom_interface/include/custom_interface/custom_interface/msg/detail
[0.619s] -- Up-to-date: /home/scott-pena/GitHub/RBE550-Quadruped/install/custom_interface/include/custom_interface/custom_interface/msg/detail/imu_data__rosidl_typesupport_fastrtps_cpp.hpp
[0.619s] -- Up-to-date: /home/scott-pena/GitHub/RBE550-Quadruped/install/custom_interface/include/custom_interface/custom_interface/msg/detail/dds_fastrtps
[0.619s] -- Up-to-date: /home/scott-pena/GitHub/RBE550-Quadruped/install/custom_interface/include/custom_interface/custom_interface/msg/detail/leg_pose__rosidl_typesupport_fastrtps_cpp.hpp
[0.619s] -- Up-to-date: /home/scott-pena/GitHub/RBE550-Quadruped/install/custom_interface/include/custom_interface/custom_interface/msg/detail/leg_state__rosidl_typesupport_fastrtps_cpp.hpp
[0.620s] -- Up-to-date: /home/scott-pena/GitHub/RBE550-Quadruped/install/custom_interface/include/custom_interface/custom_interface/srv
[0.620s] -- Up-to-date: /home/scott-pena/GitHub/RBE550-Quadruped/install/custom_interface/include/custom_interface/custom_interface/srv/detail
[0.620s] -- Up-to-date: /home/scott-pena/GitHub/RBE550-Quadruped/install/custom_interface/include/custom_interface/custom_interface/srv/detail/imu_data__rosidl_typesupport_fastrtps_cpp.hpp
[0.620s] -- Up-to-date: /home/scott-pena/GitHub/RBE550-Quadruped/install/custom_interface/include/custom_interface/custom_interface/srv/detail/dds_fastrtps
[0.620s] -- Up-to-date: /home/scott-pena/GitHub/RBE550-Quadruped/install/custom_interface/lib/libcustom_interface__rosidl_typesupport_fastrtps_cpp.so
[0.620s] -- Up-to-date: /home/scott-pena/GitHub/RBE550-Quadruped/install/custom_interface/include/custom_interface/custom_interface
[0.620s] -- Up-to-date: /home/scott-pena/GitHub/RBE550-Quadruped/install/custom_interface/include/custom_interface/custom_interface/msg
[0.620s] -- Up-to-date: /home/scott-pena/GitHub/RBE550-Quadruped/install/custom_interface/include/custom_interface/custom_interface/msg/detail
[0.620s] -- Up-to-date: /home/scott-pena/GitHub/RBE550-Quadruped/install/custom_interface/include/custom_interface/custom_interface/msg/detail/leg_state__type_support.cpp
[0.620s] -- Up-to-date: /home/scott-pena/GitHub/RBE550-Quadruped/install/custom_interface/include/custom_interface/custom_interface/msg/detail/imu_data__rosidl_typesupport_introspection_cpp.hpp
[0.621s] -- Up-to-date: /home/scott-pena/GitHub/RBE550-Quadruped/install/custom_interface/include/custom_interface/custom_interface/msg/detail/leg_pose__type_support.cpp
[0.621s] -- Up-to-date: /home/scott-pena/GitHub/RBE550-Quadruped/install/custom_interface/include/custom_interface/custom_interface/msg/detail/leg_state__rosidl_typesupport_introspection_cpp.hpp
[0.621s] -- Up-to-date: /home/scott-pena/GitHub/RBE550-Quadruped/install/custom_interface/include/custom_interface/custom_interface/msg/detail/imu_data__type_support.cpp
[0.621s] -- Up-to-date: /home/scott-pena/GitHub/RBE550-Quadruped/install/custom_interface/include/custom_interface/custom_interface/msg/detail/leg_pose__rosidl_typesupport_introspection_cpp.hpp
[0.621s] -- Up-to-date: /home/scott-pena/GitHub/RBE550-Quadruped/install/custom_interface/include/custom_interface/custom_interface/srv
[0.621s] -- Up-to-date: /home/scott-pena/GitHub/RBE550-Quadruped/install/custom_interface/include/custom_interface/custom_interface/srv/detail
[0.621s] -- Up-to-date: /home/scott-pena/GitHub/RBE550-Quadruped/install/custom_interface/include/custom_interface/custom_interface/srv/detail/imu_data__rosidl_typesupport_introspection_cpp.hpp
[0.621s] -- Up-to-date: /home/scott-pena/GitHub/RBE550-Quadruped/install/custom_interface/include/custom_interface/custom_interface/srv/detail/imu_data__type_support.cpp
[0.621s] -- Up-to-date: /home/scott-pena/GitHub/RBE550-Quadruped/install/custom_interface/lib/libcustom_interface__rosidl_typesupport_introspection_cpp.so
[0.621s] -- Up-to-date: /home/scott-pena/GitHub/RBE550-Quadruped/install/custom_interface/lib/libcustom_interface__rosidl_typesupport_cpp.so
[0.622s] -- Up-to-date: /home/scott-pena/GitHub/RBE550-Quadruped/install/custom_interface/share/custom_interface/environment/pythonpath.sh
[0.622s] -- Up-to-date: /home/scott-pena/GitHub/RBE550-Quadruped/install/custom_interface/share/custom_interface/environment/pythonpath.dsv
[0.622s] -- Up-to-date: /home/scott-pena/GitHub/RBE550-Quadruped/install/custom_interface/lib/python3.12/site-packages/custom_interface-0.0.0-py3.12.egg-info
[0.622s] -- Installing: /home/scott-pena/GitHub/RBE550-Quadruped/install/custom_interface/lib/python3.12/site-packages/custom_interface-0.0.0-py3.12.egg-info/PKG-INFO
[0.622s] -- Installing: /home/scott-pena/GitHub/RBE550-Quadruped/install/custom_interface/lib/python3.12/site-packages/custom_interface-0.0.0-py3.12.egg-info/SOURCES.txt
[0.622s] -- Installing: /home/scott-pena/GitHub/RBE550-Quadruped/install/custom_interface/lib/python3.12/site-packages/custom_interface-0.0.0-py3.12.egg-info/dependency_links.txt
[0.622s] -- Installing: /home/scott-pena/GitHub/RBE550-Quadruped/install/custom_interface/lib/python3.12/site-packages/custom_interface-0.0.0-py3.12.egg-info/top_level.txt
[0.622s] -- Up-to-date: /home/scott-pena/GitHub/RBE550-Quadruped/install/custom_interface/lib/python3.12/site-packages/custom_interface
[0.622s] -- Up-to-date: /home/scott-pena/GitHub/RBE550-Quadruped/install/custom_interface/lib/python3.12/site-packages/custom_interface/msg
[0.623s] -- Up-to-date: /home/scott-pena/GitHub/RBE550-Quadruped/install/custom_interface/lib/python3.12/site-packages/custom_interface/msg/_leg_state_s.c
[0.623s] -- Up-to-date: /home/scott-pena/GitHub/RBE550-Quadruped/install/custom_interface/lib/python3.12/site-packages/custom_interface/msg/_imu_data_s.c
[0.623s] -- Up-to-date: /home/scott-pena/GitHub/RBE550-Quadruped/install/custom_interface/lib/python3.12/site-packages/custom_interface/msg/_leg_pose.py
[0.623s] -- Up-to-date: /home/scott-pena/GitHub/RBE550-Quadruped/install/custom_interface/lib/python3.12/site-packages/custom_interface/msg/_leg_state.py
[0.623s] -- Up-to-date: /home/scott-pena/GitHub/RBE550-Quadruped/install/custom_interface/lib/python3.12/site-packages/custom_interface/msg/__init__.py
[0.623s] -- Up-to-date: /home/scott-pena/GitHub/RBE550-Quadruped/install/custom_interface/lib/python3.12/site-packages/custom_interface/msg/_leg_pose_s.c
[0.623s] -- Up-to-date: /home/scott-pena/GitHub/RBE550-Quadruped/install/custom_interface/lib/python3.12/site-packages/custom_interface/msg/_imu_data.py
[0.623s] -- Up-to-date: /home/scott-pena/GitHub/RBE550-Quadruped/install/custom_interface/lib/python3.12/site-packages/custom_interface/__init__.py
[0.623s] -- Up-to-date: /home/scott-pena/GitHub/RBE550-Quadruped/install/custom_interface/lib/python3.12/site-packages/custom_interface/srv
[0.624s] -- Up-to-date: /home/scott-pena/GitHub/RBE550-Quadruped/install/custom_interface/lib/python3.12/site-packages/custom_interface/srv/_imu_data_s.c
[0.624s] -- Up-to-date: /home/scott-pena/GitHub/RBE550-Quadruped/install/custom_interface/lib/python3.12/site-packages/custom_interface/srv/__init__.py
[0.624s] -- Up-to-date: /home/scott-pena/GitHub/RBE550-Quadruped/install/custom_interface/lib/python3.12/site-packages/custom_interface/srv/_imu_data.py
[0.624s] -- Up-to-date: /home/scott-pena/GitHub/RBE550-Quadruped/install/custom_interface/lib/python3.12/site-packages/custom_interface/custom_interface_s__rosidl_typesupport_introspection_c.so
[0.624s] -- Up-to-date: /home/scott-pena/GitHub/RBE550-Quadruped/install/custom_interface/lib/python3.12/site-packages/custom_interface/custom_interface_s__rosidl_typesupport_c.so
[0.624s] -- Up-to-date: /home/scott-pena/GitHub/RBE550-Quadruped/install/custom_interface/lib/python3.12/site-packages/custom_interface/custom_interface_s__rosidl_typesupport_fastrtps_c.so
[0.624s] -- Up-to-date: /home/scott-pena/GitHub/RBE550-Quadruped/install/custom_interface/lib/python3.12/site-packages/custom_interface/_custom_interface_s.ep.rosidl_typesupport_c.c
[0.624s] -- Up-to-date: /home/scott-pena/GitHub/RBE550-Quadruped/install/custom_interface/lib/python3.12/site-packages/custom_interface/_custom_interface_s.ep.rosidl_typesupport_fastrtps_c.c
[0.624s] -- Up-to-date: /home/scott-pena/GitHub/RBE550-Quadruped/install/custom_interface/lib/python3.12/site-packages/custom_interface/_custom_interface_s.ep.rosidl_typesupport_introspection_c.c
[0.647s] Listing '/home/scott-pena/GitHub/RBE550-Quadruped/install/custom_interface/lib/python3.12/site-packages/custom_interface'...
[0.647s] Listing '/home/scott-pena/GitHub/RBE550-Quadruped/install/custom_interface/lib/python3.12/site-packages/custom_interface/msg'...
[0.648s] Listing '/home/scott-pena/GitHub/RBE550-Quadruped/install/custom_interface/lib/python3.12/site-packages/custom_interface/srv'...
[0.652s] -- Up-to-date: /home/scott-pena/GitHub/RBE550-Quadruped/install/custom_interface/lib/python3.12/site-packages/custom_interface/custom_interface_s__rosidl_typesupport_fastrtps_c.so
[0.652s] -- Up-to-date: /home/scott-pena/GitHub/RBE550-Quadruped/install/custom_interface/lib/python3.12/site-packages/custom_interface/custom_interface_s__rosidl_typesupport_introspection_c.so
[0.653s] -- Up-to-date: /home/scott-pena/GitHub/RBE550-Quadruped/install/custom_interface/lib/python3.12/site-packages/custom_interface/custom_interface_s__rosidl_typesupport_c.so
[0.653s] -- Up-to-date: /home/scott-pena/GitHub/RBE550-Quadruped/install/custom_interface/lib/libcustom_interface__rosidl_generator_py.so
[0.653s] -- Up-to-date: /home/scott-pena/GitHub/RBE550-Quadruped/install/custom_interface/share/custom_interface/msg/ImuData.idl
[0.653s] -- Up-to-date: /home/scott-pena/GitHub/RBE550-Quadruped/install/custom_interface/share/custom_interface/msg/LegState.idl
[0.653s] -- Up-to-date: /home/scott-pena/GitHub/RBE550-Quadruped/install/custom_interface/share/custom_interface/msg/ImuData.msg
[0.654s] -- Up-to-date: /home/scott-pena/GitHub/RBE550-Quadruped/install/custom_interface/share/custom_interface/msg/LegState.msg
[0.654s] -- Up-to-date: /home/scott-pena/GitHub/RBE550-Quadruped/install/custom_interface/share/ament_index/resource_index/package_run_dependencies/custom_interface
[0.654s] -- Up-to-date: /home/scott-pena/GitHub/RBE550-Quadruped/install/custom_interface/share/ament_index/resource_index/parent_prefix_path/custom_interface
[0.654s] -- Up-to-date: /home/scott-pena/GitHub/RBE550-Quadruped/install/custom_interface/share/custom_interface/environment/ament_prefix_path.sh
[0.654s] -- Up-to-date: /home/scott-pena/GitHub/RBE550-Quadruped/install/custom_interface/share/custom_interface/environment/ament_prefix_path.dsv
[0.654s] -- Up-to-date: /home/scott-pena/GitHub/RBE550-Quadruped/install/custom_interface/share/custom_interface/environment/path.sh
[0.655s] -- Up-to-date: /home/scott-pena/GitHub/RBE550-Quadruped/install/custom_interface/share/custom_interface/environment/path.dsv
[0.655s] -- Up-to-date: /home/scott-pena/GitHub/RBE550-Quadruped/install/custom_interface/share/custom_interface/local_setup.bash
[0.655s] -- Up-to-date: /home/scott-pena/GitHub/RBE550-Quadruped/install/custom_interface/share/custom_interface/local_setup.sh
[0.655s] -- Up-to-date: /home/scott-pena/GitHub/RBE550-Quadruped/install/custom_interface/share/custom_interface/local_setup.zsh
[0.655s] -- Up-to-date: /home/scott-pena/GitHub/RBE550-Quadruped/install/custom_interface/share/custom_interface/local_setup.dsv
[0.655s] -- Installing: /home/scott-pena/GitHub/RBE550-Quadruped/install/custom_interface/share/custom_interface/package.dsv
[0.655s] -- Up-to-date: /home/scott-pena/GitHub/RBE550-Quadruped/install/custom_interface/share/ament_index/resource_index/packages/custom_interface
[0.655s] -- Up-to-date: /home/scott-pena/GitHub/RBE550-Quadruped/install/custom_interface/share/custom_interface/cmake/export_custom_interface__rosidl_generator_cExport.cmake
[0.655s] -- Up-to-date: /home/scott-pena/GitHub/RBE550-Quadruped/install/custom_interface/share/custom_interface/cmake/export_custom_interface__rosidl_generator_cExport-noconfig.cmake
[0.656s] -- Up-to-date: /home/scott-pena/GitHub/RBE550-Quadruped/install/custom_interface/share/custom_interface/cmake/export_custom_interface__rosidl_typesupport_fastrtps_cExport.cmake
[0.656s] -- Up-to-date: /home/scott-pena/GitHub/RBE550-Quadruped/install/custom_interface/share/custom_interface/cmake/export_custom_interface__rosidl_typesupport_fastrtps_cExport-noconfig.cmake
[0.656s] -- Up-to-date: /home/scott-pena/GitHub/RBE550-Quadruped/install/custom_interface/share/custom_interface/cmake/custom_interface__rosidl_typesupport_introspection_cExport.cmake
[0.656s] -- Up-to-date: /home/scott-pena/GitHub/RBE550-Quadruped/install/custom_interface/share/custom_interface/cmake/custom_interface__rosidl_typesupport_introspection_cExport-noconfig.cmake
[0.656s] -- Up-to-date: /home/scott-pena/GitHub/RBE550-Quadruped/install/custom_interface/share/custom_interface/cmake/custom_interface__rosidl_typesupport_cExport.cmake
[0.656s] -- Up-to-date: /home/scott-pena/GitHub/RBE550-Quadruped/install/custom_interface/share/custom_interface/cmake/custom_interface__rosidl_typesupport_cExport-noconfig.cmake
[0.656s] -- Up-to-date: /home/scott-pena/GitHub/RBE550-Quadruped/install/custom_interface/share/custom_interface/cmake/export_custom_interface__rosidl_generator_cppExport.cmake
[0.656s] -- Up-to-date: /home/scott-pena/GitHub/RBE550-Quadruped/install/custom_interface/share/custom_interface/cmake/export_custom_interface__rosidl_typesupport_fastrtps_cppExport.cmake
[0.656s] -- Up-to-date: /home/scott-pena/GitHub/RBE550-Quadruped/install/custom_interface/share/custom_interface/cmake/export_custom_interface__rosidl_typesupport_fastrtps_cppExport-noconfig.cmake
[0.656s] -- Up-to-date: /home/scott-pena/GitHub/RBE550-Quadruped/install/custom_interface/share/custom_interface/cmake/custom_interface__rosidl_typesupport_introspection_cppExport.cmake
[0.656s] -- Up-to-date: /home/scott-pena/GitHub/RBE550-Quadruped/install/custom_interface/share/custom_interface/cmake/custom_interface__rosidl_typesupport_introspection_cppExport-noconfig.cmake
[0.657s] -- Up-to-date: /home/scott-pena/GitHub/RBE550-Quadruped/install/custom_interface/share/custom_interface/cmake/custom_interface__rosidl_typesupport_cppExport.cmake
[0.657s] -- Up-to-date: /home/scott-pena/GitHub/RBE550-Quadruped/install/custom_interface/share/custom_interface/cmake/custom_interface__rosidl_typesupport_cppExport-noconfig.cmake
[0.657s] -- Up-to-date: /home/scott-pena/GitHub/RBE550-Quadruped/install/custom_interface/share/custom_interface/cmake/export_custom_interface__rosidl_generator_pyExport.cmake
[0.657s] -- Up-to-date: /home/scott-pena/GitHub/RBE550-Quadruped/install/custom_interface/share/custom_interface/cmake/export_custom_interface__rosidl_generator_pyExport-noconfig.cmake
[0.657s] -- Up-to-date: /home/scott-pena/GitHub/RBE550-Quadruped/install/custom_interface/share/custom_interface/cmake/rosidl_cmake-extras.cmake
[0.657s] -- Up-to-date: /home/scott-pena/GitHub/RBE550-Quadruped/install/custom_interface/share/custom_interface/cmake/ament_cmake_export_dependencies-extras.cmake
[0.657s] -- Up-to-date: /home/scott-pena/GitHub/RBE550-Quadruped/install/custom_interface/share/custom_interface/cmake/ament_cmake_export_include_directories-extras.cmake
[0.657s] -- Up-to-date: /home/scott-pena/GitHub/RBE550-Quadruped/install/custom_interface/share/custom_interface/cmake/ament_cmake_export_libraries-extras.cmake
[0.657s] -- Up-to-date: /home/scott-pena/GitHub/RBE550-Quadruped/install/custom_interface/share/custom_interface/cmake/ament_cmake_export_targets-extras.cmake
[0.657s] -- Up-to-date: /home/scott-pena/GitHub/RBE550-Quadruped/install/custom_interface/share/custom_interface/cmake/rosidl_cmake_export_typesupport_targets-extras.cmake
[0.657s] -- Up-to-date: /home/scott-pena/GitHub/RBE550-Quadruped/install/custom_interface/share/custom_interface/cmake/rosidl_cmake_export_typesupport_libraries-extras.cmake
[0.657s] -- Up-to-date: /home/scott-pena/GitHub/RBE550-Quadruped/install/custom_interface/share/custom_interface/cmake/custom_interfaceConfig.cmake
[0.657s] -- Up-to-date: /home/scott-pena/GitHub/RBE550-Quadruped/install/custom_interface/share/custom_interface/cmake/custom_interfaceConfig-version.cmake
[0.657s] -- Up-to-date: /home/scott-pena/GitHub/RBE550-Quadruped/install/custom_interface/share/custom_interface/package.xml
[0.659s] Invoked command in '/home/scott-pena/GitHub/RBE550-Quadruped/build/custom_interface' returned '0': CMAKE_PREFIX_PATH=${CMAKE_PREFIX_PATH}:/opt/ros/jazzy DEBUGINFOD_URLS=https://debuginfod.ubuntu.com /usr/bin/cmake --install /home/scott-pena/GitHub/RBE550-Quadruped/build/custom_interface
