[  2%] Built target custom_interface__rosidl_generator_type_description
[  2%] Built target ament_cmake_python_copy_custom_interface
[  4%] Built target custom_interface__cpp
[ 22%] Built target custom_interface__rosidl_generator_c
[ 31%] Built target custom_interface__rosidl_typesupport_cpp
[ 56%] Built target custom_interface__rosidl_typesupport_introspection_cpp
[ 59%] Built target custom_interface__rosidl_typesupport_introspection_c
[ 59%] Built target custom_interface__rosidl_typesupport_fastrtps_c
[ 68%] Built target custom_interface__rosidl_typesupport_c
[ 77%] Built target custom_interface__rosidl_typesupport_fastrtps_cpp
[ 77%] Built target custom_interface
[ 79%] Built target custom_interface__py
[ 86%] Built target custom_interface__rosidl_generator_py
[ 90%] Built target custom_interface_s__rosidl_typesupport_fastrtps_c
[ 95%] Built target custom_interface_s__rosidl_typesupport_introspection_c
[100%] Built target custom_interface_s__rosidl_typesupport_c
running egg_info
writing custom_interface.egg-info/PKG-INFO
writing dependency_links to custom_interface.egg-info/dependency_links.txt
writing top-level names to custom_interface.egg-info/top_level.txt
reading manifest file 'custom_interface.egg-info/SOURCES.txt'
writing manifest file 'custom_interface.egg-info/SOURCES.txt'
[100%] Built target ament_cmake_python_build_custom_interface_egg
-- Install configuration: ""
-- Installing: /home/jarothenberg/Documents/GitHub/RBE550-Quadruped/install/custom_interface/share/ament_index/resource_index/rosidl_interfaces/custom_interface
-- Installing: /home/jarothenberg/Documents/GitHub/RBE550-Quadruped/install/custom_interface/share/custom_interface/msg/ImuData.json
-- Installing: /home/jarothenberg/Documents/GitHub/RBE550-Quadruped/install/custom_interface/share/custom_interface/msg/LegState.json
-- Installing: /home/jarothenberg/Documents/GitHub/RBE550-Quadruped/install/custom_interface/include/custom_interface/custom_interface
-- Installing: /home/jarothenberg/Documents/GitHub/RBE550-Quadruped/install/custom_interface/include/custom_interface/custom_interface/msg
-- Installing: /home/jarothenberg/Documents/GitHub/RBE550-Quadruped/install/custom_interface/include/custom_interface/custom_interface/msg/leg_state.h
-- Installing: /home/jarothenberg/Documents/GitHub/RBE550-Quadruped/install/custom_interface/include/custom_interface/custom_interface/msg/imu_data.h
-- Installing: /home/jarothenberg/Documents/GitHub/RBE550-Quadruped/install/custom_interface/include/custom_interface/custom_interface/msg/rosidl_generator_c__visibility_control.h
-- Installing: /home/jarothenberg/Documents/GitHub/RBE550-Quadruped/install/custom_interface/include/custom_interface/custom_interface/msg/detail
-- Installing: /home/jarothenberg/Documents/GitHub/RBE550-Quadruped/install/custom_interface/include/custom_interface/custom_interface/msg/detail/imu_data__struct.h
-- Installing: /home/jarothenberg/Documents/GitHub/RBE550-Quadruped/install/custom_interface/include/custom_interface/custom_interface/msg/detail/imu_data__functions.c
-- Installing: /home/jarothenberg/Documents/GitHub/RBE550-Quadruped/install/custom_interface/include/custom_interface/custom_interface/msg/detail/imu_data__type_support.c
-- Installing: /home/jarothenberg/Documents/GitHub/RBE550-Quadruped/install/custom_interface/include/custom_interface/custom_interface/msg/detail/leg_state__description.c
-- Installing: /home/jarothenberg/Documents/GitHub/RBE550-Quadruped/install/custom_interface/include/custom_interface/custom_interface/msg/detail/leg_state__struct.h
-- Installing: /home/jarothenberg/Documents/GitHub/RBE550-Quadruped/install/custom_interface/include/custom_interface/custom_interface/msg/detail/leg_state__functions.c
-- Installing: /home/jarothenberg/Documents/GitHub/RBE550-Quadruped/install/custom_interface/include/custom_interface/custom_interface/msg/detail/leg_state__type_support.c
-- Installing: /home/jarothenberg/Documents/GitHub/RBE550-Quadruped/install/custom_interface/include/custom_interface/custom_interface/msg/detail/leg_state__type_support.h
-- Installing: /home/jarothenberg/Documents/GitHub/RBE550-Quadruped/install/custom_interface/include/custom_interface/custom_interface/msg/detail/leg_state__functions.h
-- Installing: /home/jarothenberg/Documents/GitHub/RBE550-Quadruped/install/custom_interface/include/custom_interface/custom_interface/msg/detail/imu_data__type_support.h
-- Installing: /home/jarothenberg/Documents/GitHub/RBE550-Quadruped/install/custom_interface/include/custom_interface/custom_interface/msg/detail/imu_data__functions.h
-- Installing: /home/jarothenberg/Documents/GitHub/RBE550-Quadruped/install/custom_interface/include/custom_interface/custom_interface/msg/detail/imu_data__description.c
-- Installing: /home/jarothenberg/Documents/GitHub/RBE550-Quadruped/install/custom_interface/share/custom_interface/environment/library_path.sh
-- Installing: /home/jarothenberg/Documents/GitHub/RBE550-Quadruped/install/custom_interface/share/custom_interface/environment/library_path.dsv
-- Installing: /home/jarothenberg/Documents/GitHub/RBE550-Quadruped/install/custom_interface/lib/libcustom_interface__rosidl_generator_c.so
-- Set non-toolchain portion of runtime path of "/home/jarothenberg/Documents/GitHub/RBE550-Quadruped/install/custom_interface/lib/libcustom_interface__rosidl_generator_c.so" to ""
-- Up-to-date: /home/jarothenberg/Documents/GitHub/RBE550-Quadruped/install/custom_interface/include/custom_interface/custom_interface
-- Up-to-date: /home/jarothenberg/Documents/GitHub/RBE550-Quadruped/install/custom_interface/include/custom_interface/custom_interface/msg
-- Installing: /home/jarothenberg/Documents/GitHub/RBE550-Quadruped/install/custom_interface/include/custom_interface/custom_interface/msg/rosidl_typesupport_fastrtps_c__visibility_control.h
-- Up-to-date: /home/jarothenberg/Documents/GitHub/RBE550-Quadruped/install/custom_interface/include/custom_interface/custom_interface/msg/detail
-- Installing: /home/jarothenberg/Documents/GitHub/RBE550-Quadruped/install/custom_interface/include/custom_interface/custom_interface/msg/detail/imu_data__rosidl_typesupport_fastrtps_c.h
-- Installing: /home/jarothenberg/Documents/GitHub/RBE550-Quadruped/install/custom_interface/include/custom_interface/custom_interface/msg/detail/leg_state__rosidl_typesupport_fastrtps_c.h
-- Installing: /home/jarothenberg/Documents/GitHub/RBE550-Quadruped/install/custom_interface/lib/libcustom_interface__rosidl_typesupport_fastrtps_c.so
-- Set non-toolchain portion of runtime path of "/home/jarothenberg/Documents/GitHub/RBE550-Quadruped/install/custom_interface/lib/libcustom_interface__rosidl_typesupport_fastrtps_c.so" to ""
-- Up-to-date: /home/jarothenberg/Documents/GitHub/RBE550-Quadruped/install/custom_interface/include/custom_interface/custom_interface
-- Up-to-date: /home/jarothenberg/Documents/GitHub/RBE550-Quadruped/install/custom_interface/include/custom_interface/custom_interface/msg
-- Installing: /home/jarothenberg/Documents/GitHub/RBE550-Quadruped/install/custom_interface/include/custom_interface/custom_interface/msg/rosidl_typesupport_introspection_c__visibility_control.h
-- Up-to-date: /home/jarothenberg/Documents/GitHub/RBE550-Quadruped/install/custom_interface/include/custom_interface/custom_interface/msg/detail
-- Up-to-date: /home/jarothenberg/Documents/GitHub/RBE550-Quadruped/install/custom_interface/include/custom_interface/custom_interface/msg/detail/imu_data__type_support.c
-- Up-to-date: /home/jarothenberg/Documents/GitHub/RBE550-Quadruped/install/custom_interface/include/custom_interface/custom_interface/msg/detail/leg_state__type_support.c
-- Installing: /home/jarothenberg/Documents/GitHub/RBE550-Quadruped/install/custom_interface/include/custom_interface/custom_interface/msg/detail/imu_data__rosidl_typesupport_introspection_c.h
-- Installing: /home/jarothenberg/Documents/GitHub/RBE550-Quadruped/install/custom_interface/include/custom_interface/custom_interface/msg/detail/leg_state__rosidl_typesupport_introspection_c.h
-- Installing: /home/jarothenberg/Documents/GitHub/RBE550-Quadruped/install/custom_interface/lib/libcustom_interface__rosidl_typesupport_introspection_c.so
-- Set non-toolchain portion of runtime path of "/home/jarothenberg/Documents/GitHub/RBE550-Quadruped/install/custom_interface/lib/libcustom_interface__rosidl_typesupport_introspection_c.so" to ""
-- Installing: /home/jarothenberg/Documents/GitHub/RBE550-Quadruped/install/custom_interface/lib/libcustom_interface__rosidl_typesupport_c.so
-- Set non-toolchain portion of runtime path of "/home/jarothenberg/Documents/GitHub/RBE550-Quadruped/install/custom_interface/lib/libcustom_interface__rosidl_typesupport_c.so" to ""
-- Up-to-date: /home/jarothenberg/Documents/GitHub/RBE550-Quadruped/install/custom_interface/include/custom_interface/custom_interface
-- Up-to-date: /home/jarothenberg/Documents/GitHub/RBE550-Quadruped/install/custom_interface/include/custom_interface/custom_interface/msg
-- Installing: /home/jarothenberg/Documents/GitHub/RBE550-Quadruped/install/custom_interface/include/custom_interface/custom_interface/msg/imu_data.hpp
-- Installing: /home/jarothenberg/Documents/GitHub/RBE550-Quadruped/install/custom_interface/include/custom_interface/custom_interface/msg/rosidl_generator_cpp__visibility_control.hpp
-- Installing: /home/jarothenberg/Documents/GitHub/RBE550-Quadruped/install/custom_interface/include/custom_interface/custom_interface/msg/leg_state.hpp
-- Up-to-date: /home/jarothenberg/Documents/GitHub/RBE550-Quadruped/install/custom_interface/include/custom_interface/custom_interface/msg/detail
-- Installing: /home/jarothenberg/Documents/GitHub/RBE550-Quadruped/install/custom_interface/include/custom_interface/custom_interface/msg/detail/leg_state__builder.hpp
-- Installing: /home/jarothenberg/Documents/GitHub/RBE550-Quadruped/install/custom_interface/include/custom_interface/custom_interface/msg/detail/imu_data__struct.hpp
-- Installing: /home/jarothenberg/Documents/GitHub/RBE550-Quadruped/install/custom_interface/include/custom_interface/custom_interface/msg/detail/imu_data__builder.hpp
-- Installing: /home/jarothenberg/Documents/GitHub/RBE550-Quadruped/install/custom_interface/include/custom_interface/custom_interface/msg/detail/leg_state__traits.hpp
-- Installing: /home/jarothenberg/Documents/GitHub/RBE550-Quadruped/install/custom_interface/include/custom_interface/custom_interface/msg/detail/leg_state__struct.hpp
-- Installing: /home/jarothenberg/Documents/GitHub/RBE550-Quadruped/install/custom_interface/include/custom_interface/custom_interface/msg/detail/leg_state__type_support.hpp
-- Installing: /home/jarothenberg/Documents/GitHub/RBE550-Quadruped/install/custom_interface/include/custom_interface/custom_interface/msg/detail/imu_data__type_support.hpp
-- Installing: /home/jarothenberg/Documents/GitHub/RBE550-Quadruped/install/custom_interface/include/custom_interface/custom_interface/msg/detail/imu_data__traits.hpp
-- Up-to-date: /home/jarothenberg/Documents/GitHub/RBE550-Quadruped/install/custom_interface/include/custom_interface/custom_interface
-- Up-to-date: /home/jarothenberg/Documents/GitHub/RBE550-Quadruped/install/custom_interface/include/custom_interface/custom_interface/msg
-- Installing: /home/jarothenberg/Documents/GitHub/RBE550-Quadruped/install/custom_interface/include/custom_interface/custom_interface/msg/rosidl_typesupport_fastrtps_cpp__visibility_control.h
-- Up-to-date: /home/jarothenberg/Documents/GitHub/RBE550-Quadruped/install/custom_interface/include/custom_interface/custom_interface/msg/detail
-- Installing: /home/jarothenberg/Documents/GitHub/RBE550-Quadruped/install/custom_interface/include/custom_interface/custom_interface/msg/detail/dds_fastrtps
-- Installing: /home/jarothenberg/Documents/GitHub/RBE550-Quadruped/install/custom_interface/include/custom_interface/custom_interface/msg/detail/leg_state__rosidl_typesupport_fastrtps_cpp.hpp
-- Installing: /home/jarothenberg/Documents/GitHub/RBE550-Quadruped/install/custom_interface/include/custom_interface/custom_interface/msg/detail/imu_data__rosidl_typesupport_fastrtps_cpp.hpp
-- Installing: /home/jarothenberg/Documents/GitHub/RBE550-Quadruped/install/custom_interface/lib/libcustom_interface__rosidl_typesupport_fastrtps_cpp.so
-- Set non-toolchain portion of runtime path of "/home/jarothenberg/Documents/GitHub/RBE550-Quadruped/install/custom_interface/lib/libcustom_interface__rosidl_typesupport_fastrtps_cpp.so" to ""
-- Up-to-date: /home/jarothenberg/Documents/GitHub/RBE550-Quadruped/install/custom_interface/include/custom_interface/custom_interface
-- Up-to-date: /home/jarothenberg/Documents/GitHub/RBE550-Quadruped/install/custom_interface/include/custom_interface/custom_interface/msg
-- Up-to-date: /home/jarothenberg/Documents/GitHub/RBE550-Quadruped/install/custom_interface/include/custom_interface/custom_interface/msg/detail
-- Installing: /home/jarothenberg/Documents/GitHub/RBE550-Quadruped/install/custom_interface/include/custom_interface/custom_interface/msg/detail/imu_data__type_support.cpp
-- Installing: /home/jarothenberg/Documents/GitHub/RBE550-Quadruped/install/custom_interface/include/custom_interface/custom_interface/msg/detail/leg_state__rosidl_typesupport_introspection_cpp.hpp
-- Installing: /home/jarothenberg/Documents/GitHub/RBE550-Quadruped/install/custom_interface/include/custom_interface/custom_interface/msg/detail/leg_state__type_support.cpp
-- Installing: /home/jarothenberg/Documents/GitHub/RBE550-Quadruped/install/custom_interface/include/custom_interface/custom_interface/msg/detail/imu_data__rosidl_typesupport_introspection_cpp.hpp
-- Installing: /home/jarothenberg/Documents/GitHub/RBE550-Quadruped/install/custom_interface/lib/libcustom_interface__rosidl_typesupport_introspection_cpp.so
-- Set non-toolchain portion of runtime path of "/home/jarothenberg/Documents/GitHub/RBE550-Quadruped/install/custom_interface/lib/libcustom_interface__rosidl_typesupport_introspection_cpp.so" to ""
-- Installing: /home/jarothenberg/Documents/GitHub/RBE550-Quadruped/install/custom_interface/lib/libcustom_interface__rosidl_typesupport_cpp.so
-- Set non-toolchain portion of runtime path of "/home/jarothenberg/Documents/GitHub/RBE550-Quadruped/install/custom_interface/lib/libcustom_interface__rosidl_typesupport_cpp.so" to ""
-- Installing: /home/jarothenberg/Documents/GitHub/RBE550-Quadruped/install/custom_interface/share/custom_interface/environment/pythonpath.sh
-- Installing: /home/jarothenberg/Documents/GitHub/RBE550-Quadruped/install/custom_interface/share/custom_interface/environment/pythonpath.dsv
-- Installing: /home/jarothenberg/Documents/GitHub/RBE550-Quadruped/install/custom_interface/lib/python3.12/site-packages/custom_interface-0.0.0-py3.12.egg-info
-- Installing: /home/jarothenberg/Documents/GitHub/RBE550-Quadruped/install/custom_interface/lib/python3.12/site-packages/custom_interface-0.0.0-py3.12.egg-info/SOURCES.txt
-- Installing: /home/jarothenberg/Documents/GitHub/RBE550-Quadruped/install/custom_interface/lib/python3.12/site-packages/custom_interface-0.0.0-py3.12.egg-info/dependency_links.txt
-- Installing: /home/jarothenberg/Documents/GitHub/RBE550-Quadruped/install/custom_interface/lib/python3.12/site-packages/custom_interface-0.0.0-py3.12.egg-info/top_level.txt
-- Installing: /home/jarothenberg/Documents/GitHub/RBE550-Quadruped/install/custom_interface/lib/python3.12/site-packages/custom_interface-0.0.0-py3.12.egg-info/PKG-INFO
-- Installing: /home/jarothenberg/Documents/GitHub/RBE550-Quadruped/install/custom_interface/lib/python3.12/site-packages/custom_interface
-- Installing: /home/jarothenberg/Documents/GitHub/RBE550-Quadruped/install/custom_interface/lib/python3.12/site-packages/custom_interface/custom_interface_s__rosidl_typesupport_introspection_c.so
-- Installing: /home/jarothenberg/Documents/GitHub/RBE550-Quadruped/install/custom_interface/lib/python3.12/site-packages/custom_interface/custom_interface_s__rosidl_typesupport_fastrtps_c.so
-- Installing: /home/jarothenberg/Documents/GitHub/RBE550-Quadruped/install/custom_interface/lib/python3.12/site-packages/custom_interface/__init__.py
-- Installing: /home/jarothenberg/Documents/GitHub/RBE550-Quadruped/install/custom_interface/lib/python3.12/site-packages/custom_interface/_custom_interface_s.ep.rosidl_typesupport_fastrtps_c.c
-- Installing: /home/jarothenberg/Documents/GitHub/RBE550-Quadruped/install/custom_interface/lib/python3.12/site-packages/custom_interface/_custom_interface_s.ep.rosidl_typesupport_introspection_c.c
-- Installing: /home/jarothenberg/Documents/GitHub/RBE550-Quadruped/install/custom_interface/lib/python3.12/site-packages/custom_interface/_custom_interface_s.ep.rosidl_typesupport_c.c
-- Installing: /home/jarothenberg/Documents/GitHub/RBE550-Quadruped/install/custom_interface/lib/python3.12/site-packages/custom_interface/custom_interface_s__rosidl_typesupport_c.so
-- Installing: /home/jarothenberg/Documents/GitHub/RBE550-Quadruped/install/custom_interface/lib/python3.12/site-packages/custom_interface/msg
-- Installing: /home/jarothenberg/Documents/GitHub/RBE550-Quadruped/install/custom_interface/lib/python3.12/site-packages/custom_interface/msg/_leg_state_s.c
-- Installing: /home/jarothenberg/Documents/GitHub/RBE550-Quadruped/install/custom_interface/lib/python3.12/site-packages/custom_interface/msg/__init__.py
-- Installing: /home/jarothenberg/Documents/GitHub/RBE550-Quadruped/install/custom_interface/lib/python3.12/site-packages/custom_interface/msg/_imu_data_s.c
-- Installing: /home/jarothenberg/Documents/GitHub/RBE550-Quadruped/install/custom_interface/lib/python3.12/site-packages/custom_interface/msg/_leg_state.py
-- Installing: /home/jarothenberg/Documents/GitHub/RBE550-Quadruped/install/custom_interface/lib/python3.12/site-packages/custom_interface/msg/_imu_data.py
Listing '/home/jarothenberg/Documents/GitHub/RBE550-Quadruped/install/custom_interface/lib/python3.12/site-packages/custom_interface'...
Compiling '/home/jarothenberg/Documents/GitHub/RBE550-Quadruped/install/custom_interface/lib/python3.12/site-packages/custom_interface/__init__.py'...
Listing '/home/jarothenberg/Documents/GitHub/RBE550-Quadruped/install/custom_interface/lib/python3.12/site-packages/custom_interface/msg'...
Compiling '/home/jarothenberg/Documents/GitHub/RBE550-Quadruped/install/custom_interface/lib/python3.12/site-packages/custom_interface/msg/__init__.py'...
Compiling '/home/jarothenberg/Documents/GitHub/RBE550-Quadruped/install/custom_interface/lib/python3.12/site-packages/custom_interface/msg/_imu_data.py'...
Compiling '/home/jarothenberg/Documents/GitHub/RBE550-Quadruped/install/custom_interface/lib/python3.12/site-packages/custom_interface/msg/_leg_state.py'...
-- Installing: /home/jarothenberg/Documents/GitHub/RBE550-Quadruped/install/custom_interface/lib/python3.12/site-packages/custom_interface/custom_interface_s__rosidl_typesupport_fastrtps_c.so
-- Set non-toolchain portion of runtime path of "/home/jarothenberg/Documents/GitHub/RBE550-Quadruped/install/custom_interface/lib/python3.12/site-packages/custom_interface/custom_interface_s__rosidl_typesupport_fastrtps_c.so" to ""
-- Installing: /home/jarothenberg/Documents/GitHub/RBE550-Quadruped/install/custom_interface/lib/python3.12/site-packages/custom_interface/custom_interface_s__rosidl_typesupport_introspection_c.so
-- Set non-toolchain portion of runtime path of "/home/jarothenberg/Documents/GitHub/RBE550-Quadruped/install/custom_interface/lib/python3.12/site-packages/custom_interface/custom_interface_s__rosidl_typesupport_introspection_c.so" to ""
-- Installing: /home/jarothenberg/Documents/GitHub/RBE550-Quadruped/install/custom_interface/lib/python3.12/site-packages/custom_interface/custom_interface_s__rosidl_typesupport_c.so
-- Set non-toolchain portion of runtime path of "/home/jarothenberg/Documents/GitHub/RBE550-Quadruped/install/custom_interface/lib/python3.12/site-packages/custom_interface/custom_interface_s__rosidl_typesupport_c.so" to ""
-- Installing: /home/jarothenberg/Documents/GitHub/RBE550-Quadruped/install/custom_interface/lib/libcustom_interface__rosidl_generator_py.so
-- Set non-toolchain portion of runtime path of "/home/jarothenberg/Documents/GitHub/RBE550-Quadruped/install/custom_interface/lib/libcustom_interface__rosidl_generator_py.so" to ""
-- Installing: /home/jarothenberg/Documents/GitHub/RBE550-Quadruped/install/custom_interface/share/custom_interface/msg/ImuData.idl
-- Installing: /home/jarothenberg/Documents/GitHub/RBE550-Quadruped/install/custom_interface/share/custom_interface/msg/LegState.idl
-- Installing: /home/jarothenberg/Documents/GitHub/RBE550-Quadruped/install/custom_interface/share/custom_interface/msg/ImuData.msg
-- Installing: /home/jarothenberg/Documents/GitHub/RBE550-Quadruped/install/custom_interface/share/custom_interface/msg/LegState.msg
-- Installing: /home/jarothenberg/Documents/GitHub/RBE550-Quadruped/install/custom_interface/share/ament_index/resource_index/package_run_dependencies/custom_interface
-- Installing: /home/jarothenberg/Documents/GitHub/RBE550-Quadruped/install/custom_interface/share/ament_index/resource_index/parent_prefix_path/custom_interface
-- Installing: /home/jarothenberg/Documents/GitHub/RBE550-Quadruped/install/custom_interface/share/custom_interface/environment/ament_prefix_path.sh
-- Installing: /home/jarothenberg/Documents/GitHub/RBE550-Quadruped/install/custom_interface/share/custom_interface/environment/ament_prefix_path.dsv
-- Installing: /home/jarothenberg/Documents/GitHub/RBE550-Quadruped/install/custom_interface/share/custom_interface/environment/path.sh
-- Installing: /home/jarothenberg/Documents/GitHub/RBE550-Quadruped/install/custom_interface/share/custom_interface/environment/path.dsv
-- Installing: /home/jarothenberg/Documents/GitHub/RBE550-Quadruped/install/custom_interface/share/custom_interface/local_setup.bash
-- Installing: /home/jarothenberg/Documents/GitHub/RBE550-Quadruped/install/custom_interface/share/custom_interface/local_setup.sh
-- Installing: /home/jarothenberg/Documents/GitHub/RBE550-Quadruped/install/custom_interface/share/custom_interface/local_setup.zsh
-- Installing: /home/jarothenberg/Documents/GitHub/RBE550-Quadruped/install/custom_interface/share/custom_interface/local_setup.dsv
-- Installing: /home/jarothenberg/Documents/GitHub/RBE550-Quadruped/install/custom_interface/share/custom_interface/package.dsv
-- Installing: /home/jarothenberg/Documents/GitHub/RBE550-Quadruped/install/custom_interface/share/ament_index/resource_index/packages/custom_interface
-- Installing: /home/jarothenberg/Documents/GitHub/RBE550-Quadruped/install/custom_interface/share/custom_interface/cmake/export_custom_interface__rosidl_generator_cExport.cmake
-- Installing: /home/jarothenberg/Documents/GitHub/RBE550-Quadruped/install/custom_interface/share/custom_interface/cmake/export_custom_interface__rosidl_generator_cExport-noconfig.cmake
-- Installing: /home/jarothenberg/Documents/GitHub/RBE550-Quadruped/install/custom_interface/share/custom_interface/cmake/export_custom_interface__rosidl_typesupport_fastrtps_cExport.cmake
-- Installing: /home/jarothenberg/Documents/GitHub/RBE550-Quadruped/install/custom_interface/share/custom_interface/cmake/export_custom_interface__rosidl_typesupport_fastrtps_cExport-noconfig.cmake
-- Installing: /home/jarothenberg/Documents/GitHub/RBE550-Quadruped/install/custom_interface/share/custom_interface/cmake/custom_interface__rosidl_typesupport_introspection_cExport.cmake
-- Installing: /home/jarothenberg/Documents/GitHub/RBE550-Quadruped/install/custom_interface/share/custom_interface/cmake/custom_interface__rosidl_typesupport_introspection_cExport-noconfig.cmake
-- Installing: /home/jarothenberg/Documents/GitHub/RBE550-Quadruped/install/custom_interface/share/custom_interface/cmake/custom_interface__rosidl_typesupport_cExport.cmake
-- Installing: /home/jarothenberg/Documents/GitHub/RBE550-Quadruped/install/custom_interface/share/custom_interface/cmake/custom_interface__rosidl_typesupport_cExport-noconfig.cmake
-- Installing: /home/jarothenberg/Documents/GitHub/RBE550-Quadruped/install/custom_interface/share/custom_interface/cmake/export_custom_interface__rosidl_generator_cppExport.cmake
-- Installing: /home/jarothenberg/Documents/GitHub/RBE550-Quadruped/install/custom_interface/share/custom_interface/cmake/export_custom_interface__rosidl_typesupport_fastrtps_cppExport.cmake
-- Installing: /home/jarothenberg/Documents/GitHub/RBE550-Quadruped/install/custom_interface/share/custom_interface/cmake/export_custom_interface__rosidl_typesupport_fastrtps_cppExport-noconfig.cmake
-- Installing: /home/jarothenberg/Documents/GitHub/RBE550-Quadruped/install/custom_interface/share/custom_interface/cmake/custom_interface__rosidl_typesupport_introspection_cppExport.cmake
-- Installing: /home/jarothenberg/Documents/GitHub/RBE550-Quadruped/install/custom_interface/share/custom_interface/cmake/custom_interface__rosidl_typesupport_introspection_cppExport-noconfig.cmake
-- Installing: /home/jarothenberg/Documents/GitHub/RBE550-Quadruped/install/custom_interface/share/custom_interface/cmake/custom_interface__rosidl_typesupport_cppExport.cmake
-- Installing: /home/jarothenberg/Documents/GitHub/RBE550-Quadruped/install/custom_interface/share/custom_interface/cmake/custom_interface__rosidl_typesupport_cppExport-noconfig.cmake
-- Installing: /home/jarothenberg/Documents/GitHub/RBE550-Quadruped/install/custom_interface/share/custom_interface/cmake/export_custom_interface__rosidl_generator_pyExport.cmake
-- Installing: /home/jarothenberg/Documents/GitHub/RBE550-Quadruped/install/custom_interface/share/custom_interface/cmake/export_custom_interface__rosidl_generator_pyExport-noconfig.cmake
-- Installing: /home/jarothenberg/Documents/GitHub/RBE550-Quadruped/install/custom_interface/share/custom_interface/cmake/rosidl_cmake-extras.cmake
-- Installing: /home/jarothenberg/Documents/GitHub/RBE550-Quadruped/install/custom_interface/share/custom_interface/cmake/ament_cmake_export_dependencies-extras.cmake
-- Installing: /home/jarothenberg/Documents/GitHub/RBE550-Quadruped/install/custom_interface/share/custom_interface/cmake/ament_cmake_export_include_directories-extras.cmake
-- Installing: /home/jarothenberg/Documents/GitHub/RBE550-Quadruped/install/custom_interface/share/custom_interface/cmake/ament_cmake_export_libraries-extras.cmake
-- Installing: /home/jarothenberg/Documents/GitHub/RBE550-Quadruped/install/custom_interface/share/custom_interface/cmake/ament_cmake_export_targets-extras.cmake
-- Installing: /home/jarothenberg/Documents/GitHub/RBE550-Quadruped/install/custom_interface/share/custom_interface/cmake/rosidl_cmake_export_typesupport_targets-extras.cmake
-- Installing: /home/jarothenberg/Documents/GitHub/RBE550-Quadruped/install/custom_interface/share/custom_interface/cmake/rosidl_cmake_export_typesupport_libraries-extras.cmake
-- Installing: /home/jarothenberg/Documents/GitHub/RBE550-Quadruped/install/custom_interface/share/custom_interface/cmake/custom_interfaceConfig.cmake
-- Installing: /home/jarothenberg/Documents/GitHub/RBE550-Quadruped/install/custom_interface/share/custom_interface/cmake/custom_interfaceConfig-version.cmake
-- Installing: /home/jarothenberg/Documents/GitHub/RBE550-Quadruped/install/custom_interface/share/custom_interface/package.xml
