[0.044s] Invoking command in '/home/jarothenberg/Documents/GitHub/RBE550-Quadruped/build/custom_interface': CMAKE_PREFIX_PATH=${CMAKE_PREFIX_PATH}:/home/jarothenberg/Documents/GitHub/RBE550-Quadruped/install/sensors:/home/jarothenberg/Documents/GitHub/RBE550-Quadruped/install/robot_sim:/home/jarothenberg/Documents/GitHub/RBE550-Quadruped/install/robot_description:/home/jarothenberg/Documents/GitHub/RBE550-Quadruped/install/quadruped:/home/jarothenberg/Documents/GitHub/RBE550-Quadruped/install/leg_controls:/home/jarothenberg/Documents/GitHub/RBE550-Quadruped/install/center_of_mass:/opt/ros/jazzy DEBUGINFOD_URLS=https://debuginfod.ubuntu.com /usr/bin/cmake --build /home/jarothenberg/Documents/GitHub/RBE550-Quadruped/build/custom_interface -- -j32 -l32
[1.025s] [  2%] Built target custom_interface__rosidl_generator_type_description
[1.025s] [  2%] Built target ament_cmake_python_copy_custom_interface
[1.025s] [  4%] Built target custom_interface__cpp
[1.025s] [ 22%] Built target custom_interface__rosidl_generator_c
[1.025s] [ 31%] Built target custom_interface__rosidl_typesupport_cpp
[1.025s] [ 56%] Built target custom_interface__rosidl_typesupport_introspection_cpp
[1.025s] [ 59%] Built target custom_interface__rosidl_typesupport_introspection_c
[1.025s] [ 59%] Built target custom_interface__rosidl_typesupport_fastrtps_c
[1.026s] [ 68%] Built target custom_interface__rosidl_typesupport_c
[1.026s] [ 77%] Built target custom_interface__rosidl_typesupport_fastrtps_cpp
[1.026s] [ 77%] Built target custom_interface
[1.026s] [ 79%] Built target custom_interface__py
[1.026s] [ 86%] Built target custom_interface__rosidl_generator_py
[1.026s] [ 90%] Built target custom_interface_s__rosidl_typesupport_fastrtps_c
[1.027s] [ 95%] Built target custom_interface_s__rosidl_typesupport_introspection_c
[1.027s] [100%] Built target custom_interface_s__rosidl_typesupport_c
[1.027s] running egg_info
[1.027s] writing custom_interface.egg-info/PKG-INFO
[1.027s] writing dependency_links to custom_interface.egg-info/dependency_links.txt
[1.027s] writing top-level names to custom_interface.egg-info/top_level.txt
[1.027s] reading manifest file 'custom_interface.egg-info/SOURCES.txt'
[1.027s] writing manifest file 'custom_interface.egg-info/SOURCES.txt'
[1.027s] [100%] Built target ament_cmake_python_build_custom_interface_egg
[1.029s] Invoked command in '/home/jarothenberg/Documents/GitHub/RBE550-Quadruped/build/custom_interface' returned '0': CMAKE_PREFIX_PATH=${CMAKE_PREFIX_PATH}:/home/jarothenberg/Documents/GitHub/RBE550-Quadruped/install/sensors:/home/jarothenberg/Documents/GitHub/RBE550-Quadruped/install/robot_sim:/home/jarothenberg/Documents/GitHub/RBE550-Quadruped/install/robot_description:/home/jarothenberg/Documents/GitHub/RBE550-Quadruped/install/quadruped:/home/jarothenberg/Documents/GitHub/RBE550-Quadruped/install/leg_controls:/home/jarothenberg/Documents/GitHub/RBE550-Quadruped/install/center_of_mass:/opt/ros/jazzy DEBUGINFOD_URLS=https://debuginfod.ubuntu.com /usr/bin/cmake --build /home/jarothenberg/Documents/GitHub/RBE550-Quadruped/build/custom_interface -- -j32 -l32
[1.375s] Invoking command in '/home/jarothenberg/Documents/GitHub/RBE550-Quadruped/build/custom_interface': CMAKE_PREFIX_PATH=${CMAKE_PREFIX_PATH}:/home/jarothenberg/Documents/GitHub/RBE550-Quadruped/install/sensors:/home/jarothenberg/Documents/GitHub/RBE550-Quadruped/install/robot_sim:/home/jarothenberg/Documents/GitHub/RBE550-Quadruped/install/robot_description:/home/jarothenberg/Documents/GitHub/RBE550-Quadruped/install/quadruped:/home/jarothenberg/Documents/GitHub/RBE550-Quadruped/install/leg_controls:/home/jarothenberg/Documents/GitHub/RBE550-Quadruped/install/center_of_mass:/opt/ros/jazzy DEBUGINFOD_URLS=https://debuginfod.ubuntu.com /usr/bin/cmake --install /home/jarothenberg/Documents/GitHub/RBE550-Quadruped/build/custom_interface
[1.393s] -- Install configuration: ""
[1.393s] -- Installing: /home/jarothenberg/Documents/GitHub/RBE550-Quadruped/install/custom_interface/share/ament_index/resource_index/rosidl_interfaces/custom_interface
[1.393s] -- Installing: /home/jarothenberg/Documents/GitHub/RBE550-Quadruped/install/custom_interface/share/custom_interface/msg/ImuData.json
[1.393s] -- Installing: /home/jarothenberg/Documents/GitHub/RBE550-Quadruped/install/custom_interface/share/custom_interface/msg/LegState.json
[1.394s] -- Installing: /home/jarothenberg/Documents/GitHub/RBE550-Quadruped/install/custom_interface/include/custom_interface/custom_interface
[1.394s] -- Installing: /home/jarothenberg/Documents/GitHub/RBE550-Quadruped/install/custom_interface/include/custom_interface/custom_interface/msg
[1.394s] -- Installing: /home/jarothenberg/Documents/GitHub/RBE550-Quadruped/install/custom_interface/include/custom_interface/custom_interface/msg/leg_state.h
[1.394s] -- Installing: /home/jarothenberg/Documents/GitHub/RBE550-Quadruped/install/custom_interface/include/custom_interface/custom_interface/msg/imu_data.h
[1.395s] -- Installing: /home/jarothenberg/Documents/GitHub/RBE550-Quadruped/install/custom_interface/include/custom_interface/custom_interface/msg/rosidl_generator_c__visibility_control.h
[1.395s] -- Installing: /home/jarothenberg/Documents/GitHub/RBE550-Quadruped/install/custom_interface/include/custom_interface/custom_interface/msg/detail
[1.395s] -- Installing: /home/jarothenberg/Documents/GitHub/RBE550-Quadruped/install/custom_interface/include/custom_interface/custom_interface/msg/detail/imu_data__struct.h
[1.395s] -- Installing: /home/jarothenberg/Documents/GitHub/RBE550-Quadruped/install/custom_interface/include/custom_interface/custom_interface/msg/detail/imu_data__functions.c
[1.395s] -- Installing: /home/jarothenberg/Documents/GitHub/RBE550-Quadruped/install/custom_interface/include/custom_interface/custom_interface/msg/detail/imu_data__type_support.c
[1.395s] -- Installing: /home/jarothenberg/Documents/GitHub/RBE550-Quadruped/install/custom_interface/include/custom_interface/custom_interface/msg/detail/leg_state__description.c
[1.395s] -- Installing: /home/jarothenberg/Documents/GitHub/RBE550-Quadruped/install/custom_interface/include/custom_interface/custom_interface/msg/detail/leg_state__struct.h
[1.395s] -- Installing: /home/jarothenberg/Documents/GitHub/RBE550-Quadruped/install/custom_interface/include/custom_interface/custom_interface/msg/detail/leg_state__functions.c
[1.395s] -- Installing: /home/jarothenberg/Documents/GitHub/RBE550-Quadruped/install/custom_interface/include/custom_interface/custom_interface/msg/detail/leg_state__type_support.c
[1.395s] -- Installing: /home/jarothenberg/Documents/GitHub/RBE550-Quadruped/install/custom_interface/include/custom_interface/custom_interface/msg/detail/leg_state__type_support.h
[1.395s] -- Installing: /home/jarothenberg/Documents/GitHub/RBE550-Quadruped/install/custom_interface/include/custom_interface/custom_interface/msg/detail/leg_state__functions.h
[1.396s] -- Installing: /home/jarothenberg/Documents/GitHub/RBE550-Quadruped/install/custom_interface/include/custom_interface/custom_interface/msg/detail/imu_data__type_support.h
[1.396s] -- Installing: /home/jarothenberg/Documents/GitHub/RBE550-Quadruped/install/custom_interface/include/custom_interface/custom_interface/msg/detail/imu_data__functions.h
[1.396s] -- Installing: /home/jarothenberg/Documents/GitHub/RBE550-Quadruped/install/custom_interface/include/custom_interface/custom_interface/msg/detail/imu_data__description.c
[1.396s] -- Installing: /home/jarothenberg/Documents/GitHub/RBE550-Quadruped/install/custom_interface/share/custom_interface/environment/library_path.sh
[1.396s] -- Installing: /home/jarothenberg/Documents/GitHub/RBE550-Quadruped/install/custom_interface/share/custom_interface/environment/library_path.dsv
[1.396s] -- Installing: /home/jarothenberg/Documents/GitHub/RBE550-Quadruped/install/custom_interface/lib/libcustom_interface__rosidl_generator_c.so
[1.396s] -- Set non-toolchain portion of runtime path of "/home/jarothenberg/Documents/GitHub/RBE550-Quadruped/install/custom_interface/lib/libcustom_interface__rosidl_generator_c.so" to ""
[1.396s] -- Up-to-date: /home/jarothenberg/Documents/GitHub/RBE550-Quadruped/install/custom_interface/include/custom_interface/custom_interface
[1.396s] -- Up-to-date: /home/jarothenberg/Documents/GitHub/RBE550-Quadruped/install/custom_interface/include/custom_interface/custom_interface/msg
[1.397s] -- Installing: /home/jarothenberg/Documents/GitHub/RBE550-Quadruped/install/custom_interface/include/custom_interface/custom_interface/msg/rosidl_typesupport_fastrtps_c__visibility_control.h
[1.397s] -- Up-to-date: /home/jarothenberg/Documents/GitHub/RBE550-Quadruped/install/custom_interface/include/custom_interface/custom_interface/msg/detail
[1.397s] -- Installing: /home/jarothenberg/Documents/GitHub/RBE550-Quadruped/install/custom_interface/include/custom_interface/custom_interface/msg/detail/imu_data__rosidl_typesupport_fastrtps_c.h
[1.397s] -- Installing: /home/jarothenberg/Documents/GitHub/RBE550-Quadruped/install/custom_interface/include/custom_interface/custom_interface/msg/detail/leg_state__rosidl_typesupport_fastrtps_c.h
[1.397s] -- Installing: /home/jarothenberg/Documents/GitHub/RBE550-Quadruped/install/custom_interface/lib/libcustom_interface__rosidl_typesupport_fastrtps_c.so
[1.397s] -- Set non-toolchain portion of runtime path of "/home/jarothenberg/Documents/GitHub/RBE550-Quadruped/install/custom_interface/lib/libcustom_interface__rosidl_typesupport_fastrtps_c.so" to ""
[1.397s] -- Up-to-date: /home/jarothenberg/Documents/GitHub/RBE550-Quadruped/install/custom_interface/include/custom_interface/custom_interface
[1.397s] -- Up-to-date: /home/jarothenberg/Documents/GitHub/RBE550-Quadruped/install/custom_interface/include/custom_interface/custom_interface/msg
[1.397s] -- Installing: /home/jarothenberg/Documents/GitHub/RBE550-Quadruped/install/custom_interface/include/custom_interface/custom_interface/msg/rosidl_typesupport_introspection_c__visibility_control.h
[1.398s] -- Up-to-date: /home/jarothenberg/Documents/GitHub/RBE550-Quadruped/install/custom_interface/include/custom_interface/custom_interface/msg/detail
[1.398s] -- Up-to-date: /home/jarothenberg/Documents/GitHub/RBE550-Quadruped/install/custom_interface/include/custom_interface/custom_interface/msg/detail/imu_data__type_support.c
[1.398s] -- Up-to-date: /home/jarothenberg/Documents/GitHub/RBE550-Quadruped/install/custom_interface/include/custom_interface/custom_interface/msg/detail/leg_state__type_support.c
[1.398s] -- Installing: /home/jarothenberg/Documents/GitHub/RBE550-Quadruped/install/custom_interface/include/custom_interface/custom_interface/msg/detail/imu_data__rosidl_typesupport_introspection_c.h
[1.398s] -- Installing: /home/jarothenberg/Documents/GitHub/RBE550-Quadruped/install/custom_interface/include/custom_interface/custom_interface/msg/detail/leg_state__rosidl_typesupport_introspection_c.h
[1.398s] -- Installing: /home/jarothenberg/Documents/GitHub/RBE550-Quadruped/install/custom_interface/lib/libcustom_interface__rosidl_typesupport_introspection_c.so
[1.398s] -- Set non-toolchain portion of runtime path of "/home/jarothenberg/Documents/GitHub/RBE550-Quadruped/install/custom_interface/lib/libcustom_interface__rosidl_typesupport_introspection_c.so" to ""
[1.398s] -- Installing: /home/jarothenberg/Documents/GitHub/RBE550-Quadruped/install/custom_interface/lib/libcustom_interface__rosidl_typesupport_c.so
[1.399s] -- Set non-toolchain portion of runtime path of "/home/jarothenberg/Documents/GitHub/RBE550-Quadruped/install/custom_interface/lib/libcustom_interface__rosidl_typesupport_c.so" to ""
[1.399s] -- Up-to-date: /home/jarothenberg/Documents/GitHub/RBE550-Quadruped/install/custom_interface/include/custom_interface/custom_interface
[1.399s] -- Up-to-date: /home/jarothenberg/Documents/GitHub/RBE550-Quadruped/install/custom_interface/include/custom_interface/custom_interface/msg
[1.399s] -- Installing: /home/jarothenberg/Documents/GitHub/RBE550-Quadruped/install/custom_interface/include/custom_interface/custom_interface/msg/imu_data.hpp
[1.399s] -- Installing: /home/jarothenberg/Documents/GitHub/RBE550-Quadruped/install/custom_interface/include/custom_interface/custom_interface/msg/rosidl_generator_cpp__visibility_control.hpp
[1.399s] -- Installing: /home/jarothenberg/Documents/GitHub/RBE550-Quadruped/install/custom_interface/include/custom_interface/custom_interface/msg/leg_state.hpp
[1.399s] -- Up-to-date: /home/jarothenberg/Documents/GitHub/RBE550-Quadruped/install/custom_interface/include/custom_interface/custom_interface/msg/detail
[1.399s] -- Installing: /home/jarothenberg/Documents/GitHub/RBE550-Quadruped/install/custom_interface/include/custom_interface/custom_interface/msg/detail/leg_state__builder.hpp
[1.400s] -- Installing: /home/jarothenberg/Documents/GitHub/RBE550-Quadruped/install/custom_interface/include/custom_interface/custom_interface/msg/detail/imu_data__struct.hpp
[1.400s] -- Installing: /home/jarothenberg/Documents/GitHub/RBE550-Quadruped/install/custom_interface/include/custom_interface/custom_interface/msg/detail/imu_data__builder.hpp
[1.400s] -- Installing: /home/jarothenberg/Documents/GitHub/RBE550-Quadruped/install/custom_interface/include/custom_interface/custom_interface/msg/detail/leg_state__traits.hpp
[1.400s] -- Installing: /home/jarothenberg/Documents/GitHub/RBE550-Quadruped/install/custom_interface/include/custom_interface/custom_interface/msg/detail/leg_state__struct.hpp
[1.400s] -- Installing: /home/jarothenberg/Documents/GitHub/RBE550-Quadruped/install/custom_interface/include/custom_interface/custom_interface/msg/detail/leg_state__type_support.hpp
[1.400s] -- Installing: /home/jarothenberg/Documents/GitHub/RBE550-Quadruped/install/custom_interface/include/custom_interface/custom_interface/msg/detail/imu_data__type_support.hpp
[1.400s] -- Installing: /home/jarothenberg/Documents/GitHub/RBE550-Quadruped/install/custom_interface/include/custom_interface/custom_interface/msg/detail/imu_data__traits.hpp
[1.400s] -- Up-to-date: /home/jarothenberg/Documents/GitHub/RBE550-Quadruped/install/custom_interface/include/custom_interface/custom_interface
[1.400s] -- Up-to-date: /home/jarothenberg/Documents/GitHub/RBE550-Quadruped/install/custom_interface/include/custom_interface/custom_interface/msg
[1.400s] -- Installing: /home/jarothenberg/Documents/GitHub/RBE550-Quadruped/install/custom_interface/include/custom_interface/custom_interface/msg/rosidl_typesupport_fastrtps_cpp__visibility_control.h
[1.400s] -- Up-to-date: /home/jarothenberg/Documents/GitHub/RBE550-Quadruped/install/custom_interface/include/custom_interface/custom_interface/msg/detail
[1.401s] -- Installing: /home/jarothenberg/Documents/GitHub/RBE550-Quadruped/install/custom_interface/include/custom_interface/custom_interface/msg/detail/dds_fastrtps
[1.401s] -- Installing: /home/jarothenberg/Documents/GitHub/RBE550-Quadruped/install/custom_interface/include/custom_interface/custom_interface/msg/detail/leg_state__rosidl_typesupport_fastrtps_cpp.hpp
[1.401s] -- Installing: /home/jarothenberg/Documents/GitHub/RBE550-Quadruped/install/custom_interface/include/custom_interface/custom_interface/msg/detail/imu_data__rosidl_typesupport_fastrtps_cpp.hpp
[1.401s] -- Installing: /home/jarothenberg/Documents/GitHub/RBE550-Quadruped/install/custom_interface/lib/libcustom_interface__rosidl_typesupport_fastrtps_cpp.so
[1.401s] -- Set non-toolchain portion of runtime path of "/home/jarothenberg/Documents/GitHub/RBE550-Quadruped/install/custom_interface/lib/libcustom_interface__rosidl_typesupport_fastrtps_cpp.so" to ""
[1.401s] -- Up-to-date: /home/jarothenberg/Documents/GitHub/RBE550-Quadruped/install/custom_interface/include/custom_interface/custom_interface
[1.401s] -- Up-to-date: /home/jarothenberg/Documents/GitHub/RBE550-Quadruped/install/custom_interface/include/custom_interface/custom_interface/msg
[1.401s] -- Up-to-date: /home/jarothenberg/Documents/GitHub/RBE550-Quadruped/install/custom_interface/include/custom_interface/custom_interface/msg/detail
[1.402s] -- Installing: /home/jarothenberg/Documents/GitHub/RBE550-Quadruped/install/custom_interface/include/custom_interface/custom_interface/msg/detail/imu_data__type_support.cpp
[1.402s] -- Installing: /home/jarothenberg/Documents/GitHub/RBE550-Quadruped/install/custom_interface/include/custom_interface/custom_interface/msg/detail/leg_state__rosidl_typesupport_introspection_cpp.hpp
[1.402s] -- Installing: /home/jarothenberg/Documents/GitHub/RBE550-Quadruped/install/custom_interface/include/custom_interface/custom_interface/msg/detail/leg_state__type_support.cpp
[1.402s] -- Installing: /home/jarothenberg/Documents/GitHub/RBE550-Quadruped/install/custom_interface/include/custom_interface/custom_interface/msg/detail/imu_data__rosidl_typesupport_introspection_cpp.hpp
[1.402s] -- Installing: /home/jarothenberg/Documents/GitHub/RBE550-Quadruped/install/custom_interface/lib/libcustom_interface__rosidl_typesupport_introspection_cpp.so
[1.402s] -- Set non-toolchain portion of runtime path of "/home/jarothenberg/Documents/GitHub/RBE550-Quadruped/install/custom_interface/lib/libcustom_interface__rosidl_typesupport_introspection_cpp.so" to ""
[1.402s] -- Installing: /home/jarothenberg/Documents/GitHub/RBE550-Quadruped/install/custom_interface/lib/libcustom_interface__rosidl_typesupport_cpp.so
[1.403s] -- Set non-toolchain portion of runtime path of "/home/jarothenberg/Documents/GitHub/RBE550-Quadruped/install/custom_interface/lib/libcustom_interface__rosidl_typesupport_cpp.so" to ""
[1.403s] -- Installing: /home/jarothenberg/Documents/GitHub/RBE550-Quadruped/install/custom_interface/share/custom_interface/environment/pythonpath.sh
[1.403s] -- Installing: /home/jarothenberg/Documents/GitHub/RBE550-Quadruped/install/custom_interface/share/custom_interface/environment/pythonpath.dsv
[1.403s] -- Installing: /home/jarothenberg/Documents/GitHub/RBE550-Quadruped/install/custom_interface/lib/python3.12/site-packages/custom_interface-0.0.0-py3.12.egg-info
[1.403s] -- Installing: /home/jarothenberg/Documents/GitHub/RBE550-Quadruped/install/custom_interface/lib/python3.12/site-packages/custom_interface-0.0.0-py3.12.egg-info/SOURCES.txt
[1.403s] -- Installing: /home/jarothenberg/Documents/GitHub/RBE550-Quadruped/install/custom_interface/lib/python3.12/site-packages/custom_interface-0.0.0-py3.12.egg-info/dependency_links.txt
[1.404s] -- Installing: /home/jarothenberg/Documents/GitHub/RBE550-Quadruped/install/custom_interface/lib/python3.12/site-packages/custom_interface-0.0.0-py3.12.egg-info/top_level.txt
[1.404s] -- Installing: /home/jarothenberg/Documents/GitHub/RBE550-Quadruped/install/custom_interface/lib/python3.12/site-packages/custom_interface-0.0.0-py3.12.egg-info/PKG-INFO
[1.404s] -- Installing: /home/jarothenberg/Documents/GitHub/RBE550-Quadruped/install/custom_interface/lib/python3.12/site-packages/custom_interface
[1.404s] -- Installing: /home/jarothenberg/Documents/GitHub/RBE550-Quadruped/install/custom_interface/lib/python3.12/site-packages/custom_interface/custom_interface_s__rosidl_typesupport_introspection_c.so
[1.404s] -- Installing: /home/jarothenberg/Documents/GitHub/RBE550-Quadruped/install/custom_interface/lib/python3.12/site-packages/custom_interface/custom_interface_s__rosidl_typesupport_fastrtps_c.so
[1.404s] -- Installing: /home/jarothenberg/Documents/GitHub/RBE550-Quadruped/install/custom_interface/lib/python3.12/site-packages/custom_interface/__init__.py
[1.404s] -- Installing: /home/jarothenberg/Documents/GitHub/RBE550-Quadruped/install/custom_interface/lib/python3.12/site-packages/custom_interface/_custom_interface_s.ep.rosidl_typesupport_fastrtps_c.c
[1.404s] -- Installing: /home/jarothenberg/Documents/GitHub/RBE550-Quadruped/install/custom_interface/lib/python3.12/site-packages/custom_interface/_custom_interface_s.ep.rosidl_typesupport_introspection_c.c
[1.404s] -- Installing: /home/jarothenberg/Documents/GitHub/RBE550-Quadruped/install/custom_interface/lib/python3.12/site-packages/custom_interface/_custom_interface_s.ep.rosidl_typesupport_c.c
[1.405s] -- Installing: /home/jarothenberg/Documents/GitHub/RBE550-Quadruped/install/custom_interface/lib/python3.12/site-packages/custom_interface/custom_interface_s__rosidl_typesupport_c.so
[1.405s] -- Installing: /home/jarothenberg/Documents/GitHub/RBE550-Quadruped/install/custom_interface/lib/python3.12/site-packages/custom_interface/msg
[1.405s] -- Installing: /home/jarothenberg/Documents/GitHub/RBE550-Quadruped/install/custom_interface/lib/python3.12/site-packages/custom_interface/msg/_leg_state_s.c
[1.405s] -- Installing: /home/jarothenberg/Documents/GitHub/RBE550-Quadruped/install/custom_interface/lib/python3.12/site-packages/custom_interface/msg/__init__.py
[1.405s] -- Installing: /home/jarothenberg/Documents/GitHub/RBE550-Quadruped/install/custom_interface/lib/python3.12/site-packages/custom_interface/msg/_imu_data_s.c
[1.405s] -- Installing: /home/jarothenberg/Documents/GitHub/RBE550-Quadruped/install/custom_interface/lib/python3.12/site-packages/custom_interface/msg/_leg_state.py
[1.405s] -- Installing: /home/jarothenberg/Documents/GitHub/RBE550-Quadruped/install/custom_interface/lib/python3.12/site-packages/custom_interface/msg/_imu_data.py
[1.472s] Listing '/home/jarothenberg/Documents/GitHub/RBE550-Quadruped/install/custom_interface/lib/python3.12/site-packages/custom_interface'...
[1.472s] Compiling '/home/jarothenberg/Documents/GitHub/RBE550-Quadruped/install/custom_interface/lib/python3.12/site-packages/custom_interface/__init__.py'...
[1.473s] Listing '/home/jarothenberg/Documents/GitHub/RBE550-Quadruped/install/custom_interface/lib/python3.12/site-packages/custom_interface/msg'...
[1.473s] Compiling '/home/jarothenberg/Documents/GitHub/RBE550-Quadruped/install/custom_interface/lib/python3.12/site-packages/custom_interface/msg/__init__.py'...
[1.473s] Compiling '/home/jarothenberg/Documents/GitHub/RBE550-Quadruped/install/custom_interface/lib/python3.12/site-packages/custom_interface/msg/_imu_data.py'...
[1.473s] Compiling '/home/jarothenberg/Documents/GitHub/RBE550-Quadruped/install/custom_interface/lib/python3.12/site-packages/custom_interface/msg/_leg_state.py'...
[1.481s] -- Installing: /home/jarothenberg/Documents/GitHub/RBE550-Quadruped/install/custom_interface/lib/python3.12/site-packages/custom_interface/custom_interface_s__rosidl_typesupport_fastrtps_c.so
[1.482s] -- Set non-toolchain portion of runtime path of "/home/jarothenberg/Documents/GitHub/RBE550-Quadruped/install/custom_interface/lib/python3.12/site-packages/custom_interface/custom_interface_s__rosidl_typesupport_fastrtps_c.so" to ""
[1.482s] -- Installing: /home/jarothenberg/Documents/GitHub/RBE550-Quadruped/install/custom_interface/lib/python3.12/site-packages/custom_interface/custom_interface_s__rosidl_typesupport_introspection_c.so
[1.482s] -- Set non-toolchain portion of runtime path of "/home/jarothenberg/Documents/GitHub/RBE550-Quadruped/install/custom_interface/lib/python3.12/site-packages/custom_interface/custom_interface_s__rosidl_typesupport_introspection_c.so" to ""
[1.482s] -- Installing: /home/jarothenberg/Documents/GitHub/RBE550-Quadruped/install/custom_interface/lib/python3.12/site-packages/custom_interface/custom_interface_s__rosidl_typesupport_c.so
[1.483s] -- Set non-toolchain portion of runtime path of "/home/jarothenberg/Documents/GitHub/RBE550-Quadruped/install/custom_interface/lib/python3.12/site-packages/custom_interface/custom_interface_s__rosidl_typesupport_c.so" to ""
[1.483s] -- Installing: /home/jarothenberg/Documents/GitHub/RBE550-Quadruped/install/custom_interface/lib/libcustom_interface__rosidl_generator_py.so
[1.484s] -- Set non-toolchain portion of runtime path of "/home/jarothenberg/Documents/GitHub/RBE550-Quadruped/install/custom_interface/lib/libcustom_interface__rosidl_generator_py.so" to ""
[1.484s] -- Installing: /home/jarothenberg/Documents/GitHub/RBE550-Quadruped/install/custom_interface/share/custom_interface/msg/ImuData.idl
[1.485s] -- Installing: /home/jarothenberg/Documents/GitHub/RBE550-Quadruped/install/custom_interface/share/custom_interface/msg/LegState.idl
[1.485s] -- Installing: /home/jarothenberg/Documents/GitHub/RBE550-Quadruped/install/custom_interface/share/custom_interface/msg/ImuData.msg
[1.485s] -- Installing: /home/jarothenberg/Documents/GitHub/RBE550-Quadruped/install/custom_interface/share/custom_interface/msg/LegState.msg
[1.485s] -- Installing: /home/jarothenberg/Documents/GitHub/RBE550-Quadruped/install/custom_interface/share/ament_index/resource_index/package_run_dependencies/custom_interface
[1.486s] -- Installing: /home/jarothenberg/Documents/GitHub/RBE550-Quadruped/install/custom_interface/share/ament_index/resource_index/parent_prefix_path/custom_interface
[1.486s] -- Installing: /home/jarothenberg/Documents/GitHub/RBE550-Quadruped/install/custom_interface/share/custom_interface/environment/ament_prefix_path.sh
[1.486s] -- Installing: /home/jarothenberg/Documents/GitHub/RBE550-Quadruped/install/custom_interface/share/custom_interface/environment/ament_prefix_path.dsv
[1.486s] -- Installing: /home/jarothenberg/Documents/GitHub/RBE550-Quadruped/install/custom_interface/share/custom_interface/environment/path.sh
[1.487s] -- Installing: /home/jarothenberg/Documents/GitHub/RBE550-Quadruped/install/custom_interface/share/custom_interface/environment/path.dsv
[1.487s] -- Installing: /home/jarothenberg/Documents/GitHub/RBE550-Quadruped/install/custom_interface/share/custom_interface/local_setup.bash
[1.487s] -- Installing: /home/jarothenberg/Documents/GitHub/RBE550-Quadruped/install/custom_interface/share/custom_interface/local_setup.sh
[1.487s] -- Installing: /home/jarothenberg/Documents/GitHub/RBE550-Quadruped/install/custom_interface/share/custom_interface/local_setup.zsh
[1.487s] -- Installing: /home/jarothenberg/Documents/GitHub/RBE550-Quadruped/install/custom_interface/share/custom_interface/local_setup.dsv
[1.487s] -- Installing: /home/jarothenberg/Documents/GitHub/RBE550-Quadruped/install/custom_interface/share/custom_interface/package.dsv
[1.488s] -- Installing: /home/jarothenberg/Documents/GitHub/RBE550-Quadruped/install/custom_interface/share/ament_index/resource_index/packages/custom_interface
[1.488s] -- Installing: /home/jarothenberg/Documents/GitHub/RBE550-Quadruped/install/custom_interface/share/custom_interface/cmake/export_custom_interface__rosidl_generator_cExport.cmake
[1.488s] -- Installing: /home/jarothenberg/Documents/GitHub/RBE550-Quadruped/install/custom_interface/share/custom_interface/cmake/export_custom_interface__rosidl_generator_cExport-noconfig.cmake
[1.488s] -- Installing: /home/jarothenberg/Documents/GitHub/RBE550-Quadruped/install/custom_interface/share/custom_interface/cmake/export_custom_interface__rosidl_typesupport_fastrtps_cExport.cmake
[1.488s] -- Installing: /home/jarothenberg/Documents/GitHub/RBE550-Quadruped/install/custom_interface/share/custom_interface/cmake/export_custom_interface__rosidl_typesupport_fastrtps_cExport-noconfig.cmake
[1.488s] -- Installing: /home/jarothenberg/Documents/GitHub/RBE550-Quadruped/install/custom_interface/share/custom_interface/cmake/custom_interface__rosidl_typesupport_introspection_cExport.cmake
[1.488s] -- Installing: /home/jarothenberg/Documents/GitHub/RBE550-Quadruped/install/custom_interface/share/custom_interface/cmake/custom_interface__rosidl_typesupport_introspection_cExport-noconfig.cmake
[1.488s] -- Installing: /home/jarothenberg/Documents/GitHub/RBE550-Quadruped/install/custom_interface/share/custom_interface/cmake/custom_interface__rosidl_typesupport_cExport.cmake
[1.488s] -- Installing: /home/jarothenberg/Documents/GitHub/RBE550-Quadruped/install/custom_interface/share/custom_interface/cmake/custom_interface__rosidl_typesupport_cExport-noconfig.cmake
[1.488s] -- Installing: /home/jarothenberg/Documents/GitHub/RBE550-Quadruped/install/custom_interface/share/custom_interface/cmake/export_custom_interface__rosidl_generator_cppExport.cmake
[1.489s] -- Installing: /home/jarothenberg/Documents/GitHub/RBE550-Quadruped/install/custom_interface/share/custom_interface/cmake/export_custom_interface__rosidl_typesupport_fastrtps_cppExport.cmake
[1.489s] -- Installing: /home/jarothenberg/Documents/GitHub/RBE550-Quadruped/install/custom_interface/share/custom_interface/cmake/export_custom_interface__rosidl_typesupport_fastrtps_cppExport-noconfig.cmake
[1.489s] -- Installing: /home/jarothenberg/Documents/GitHub/RBE550-Quadruped/install/custom_interface/share/custom_interface/cmake/custom_interface__rosidl_typesupport_introspection_cppExport.cmake
[1.489s] -- Installing: /home/jarothenberg/Documents/GitHub/RBE550-Quadruped/install/custom_interface/share/custom_interface/cmake/custom_interface__rosidl_typesupport_introspection_cppExport-noconfig.cmake
[1.489s] -- Installing: /home/jarothenberg/Documents/GitHub/RBE550-Quadruped/install/custom_interface/share/custom_interface/cmake/custom_interface__rosidl_typesupport_cppExport.cmake
[1.489s] -- Installing: /home/jarothenberg/Documents/GitHub/RBE550-Quadruped/install/custom_interface/share/custom_interface/cmake/custom_interface__rosidl_typesupport_cppExport-noconfig.cmake
[1.489s] -- Installing: /home/jarothenberg/Documents/GitHub/RBE550-Quadruped/install/custom_interface/share/custom_interface/cmake/export_custom_interface__rosidl_generator_pyExport.cmake
[1.489s] -- Installing: /home/jarothenberg/Documents/GitHub/RBE550-Quadruped/install/custom_interface/share/custom_interface/cmake/export_custom_interface__rosidl_generator_pyExport-noconfig.cmake
[1.489s] -- Installing: /home/jarothenberg/Documents/GitHub/RBE550-Quadruped/install/custom_interface/share/custom_interface/cmake/rosidl_cmake-extras.cmake
[1.489s] -- Installing: /home/jarothenberg/Documents/GitHub/RBE550-Quadruped/install/custom_interface/share/custom_interface/cmake/ament_cmake_export_dependencies-extras.cmake
[1.490s] -- Installing: /home/jarothenberg/Documents/GitHub/RBE550-Quadruped/install/custom_interface/share/custom_interface/cmake/ament_cmake_export_include_directories-extras.cmake
[1.490s] -- Installing: /home/jarothenberg/Documents/GitHub/RBE550-Quadruped/install/custom_interface/share/custom_interface/cmake/ament_cmake_export_libraries-extras.cmake
[1.490s] -- Installing: /home/jarothenberg/Documents/GitHub/RBE550-Quadruped/install/custom_interface/share/custom_interface/cmake/ament_cmake_export_targets-extras.cmake
[1.490s] -- Installing: /home/jarothenberg/Documents/GitHub/RBE550-Quadruped/install/custom_interface/share/custom_interface/cmake/rosidl_cmake_export_typesupport_targets-extras.cmake
[1.490s] -- Installing: /home/jarothenberg/Documents/GitHub/RBE550-Quadruped/install/custom_interface/share/custom_interface/cmake/rosidl_cmake_export_typesupport_libraries-extras.cmake
[1.490s] -- Installing: /home/jarothenberg/Documents/GitHub/RBE550-Quadruped/install/custom_interface/share/custom_interface/cmake/custom_interfaceConfig.cmake
[1.490s] -- Installing: /home/jarothenberg/Documents/GitHub/RBE550-Quadruped/install/custom_interface/share/custom_interface/cmake/custom_interfaceConfig-version.cmake
[1.490s] -- Installing: /home/jarothenberg/Documents/GitHub/RBE550-Quadruped/install/custom_interface/share/custom_interface/package.xml
[1.493s] Invoked command in '/home/jarothenberg/Documents/GitHub/RBE550-Quadruped/build/custom_interface' returned '0': CMAKE_PREFIX_PATH=${CMAKE_PREFIX_PATH}:/home/jarothenberg/Documents/GitHub/RBE550-Quadruped/install/sensors:/home/jarothenberg/Documents/GitHub/RBE550-Quadruped/install/robot_sim:/home/jarothenberg/Documents/GitHub/RBE550-Quadruped/install/robot_description:/home/jarothenberg/Documents/GitHub/RBE550-Quadruped/install/quadruped:/home/jarothenberg/Documents/GitHub/RBE550-Quadruped/install/leg_controls:/home/jarothenberg/Documents/GitHub/RBE550-Quadruped/install/center_of_mass:/opt/ros/jazzy DEBUGINFOD_URLS=https://debuginfod.ubuntu.com /usr/bin/cmake --install /home/jarothenberg/Documents/GitHub/RBE550-Quadruped/build/custom_interface
