[1.498s] Invoking command in '/home/scott-pena/GitHub/RBE550-Quadruped/src/leg_controls': DEBUGINFOD_URLS=https://debuginfod.ubuntu.com PS1=\[\e]0;\u@\h: \w\a\]${debian_chroot:+($debian_chroot)}\[\033[01;32m\]\u@\h\[\033[00m\]:\[\033[01;34m\]\w\[\033[00m\]\$ PYTHONPATH=/home/scott-pena/GitHub/RBE550-Quadruped/build/leg_controls/prefix_override:/usr/lib/python3/dist-packages/colcon_core/task/python/colcon_distutils_commands:/home/scott-pena/GitHub/RBE550-Quadruped/install/leg_controls/lib/python3.12/site-packages:/home/scott-pena/GitHub/RBE550-Quadruped/install/custom_interface/lib/python3.12/site-packages:/home/scott-pena/GitHub/RBE550-Quadruped/install/sensors/lib/python3.12/site-packages:/home/scott-pena/GitHub/RBE550-Quadruped/install/robot_sim/lib/python3.12/site-packages:/home/scott-pena/GitHub/RBE550-Quadruped/install/robot_description/lib/python3.12/site-packages:/home/scott-pena/GitHub/RBE550-Quadruped/install/quadruped/lib/python3.12/site-packages:/home/scott-pena/GitHub/RBE550-Quadruped/install/py_pubsub/lib/python3.12/site-packages:/home/scott-pena/GitHub/RBE550-Quadruped/install/leg_controls/lib/python3.12/site-packages:/home/scott-pena/GitHub/RBE550-Quadruped/install/center_of_mass/lib/python3.12/site-packages:/opt/ros/jazzy/lib/python3.12/site-packages /usr/bin/python3 -W ignore:setup.py install is deprecated setup.py egg_info --egg-base ../../build/leg_controls build --build-base /home/scott-pena/GitHub/RBE550-Quadruped/build/leg_controls/build install --record /home/scott-pena/GitHub/RBE550-Quadruped/build/leg_controls/install.log --single-version-externally-managed install_data
[1.896s] running egg_info
[1.930s] writing ../../build/leg_controls/leg_controls.egg-info/PKG-INFO
[1.930s] writing dependency_links to ../../build/leg_controls/leg_controls.egg-info/dependency_links.txt
[1.930s] writing entry points to ../../build/leg_controls/leg_controls.egg-info/entry_points.txt
[1.931s] writing requirements to ../../build/leg_controls/leg_controls.egg-info/requires.txt
[1.931s] writing top-level names to ../../build/leg_controls/leg_controls.egg-info/top_level.txt
[2.002s] reading manifest file '../../build/leg_controls/leg_controls.egg-info/SOURCES.txt'
[2.002s] adding license file 'LICENSE'
[2.003s] writing manifest file '../../build/leg_controls/leg_controls.egg-info/SOURCES.txt'
[2.003s] running build
[2.003s] running build_py
[2.004s] running install
[2.010s] running install_lib
[2.046s] running install_data
[2.046s] running install_egg_info
[2.089s] removing '/home/scott-pena/GitHub/RBE550-Quadruped/install/leg_controls/lib/python3.12/site-packages/leg_controls-0.0.0-py3.12.egg-info' (and everything under it)
[2.089s] Copying ../../build/leg_controls/leg_controls.egg-info to /home/scott-pena/GitHub/RBE550-Quadruped/install/leg_controls/lib/python3.12/site-packages/leg_controls-0.0.0-py3.12.egg-info
[2.091s] running install_scripts
[2.313s] Installing FrontLeftLeg script to /home/scott-pena/GitHub/RBE550-Quadruped/install/leg_controls/lib/leg_controls
[2.313s] Installing FrontRightLeg script to /home/scott-pena/GitHub/RBE550-Quadruped/install/leg_controls/lib/leg_controls
[2.313s] Installing RearLeftLeg script to /home/scott-pena/GitHub/RBE550-Quadruped/install/leg_controls/lib/leg_controls
[2.314s] Installing RearRightLeg script to /home/scott-pena/GitHub/RBE550-Quadruped/install/leg_controls/lib/leg_controls
[2.314s] Installing gait script to /home/scott-pena/GitHub/RBE550-Quadruped/install/leg_controls/lib/leg_controls
[2.314s] Installing leg_init script to /home/scott-pena/GitHub/RBE550-Quadruped/install/leg_controls/lib/leg_controls
[2.314s] Installing test_ik script to /home/scott-pena/GitHub/RBE550-Quadruped/install/leg_controls/lib/leg_controls
[2.314s] Installing test_movement script to /home/scott-pena/GitHub/RBE550-Quadruped/install/leg_controls/lib/leg_controls
[2.315s] writing list of installed files to '/home/scott-pena/GitHub/RBE550-Quadruped/build/leg_controls/install.log'
[2.342s] Invoked command in '/home/scott-pena/GitHub/RBE550-Quadruped/src/leg_controls' returned '0': DEBUGINFOD_URLS=https://debuginfod.ubuntu.com PS1=\[\e]0;\u@\h: \w\a\]${debian_chroot:+($debian_chroot)}\[\033[01;32m\]\u@\h\[\033[00m\]:\[\033[01;34m\]\w\[\033[00m\]\$ PYTHONPATH=/home/scott-pena/GitHub/RBE550-Quadruped/build/leg_controls/prefix_override:/usr/lib/python3/dist-packages/colcon_core/task/python/colcon_distutils_commands:/home/scott-pena/GitHub/RBE550-Quadruped/install/leg_controls/lib/python3.12/site-packages:/home/scott-pena/GitHub/RBE550-Quadruped/install/custom_interface/lib/python3.12/site-packages:/home/scott-pena/GitHub/RBE550-Quadruped/install/sensors/lib/python3.12/site-packages:/home/scott-pena/GitHub/RBE550-Quadruped/install/robot_sim/lib/python3.12/site-packages:/home/scott-pena/GitHub/RBE550-Quadruped/install/robot_description/lib/python3.12/site-packages:/home/scott-pena/GitHub/RBE550-Quadruped/install/quadruped/lib/python3.12/site-packages:/home/scott-pena/GitHub/RBE550-Quadruped/install/py_pubsub/lib/python3.12/site-packages:/home/scott-pena/GitHub/RBE550-Quadruped/install/leg_controls/lib/python3.12/site-packages:/home/scott-pena/GitHub/RBE550-Quadruped/install/center_of_mass/lib/python3.12/site-packages:/opt/ros/jazzy/lib/python3.12/site-packages /usr/bin/python3 -W ignore:setup.py install is deprecated setup.py egg_info --egg-base ../../build/leg_controls build --build-base /home/scott-pena/GitHub/RBE550-Quadruped/build/leg_controls/build install --record /home/scott-pena/GitHub/RBE550-Quadruped/build/leg_controls/install.log --single-version-externally-managed install_data
