[0.056s] Invoking command in '/home/jarothenberg/Documents/GitHub/RBE550-Quadruped/build/custom_interface': CMAKE_PREFIX_PATH=${CMAKE_PREFIX_PATH}:/home/jarothenberg/Documents/GitHub/RBE550-Quadruped/install/sensors:/home/jarothenberg/Documents/GitHub/RBE550-Quadruped/install/robot_sim:/home/jarothenberg/Documents/GitHub/RBE550-Quadruped/install/robot_description:/home/jarothenberg/Documents/GitHub/RBE550-Quadruped/install/quadruped:/home/jarothenberg/Documents/GitHub/RBE550-Quadruped/install/motion_planner:/home/jarothenberg/Documents/GitHub/RBE550-Quadruped/install/leg_controls:/home/jarothenberg/Documents/GitHub/RBE550-Quadruped/install/center_of_mass:/opt/ros/jazzy DEBUGINFOD_URLS=https://debuginfod.ubuntu.com /usr/bin/cmake --build /home/jarothenberg/Documents/GitHub/RBE550-Quadruped/build/custom_interface -- -j32 -l32
[1.317s] [  2%] Built target custom_interface__rosidl_generator_type_description
[1.317s] [  2%] Built target ament_cmake_python_copy_custom_interface
[1.318s] [  4%] Built target custom_interface__cpp
[1.318s] [ 22%] Built target custom_interface__rosidl_generator_c
[1.318s] [ 31%] Built target custom_interface__rosidl_typesupport_c
[1.318s] [ 40%] Built target custom_interface__rosidl_typesupport_fastrtps_c
[1.318s] [ 50%] Built target custom_interface__rosidl_typesupport_cpp
[1.318s] [ 65%] Built target custom_interface__rosidl_typesupport_introspection_c
[1.318s] [ 68%] Built target custom_interface__rosidl_typesupport_fastrtps_cpp
[1.318s] [ 77%] Built target custom_interface__rosidl_typesupport_introspection_cpp
[1.318s] [ 77%] Built target custom_interface
[1.318s] [ 79%] Built target custom_interface__py
[1.318s] [ 86%] Built target custom_interface__rosidl_generator_py
[1.319s] [ 90%] Built target custom_interface_s__rosidl_typesupport_fastrtps_c
[1.319s] [ 95%] Built target custom_interface_s__rosidl_typesupport_introspection_c
[1.319s] [100%] Built target custom_interface_s__rosidl_typesupport_c
[1.319s] running egg_info
[1.319s] writing custom_interface.egg-info/PKG-INFO
[1.319s] writing dependency_links to custom_interface.egg-info/dependency_links.txt
[1.319s] writing top-level names to custom_interface.egg-info/top_level.txt
[1.319s] reading manifest file 'custom_interface.egg-info/SOURCES.txt'
[1.319s] writing manifest file 'custom_interface.egg-info/SOURCES.txt'
[1.319s] [100%] Built target ament_cmake_python_build_custom_interface_egg
[1.599s] Invoked command in '/home/jarothenberg/Documents/GitHub/RBE550-Quadruped/build/custom_interface' returned '0': CMAKE_PREFIX_PATH=${CMAKE_PREFIX_PATH}:/home/jarothenberg/Documents/GitHub/RBE550-Quadruped/install/sensors:/home/jarothenberg/Documents/GitHub/RBE550-Quadruped/install/robot_sim:/home/jarothenberg/Documents/GitHub/RBE550-Quadruped/install/robot_description:/home/jarothenberg/Documents/GitHub/RBE550-Quadruped/install/quadruped:/home/jarothenberg/Documents/GitHub/RBE550-Quadruped/install/motion_planner:/home/jarothenberg/Documents/GitHub/RBE550-Quadruped/install/leg_controls:/home/jarothenberg/Documents/GitHub/RBE550-Quadruped/install/center_of_mass:/opt/ros/jazzy DEBUGINFOD_URLS=https://debuginfod.ubuntu.com /usr/bin/cmake --build /home/jarothenberg/Documents/GitHub/RBE550-Quadruped/build/custom_interface -- -j32 -l32
[1.806s] Invoking command in '/home/jarothenberg/Documents/GitHub/RBE550-Quadruped/build/custom_interface': CMAKE_PREFIX_PATH=${CMAKE_PREFIX_PATH}:/home/jarothenberg/Documents/GitHub/RBE550-Quadruped/install/sensors:/home/jarothenberg/Documents/GitHub/RBE550-Quadruped/install/robot_sim:/home/jarothenberg/Documents/GitHub/RBE550-Quadruped/install/robot_description:/home/jarothenberg/Documents/GitHub/RBE550-Quadruped/install/quadruped:/home/jarothenberg/Documents/GitHub/RBE550-Quadruped/install/motion_planner:/home/jarothenberg/Documents/GitHub/RBE550-Quadruped/install/leg_controls:/home/jarothenberg/Documents/GitHub/RBE550-Quadruped/install/center_of_mass:/opt/ros/jazzy DEBUGINFOD_URLS=https://debuginfod.ubuntu.com /usr/bin/cmake --install /home/jarothenberg/Documents/GitHub/RBE550-Quadruped/build/custom_interface
[1.823s] -- Install configuration: ""
[1.824s] -- Up-to-date: /home/jarothenberg/Documents/GitHub/RBE550-Quadruped/install/custom_interface/share/ament_index/resource_index/rosidl_interfaces/custom_interface
[1.824s] -- Up-to-date: /home/jarothenberg/Documents/GitHub/RBE550-Quadruped/install/custom_interface/share/custom_interface/msg/ImuData.json
[1.824s] -- Up-to-date: /home/jarothenberg/Documents/GitHub/RBE550-Quadruped/install/custom_interface/share/custom_interface/msg/LegState.json
[1.824s] -- Up-to-date: /home/jarothenberg/Documents/GitHub/RBE550-Quadruped/install/custom_interface/include/custom_interface/custom_interface
[1.824s] -- Up-to-date: /home/jarothenberg/Documents/GitHub/RBE550-Quadruped/install/custom_interface/include/custom_interface/custom_interface/msg
[1.824s] -- Up-to-date: /home/jarothenberg/Documents/GitHub/RBE550-Quadruped/install/custom_interface/include/custom_interface/custom_interface/msg/leg_state.h
[1.824s] -- Up-to-date: /home/jarothenberg/Documents/GitHub/RBE550-Quadruped/install/custom_interface/include/custom_interface/custom_interface/msg/imu_data.h
[1.824s] -- Up-to-date: /home/jarothenberg/Documents/GitHub/RBE550-Quadruped/install/custom_interface/include/custom_interface/custom_interface/msg/rosidl_generator_c__visibility_control.h
[1.825s] -- Up-to-date: /home/jarothenberg/Documents/GitHub/RBE550-Quadruped/install/custom_interface/include/custom_interface/custom_interface/msg/detail
[1.825s] -- Up-to-date: /home/jarothenberg/Documents/GitHub/RBE550-Quadruped/install/custom_interface/include/custom_interface/custom_interface/msg/detail/imu_data__struct.h
[1.825s] -- Up-to-date: /home/jarothenberg/Documents/GitHub/RBE550-Quadruped/install/custom_interface/include/custom_interface/custom_interface/msg/detail/imu_data__functions.c
[1.825s] -- Up-to-date: /home/jarothenberg/Documents/GitHub/RBE550-Quadruped/install/custom_interface/include/custom_interface/custom_interface/msg/detail/imu_data__type_support.c
[1.825s] -- Up-to-date: /home/jarothenberg/Documents/GitHub/RBE550-Quadruped/install/custom_interface/include/custom_interface/custom_interface/msg/detail/leg_state__description.c
[1.825s] -- Up-to-date: /home/jarothenberg/Documents/GitHub/RBE550-Quadruped/install/custom_interface/include/custom_interface/custom_interface/msg/detail/leg_state__struct.h
[1.825s] -- Up-to-date: /home/jarothenberg/Documents/GitHub/RBE550-Quadruped/install/custom_interface/include/custom_interface/custom_interface/msg/detail/leg_state__functions.c
[1.825s] -- Up-to-date: /home/jarothenberg/Documents/GitHub/RBE550-Quadruped/install/custom_interface/include/custom_interface/custom_interface/msg/detail/leg_state__type_support.c
[1.825s] -- Up-to-date: /home/jarothenberg/Documents/GitHub/RBE550-Quadruped/install/custom_interface/include/custom_interface/custom_interface/msg/detail/leg_state__type_support.h
[1.826s] -- Up-to-date: /home/jarothenberg/Documents/GitHub/RBE550-Quadruped/install/custom_interface/include/custom_interface/custom_interface/msg/detail/leg_state__functions.h
[1.826s] -- Up-to-date: /home/jarothenberg/Documents/GitHub/RBE550-Quadruped/install/custom_interface/include/custom_interface/custom_interface/msg/detail/imu_data__type_support.h
[1.826s] -- Up-to-date: /home/jarothenberg/Documents/GitHub/RBE550-Quadruped/install/custom_interface/include/custom_interface/custom_interface/msg/detail/imu_data__functions.h
[1.826s] -- Up-to-date: /home/jarothenberg/Documents/GitHub/RBE550-Quadruped/install/custom_interface/include/custom_interface/custom_interface/msg/detail/imu_data__description.c
[1.826s] -- Up-to-date: /home/jarothenberg/Documents/GitHub/RBE550-Quadruped/install/custom_interface/share/custom_interface/environment/library_path.sh
[1.826s] -- Up-to-date: /home/jarothenberg/Documents/GitHub/RBE550-Quadruped/install/custom_interface/share/custom_interface/environment/library_path.dsv
[1.826s] -- Up-to-date: /home/jarothenberg/Documents/GitHub/RBE550-Quadruped/install/custom_interface/lib/libcustom_interface__rosidl_generator_c.so
[1.826s] -- Up-to-date: /home/jarothenberg/Documents/GitHub/RBE550-Quadruped/install/custom_interface/include/custom_interface/custom_interface
[1.827s] -- Up-to-date: /home/jarothenberg/Documents/GitHub/RBE550-Quadruped/install/custom_interface/include/custom_interface/custom_interface/msg
[1.827s] -- Up-to-date: /home/jarothenberg/Documents/GitHub/RBE550-Quadruped/install/custom_interface/include/custom_interface/custom_interface/msg/rosidl_typesupport_fastrtps_c__visibility_control.h
[1.827s] -- Up-to-date: /home/jarothenberg/Documents/GitHub/RBE550-Quadruped/install/custom_interface/include/custom_interface/custom_interface/msg/detail
[1.827s] -- Up-to-date: /home/jarothenberg/Documents/GitHub/RBE550-Quadruped/install/custom_interface/include/custom_interface/custom_interface/msg/detail/imu_data__rosidl_typesupport_fastrtps_c.h
[1.827s] -- Up-to-date: /home/jarothenberg/Documents/GitHub/RBE550-Quadruped/install/custom_interface/include/custom_interface/custom_interface/msg/detail/leg_state__rosidl_typesupport_fastrtps_c.h
[1.827s] -- Up-to-date: /home/jarothenberg/Documents/GitHub/RBE550-Quadruped/install/custom_interface/lib/libcustom_interface__rosidl_typesupport_fastrtps_c.so
[1.827s] -- Up-to-date: /home/jarothenberg/Documents/GitHub/RBE550-Quadruped/install/custom_interface/include/custom_interface/custom_interface
[1.827s] -- Up-to-date: /home/jarothenberg/Documents/GitHub/RBE550-Quadruped/install/custom_interface/include/custom_interface/custom_interface/msg
[1.827s] -- Up-to-date: /home/jarothenberg/Documents/GitHub/RBE550-Quadruped/install/custom_interface/include/custom_interface/custom_interface/msg/rosidl_typesupport_introspection_c__visibility_control.h
[1.827s] -- Up-to-date: /home/jarothenberg/Documents/GitHub/RBE550-Quadruped/install/custom_interface/include/custom_interface/custom_interface/msg/detail
[1.828s] -- Up-to-date: /home/jarothenberg/Documents/GitHub/RBE550-Quadruped/install/custom_interface/include/custom_interface/custom_interface/msg/detail/imu_data__type_support.c
[1.828s] -- Up-to-date: /home/jarothenberg/Documents/GitHub/RBE550-Quadruped/install/custom_interface/include/custom_interface/custom_interface/msg/detail/leg_state__type_support.c
[1.828s] -- Up-to-date: /home/jarothenberg/Documents/GitHub/RBE550-Quadruped/install/custom_interface/include/custom_interface/custom_interface/msg/detail/imu_data__rosidl_typesupport_introspection_c.h
[1.828s] -- Up-to-date: /home/jarothenberg/Documents/GitHub/RBE550-Quadruped/install/custom_interface/include/custom_interface/custom_interface/msg/detail/leg_state__rosidl_typesupport_introspection_c.h
[1.828s] -- Up-to-date: /home/jarothenberg/Documents/GitHub/RBE550-Quadruped/install/custom_interface/lib/libcustom_interface__rosidl_typesupport_introspection_c.so
[1.828s] -- Up-to-date: /home/jarothenberg/Documents/GitHub/RBE550-Quadruped/install/custom_interface/lib/libcustom_interface__rosidl_typesupport_c.so
[1.828s] -- Up-to-date: /home/jarothenberg/Documents/GitHub/RBE550-Quadruped/install/custom_interface/include/custom_interface/custom_interface
[1.829s] -- Up-to-date: /home/jarothenberg/Documents/GitHub/RBE550-Quadruped/install/custom_interface/include/custom_interface/custom_interface/msg
[1.829s] -- Up-to-date: /home/jarothenberg/Documents/GitHub/RBE550-Quadruped/install/custom_interface/include/custom_interface/custom_interface/msg/imu_data.hpp
[1.829s] -- Up-to-date: /home/jarothenberg/Documents/GitHub/RBE550-Quadruped/install/custom_interface/include/custom_interface/custom_interface/msg/rosidl_generator_cpp__visibility_control.hpp
[1.829s] -- Up-to-date: /home/jarothenberg/Documents/GitHub/RBE550-Quadruped/install/custom_interface/include/custom_interface/custom_interface/msg/leg_state.hpp
[1.829s] -- Up-to-date: /home/jarothenberg/Documents/GitHub/RBE550-Quadruped/install/custom_interface/include/custom_interface/custom_interface/msg/detail
[1.829s] -- Up-to-date: /home/jarothenberg/Documents/GitHub/RBE550-Quadruped/install/custom_interface/include/custom_interface/custom_interface/msg/detail/leg_state__builder.hpp
[1.830s] -- Up-to-date: /home/jarothenberg/Documents/GitHub/RBE550-Quadruped/install/custom_interface/include/custom_interface/custom_interface/msg/detail/imu_data__struct.hpp
[1.830s] -- Up-to-date: /home/jarothenberg/Documents/GitHub/RBE550-Quadruped/install/custom_interface/include/custom_interface/custom_interface/msg/detail/imu_data__builder.hpp
[1.830s] -- Up-to-date: /home/jarothenberg/Documents/GitHub/RBE550-Quadruped/install/custom_interface/include/custom_interface/custom_interface/msg/detail/leg_state__traits.hpp
[1.830s] -- Up-to-date: /home/jarothenberg/Documents/GitHub/RBE550-Quadruped/install/custom_interface/include/custom_interface/custom_interface/msg/detail/leg_state__struct.hpp
[1.830s] -- Up-to-date: /home/jarothenberg/Documents/GitHub/RBE550-Quadruped/install/custom_interface/include/custom_interface/custom_interface/msg/detail/leg_state__type_support.hpp
[1.830s] -- Up-to-date: /home/jarothenberg/Documents/GitHub/RBE550-Quadruped/install/custom_interface/include/custom_interface/custom_interface/msg/detail/imu_data__type_support.hpp
[1.830s] -- Up-to-date: /home/jarothenberg/Documents/GitHub/RBE550-Quadruped/install/custom_interface/include/custom_interface/custom_interface/msg/detail/imu_data__traits.hpp
[1.830s] -- Up-to-date: /home/jarothenberg/Documents/GitHub/RBE550-Quadruped/install/custom_interface/include/custom_interface/custom_interface
[1.830s] -- Up-to-date: /home/jarothenberg/Documents/GitHub/RBE550-Quadruped/install/custom_interface/include/custom_interface/custom_interface/msg
[1.830s] -- Up-to-date: /home/jarothenberg/Documents/GitHub/RBE550-Quadruped/install/custom_interface/include/custom_interface/custom_interface/msg/rosidl_typesupport_fastrtps_cpp__visibility_control.h
[1.831s] -- Up-to-date: /home/jarothenberg/Documents/GitHub/RBE550-Quadruped/install/custom_interface/include/custom_interface/custom_interface/msg/detail
[1.831s] -- Up-to-date: /home/jarothenberg/Documents/GitHub/RBE550-Quadruped/install/custom_interface/include/custom_interface/custom_interface/msg/detail/dds_fastrtps
[1.831s] -- Up-to-date: /home/jarothenberg/Documents/GitHub/RBE550-Quadruped/install/custom_interface/include/custom_interface/custom_interface/msg/detail/leg_state__rosidl_typesupport_fastrtps_cpp.hpp
[1.831s] -- Up-to-date: /home/jarothenberg/Documents/GitHub/RBE550-Quadruped/install/custom_interface/include/custom_interface/custom_interface/msg/detail/imu_data__rosidl_typesupport_fastrtps_cpp.hpp
[1.831s] -- Up-to-date: /home/jarothenberg/Documents/GitHub/RBE550-Quadruped/install/custom_interface/lib/libcustom_interface__rosidl_typesupport_fastrtps_cpp.so
[1.831s] -- Up-to-date: /home/jarothenberg/Documents/GitHub/RBE550-Quadruped/install/custom_interface/include/custom_interface/custom_interface
[1.831s] -- Up-to-date: /home/jarothenberg/Documents/GitHub/RBE550-Quadruped/install/custom_interface/include/custom_interface/custom_interface/msg
[1.831s] -- Up-to-date: /home/jarothenberg/Documents/GitHub/RBE550-Quadruped/install/custom_interface/include/custom_interface/custom_interface/msg/detail
[1.831s] -- Up-to-date: /home/jarothenberg/Documents/GitHub/RBE550-Quadruped/install/custom_interface/include/custom_interface/custom_interface/msg/detail/imu_data__type_support.cpp
[1.831s] -- Up-to-date: /home/jarothenberg/Documents/GitHub/RBE550-Quadruped/install/custom_interface/include/custom_interface/custom_interface/msg/detail/leg_state__rosidl_typesupport_introspection_cpp.hpp
[1.831s] -- Up-to-date: /home/jarothenberg/Documents/GitHub/RBE550-Quadruped/install/custom_interface/include/custom_interface/custom_interface/msg/detail/leg_state__type_support.cpp
[1.831s] -- Up-to-date: /home/jarothenberg/Documents/GitHub/RBE550-Quadruped/install/custom_interface/include/custom_interface/custom_interface/msg/detail/imu_data__rosidl_typesupport_introspection_cpp.hpp
[1.832s] -- Up-to-date: /home/jarothenberg/Documents/GitHub/RBE550-Quadruped/install/custom_interface/lib/libcustom_interface__rosidl_typesupport_introspection_cpp.so
[1.832s] -- Up-to-date: /home/jarothenberg/Documents/GitHub/RBE550-Quadruped/install/custom_interface/lib/libcustom_interface__rosidl_typesupport_cpp.so
[1.832s] -- Up-to-date: /home/jarothenberg/Documents/GitHub/RBE550-Quadruped/install/custom_interface/share/custom_interface/environment/pythonpath.sh
[1.832s] -- Up-to-date: /home/jarothenberg/Documents/GitHub/RBE550-Quadruped/install/custom_interface/share/custom_interface/environment/pythonpath.dsv
[1.832s] -- Up-to-date: /home/jarothenberg/Documents/GitHub/RBE550-Quadruped/install/custom_interface/lib/python3.12/site-packages/custom_interface-0.0.0-py3.12.egg-info
[1.832s] -- Installing: /home/jarothenberg/Documents/GitHub/RBE550-Quadruped/install/custom_interface/lib/python3.12/site-packages/custom_interface-0.0.0-py3.12.egg-info/SOURCES.txt
[1.832s] -- Installing: /home/jarothenberg/Documents/GitHub/RBE550-Quadruped/install/custom_interface/lib/python3.12/site-packages/custom_interface-0.0.0-py3.12.egg-info/dependency_links.txt
[1.832s] -- Installing: /home/jarothenberg/Documents/GitHub/RBE550-Quadruped/install/custom_interface/lib/python3.12/site-packages/custom_interface-0.0.0-py3.12.egg-info/top_level.txt
[1.832s] -- Installing: /home/jarothenberg/Documents/GitHub/RBE550-Quadruped/install/custom_interface/lib/python3.12/site-packages/custom_interface-0.0.0-py3.12.egg-info/PKG-INFO
[1.832s] -- Up-to-date: /home/jarothenberg/Documents/GitHub/RBE550-Quadruped/install/custom_interface/lib/python3.12/site-packages/custom_interface
[1.833s] -- Up-to-date: /home/jarothenberg/Documents/GitHub/RBE550-Quadruped/install/custom_interface/lib/python3.12/site-packages/custom_interface/custom_interface_s__rosidl_typesupport_introspection_c.so
[1.833s] -- Up-to-date: /home/jarothenberg/Documents/GitHub/RBE550-Quadruped/install/custom_interface/lib/python3.12/site-packages/custom_interface/custom_interface_s__rosidl_typesupport_fastrtps_c.so
[1.833s] -- Up-to-date: /home/jarothenberg/Documents/GitHub/RBE550-Quadruped/install/custom_interface/lib/python3.12/site-packages/custom_interface/__init__.py
[1.833s] -- Up-to-date: /home/jarothenberg/Documents/GitHub/RBE550-Quadruped/install/custom_interface/lib/python3.12/site-packages/custom_interface/_custom_interface_s.ep.rosidl_typesupport_fastrtps_c.c
[1.833s] -- Up-to-date: /home/jarothenberg/Documents/GitHub/RBE550-Quadruped/install/custom_interface/lib/python3.12/site-packages/custom_interface/_custom_interface_s.ep.rosidl_typesupport_introspection_c.c
[1.833s] -- Up-to-date: /home/jarothenberg/Documents/GitHub/RBE550-Quadruped/install/custom_interface/lib/python3.12/site-packages/custom_interface/_custom_interface_s.ep.rosidl_typesupport_c.c
[1.833s] -- Up-to-date: /home/jarothenberg/Documents/GitHub/RBE550-Quadruped/install/custom_interface/lib/python3.12/site-packages/custom_interface/custom_interface_s__rosidl_typesupport_c.so
[1.833s] -- Up-to-date: /home/jarothenberg/Documents/GitHub/RBE550-Quadruped/install/custom_interface/lib/python3.12/site-packages/custom_interface/msg
[1.833s] -- Up-to-date: /home/jarothenberg/Documents/GitHub/RBE550-Quadruped/install/custom_interface/lib/python3.12/site-packages/custom_interface/msg/_leg_state_s.c
[1.833s] -- Up-to-date: /home/jarothenberg/Documents/GitHub/RBE550-Quadruped/install/custom_interface/lib/python3.12/site-packages/custom_interface/msg/__init__.py
[1.833s] -- Up-to-date: /home/jarothenberg/Documents/GitHub/RBE550-Quadruped/install/custom_interface/lib/python3.12/site-packages/custom_interface/msg/_imu_data_s.c
[1.834s] -- Up-to-date: /home/jarothenberg/Documents/GitHub/RBE550-Quadruped/install/custom_interface/lib/python3.12/site-packages/custom_interface/msg/_leg_state.py
[1.834s] -- Up-to-date: /home/jarothenberg/Documents/GitHub/RBE550-Quadruped/install/custom_interface/lib/python3.12/site-packages/custom_interface/msg/_imu_data.py
[1.904s] Listing '/home/jarothenberg/Documents/GitHub/RBE550-Quadruped/install/custom_interface/lib/python3.12/site-packages/custom_interface'...
[1.904s] Listing '/home/jarothenberg/Documents/GitHub/RBE550-Quadruped/install/custom_interface/lib/python3.12/site-packages/custom_interface/msg'...
[1.915s] -- Up-to-date: /home/jarothenberg/Documents/GitHub/RBE550-Quadruped/install/custom_interface/lib/python3.12/site-packages/custom_interface/custom_interface_s__rosidl_typesupport_fastrtps_c.so
[1.915s] -- Up-to-date: /home/jarothenberg/Documents/GitHub/RBE550-Quadruped/install/custom_interface/lib/python3.12/site-packages/custom_interface/custom_interface_s__rosidl_typesupport_introspection_c.so
[1.915s] -- Up-to-date: /home/jarothenberg/Documents/GitHub/RBE550-Quadruped/install/custom_interface/lib/python3.12/site-packages/custom_interface/custom_interface_s__rosidl_typesupport_c.so
[1.916s] -- Up-to-date: /home/jarothenberg/Documents/GitHub/RBE550-Quadruped/install/custom_interface/lib/libcustom_interface__rosidl_generator_py.so
[1.917s] -- Up-to-date: /home/jarothenberg/Documents/GitHub/RBE550-Quadruped/install/custom_interface/share/custom_interface/msg/ImuData.idl
[1.917s] -- Up-to-date: /home/jarothenberg/Documents/GitHub/RBE550-Quadruped/install/custom_interface/share/custom_interface/msg/LegState.idl
[1.917s] -- Up-to-date: /home/jarothenberg/Documents/GitHub/RBE550-Quadruped/install/custom_interface/share/custom_interface/msg/ImuData.msg
[1.917s] -- Up-to-date: /home/jarothenberg/Documents/GitHub/RBE550-Quadruped/install/custom_interface/share/custom_interface/msg/LegState.msg
[1.918s] -- Up-to-date: /home/jarothenberg/Documents/GitHub/RBE550-Quadruped/install/custom_interface/share/ament_index/resource_index/package_run_dependencies/custom_interface
[1.918s] -- Up-to-date: /home/jarothenberg/Documents/GitHub/RBE550-Quadruped/install/custom_interface/share/ament_index/resource_index/parent_prefix_path/custom_interface
[1.918s] -- Up-to-date: /home/jarothenberg/Documents/GitHub/RBE550-Quadruped/install/custom_interface/share/custom_interface/environment/ament_prefix_path.sh
[1.919s] -- Up-to-date: /home/jarothenberg/Documents/GitHub/RBE550-Quadruped/install/custom_interface/share/custom_interface/environment/ament_prefix_path.dsv
[1.919s] -- Up-to-date: /home/jarothenberg/Documents/GitHub/RBE550-Quadruped/install/custom_interface/share/custom_interface/environment/path.sh
[1.919s] -- Up-to-date: /home/jarothenberg/Documents/GitHub/RBE550-Quadruped/install/custom_interface/share/custom_interface/environment/path.dsv
[1.919s] -- Up-to-date: /home/jarothenberg/Documents/GitHub/RBE550-Quadruped/install/custom_interface/share/custom_interface/local_setup.bash
[1.919s] -- Up-to-date: /home/jarothenberg/Documents/GitHub/RBE550-Quadruped/install/custom_interface/share/custom_interface/local_setup.sh
[1.919s] -- Up-to-date: /home/jarothenberg/Documents/GitHub/RBE550-Quadruped/install/custom_interface/share/custom_interface/local_setup.zsh
[1.919s] -- Up-to-date: /home/jarothenberg/Documents/GitHub/RBE550-Quadruped/install/custom_interface/share/custom_interface/local_setup.dsv
[1.919s] -- Installing: /home/jarothenberg/Documents/GitHub/RBE550-Quadruped/install/custom_interface/share/custom_interface/package.dsv
[1.919s] -- Up-to-date: /home/jarothenberg/Documents/GitHub/RBE550-Quadruped/install/custom_interface/share/ament_index/resource_index/packages/custom_interface
[1.919s] -- Up-to-date: /home/jarothenberg/Documents/GitHub/RBE550-Quadruped/install/custom_interface/share/custom_interface/cmake/export_custom_interface__rosidl_generator_cExport.cmake
[1.920s] -- Up-to-date: /home/jarothenberg/Documents/GitHub/RBE550-Quadruped/install/custom_interface/share/custom_interface/cmake/export_custom_interface__rosidl_generator_cExport-noconfig.cmake
[1.920s] -- Up-to-date: /home/jarothenberg/Documents/GitHub/RBE550-Quadruped/install/custom_interface/share/custom_interface/cmake/export_custom_interface__rosidl_typesupport_fastrtps_cExport.cmake
[1.920s] -- Up-to-date: /home/jarothenberg/Documents/GitHub/RBE550-Quadruped/install/custom_interface/share/custom_interface/cmake/export_custom_interface__rosidl_typesupport_fastrtps_cExport-noconfig.cmake
[1.920s] -- Up-to-date: /home/jarothenberg/Documents/GitHub/RBE550-Quadruped/install/custom_interface/share/custom_interface/cmake/custom_interface__rosidl_typesupport_introspection_cExport.cmake
[1.920s] -- Up-to-date: /home/jarothenberg/Documents/GitHub/RBE550-Quadruped/install/custom_interface/share/custom_interface/cmake/custom_interface__rosidl_typesupport_introspection_cExport-noconfig.cmake
[1.920s] -- Up-to-date: /home/jarothenberg/Documents/GitHub/RBE550-Quadruped/install/custom_interface/share/custom_interface/cmake/custom_interface__rosidl_typesupport_cExport.cmake
[1.921s] -- Up-to-date: /home/jarothenberg/Documents/GitHub/RBE550-Quadruped/install/custom_interface/share/custom_interface/cmake/custom_interface__rosidl_typesupport_cExport-noconfig.cmake
[1.921s] -- Up-to-date: /home/jarothenberg/Documents/GitHub/RBE550-Quadruped/install/custom_interface/share/custom_interface/cmake/export_custom_interface__rosidl_generator_cppExport.cmake
[1.921s] -- Up-to-date: /home/jarothenberg/Documents/GitHub/RBE550-Quadruped/install/custom_interface/share/custom_interface/cmake/export_custom_interface__rosidl_typesupport_fastrtps_cppExport.cmake
[1.921s] -- Up-to-date: /home/jarothenberg/Documents/GitHub/RBE550-Quadruped/install/custom_interface/share/custom_interface/cmake/export_custom_interface__rosidl_typesupport_fastrtps_cppExport-noconfig.cmake
[1.921s] -- Up-to-date: /home/jarothenberg/Documents/GitHub/RBE550-Quadruped/install/custom_interface/share/custom_interface/cmake/custom_interface__rosidl_typesupport_introspection_cppExport.cmake
[1.921s] -- Up-to-date: /home/jarothenberg/Documents/GitHub/RBE550-Quadruped/install/custom_interface/share/custom_interface/cmake/custom_interface__rosidl_typesupport_introspection_cppExport-noconfig.cmake
[1.921s] -- Up-to-date: /home/jarothenberg/Documents/GitHub/RBE550-Quadruped/install/custom_interface/share/custom_interface/cmake/custom_interface__rosidl_typesupport_cppExport.cmake
[1.921s] -- Up-to-date: /home/jarothenberg/Documents/GitHub/RBE550-Quadruped/install/custom_interface/share/custom_interface/cmake/custom_interface__rosidl_typesupport_cppExport-noconfig.cmake
[1.921s] -- Up-to-date: /home/jarothenberg/Documents/GitHub/RBE550-Quadruped/install/custom_interface/share/custom_interface/cmake/export_custom_interface__rosidl_generator_pyExport.cmake
[1.921s] -- Up-to-date: /home/jarothenberg/Documents/GitHub/RBE550-Quadruped/install/custom_interface/share/custom_interface/cmake/export_custom_interface__rosidl_generator_pyExport-noconfig.cmake
[1.921s] -- Up-to-date: /home/jarothenberg/Documents/GitHub/RBE550-Quadruped/install/custom_interface/share/custom_interface/cmake/rosidl_cmake-extras.cmake
[1.922s] -- Up-to-date: /home/jarothenberg/Documents/GitHub/RBE550-Quadruped/install/custom_interface/share/custom_interface/cmake/ament_cmake_export_dependencies-extras.cmake
[1.922s] -- Up-to-date: /home/jarothenberg/Documents/GitHub/RBE550-Quadruped/install/custom_interface/share/custom_interface/cmake/ament_cmake_export_include_directories-extras.cmake
[1.922s] -- Up-to-date: /home/jarothenberg/Documents/GitHub/RBE550-Quadruped/install/custom_interface/share/custom_interface/cmake/ament_cmake_export_libraries-extras.cmake
[1.923s] -- Up-to-date: /home/jarothenberg/Documents/GitHub/RBE550-Quadruped/install/custom_interface/share/custom_interface/cmake/ament_cmake_export_targets-extras.cmake
[1.923s] -- Up-to-date: /home/jarothenberg/Documents/GitHub/RBE550-Quadruped/install/custom_interface/share/custom_interface/cmake/rosidl_cmake_export_typesupport_targets-extras.cmake
[1.923s] -- Up-to-date: /home/jarothenberg/Documents/GitHub/RBE550-Quadruped/install/custom_interface/share/custom_interface/cmake/rosidl_cmake_export_typesupport_libraries-extras.cmake
[1.923s] -- Up-to-date: /home/jarothenberg/Documents/GitHub/RBE550-Quadruped/install/custom_interface/share/custom_interface/cmake/custom_interfaceConfig.cmake
[1.924s] -- Up-to-date: /home/jarothenberg/Documents/GitHub/RBE550-Quadruped/install/custom_interface/share/custom_interface/cmake/custom_interfaceConfig-version.cmake
[1.924s] -- Up-to-date: /home/jarothenberg/Documents/GitHub/RBE550-Quadruped/install/custom_interface/share/custom_interface/package.xml
[1.926s] Invoked command in '/home/jarothenberg/Documents/GitHub/RBE550-Quadruped/build/custom_interface' returned '0': CMAKE_PREFIX_PATH=${CMAKE_PREFIX_PATH}:/home/jarothenberg/Documents/GitHub/RBE550-Quadruped/install/sensors:/home/jarothenberg/Documents/GitHub/RBE550-Quadruped/install/robot_sim:/home/jarothenberg/Documents/GitHub/RBE550-Quadruped/install/robot_description:/home/jarothenberg/Documents/GitHub/RBE550-Quadruped/install/quadruped:/home/jarothenberg/Documents/GitHub/RBE550-Quadruped/install/motion_planner:/home/jarothenberg/Documents/GitHub/RBE550-Quadruped/install/leg_controls:/home/jarothenberg/Documents/GitHub/RBE550-Quadruped/install/center_of_mass:/opt/ros/jazzy DEBUGINFOD_URLS=https://debuginfod.ubuntu.com /usr/bin/cmake --install /home/jarothenberg/Documents/GitHub/RBE550-Quadruped/build/custom_interface
