[2.053s] Invoking command in '/home/scott-pena/GitHub/RBE550-Quadruped/src/center_of_mass': DEBUGINFOD_URLS=https://debuginfod.ubuntu.com PYTHONPATH=/home/scott-pena/GitHub/RBE550-Quadruped/build/center_of_mass/prefix_override:/usr/lib/python3/dist-packages/colcon_core/task/python/colcon_distutils_commands:/home/scott-pena/GitHub/RBE550-Quadruped/install/center_of_mass/lib/python3.12/site-packages:${PYTHONPATH} /usr/bin/python3 -W ignore:setup.py install is deprecated setup.py egg_info --egg-base ../../build/center_of_mass build --build-base /home/scott-pena/GitHub/RBE550-Quadruped/build/center_of_mass/build install --record /home/scott-pena/GitHub/RBE550-Quadruped/build/center_of_mass/install.log --single-version-externally-managed install_data
[2.423s] running egg_info
[2.456s] writing ../../build/center_of_mass/center_of_mass.egg-info/PKG-INFO
[2.456s] writing dependency_links to ../../build/center_of_mass/center_of_mass.egg-info/dependency_links.txt
[2.457s] writing entry points to ../../build/center_of_mass/center_of_mass.egg-info/entry_points.txt
[2.457s] writing requirements to ../../build/center_of_mass/center_of_mass.egg-info/requires.txt
[2.457s] writing top-level names to ../../build/center_of_mass/center_of_mass.egg-info/top_level.txt
[2.523s] reading manifest file '../../build/center_of_mass/center_of_mass.egg-info/SOURCES.txt'
[2.523s] adding license file 'LICENSE'
[2.524s] writing manifest file '../../build/center_of_mass/center_of_mass.egg-info/SOURCES.txt'
[2.524s] running build
[2.524s] running build_py
[2.524s] running install
[2.530s] running install_lib
[2.564s] running install_data
[2.565s] running install_egg_info
[2.601s] removing '/home/scott-pena/GitHub/RBE550-Quadruped/install/center_of_mass/lib/python3.12/site-packages/center_of_mass-0.0.0-py3.12.egg-info' (and everything under it)
[2.601s] Copying ../../build/center_of_mass/center_of_mass.egg-info to /home/scott-pena/GitHub/RBE550-Quadruped/install/center_of_mass/lib/python3.12/site-packages/center_of_mass-0.0.0-py3.12.egg-info
[2.602s] running install_scripts
[2.807s] Installing CoM script to /home/scott-pena/GitHub/RBE550-Quadruped/install/center_of_mass/lib/center_of_mass
[2.808s] writing list of installed files to '/home/scott-pena/GitHub/RBE550-Quadruped/build/center_of_mass/install.log'
[2.842s] Invoked command in '/home/scott-pena/GitHub/RBE550-Quadruped/src/center_of_mass' returned '0': DEBUGINFOD_URLS=https://debuginfod.ubuntu.com PYTHONPATH=/home/scott-pena/GitHub/RBE550-Quadruped/build/center_of_mass/prefix_override:/usr/lib/python3/dist-packages/colcon_core/task/python/colcon_distutils_commands:/home/scott-pena/GitHub/RBE550-Quadruped/install/center_of_mass/lib/python3.12/site-packages:${PYTHONPATH} /usr/bin/python3 -W ignore:setup.py install is deprecated setup.py egg_info --egg-base ../../build/center_of_mass build --build-base /home/scott-pena/GitHub/RBE550-Quadruped/build/center_of_mass/build install --record /home/scott-pena/GitHub/RBE550-Quadruped/build/center_of_mass/install.log --single-version-externally-managed install_data
