[5.540s] Invoking command in '/home/scott-pena/GitHub/RBE550-Quadruped/src/center_of_mass': DEBUGINFOD_URLS=https://debuginfod.ubuntu.com PYTHONPATH=/home/scott-pena/GitHub/RBE550-Quadruped/build/center_of_mass/prefix_override:/usr/lib/python3/dist-packages/colcon_core/task/python/colcon_distutils_commands:/home/scott-pena/GitHub/RBE550-Quadruped/install/center_of_mass/lib/python3.12/site-packages:${PYTHONPATH} /usr/bin/python3 -W ignore:setup.py install is deprecated setup.py egg_info --egg-base ../../build/center_of_mass build --build-base /home/scott-pena/GitHub/RBE550-Quadruped/build/center_of_mass/build install --record /home/scott-pena/GitHub/RBE550-Quadruped/build/center_of_mass/install.log --single-version-externally-managed install_data
[5.914s] running egg_info
[5.946s] writing ../../build/center_of_mass/center_of_mass.egg-info/PKG-INFO
[5.946s] writing dependency_links to ../../build/center_of_mass/center_of_mass.egg-info/dependency_links.txt
[5.947s] writing entry points to ../../build/center_of_mass/center_of_mass.egg-info/entry_points.txt
[5.947s] writing requirements to ../../build/center_of_mass/center_of_mass.egg-info/requires.txt
[5.947s] writing top-level names to ../../build/center_of_mass/center_of_mass.egg-info/top_level.txt
[6.012s] reading manifest file '../../build/center_of_mass/center_of_mass.egg-info/SOURCES.txt'
[6.020s] adding license file 'LICENSE'
[6.021s] writing manifest file '../../build/center_of_mass/center_of_mass.egg-info/SOURCES.txt'
[6.021s] running build
[6.021s] running build_py
[6.021s] running install
[6.027s] running install_lib
[6.059s] running install_data
[6.059s] running install_egg_info
[6.091s] removing '/home/scott-pena/GitHub/RBE550-Quadruped/install/center_of_mass/lib/python3.12/site-packages/center_of_mass-0.0.0-py3.12.egg-info' (and everything under it)
[6.092s] Copying ../../build/center_of_mass/center_of_mass.egg-info to /home/scott-pena/GitHub/RBE550-Quadruped/install/center_of_mass/lib/python3.12/site-packages/center_of_mass-0.0.0-py3.12.egg-info
[6.102s] running install_scripts
[6.302s] Installing CoM script to /home/scott-pena/GitHub/RBE550-Quadruped/install/center_of_mass/lib/center_of_mass
[6.302s] writing list of installed files to '/home/scott-pena/GitHub/RBE550-Quadruped/build/center_of_mass/install.log'
[6.335s] Invoked command in '/home/scott-pena/GitHub/RBE550-Quadruped/src/center_of_mass' returned '0': DEBUGINFOD_URLS=https://debuginfod.ubuntu.com PYTHONPATH=/home/scott-pena/GitHub/RBE550-Quadruped/build/center_of_mass/prefix_override:/usr/lib/python3/dist-packages/colcon_core/task/python/colcon_distutils_commands:/home/scott-pena/GitHub/RBE550-Quadruped/install/center_of_mass/lib/python3.12/site-packages:${PYTHONPATH} /usr/bin/python3 -W ignore:setup.py install is deprecated setup.py egg_info --egg-base ../../build/center_of_mass build --build-base /home/scott-pena/GitHub/RBE550-Quadruped/build/center_of_mass/build install --record /home/scott-pena/GitHub/RBE550-Quadruped/build/center_of_mass/install.log --single-version-externally-managed install_data
