[2.997s] Invoking command in '/home/jarothenberg/Documents/GitHub/RBE550-Quadruped/src/center_of_mass': DEBUGINFOD_URLS=https://debuginfod.ubuntu.com PYTHONPATH=/home/jarothenberg/Documents/GitHub/RBE550-Quadruped/build/center_of_mass/prefix_override:/usr/lib/python3/dist-packages/colcon_core/task/python/colcon_distutils_commands:/home/jarothenberg/Documents/GitHub/RBE550-Quadruped/install/center_of_mass/lib/python3.12/site-packages:${PYTHONPATH} /usr/bin/python3 -W ignore:setup.py install is deprecated -W ignore:easy_install command is deprecated setup.py egg_info --egg-base ../../build/center_of_mass build --build-base /home/jarothenberg/Documents/GitHub/RBE550-Quadruped/build/center_of_mass/build install --record /home/jarothenberg/Documents/GitHub/RBE550-Quadruped/build/center_of_mass/install.log --single-version-externally-managed install_data
[3.571s] running egg_info
[3.607s] writing ../../build/center_of_mass/center_of_mass.egg-info/PKG-INFO
[3.607s] writing dependency_links to ../../build/center_of_mass/center_of_mass.egg-info/dependency_links.txt
[3.607s] writing entry points to ../../build/center_of_mass/center_of_mass.egg-info/entry_points.txt
[3.607s] writing requirements to ../../build/center_of_mass/center_of_mass.egg-info/requires.txt
[3.608s] writing top-level names to ../../build/center_of_mass/center_of_mass.egg-info/top_level.txt
[3.675s] reading manifest file '../../build/center_of_mass/center_of_mass.egg-info/SOURCES.txt'
[3.675s] adding license file 'LICENSE'
[3.676s] writing manifest file '../../build/center_of_mass/center_of_mass.egg-info/SOURCES.txt'
[3.676s] running build
[3.677s] running build_py
[3.677s] running install
[3.688s] running install_lib
[3.722s] running install_data
[3.722s] running install_egg_info
[3.764s] removing '/home/jarothenberg/Documents/GitHub/RBE550-Quadruped/install/center_of_mass/lib/python3.12/site-packages/center_of_mass-0.0.0-py3.12.egg-info' (and everything under it)
[3.764s] Copying ../../build/center_of_mass/center_of_mass.egg-info to /home/jarothenberg/Documents/GitHub/RBE550-Quadruped/install/center_of_mass/lib/python3.12/site-packages/center_of_mass-0.0.0-py3.12.egg-info
[3.765s] running install_scripts
[4.165s] Installing CoM script to /home/jarothenberg/Documents/GitHub/RBE550-Quadruped/install/center_of_mass/lib/center_of_mass
[4.166s] writing list of installed files to '/home/jarothenberg/Documents/GitHub/RBE550-Quadruped/build/center_of_mass/install.log'
[4.217s] Invoked command in '/home/jarothenberg/Documents/GitHub/RBE550-Quadruped/src/center_of_mass' returned '0': DEBUGINFOD_URLS=https://debuginfod.ubuntu.com PYTHONPATH=/home/jarothenberg/Documents/GitHub/RBE550-Quadruped/build/center_of_mass/prefix_override:/usr/lib/python3/dist-packages/colcon_core/task/python/colcon_distutils_commands:/home/jarothenberg/Documents/GitHub/RBE550-Quadruped/install/center_of_mass/lib/python3.12/site-packages:${PYTHONPATH} /usr/bin/python3 -W ignore:setup.py install is deprecated -W ignore:easy_install command is deprecated setup.py egg_info --egg-base ../../build/center_of_mass build --build-base /home/jarothenberg/Documents/GitHub/RBE550-Quadruped/build/center_of_mass/build install --record /home/jarothenberg/Documents/GitHub/RBE550-Quadruped/build/center_of_mass/install.log --single-version-externally-managed install_data
