[0.959s] Invoking command in '/home/sbpena01/GitHub/RBE550-Quadruped/src/leg_controls': DEBUGINFOD_URLS=https://debuginfod.ubuntu.com PYTHONPATH=/home/sbpena01/GitHub/RBE550-Quadruped/build/leg_controls/prefix_override:/home/sbpena01/.local/share/pipx/venvs/colcon-common-extensions/lib/python3.12/site-packages/colcon_core/task/python/colcon_distutils_commands:/home/sbpena01/GitHub/RBE550-Quadruped/install/leg_controls/lib/python3.12/site-packages:${PYTHONPATH} /home/sbpena01/.local/share/pipx/venvs/colcon-common-extensions/bin/python -W ignore:setup.py install is deprecated setup.py egg_info --egg-base ../../build/leg_controls build --build-base /home/sbpena01/GitHub/RBE550-Quadruped/build/leg_controls/build install --record /home/sbpena01/GitHub/RBE550-Quadruped/build/leg_controls/install.log --single-version-externally-managed install_data
[1.216s] running egg_info
[1.233s] writing ../../build/leg_controls/leg_controls.egg-info/PKG-INFO
[1.233s] writing dependency_links to ../../build/leg_controls/leg_controls.egg-info/dependency_links.txt
[1.233s] writing entry points to ../../build/leg_controls/leg_controls.egg-info/entry_points.txt
[1.234s] writing requirements to ../../build/leg_controls/leg_controls.egg-info/requires.txt
[1.234s] writing top-level names to ../../build/leg_controls/leg_controls.egg-info/top_level.txt
[1.267s] reading manifest file '../../build/leg_controls/leg_controls.egg-info/SOURCES.txt'
[1.267s] adding license file 'LICENSE'
[1.268s] writing manifest file '../../build/leg_controls/leg_controls.egg-info/SOURCES.txt'
[1.268s] running build
[1.268s] running build_py
[1.269s] copying leg_controls/LegPositionControl.py -> /home/sbpena01/GitHub/RBE550-Quadruped/build/leg_controls/build/lib/leg_controls
[1.269s] copying leg_controls/__init__.py -> /home/sbpena01/GitHub/RBE550-Quadruped/build/leg_controls/build/lib/leg_controls
[1.269s] running install
[1.278s] running install_lib
[1.301s] copying /home/sbpena01/GitHub/RBE550-Quadruped/build/leg_controls/build/lib/leg_controls/LegPositionControl.py -> /home/sbpena01/GitHub/RBE550-Quadruped/install/leg_controls/lib/python3.12/site-packages/leg_controls
[1.302s] byte-compiling /home/sbpena01/GitHub/RBE550-Quadruped/install/leg_controls/lib/python3.12/site-packages/leg_controls/LegPositionControl.py to LegPositionControl.cpython-312.pyc
[1.303s] running install_data
[1.303s] copying resource/leg_controls -> /home/sbpena01/GitHub/RBE550-Quadruped/install/leg_controls/share/ament_index/resource_index/packages
[1.303s] copying package.xml -> /home/sbpena01/GitHub/RBE550-Quadruped/install/leg_controls/share/leg_controls
[1.304s] running install_egg_info
[1.323s] removing '/home/sbpena01/GitHub/RBE550-Quadruped/install/leg_controls/lib/python3.12/site-packages/leg_controls-0.0.0-py3.12.egg-info' (and everything under it)
[1.323s] Copying ../../build/leg_controls/leg_controls.egg-info to /home/sbpena01/GitHub/RBE550-Quadruped/install/leg_controls/lib/python3.12/site-packages/leg_controls-0.0.0-py3.12.egg-info
[1.324s] running install_scripts
[1.413s] Installing LegPositionControl script to /home/sbpena01/GitHub/RBE550-Quadruped/install/leg_controls/lib/leg_controls
[1.413s] writing list of installed files to '/home/sbpena01/GitHub/RBE550-Quadruped/build/leg_controls/install.log'
[1.434s] Invoked command in '/home/sbpena01/GitHub/RBE550-Quadruped/src/leg_controls' returned '0': DEBUGINFOD_URLS=https://debuginfod.ubuntu.com PYTHONPATH=/home/sbpena01/GitHub/RBE550-Quadruped/build/leg_controls/prefix_override:/home/sbpena01/.local/share/pipx/venvs/colcon-common-extensions/lib/python3.12/site-packages/colcon_core/task/python/colcon_distutils_commands:/home/sbpena01/GitHub/RBE550-Quadruped/install/leg_controls/lib/python3.12/site-packages:${PYTHONPATH} /home/sbpena01/.local/share/pipx/venvs/colcon-common-extensions/bin/python -W ignore:setup.py install is deprecated setup.py egg_info --egg-base ../../build/leg_controls build --build-base /home/sbpena01/GitHub/RBE550-Quadruped/build/leg_controls/build install --record /home/sbpena01/GitHub/RBE550-Quadruped/build/leg_controls/install.log --single-version-externally-managed install_data
