[1.219s] Invoking command in '/home/jarothenberg/Documents/GitHub/RBE550-Quadruped/src/py_pubsub': DEBUGINFOD_URLS=https://debuginfod.ubuntu.com PYTHONPATH=/home/jarothenberg/Documents/GitHub/RBE550-Quadruped/build/py_pubsub/prefix_override:/usr/lib/python3/dist-packages/colcon_core/task/python/colcon_distutils_commands:/home/jarothenberg/Documents/GitHub/RBE550-Quadruped/install/py_pubsub/lib/python3.12/site-packages:${PYTHONPATH} /usr/bin/python3 -W ignore:setup.py install is deprecated setup.py egg_info --egg-base ../../build/py_pubsub build --build-base /home/jarothenberg/Documents/GitHub/RBE550-Quadruped/build/py_pubsub/build install --record /home/jarothenberg/Documents/GitHub/RBE550-Quadruped/build/py_pubsub/install.log --single-version-externally-managed install_data
[1.428s] running egg_info
[1.442s] writing ../../build/py_pubsub/py_pubsub.egg-info/PKG-INFO
[1.442s] writing dependency_links to ../../build/py_pubsub/py_pubsub.egg-info/dependency_links.txt
[1.442s] writing entry points to ../../build/py_pubsub/py_pubsub.egg-info/entry_points.txt
[1.442s] writing requirements to ../../build/py_pubsub/py_pubsub.egg-info/requires.txt
[1.442s] writing top-level names to ../../build/py_pubsub/py_pubsub.egg-info/top_level.txt
[1.471s] reading manifest file '../../build/py_pubsub/py_pubsub.egg-info/SOURCES.txt'
[1.471s] adding license file 'LICENSE'
[1.472s] writing manifest file '../../build/py_pubsub/py_pubsub.egg-info/SOURCES.txt'
[1.472s] running build
[1.472s] running build_py
[1.472s] running install
[1.476s] running install_lib
[1.490s] running install_data
[1.490s] running install_egg_info
[1.507s] removing '/home/jarothenberg/Documents/GitHub/RBE550-Quadruped/install/py_pubsub/lib/python3.12/site-packages/py_pubsub-0.0.0-py3.12.egg-info' (and everything under it)
[1.507s] Copying ../../build/py_pubsub/py_pubsub.egg-info to /home/jarothenberg/Documents/GitHub/RBE550-Quadruped/install/py_pubsub/lib/python3.12/site-packages/py_pubsub-0.0.0-py3.12.egg-info
[1.507s] running install_scripts
[1.607s] Installing talker script to /home/jarothenberg/Documents/GitHub/RBE550-Quadruped/install/py_pubsub/lib/py_pubsub
[1.607s] writing list of installed files to '/home/jarothenberg/Documents/GitHub/RBE550-Quadruped/build/py_pubsub/install.log'
