running egg_info
writing ../../build/center_of_mass/center_of_mass.egg-info/PKG-INFO
writing dependency_links to ../../build/center_of_mass/center_of_mass.egg-info/dependency_links.txt
writing entry points to ../../build/center_of_mass/center_of_mass.egg-info/entry_points.txt
writing requirements to ../../build/center_of_mass/center_of_mass.egg-info/requires.txt
writing top-level names to ../../build/center_of_mass/center_of_mass.egg-info/top_level.txt
reading manifest file '../../build/center_of_mass/center_of_mass.egg-info/SOURCES.txt'
adding license file 'LICENSE'
writing manifest file '../../build/center_of_mass/center_of_mass.egg-info/SOURCES.txt'
running build
running build_py
copying center_of_mass/CenterOfMass.py -> /home/scott-pena/GitHub/RBE550-Quadruped/build/center_of_mass/build/lib/center_of_mass
running install
running install_lib
copying /home/scott-pena/GitHub/RBE550-Quadruped/build/center_of_mass/build/lib/center_of_mass/CenterOfMass.py -> /home/scott-pena/GitHub/RBE550-Quadruped/install/center_of_mass/lib/python3.12/site-packages/center_of_mass
byte-compiling /home/scott-pena/GitHub/RBE550-Quadruped/install/center_of_mass/lib/python3.12/site-packages/center_of_mass/CenterOfMass.py to CenterOfMass.cpython-312.pyc
running install_data
creating /home/scott-pena/GitHub/RBE550-Quadruped/install/center_of_mass/share/ament_index
creating /home/scott-pena/GitHub/RBE550-Quadruped/install/center_of_mass/share/ament_index/resource_index
creating /home/scott-pena/GitHub/RBE550-Quadruped/install/center_of_mass/share/ament_index/resource_index/packages
copying resource/center_of_mass -> /home/scott-pena/GitHub/RBE550-Quadruped/install/center_of_mass/share/ament_index/resource_index/packages
copying package.xml -> /home/scott-pena/GitHub/RBE550-Quadruped/install/center_of_mass/share/center_of_mass
running install_egg_info
removing '/home/scott-pena/GitHub/RBE550-Quadruped/install/center_of_mass/lib/python3.12/site-packages/center_of_mass-0.0.0-py3.12.egg-info' (and everything under it)
Copying ../../build/center_of_mass/center_of_mass.egg-info to /home/scott-pena/GitHub/RBE550-Quadruped/install/center_of_mass/lib/python3.12/site-packages/center_of_mass-0.0.0-py3.12.egg-info
running install_scripts
Installing CoM script to /home/scott-pena/GitHub/RBE550-Quadruped/install/center_of_mass/lib/center_of_mass
writing list of installed files to '/home/scott-pena/GitHub/RBE550-Quadruped/build/center_of_mass/install.log'
