[0.093s] Invoking command in '/home/jarothenberg/Documents/GitHub/RBE550-Quadruped/build/custom_interface': CMAKE_PREFIX_PATH=${CMAKE_PREFIX_PATH}:/home/jarothenberg/Documents/GitHub/RBE550-Quadruped/install/sensors:/home/jarothenberg/Documents/GitHub/RBE550-Quadruped/install/robot_sim:/home/jarothenberg/Documents/GitHub/RBE550-Quadruped/install/robot_description:/home/jarothenberg/Documents/GitHub/RBE550-Quadruped/install/quadruped:/home/jarothenberg/Documents/GitHub/RBE550-Quadruped/install/motion_planner:/home/jarothenberg/Documents/GitHub/RBE550-Quadruped/install/leg_controls:/home/jarothenberg/Documents/GitHub/RBE550-Quadruped/install/center_of_mass:/opt/ros/jazzy DEBUGINFOD_URLS=https://debuginfod.ubuntu.com /usr/bin/cmake --build /home/jarothenberg/Documents/GitHub/RBE550-Quadruped/build/custom_interface -- -j32 -l32
[2.081s] [  2%] Built target custom_interface__rosidl_generator_type_description
[2.081s] [  2%] Built target ament_cmake_python_copy_custom_interface
[2.082s] [  4%] Built target custom_interface__cpp
[2.082s] [ 22%] Built target custom_interface__rosidl_generator_c
[2.082s] [ 31%] Built target custom_interface__rosidl_typesupport_c
[2.082s] [ 40%] Built target custom_interface__rosidl_typesupport_fastrtps_c
[2.083s] [ 50%] Built target custom_interface__rosidl_typesupport_introspection_c
[2.083s] [ 59%] Built target custom_interface__rosidl_typesupport_fastrtps_cpp
[2.083s] [ 68%] Built target custom_interface__rosidl_typesupport_introspection_cpp
[2.083s] [ 77%] Built target custom_interface__rosidl_typesupport_cpp
[2.083s] [ 77%] Built target custom_interface
[2.083s] [ 79%] Built target custom_interface__py
[2.084s] [ 86%] Built target custom_interface__rosidl_generator_py
[2.084s] [ 90%] Built target custom_interface_s__rosidl_typesupport_fastrtps_c
[2.084s] [ 95%] Built target custom_interface_s__rosidl_typesupport_c
[2.084s] [100%] Built target custom_interface_s__rosidl_typesupport_introspection_c
[2.084s] running egg_info
[2.085s] writing custom_interface.egg-info/PKG-INFO
[2.085s] writing dependency_links to custom_interface.egg-info/dependency_links.txt
[2.085s] writing top-level names to custom_interface.egg-info/top_level.txt
[2.085s] reading manifest file 'custom_interface.egg-info/SOURCES.txt'
[2.085s] writing manifest file 'custom_interface.egg-info/SOURCES.txt'
[2.086s] [100%] Built target ament_cmake_python_build_custom_interface_egg
[2.528s] Invoked command in '/home/jarothenberg/Documents/GitHub/RBE550-Quadruped/build/custom_interface' returned '0': CMAKE_PREFIX_PATH=${CMAKE_PREFIX_PATH}:/home/jarothenberg/Documents/GitHub/RBE550-Quadruped/install/sensors:/home/jarothenberg/Documents/GitHub/RBE550-Quadruped/install/robot_sim:/home/jarothenberg/Documents/GitHub/RBE550-Quadruped/install/robot_description:/home/jarothenberg/Documents/GitHub/RBE550-Quadruped/install/quadruped:/home/jarothenberg/Documents/GitHub/RBE550-Quadruped/install/motion_planner:/home/jarothenberg/Documents/GitHub/RBE550-Quadruped/install/leg_controls:/home/jarothenberg/Documents/GitHub/RBE550-Quadruped/install/center_of_mass:/opt/ros/jazzy DEBUGINFOD_URLS=https://debuginfod.ubuntu.com /usr/bin/cmake --build /home/jarothenberg/Documents/GitHub/RBE550-Quadruped/build/custom_interface -- -j32 -l32
[2.751s] Invoking command in '/home/jarothenberg/Documents/GitHub/RBE550-Quadruped/build/custom_interface': CMAKE_PREFIX_PATH=${CMAKE_PREFIX_PATH}:/home/jarothenberg/Documents/GitHub/RBE550-Quadruped/install/sensors:/home/jarothenberg/Documents/GitHub/RBE550-Quadruped/install/robot_sim:/home/jarothenberg/Documents/GitHub/RBE550-Quadruped/install/robot_description:/home/jarothenberg/Documents/GitHub/RBE550-Quadruped/install/quadruped:/home/jarothenberg/Documents/GitHub/RBE550-Quadruped/install/motion_planner:/home/jarothenberg/Documents/GitHub/RBE550-Quadruped/install/leg_controls:/home/jarothenberg/Documents/GitHub/RBE550-Quadruped/install/center_of_mass:/opt/ros/jazzy DEBUGINFOD_URLS=https://debuginfod.ubuntu.com /usr/bin/cmake --install /home/jarothenberg/Documents/GitHub/RBE550-Quadruped/build/custom_interface
[2.772s] -- Install configuration: ""
[2.773s] -- Up-to-date: /home/jarothenberg/Documents/GitHub/RBE550-Quadruped/install/custom_interface/share/ament_index/resource_index/rosidl_interfaces/custom_interface
[2.774s] -- Up-to-date: /home/jarothenberg/Documents/GitHub/RBE550-Quadruped/install/custom_interface/share/custom_interface/msg/ImuData.json
[2.774s] -- Up-to-date: /home/jarothenberg/Documents/GitHub/RBE550-Quadruped/install/custom_interface/share/custom_interface/msg/LegState.json
[2.774s] -- Up-to-date: /home/jarothenberg/Documents/GitHub/RBE550-Quadruped/install/custom_interface/include/custom_interface/custom_interface
[2.774s] -- Up-to-date: /home/jarothenberg/Documents/GitHub/RBE550-Quadruped/install/custom_interface/include/custom_interface/custom_interface/msg
[2.774s] -- Up-to-date: /home/jarothenberg/Documents/GitHub/RBE550-Quadruped/install/custom_interface/include/custom_interface/custom_interface/msg/leg_state.h
[2.775s] -- Up-to-date: /home/jarothenberg/Documents/GitHub/RBE550-Quadruped/install/custom_interface/include/custom_interface/custom_interface/msg/imu_data.h
[2.775s] -- Up-to-date: /home/jarothenberg/Documents/GitHub/RBE550-Quadruped/install/custom_interface/include/custom_interface/custom_interface/msg/rosidl_generator_c__visibility_control.h
[2.775s] -- Up-to-date: /home/jarothenberg/Documents/GitHub/RBE550-Quadruped/install/custom_interface/include/custom_interface/custom_interface/msg/detail
[2.775s] -- Up-to-date: /home/jarothenberg/Documents/GitHub/RBE550-Quadruped/install/custom_interface/include/custom_interface/custom_interface/msg/detail/imu_data__struct.h
[2.775s] -- Up-to-date: /home/jarothenberg/Documents/GitHub/RBE550-Quadruped/install/custom_interface/include/custom_interface/custom_interface/msg/detail/imu_data__functions.c
[2.775s] -- Up-to-date: /home/jarothenberg/Documents/GitHub/RBE550-Quadruped/install/custom_interface/include/custom_interface/custom_interface/msg/detail/imu_data__type_support.c
[2.776s] -- Up-to-date: /home/jarothenberg/Documents/GitHub/RBE550-Quadruped/install/custom_interface/include/custom_interface/custom_interface/msg/detail/leg_state__description.c
[2.776s] -- Up-to-date: /home/jarothenberg/Documents/GitHub/RBE550-Quadruped/install/custom_interface/include/custom_interface/custom_interface/msg/detail/leg_state__struct.h
[2.776s] -- Up-to-date: /home/jarothenberg/Documents/GitHub/RBE550-Quadruped/install/custom_interface/include/custom_interface/custom_interface/msg/detail/leg_state__functions.c
[2.776s] -- Up-to-date: /home/jarothenberg/Documents/GitHub/RBE550-Quadruped/install/custom_interface/include/custom_interface/custom_interface/msg/detail/leg_state__type_support.c
[2.777s] -- Up-to-date: /home/jarothenberg/Documents/GitHub/RBE550-Quadruped/install/custom_interface/include/custom_interface/custom_interface/msg/detail/leg_state__type_support.h
[2.777s] -- Up-to-date: /home/jarothenberg/Documents/GitHub/RBE550-Quadruped/install/custom_interface/include/custom_interface/custom_interface/msg/detail/leg_state__functions.h
[2.778s] -- Up-to-date: /home/jarothenberg/Documents/GitHub/RBE550-Quadruped/install/custom_interface/include/custom_interface/custom_interface/msg/detail/imu_data__type_support.h
[2.778s] -- Up-to-date: /home/jarothenberg/Documents/GitHub/RBE550-Quadruped/install/custom_interface/include/custom_interface/custom_interface/msg/detail/imu_data__functions.h
[2.778s] -- Up-to-date: /home/jarothenberg/Documents/GitHub/RBE550-Quadruped/install/custom_interface/include/custom_interface/custom_interface/msg/detail/imu_data__description.c
[2.779s] -- Up-to-date: /home/jarothenberg/Documents/GitHub/RBE550-Quadruped/install/custom_interface/share/custom_interface/environment/library_path.sh
[2.779s] -- Up-to-date: /home/jarothenberg/Documents/GitHub/RBE550-Quadruped/install/custom_interface/share/custom_interface/environment/library_path.dsv
[2.779s] -- Up-to-date: /home/jarothenberg/Documents/GitHub/RBE550-Quadruped/install/custom_interface/lib/libcustom_interface__rosidl_generator_c.so
[2.779s] -- Up-to-date: /home/jarothenberg/Documents/GitHub/RBE550-Quadruped/install/custom_interface/include/custom_interface/custom_interface
[2.779s] -- Up-to-date: /home/jarothenberg/Documents/GitHub/RBE550-Quadruped/install/custom_interface/include/custom_interface/custom_interface/msg
[2.780s] -- Up-to-date: /home/jarothenberg/Documents/GitHub/RBE550-Quadruped/install/custom_interface/include/custom_interface/custom_interface/msg/rosidl_typesupport_fastrtps_c__visibility_control.h
[2.780s] -- Up-to-date: /home/jarothenberg/Documents/GitHub/RBE550-Quadruped/install/custom_interface/include/custom_interface/custom_interface/msg/detail
[2.780s] -- Up-to-date: /home/jarothenberg/Documents/GitHub/RBE550-Quadruped/install/custom_interface/include/custom_interface/custom_interface/msg/detail/imu_data__rosidl_typesupport_fastrtps_c.h
[2.780s] -- Up-to-date: /home/jarothenberg/Documents/GitHub/RBE550-Quadruped/install/custom_interface/include/custom_interface/custom_interface/msg/detail/leg_state__rosidl_typesupport_fastrtps_c.h
[2.781s] -- Up-to-date: /home/jarothenberg/Documents/GitHub/RBE550-Quadruped/install/custom_interface/lib/libcustom_interface__rosidl_typesupport_fastrtps_c.so
[2.781s] -- Up-to-date: /home/jarothenberg/Documents/GitHub/RBE550-Quadruped/install/custom_interface/include/custom_interface/custom_interface
[2.781s] -- Up-to-date: /home/jarothenberg/Documents/GitHub/RBE550-Quadruped/install/custom_interface/include/custom_interface/custom_interface/msg
[2.782s] -- Up-to-date: /home/jarothenberg/Documents/GitHub/RBE550-Quadruped/install/custom_interface/include/custom_interface/custom_interface/msg/rosidl_typesupport_introspection_c__visibility_control.h
[2.782s] -- Up-to-date: /home/jarothenberg/Documents/GitHub/RBE550-Quadruped/install/custom_interface/include/custom_interface/custom_interface/msg/detail
[2.783s] -- Up-to-date: /home/jarothenberg/Documents/GitHub/RBE550-Quadruped/install/custom_interface/include/custom_interface/custom_interface/msg/detail/imu_data__type_support.c
[2.783s] -- Up-to-date: /home/jarothenberg/Documents/GitHub/RBE550-Quadruped/install/custom_interface/include/custom_interface/custom_interface/msg/detail/leg_state__type_support.c
[2.783s] -- Up-to-date: /home/jarothenberg/Documents/GitHub/RBE550-Quadruped/install/custom_interface/include/custom_interface/custom_interface/msg/detail/imu_data__rosidl_typesupport_introspection_c.h
[2.783s] -- Up-to-date: /home/jarothenberg/Documents/GitHub/RBE550-Quadruped/install/custom_interface/include/custom_interface/custom_interface/msg/detail/leg_state__rosidl_typesupport_introspection_c.h
[2.784s] -- Up-to-date: /home/jarothenberg/Documents/GitHub/RBE550-Quadruped/install/custom_interface/lib/libcustom_interface__rosidl_typesupport_introspection_c.so
[2.784s] -- Up-to-date: /home/jarothenberg/Documents/GitHub/RBE550-Quadruped/install/custom_interface/lib/libcustom_interface__rosidl_typesupport_c.so
[2.784s] -- Up-to-date: /home/jarothenberg/Documents/GitHub/RBE550-Quadruped/install/custom_interface/include/custom_interface/custom_interface
[2.784s] -- Up-to-date: /home/jarothenberg/Documents/GitHub/RBE550-Quadruped/install/custom_interface/include/custom_interface/custom_interface/msg
[2.784s] -- Up-to-date: /home/jarothenberg/Documents/GitHub/RBE550-Quadruped/install/custom_interface/include/custom_interface/custom_interface/msg/imu_data.hpp
[2.785s] -- Up-to-date: /home/jarothenberg/Documents/GitHub/RBE550-Quadruped/install/custom_interface/include/custom_interface/custom_interface/msg/rosidl_generator_cpp__visibility_control.hpp
[2.785s] -- Up-to-date: /home/jarothenberg/Documents/GitHub/RBE550-Quadruped/install/custom_interface/include/custom_interface/custom_interface/msg/leg_state.hpp
[2.785s] -- Up-to-date: /home/jarothenberg/Documents/GitHub/RBE550-Quadruped/install/custom_interface/include/custom_interface/custom_interface/msg/detail
[2.785s] -- Up-to-date: /home/jarothenberg/Documents/GitHub/RBE550-Quadruped/install/custom_interface/include/custom_interface/custom_interface/msg/detail/leg_state__builder.hpp
[2.786s] -- Up-to-date: /home/jarothenberg/Documents/GitHub/RBE550-Quadruped/install/custom_interface/include/custom_interface/custom_interface/msg/detail/imu_data__struct.hpp
[2.786s] -- Up-to-date: /home/jarothenberg/Documents/GitHub/RBE550-Quadruped/install/custom_interface/include/custom_interface/custom_interface/msg/detail/imu_data__builder.hpp
[2.786s] -- Up-to-date: /home/jarothenberg/Documents/GitHub/RBE550-Quadruped/install/custom_interface/include/custom_interface/custom_interface/msg/detail/leg_state__traits.hpp
[2.786s] -- Up-to-date: /home/jarothenberg/Documents/GitHub/RBE550-Quadruped/install/custom_interface/include/custom_interface/custom_interface/msg/detail/leg_state__struct.hpp
[2.787s] -- Up-to-date: /home/jarothenberg/Documents/GitHub/RBE550-Quadruped/install/custom_interface/include/custom_interface/custom_interface/msg/detail/leg_state__type_support.hpp
[2.787s] -- Up-to-date: /home/jarothenberg/Documents/GitHub/RBE550-Quadruped/install/custom_interface/include/custom_interface/custom_interface/msg/detail/imu_data__type_support.hpp
[2.787s] -- Up-to-date: /home/jarothenberg/Documents/GitHub/RBE550-Quadruped/install/custom_interface/include/custom_interface/custom_interface/msg/detail/imu_data__traits.hpp
[2.787s] -- Up-to-date: /home/jarothenberg/Documents/GitHub/RBE550-Quadruped/install/custom_interface/include/custom_interface/custom_interface
[2.787s] -- Up-to-date: /home/jarothenberg/Documents/GitHub/RBE550-Quadruped/install/custom_interface/include/custom_interface/custom_interface/msg
[2.788s] -- Up-to-date: /home/jarothenberg/Documents/GitHub/RBE550-Quadruped/install/custom_interface/include/custom_interface/custom_interface/msg/rosidl_typesupport_fastrtps_cpp__visibility_control.h
[2.788s] -- Up-to-date: /home/jarothenberg/Documents/GitHub/RBE550-Quadruped/install/custom_interface/include/custom_interface/custom_interface/msg/detail
[2.788s] -- Up-to-date: /home/jarothenberg/Documents/GitHub/RBE550-Quadruped/install/custom_interface/include/custom_interface/custom_interface/msg/detail/dds_fastrtps
[2.788s] -- Up-to-date: /home/jarothenberg/Documents/GitHub/RBE550-Quadruped/install/custom_interface/include/custom_interface/custom_interface/msg/detail/leg_state__rosidl_typesupport_fastrtps_cpp.hpp
[2.789s] -- Up-to-date: /home/jarothenberg/Documents/GitHub/RBE550-Quadruped/install/custom_interface/include/custom_interface/custom_interface/msg/detail/imu_data__rosidl_typesupport_fastrtps_cpp.hpp
[2.789s] -- Up-to-date: /home/jarothenberg/Documents/GitHub/RBE550-Quadruped/install/custom_interface/lib/libcustom_interface__rosidl_typesupport_fastrtps_cpp.so
[2.789s] -- Up-to-date: /home/jarothenberg/Documents/GitHub/RBE550-Quadruped/install/custom_interface/include/custom_interface/custom_interface
[2.789s] -- Up-to-date: /home/jarothenberg/Documents/GitHub/RBE550-Quadruped/install/custom_interface/include/custom_interface/custom_interface/msg
[2.790s] -- Up-to-date: /home/jarothenberg/Documents/GitHub/RBE550-Quadruped/install/custom_interface/include/custom_interface/custom_interface/msg/detail
[2.790s] -- Up-to-date: /home/jarothenberg/Documents/GitHub/RBE550-Quadruped/install/custom_interface/include/custom_interface/custom_interface/msg/detail/imu_data__type_support.cpp
[2.790s] -- Up-to-date: /home/jarothenberg/Documents/GitHub/RBE550-Quadruped/install/custom_interface/include/custom_interface/custom_interface/msg/detail/leg_state__rosidl_typesupport_introspection_cpp.hpp
[2.790s] -- Up-to-date: /home/jarothenberg/Documents/GitHub/RBE550-Quadruped/install/custom_interface/include/custom_interface/custom_interface/msg/detail/leg_state__type_support.cpp
[2.791s] -- Up-to-date: /home/jarothenberg/Documents/GitHub/RBE550-Quadruped/install/custom_interface/include/custom_interface/custom_interface/msg/detail/imu_data__rosidl_typesupport_introspection_cpp.hpp
[2.791s] -- Up-to-date: /home/jarothenberg/Documents/GitHub/RBE550-Quadruped/install/custom_interface/lib/libcustom_interface__rosidl_typesupport_introspection_cpp.so
[2.791s] -- Up-to-date: /home/jarothenberg/Documents/GitHub/RBE550-Quadruped/install/custom_interface/lib/libcustom_interface__rosidl_typesupport_cpp.so
[2.791s] -- Up-to-date: /home/jarothenberg/Documents/GitHub/RBE550-Quadruped/install/custom_interface/share/custom_interface/environment/pythonpath.sh
[2.791s] -- Up-to-date: /home/jarothenberg/Documents/GitHub/RBE550-Quadruped/install/custom_interface/share/custom_interface/environment/pythonpath.dsv
[2.792s] -- Up-to-date: /home/jarothenberg/Documents/GitHub/RBE550-Quadruped/install/custom_interface/lib/python3.12/site-packages/custom_interface-0.0.0-py3.12.egg-info
[2.792s] -- Installing: /home/jarothenberg/Documents/GitHub/RBE550-Quadruped/install/custom_interface/lib/python3.12/site-packages/custom_interface-0.0.0-py3.12.egg-info/SOURCES.txt
[2.792s] -- Installing: /home/jarothenberg/Documents/GitHub/RBE550-Quadruped/install/custom_interface/lib/python3.12/site-packages/custom_interface-0.0.0-py3.12.egg-info/dependency_links.txt
[2.792s] -- Installing: /home/jarothenberg/Documents/GitHub/RBE550-Quadruped/install/custom_interface/lib/python3.12/site-packages/custom_interface-0.0.0-py3.12.egg-info/top_level.txt
[2.793s] -- Installing: /home/jarothenberg/Documents/GitHub/RBE550-Quadruped/install/custom_interface/lib/python3.12/site-packages/custom_interface-0.0.0-py3.12.egg-info/PKG-INFO
[2.793s] -- Up-to-date: /home/jarothenberg/Documents/GitHub/RBE550-Quadruped/install/custom_interface/lib/python3.12/site-packages/custom_interface
[2.793s] -- Up-to-date: /home/jarothenberg/Documents/GitHub/RBE550-Quadruped/install/custom_interface/lib/python3.12/site-packages/custom_interface/custom_interface_s__rosidl_typesupport_introspection_c.so
[2.793s] -- Up-to-date: /home/jarothenberg/Documents/GitHub/RBE550-Quadruped/install/custom_interface/lib/python3.12/site-packages/custom_interface/custom_interface_s__rosidl_typesupport_fastrtps_c.so
[2.793s] -- Up-to-date: /home/jarothenberg/Documents/GitHub/RBE550-Quadruped/install/custom_interface/lib/python3.12/site-packages/custom_interface/__init__.py
[2.794s] -- Up-to-date: /home/jarothenberg/Documents/GitHub/RBE550-Quadruped/install/custom_interface/lib/python3.12/site-packages/custom_interface/_custom_interface_s.ep.rosidl_typesupport_fastrtps_c.c
[2.794s] -- Up-to-date: /home/jarothenberg/Documents/GitHub/RBE550-Quadruped/install/custom_interface/lib/python3.12/site-packages/custom_interface/_custom_interface_s.ep.rosidl_typesupport_introspection_c.c
[2.794s] -- Up-to-date: /home/jarothenberg/Documents/GitHub/RBE550-Quadruped/install/custom_interface/lib/python3.12/site-packages/custom_interface/_custom_interface_s.ep.rosidl_typesupport_c.c
[2.794s] -- Up-to-date: /home/jarothenberg/Documents/GitHub/RBE550-Quadruped/install/custom_interface/lib/python3.12/site-packages/custom_interface/custom_interface_s__rosidl_typesupport_c.so
[2.794s] -- Up-to-date: /home/jarothenberg/Documents/GitHub/RBE550-Quadruped/install/custom_interface/lib/python3.12/site-packages/custom_interface/msg
[2.795s] -- Up-to-date: /home/jarothenberg/Documents/GitHub/RBE550-Quadruped/install/custom_interface/lib/python3.12/site-packages/custom_interface/msg/_leg_state_s.c
[2.795s] -- Up-to-date: /home/jarothenberg/Documents/GitHub/RBE550-Quadruped/install/custom_interface/lib/python3.12/site-packages/custom_interface/msg/__init__.py
[2.795s] -- Up-to-date: /home/jarothenberg/Documents/GitHub/RBE550-Quadruped/install/custom_interface/lib/python3.12/site-packages/custom_interface/msg/_imu_data_s.c
[2.795s] -- Up-to-date: /home/jarothenberg/Documents/GitHub/RBE550-Quadruped/install/custom_interface/lib/python3.12/site-packages/custom_interface/msg/_leg_state.py
[2.795s] -- Up-to-date: /home/jarothenberg/Documents/GitHub/RBE550-Quadruped/install/custom_interface/lib/python3.12/site-packages/custom_interface/msg/_imu_data.py
[2.874s] Listing '/home/jarothenberg/Documents/GitHub/RBE550-Quadruped/install/custom_interface/lib/python3.12/site-packages/custom_interface'...
[2.874s] Listing '/home/jarothenberg/Documents/GitHub/RBE550-Quadruped/install/custom_interface/lib/python3.12/site-packages/custom_interface/msg'...
[2.887s] -- Up-to-date: /home/jarothenberg/Documents/GitHub/RBE550-Quadruped/install/custom_interface/lib/python3.12/site-packages/custom_interface/custom_interface_s__rosidl_typesupport_fastrtps_c.so
[2.888s] -- Up-to-date: /home/jarothenberg/Documents/GitHub/RBE550-Quadruped/install/custom_interface/lib/python3.12/site-packages/custom_interface/custom_interface_s__rosidl_typesupport_introspection_c.so
[2.889s] -- Up-to-date: /home/jarothenberg/Documents/GitHub/RBE550-Quadruped/install/custom_interface/lib/python3.12/site-packages/custom_interface/custom_interface_s__rosidl_typesupport_c.so
[2.890s] -- Up-to-date: /home/jarothenberg/Documents/GitHub/RBE550-Quadruped/install/custom_interface/lib/libcustom_interface__rosidl_generator_py.so
[2.890s] -- Up-to-date: /home/jarothenberg/Documents/GitHub/RBE550-Quadruped/install/custom_interface/share/custom_interface/msg/ImuData.idl
[2.890s] -- Up-to-date: /home/jarothenberg/Documents/GitHub/RBE550-Quadruped/install/custom_interface/share/custom_interface/msg/LegState.idl
[2.890s] -- Up-to-date: /home/jarothenberg/Documents/GitHub/RBE550-Quadruped/install/custom_interface/share/custom_interface/msg/ImuData.msg
[2.890s] -- Up-to-date: /home/jarothenberg/Documents/GitHub/RBE550-Quadruped/install/custom_interface/share/custom_interface/msg/LegState.msg
[2.891s] -- Up-to-date: /home/jarothenberg/Documents/GitHub/RBE550-Quadruped/install/custom_interface/share/ament_index/resource_index/package_run_dependencies/custom_interface
[2.891s] -- Up-to-date: /home/jarothenberg/Documents/GitHub/RBE550-Quadruped/install/custom_interface/share/ament_index/resource_index/parent_prefix_path/custom_interface
[2.892s] -- Up-to-date: /home/jarothenberg/Documents/GitHub/RBE550-Quadruped/install/custom_interface/share/custom_interface/environment/ament_prefix_path.sh
[2.892s] -- Up-to-date: /home/jarothenberg/Documents/GitHub/RBE550-Quadruped/install/custom_interface/share/custom_interface/environment/ament_prefix_path.dsv
[2.893s] -- Up-to-date: /home/jarothenberg/Documents/GitHub/RBE550-Quadruped/install/custom_interface/share/custom_interface/environment/path.sh
[2.893s] -- Up-to-date: /home/jarothenberg/Documents/GitHub/RBE550-Quadruped/install/custom_interface/share/custom_interface/environment/path.dsv
[2.893s] -- Up-to-date: /home/jarothenberg/Documents/GitHub/RBE550-Quadruped/install/custom_interface/share/custom_interface/local_setup.bash
[2.894s] -- Up-to-date: /home/jarothenberg/Documents/GitHub/RBE550-Quadruped/install/custom_interface/share/custom_interface/local_setup.sh
[2.894s] -- Up-to-date: /home/jarothenberg/Documents/GitHub/RBE550-Quadruped/install/custom_interface/share/custom_interface/local_setup.zsh
[2.894s] -- Up-to-date: /home/jarothenberg/Documents/GitHub/RBE550-Quadruped/install/custom_interface/share/custom_interface/local_setup.dsv
[2.894s] -- Installing: /home/jarothenberg/Documents/GitHub/RBE550-Quadruped/install/custom_interface/share/custom_interface/package.dsv
[2.894s] -- Up-to-date: /home/jarothenberg/Documents/GitHub/RBE550-Quadruped/install/custom_interface/share/ament_index/resource_index/packages/custom_interface
[2.894s] -- Up-to-date: /home/jarothenberg/Documents/GitHub/RBE550-Quadruped/install/custom_interface/share/custom_interface/cmake/export_custom_interface__rosidl_generator_cExport.cmake
[2.894s] -- Up-to-date: /home/jarothenberg/Documents/GitHub/RBE550-Quadruped/install/custom_interface/share/custom_interface/cmake/export_custom_interface__rosidl_generator_cExport-noconfig.cmake
[2.895s] -- Up-to-date: /home/jarothenberg/Documents/GitHub/RBE550-Quadruped/install/custom_interface/share/custom_interface/cmake/export_custom_interface__rosidl_typesupport_fastrtps_cExport.cmake
[2.895s] -- Up-to-date: /home/jarothenberg/Documents/GitHub/RBE550-Quadruped/install/custom_interface/share/custom_interface/cmake/export_custom_interface__rosidl_typesupport_fastrtps_cExport-noconfig.cmake
[2.895s] -- Up-to-date: /home/jarothenberg/Documents/GitHub/RBE550-Quadruped/install/custom_interface/share/custom_interface/cmake/custom_interface__rosidl_typesupport_introspection_cExport.cmake
[2.895s] -- Up-to-date: /home/jarothenberg/Documents/GitHub/RBE550-Quadruped/install/custom_interface/share/custom_interface/cmake/custom_interface__rosidl_typesupport_introspection_cExport-noconfig.cmake
[2.895s] -- Up-to-date: /home/jarothenberg/Documents/GitHub/RBE550-Quadruped/install/custom_interface/share/custom_interface/cmake/custom_interface__rosidl_typesupport_cExport.cmake
[2.895s] -- Up-to-date: /home/jarothenberg/Documents/GitHub/RBE550-Quadruped/install/custom_interface/share/custom_interface/cmake/custom_interface__rosidl_typesupport_cExport-noconfig.cmake
[2.895s] -- Up-to-date: /home/jarothenberg/Documents/GitHub/RBE550-Quadruped/install/custom_interface/share/custom_interface/cmake/export_custom_interface__rosidl_generator_cppExport.cmake
[2.895s] -- Up-to-date: /home/jarothenberg/Documents/GitHub/RBE550-Quadruped/install/custom_interface/share/custom_interface/cmake/export_custom_interface__rosidl_typesupport_fastrtps_cppExport.cmake
[2.895s] -- Up-to-date: /home/jarothenberg/Documents/GitHub/RBE550-Quadruped/install/custom_interface/share/custom_interface/cmake/export_custom_interface__rosidl_typesupport_fastrtps_cppExport-noconfig.cmake
[2.895s] -- Up-to-date: /home/jarothenberg/Documents/GitHub/RBE550-Quadruped/install/custom_interface/share/custom_interface/cmake/custom_interface__rosidl_typesupport_introspection_cppExport.cmake
[2.896s] -- Up-to-date: /home/jarothenberg/Documents/GitHub/RBE550-Quadruped/install/custom_interface/share/custom_interface/cmake/custom_interface__rosidl_typesupport_introspection_cppExport-noconfig.cmake
[2.896s] -- Up-to-date: /home/jarothenberg/Documents/GitHub/RBE550-Quadruped/install/custom_interface/share/custom_interface/cmake/custom_interface__rosidl_typesupport_cppExport.cmake
[2.896s] -- Up-to-date: /home/jarothenberg/Documents/GitHub/RBE550-Quadruped/install/custom_interface/share/custom_interface/cmake/custom_interface__rosidl_typesupport_cppExport-noconfig.cmake
[2.897s] -- Up-to-date: /home/jarothenberg/Documents/GitHub/RBE550-Quadruped/install/custom_interface/share/custom_interface/cmake/export_custom_interface__rosidl_generator_pyExport.cmake
[2.897s] -- Up-to-date: /home/jarothenberg/Documents/GitHub/RBE550-Quadruped/install/custom_interface/share/custom_interface/cmake/export_custom_interface__rosidl_generator_pyExport-noconfig.cmake
[2.897s] -- Up-to-date: /home/jarothenberg/Documents/GitHub/RBE550-Quadruped/install/custom_interface/share/custom_interface/cmake/rosidl_cmake-extras.cmake
[2.898s] -- Up-to-date: /home/jarothenberg/Documents/GitHub/RBE550-Quadruped/install/custom_interface/share/custom_interface/cmake/ament_cmake_export_dependencies-extras.cmake
[2.899s] -- Up-to-date: /home/jarothenberg/Documents/GitHub/RBE550-Quadruped/install/custom_interface/share/custom_interface/cmake/ament_cmake_export_include_directories-extras.cmake
[2.899s] -- Up-to-date: /home/jarothenberg/Documents/GitHub/RBE550-Quadruped/install/custom_interface/share/custom_interface/cmake/ament_cmake_export_libraries-extras.cmake
[2.899s] -- Up-to-date: /home/jarothenberg/Documents/GitHub/RBE550-Quadruped/install/custom_interface/share/custom_interface/cmake/ament_cmake_export_targets-extras.cmake
[2.900s] -- Up-to-date: /home/jarothenberg/Documents/GitHub/RBE550-Quadruped/install/custom_interface/share/custom_interface/cmake/rosidl_cmake_export_typesupport_targets-extras.cmake
[2.900s] -- Up-to-date: /home/jarothenberg/Documents/GitHub/RBE550-Quadruped/install/custom_interface/share/custom_interface/cmake/rosidl_cmake_export_typesupport_libraries-extras.cmake
[2.901s] -- Up-to-date: /home/jarothenberg/Documents/GitHub/RBE550-Quadruped/install/custom_interface/share/custom_interface/cmake/custom_interfaceConfig.cmake
[2.902s] -- Up-to-date: /home/jarothenberg/Documents/GitHub/RBE550-Quadruped/install/custom_interface/share/custom_interface/cmake/custom_interfaceConfig-version.cmake
[2.902s] -- Up-to-date: /home/jarothenberg/Documents/GitHub/RBE550-Quadruped/install/custom_interface/share/custom_interface/package.xml
[2.902s] Invoked command in '/home/jarothenberg/Documents/GitHub/RBE550-Quadruped/build/custom_interface' returned '0': CMAKE_PREFIX_PATH=${CMAKE_PREFIX_PATH}:/home/jarothenberg/Documents/GitHub/RBE550-Quadruped/install/sensors:/home/jarothenberg/Documents/GitHub/RBE550-Quadruped/install/robot_sim:/home/jarothenberg/Documents/GitHub/RBE550-Quadruped/install/robot_description:/home/jarothenberg/Documents/GitHub/RBE550-Quadruped/install/quadruped:/home/jarothenberg/Documents/GitHub/RBE550-Quadruped/install/motion_planner:/home/jarothenberg/Documents/GitHub/RBE550-Quadruped/install/leg_controls:/home/jarothenberg/Documents/GitHub/RBE550-Quadruped/install/center_of_mass:/opt/ros/jazzy DEBUGINFOD_URLS=https://debuginfod.ubuntu.com /usr/bin/cmake --install /home/jarothenberg/Documents/GitHub/RBE550-Quadruped/build/custom_interface
