[0.972s] Invoking command in '/home/sbpena01/GitHub/RBE550-Quadruped/src/py_pubsub': DEBUGINFOD_URLS=https://debuginfod.ubuntu.com PYTHONPATH=/home/sbpena01/GitHub/RBE550-Quadruped/src/build/py_pubsub/prefix_override:/home/sbpena01/.local/share/pipx/venvs/colcon-common-extensions/lib/python3.12/site-packages/colcon_core/task/python/colcon_distutils_commands:/home/sbpena01/GitHub/RBE550-Quadruped/src/install/py_pubsub/lib/python3.12/site-packages:${PYTHONPATH} /home/sbpena01/.local/share/pipx/venvs/colcon-common-extensions/bin/python -W ignore:setup.py install is deprecated setup.py egg_info --egg-base ../build/py_pubsub build --build-base /home/sbpena01/GitHub/RBE550-Quadruped/src/build/py_pubsub/build install --record /home/sbpena01/GitHub/RBE550-Quadruped/src/build/py_pubsub/install.log --single-version-externally-managed install_data
[1.242s] running egg_info
[1.258s] writing ../build/py_pubsub/py_pubsub.egg-info/PKG-INFO
[1.259s] writing dependency_links to ../build/py_pubsub/py_pubsub.egg-info/dependency_links.txt
[1.259s] writing entry points to ../build/py_pubsub/py_pubsub.egg-info/entry_points.txt
[1.259s] writing requirements to ../build/py_pubsub/py_pubsub.egg-info/requires.txt
[1.259s] writing top-level names to ../build/py_pubsub/py_pubsub.egg-info/top_level.txt
[1.305s] reading manifest file '../build/py_pubsub/py_pubsub.egg-info/SOURCES.txt'
[1.305s] adding license file 'LICENSE'
[1.306s] writing manifest file '../build/py_pubsub/py_pubsub.egg-info/SOURCES.txt'
[1.306s] running build
[1.307s] running build_py
[1.307s] copying py_pubsub/publisher_member_function.py -> /home/sbpena01/GitHub/RBE550-Quadruped/src/build/py_pubsub/build/lib/py_pubsub
[1.307s] copying py_pubsub/__init__.py -> /home/sbpena01/GitHub/RBE550-Quadruped/src/build/py_pubsub/build/lib/py_pubsub
[1.307s] running install
[1.313s] running install_lib
[1.330s] running install_data
[1.331s] copying resource/py_pubsub -> /home/sbpena01/GitHub/RBE550-Quadruped/src/install/py_pubsub/share/ament_index/resource_index/packages
[1.331s] copying package.xml -> /home/sbpena01/GitHub/RBE550-Quadruped/src/install/py_pubsub/share/py_pubsub
[1.331s] running install_egg_info
[1.348s] removing '/home/sbpena01/GitHub/RBE550-Quadruped/src/install/py_pubsub/lib/python3.12/site-packages/py_pubsub-0.0.0-py3.12.egg-info' (and everything under it)
[1.348s] Copying ../build/py_pubsub/py_pubsub.egg-info to /home/sbpena01/GitHub/RBE550-Quadruped/src/install/py_pubsub/lib/python3.12/site-packages/py_pubsub-0.0.0-py3.12.egg-info
[1.349s] running install_scripts
[1.439s] Installing talker script to /home/sbpena01/GitHub/RBE550-Quadruped/src/install/py_pubsub/lib/py_pubsub
[1.439s] writing list of installed files to '/home/sbpena01/GitHub/RBE550-Quadruped/src/build/py_pubsub/install.log'
[1.470s] Invoked command in '/home/sbpena01/GitHub/RBE550-Quadruped/src/py_pubsub' returned '0': DEBUGINFOD_URLS=https://debuginfod.ubuntu.com PYTHONPATH=/home/sbpena01/GitHub/RBE550-Quadruped/src/build/py_pubsub/prefix_override:/home/sbpena01/.local/share/pipx/venvs/colcon-common-extensions/lib/python3.12/site-packages/colcon_core/task/python/colcon_distutils_commands:/home/sbpena01/GitHub/RBE550-Quadruped/src/install/py_pubsub/lib/python3.12/site-packages:${PYTHONPATH} /home/sbpena01/.local/share/pipx/venvs/colcon-common-extensions/bin/python -W ignore:setup.py install is deprecated setup.py egg_info --egg-base ../build/py_pubsub build --build-base /home/sbpena01/GitHub/RBE550-Quadruped/src/build/py_pubsub/build install --record /home/sbpena01/GitHub/RBE550-Quadruped/src/build/py_pubsub/install.log --single-version-externally-managed install_data
