[0.040s] Invoking command in '/home/sbpena01/GitHub/RBE550-Quadruped/build/cpp_pubsub': CMAKE_PREFIX_PATH=/home/sbpena01/GitHub/RBE550-Quadruped/install/cpp_pubsub:/home/sbpena01/GitHub/RBE550-Quadruped/install/controls:/home/sbpena01/GitHub/RBE550-Quadruped/src/install/controls:/home/sbpena01/GitHub/RBE550-Quadruped/src/install/control:/opt/ros/jazzy/opt/gz_sim_vendor:/opt/ros/jazzy/opt/gz_sensors_vendor:/opt/ros/jazzy/opt/gz_physics_vendor:/opt/ros/jazzy/opt/sdformat_vendor:/opt/ros/jazzy/opt/gz_gui_vendor:/opt/ros/jazzy/opt/gz_transport_vendor:/opt/ros/jazzy/opt/gz_rendering_vendor:/opt/ros/jazzy/opt/gz_plugin_vendor:/opt/ros/jazzy/opt/gz_fuel_tools_vendor:/opt/ros/jazzy/opt/gz_msgs_vendor:/opt/ros/jazzy/opt/gz_common_vendor:/opt/ros/jazzy/opt/gz_math_vendor:/opt/ros/jazzy/opt/gz_utils_vendor:/opt/ros/jazzy/opt/gz_tools_vendor:/opt/ros/jazzy/opt/gz_ogre_next_vendor:/opt/ros/jazzy/opt/gz_dartsim_vendor:/opt/ros/jazzy/opt/gz_cmake_vendor:/home/sbpena01/GitHub/RBE550-Quadruped/install/py_pubsub:/opt/ros/jazzy:/home/sbpena01/GitHub/RBE521-Quadruped-Robot/devel DEBUGINFOD_URLS=https://debuginfod.ubuntu.com /usr/bin/cmake --build /home/sbpena01/GitHub/RBE550-Quadruped/build/cpp_pubsub -- -j12 -l12
[0.280s] -- Found ament_cmake: 2.5.2 (/opt/ros/jazzy/share/ament_cmake/cmake)
[0.318s] -- Found rclcpp: 28.1.5 (/opt/ros/jazzy/share/rclcpp/cmake)
[0.348s] -- Found rosidl_generator_c: 4.6.4 (/opt/ros/jazzy/share/rosidl_generator_c/cmake)
[0.357s] -- Found rosidl_generator_cpp: 4.6.4 (/opt/ros/jazzy/share/rosidl_generator_cpp/cmake)
[0.371s] -- Using all available rosidl_typesupport_c: rosidl_typesupport_fastrtps_c;rosidl_typesupport_introspection_c
[0.386s] -- Using all available rosidl_typesupport_cpp: rosidl_typesupport_fastrtps_cpp;rosidl_typesupport_introspection_cpp
[0.466s] -- Found rmw_implementation_cmake: 7.3.1 (/opt/ros/jazzy/share/rmw_implementation_cmake/cmake)
[0.469s] -- Found rmw_fastrtps_cpp: 8.4.1 (/opt/ros/jazzy/share/rmw_fastrtps_cpp/cmake)
[0.567s] -- Using RMW implementation 'rmw_fastrtps_cpp' as default
[0.649s] -- Found std_msgs: 5.3.5 (/opt/ros/jazzy/share/std_msgs/cmake)
[0.668s] -- Found ament_lint_auto: 0.17.1 (/opt/ros/jazzy/share/ament_lint_auto/cmake)
[0.780s] -- Added test 'cppcheck' to perform static code analysis on C / C++ code
[0.780s] -- Configured cppcheck include dirs: 
[0.780s] -- Configured cppcheck exclude dirs and/or files: 
[0.781s] -- Added test 'lint_cmake' to check CMake code style
[0.782s] -- Added test 'uncrustify' to check C / C++ code style
[0.782s] -- Configured uncrustify additional arguments: 
[0.783s] -- Added test 'xmllint' to check XML markup files
[0.783s] -- Configuring done (0.7s)
[0.800s] -- Generating done (0.0s)
[0.802s] -- Build files have been written to: /home/sbpena01/GitHub/RBE550-Quadruped/build/cpp_pubsub
[0.864s] [ 50%] [32mBuilding CXX object CMakeFiles/listen.dir/src/subscriber_lambda_function.cpp.o[0m
[0.865s] [ 50%] [32mBuilding CXX object CMakeFiles/talk.dir/src/publisher_lambda_function.cpp.o[0m
[5.818s] [ 75%] [32m[1mLinking CXX executable talk[0m
[5.988s] [ 75%] Built target talk
[9.108s] [100%] [32m[1mLinking CXX executable listen[0m
[9.355s] [100%] Built target listen
[9.366s] Invoked command in '/home/sbpena01/GitHub/RBE550-Quadruped/build/cpp_pubsub' returned '0': CMAKE_PREFIX_PATH=/home/sbpena01/GitHub/RBE550-Quadruped/install/cpp_pubsub:/home/sbpena01/GitHub/RBE550-Quadruped/install/controls:/home/sbpena01/GitHub/RBE550-Quadruped/src/install/controls:/home/sbpena01/GitHub/RBE550-Quadruped/src/install/control:/opt/ros/jazzy/opt/gz_sim_vendor:/opt/ros/jazzy/opt/gz_sensors_vendor:/opt/ros/jazzy/opt/gz_physics_vendor:/opt/ros/jazzy/opt/sdformat_vendor:/opt/ros/jazzy/opt/gz_gui_vendor:/opt/ros/jazzy/opt/gz_transport_vendor:/opt/ros/jazzy/opt/gz_rendering_vendor:/opt/ros/jazzy/opt/gz_plugin_vendor:/opt/ros/jazzy/opt/gz_fuel_tools_vendor:/opt/ros/jazzy/opt/gz_msgs_vendor:/opt/ros/jazzy/opt/gz_common_vendor:/opt/ros/jazzy/opt/gz_math_vendor:/opt/ros/jazzy/opt/gz_utils_vendor:/opt/ros/jazzy/opt/gz_tools_vendor:/opt/ros/jazzy/opt/gz_ogre_next_vendor:/opt/ros/jazzy/opt/gz_dartsim_vendor:/opt/ros/jazzy/opt/gz_cmake_vendor:/home/sbpena01/GitHub/RBE550-Quadruped/install/py_pubsub:/opt/ros/jazzy:/home/sbpena01/GitHub/RBE521-Quadruped-Robot/devel DEBUGINFOD_URLS=https://debuginfod.ubuntu.com /usr/bin/cmake --build /home/sbpena01/GitHub/RBE550-Quadruped/build/cpp_pubsub -- -j12 -l12
[9.402s] Invoking command in '/home/sbpena01/GitHub/RBE550-Quadruped/build/cpp_pubsub': CMAKE_PREFIX_PATH=/home/sbpena01/GitHub/RBE550-Quadruped/install/cpp_pubsub:/home/sbpena01/GitHub/RBE550-Quadruped/install/controls:/home/sbpena01/GitHub/RBE550-Quadruped/src/install/controls:/home/sbpena01/GitHub/RBE550-Quadruped/src/install/control:/opt/ros/jazzy/opt/gz_sim_vendor:/opt/ros/jazzy/opt/gz_sensors_vendor:/opt/ros/jazzy/opt/gz_physics_vendor:/opt/ros/jazzy/opt/sdformat_vendor:/opt/ros/jazzy/opt/gz_gui_vendor:/opt/ros/jazzy/opt/gz_transport_vendor:/opt/ros/jazzy/opt/gz_rendering_vendor:/opt/ros/jazzy/opt/gz_plugin_vendor:/opt/ros/jazzy/opt/gz_fuel_tools_vendor:/opt/ros/jazzy/opt/gz_msgs_vendor:/opt/ros/jazzy/opt/gz_common_vendor:/opt/ros/jazzy/opt/gz_math_vendor:/opt/ros/jazzy/opt/gz_utils_vendor:/opt/ros/jazzy/opt/gz_tools_vendor:/opt/ros/jazzy/opt/gz_ogre_next_vendor:/opt/ros/jazzy/opt/gz_dartsim_vendor:/opt/ros/jazzy/opt/gz_cmake_vendor:/home/sbpena01/GitHub/RBE550-Quadruped/install/py_pubsub:/opt/ros/jazzy:/home/sbpena01/GitHub/RBE521-Quadruped-Robot/devel DEBUGINFOD_URLS=https://debuginfod.ubuntu.com /usr/bin/cmake --install /home/sbpena01/GitHub/RBE550-Quadruped/build/cpp_pubsub
[9.410s] -- Install configuration: ""
[9.410s] -- Installing: /home/sbpena01/GitHub/RBE550-Quadruped/install/cpp_pubsub/lib/cpp_pubsub/talk
[9.412s] -- Set non-toolchain portion of runtime path of "/home/sbpena01/GitHub/RBE550-Quadruped/install/cpp_pubsub/lib/cpp_pubsub/talk" to ""
[9.412s] -- Installing: /home/sbpena01/GitHub/RBE550-Quadruped/install/cpp_pubsub/lib/cpp_pubsub/listen
[9.416s] -- Set non-toolchain portion of runtime path of "/home/sbpena01/GitHub/RBE550-Quadruped/install/cpp_pubsub/lib/cpp_pubsub/listen" to ""
[9.416s] -- Up-to-date: /home/sbpena01/GitHub/RBE550-Quadruped/install/cpp_pubsub/share/ament_index/resource_index/package_run_dependencies/cpp_pubsub
[9.416s] -- Installing: /home/sbpena01/GitHub/RBE550-Quadruped/install/cpp_pubsub/share/ament_index/resource_index/parent_prefix_path/cpp_pubsub
[9.416s] -- Installing: /home/sbpena01/GitHub/RBE550-Quadruped/install/cpp_pubsub/share/cpp_pubsub/environment/ament_prefix_path.sh
[9.416s] -- Up-to-date: /home/sbpena01/GitHub/RBE550-Quadruped/install/cpp_pubsub/share/cpp_pubsub/environment/ament_prefix_path.dsv
[9.417s] -- Installing: /home/sbpena01/GitHub/RBE550-Quadruped/install/cpp_pubsub/share/cpp_pubsub/environment/path.sh
[9.417s] -- Up-to-date: /home/sbpena01/GitHub/RBE550-Quadruped/install/cpp_pubsub/share/cpp_pubsub/environment/path.dsv
[9.417s] -- Up-to-date: /home/sbpena01/GitHub/RBE550-Quadruped/install/cpp_pubsub/share/cpp_pubsub/local_setup.bash
[9.417s] -- Up-to-date: /home/sbpena01/GitHub/RBE550-Quadruped/install/cpp_pubsub/share/cpp_pubsub/local_setup.sh
[9.417s] -- Up-to-date: /home/sbpena01/GitHub/RBE550-Quadruped/install/cpp_pubsub/share/cpp_pubsub/local_setup.zsh
[9.417s] -- Up-to-date: /home/sbpena01/GitHub/RBE550-Quadruped/install/cpp_pubsub/share/cpp_pubsub/local_setup.dsv
[9.417s] -- Up-to-date: /home/sbpena01/GitHub/RBE550-Quadruped/install/cpp_pubsub/share/cpp_pubsub/package.dsv
[9.417s] -- Up-to-date: /home/sbpena01/GitHub/RBE550-Quadruped/install/cpp_pubsub/share/ament_index/resource_index/packages/cpp_pubsub
[9.417s] -- Up-to-date: /home/sbpena01/GitHub/RBE550-Quadruped/install/cpp_pubsub/share/cpp_pubsub/cmake/cpp_pubsubConfig.cmake
[9.417s] -- Up-to-date: /home/sbpena01/GitHub/RBE550-Quadruped/install/cpp_pubsub/share/cpp_pubsub/cmake/cpp_pubsubConfig-version.cmake
[9.417s] -- Up-to-date: /home/sbpena01/GitHub/RBE550-Quadruped/install/cpp_pubsub/share/cpp_pubsub/package.xml
[9.418s] Invoked command in '/home/sbpena01/GitHub/RBE550-Quadruped/build/cpp_pubsub' returned '0': CMAKE_PREFIX_PATH=/home/sbpena01/GitHub/RBE550-Quadruped/install/cpp_pubsub:/home/sbpena01/GitHub/RBE550-Quadruped/install/controls:/home/sbpena01/GitHub/RBE550-Quadruped/src/install/controls:/home/sbpena01/GitHub/RBE550-Quadruped/src/install/control:/opt/ros/jazzy/opt/gz_sim_vendor:/opt/ros/jazzy/opt/gz_sensors_vendor:/opt/ros/jazzy/opt/gz_physics_vendor:/opt/ros/jazzy/opt/sdformat_vendor:/opt/ros/jazzy/opt/gz_gui_vendor:/opt/ros/jazzy/opt/gz_transport_vendor:/opt/ros/jazzy/opt/gz_rendering_vendor:/opt/ros/jazzy/opt/gz_plugin_vendor:/opt/ros/jazzy/opt/gz_fuel_tools_vendor:/opt/ros/jazzy/opt/gz_msgs_vendor:/opt/ros/jazzy/opt/gz_common_vendor:/opt/ros/jazzy/opt/gz_math_vendor:/opt/ros/jazzy/opt/gz_utils_vendor:/opt/ros/jazzy/opt/gz_tools_vendor:/opt/ros/jazzy/opt/gz_ogre_next_vendor:/opt/ros/jazzy/opt/gz_dartsim_vendor:/opt/ros/jazzy/opt/gz_cmake_vendor:/home/sbpena01/GitHub/RBE550-Quadruped/install/py_pubsub:/opt/ros/jazzy:/home/sbpena01/GitHub/RBE521-Quadruped-Robot/devel DEBUGINFOD_URLS=https://debuginfod.ubuntu.com /usr/bin/cmake --install /home/sbpena01/GitHub/RBE550-Quadruped/build/cpp_pubsub
