[4.154s] Invoking command in '/home/jarothenberg/Documents/GitHub/RBE550-Quadruped/src/robot_description': DEBUGINFOD_URLS=https://debuginfod.ubuntu.com PYTHONPATH=/home/jarothenberg/Documents/GitHub/RBE550-Quadruped/build/robot_description/prefix_override:/usr/lib/python3/dist-packages/colcon_core/task/python/colcon_distutils_commands:/home/jarothenberg/Documents/GitHub/RBE550-Quadruped/install/robot_description/lib/python3.12/site-packages:${PYTHONPATH} /usr/bin/python3 -W ignore:setup.py install is deprecated -W ignore:easy_install command is deprecated setup.py egg_info --egg-base ../../build/robot_description build --build-base /home/jarothenberg/Documents/GitHub/RBE550-Quadruped/build/robot_description/build install --record /home/jarothenberg/Documents/GitHub/RBE550-Quadruped/build/robot_description/install.log --single-version-externally-managed install_data
[4.880s] running egg_info
[4.932s] writing ../../build/robot_description/robot_description.egg-info/PKG-INFO
[4.932s] writing dependency_links to ../../build/robot_description/robot_description.egg-info/dependency_links.txt
[4.933s] writing requirements to ../../build/robot_description/robot_description.egg-info/requires.txt
[4.933s] writing top-level names to ../../build/robot_description/robot_description.egg-info/top_level.txt
[5.051s] reading manifest file '../../build/robot_description/robot_description.egg-info/SOURCES.txt'
[5.053s] adding license file 'LICENSE'
[5.058s] writing manifest file '../../build/robot_description/robot_description.egg-info/SOURCES.txt'
[5.058s] running build
[5.059s] running build_py
[5.059s] running install
[5.074s] running install_lib
[5.144s] running install_data
[5.149s] running install_egg_info
[5.219s] removing '/home/jarothenberg/Documents/GitHub/RBE550-Quadruped/install/robot_description/lib/python3.12/site-packages/robot_description-0.0.0-py3.12.egg-info' (and everything under it)
[5.219s] Copying ../../build/robot_description/robot_description.egg-info to /home/jarothenberg/Documents/GitHub/RBE550-Quadruped/install/robot_description/lib/python3.12/site-packages/robot_description-0.0.0-py3.12.egg-info
[5.222s] running install_scripts
[5.621s] writing list of installed files to '/home/jarothenberg/Documents/GitHub/RBE550-Quadruped/build/robot_description/install.log'
[5.688s] Invoked command in '/home/jarothenberg/Documents/GitHub/RBE550-Quadruped/src/robot_description' returned '0': DEBUGINFOD_URLS=https://debuginfod.ubuntu.com PYTHONPATH=/home/jarothenberg/Documents/GitHub/RBE550-Quadruped/build/robot_description/prefix_override:/usr/lib/python3/dist-packages/colcon_core/task/python/colcon_distutils_commands:/home/jarothenberg/Documents/GitHub/RBE550-Quadruped/install/robot_description/lib/python3.12/site-packages:${PYTHONPATH} /usr/bin/python3 -W ignore:setup.py install is deprecated -W ignore:easy_install command is deprecated setup.py egg_info --egg-base ../../build/robot_description build --build-base /home/jarothenberg/Documents/GitHub/RBE550-Quadruped/build/robot_description/build install --record /home/jarothenberg/Documents/GitHub/RBE550-Quadruped/build/robot_description/install.log --single-version-externally-managed install_data
