[0.124s] DEBUG:colcon:Command line arguments: ['/usr/bin/colcon', 'build']
[0.125s] DEBUG:colcon:Parsed command line arguments: Namespace(log_base=None, log_level=None, verb_name='build', build_base='build', install_base='install', merge_install=False, symlink_install=False, test_result_base=None, continue_on_error=False, executor='parallel', parallel_workers=24, event_handlers=None, ignore_user_meta=False, metas=['./colcon.meta'], base_paths=['.'], packages_ignore=None, packages_ignore_regex=None, paths=None, packages_up_to=None, packages_up_to_regex=None, packages_above=None, packages_above_and_dependencies=None, packages_above_depth=None, packages_select_by_dep=None, packages_skip_by_dep=None, packages_skip_up_to=None, packages_select_build_failed=False, packages_skip_build_finished=False, packages_select_test_failures=False, packages_skip_test_passed=False, packages_select=None, packages_skip=None, packages_select_regex=None, packages_skip_regex=None, packages_start=None, packages_end=None, allow_overriding=[], cmake_args=None, cmake_target=None, cmake_target_skip_unavailable=False, cmake_clean_cache=False, cmake_clean_first=False, cmake_force_configure=False, ament_cmake_args=None, catkin_cmake_args=None, catkin_skip_building_tests=False, mixin_files=None, mixin=None, verb_parser=<colcon_mixin.mixin.mixin_argument.MixinArgumentDecorator object at 0x709a551de840>, verb_extension=<colcon_core.verb.build.BuildVerb object at 0x709a55108bf0>, main=<bound method BuildVerb.main of <colcon_core.verb.build.BuildVerb object at 0x709a55108bf0>>, mixin_verb=('build',))
[0.161s] Level 1:colcon.colcon_core.package_discovery:discover_packages(colcon_meta) check parameters
[0.161s] Level 1:colcon.colcon_core.package_discovery:discover_packages(recursive) check parameters
[0.161s] Level 1:colcon.colcon_core.package_discovery:discover_packages(ignore) check parameters
[0.161s] Level 1:colcon.colcon_core.package_discovery:discover_packages(path) check parameters
[0.161s] Level 1:colcon.colcon_core.package_discovery:discover_packages(colcon_meta) discover
[0.161s] Level 1:colcon.colcon_core.package_discovery:discover_packages(recursive) discover
[0.161s] INFO:colcon.colcon_core.package_discovery:Crawling recursively for packages in '/home/scott-pena/GitHub/RBE550-Quadruped'
[0.161s] Level 1:colcon.colcon_core.package_identification:_identify(.) by extensions ['ignore', 'ignore_ament_install']
[0.161s] Level 1:colcon.colcon_core.package_identification:_identify(.) by extension 'ignore'
[0.161s] Level 1:colcon.colcon_core.package_identification:_identify(.) by extension 'ignore_ament_install'
[0.162s] Level 1:colcon.colcon_core.package_identification:_identify(.) by extensions ['colcon_pkg']
[0.162s] Level 1:colcon.colcon_core.package_identification:_identify(.) by extension 'colcon_pkg'
[0.162s] Level 1:colcon.colcon_core.package_identification:_identify(.) by extensions ['colcon_meta']
[0.162s] Level 1:colcon.colcon_core.package_identification:_identify(.) by extension 'colcon_meta'
[0.162s] Level 1:colcon.colcon_core.package_identification:_identify(.) by extensions ['ros']
[0.162s] Level 1:colcon.colcon_core.package_identification:_identify(.) by extension 'ros'
[0.189s] Level 1:colcon.colcon_core.package_identification:_identify(.) by extensions ['cmake', 'python']
[0.189s] Level 1:colcon.colcon_core.package_identification:_identify(.) by extension 'cmake'
[0.189s] Level 1:colcon.colcon_core.package_identification:_identify(.) by extension 'python'
[0.189s] Level 1:colcon.colcon_core.package_identification:_identify(.) by extensions ['python_setup_py']
[0.189s] Level 1:colcon.colcon_core.package_identification:_identify(.) by extension 'python_setup_py'
[0.189s] Level 1:colcon.colcon_core.package_identification:_identify(build) by extensions ['ignore', 'ignore_ament_install']
[0.189s] Level 1:colcon.colcon_core.package_identification:_identify(build) by extension 'ignore'
[0.190s] Level 1:colcon.colcon_core.package_identification:_identify(build) ignored
[0.190s] Level 1:colcon.colcon_core.package_identification:_identify(install) by extensions ['ignore', 'ignore_ament_install']
[0.190s] Level 1:colcon.colcon_core.package_identification:_identify(install) by extension 'ignore'
[0.190s] Level 1:colcon.colcon_core.package_identification:_identify(install) ignored
[0.190s] Level 1:colcon.colcon_core.package_identification:_identify(log) by extensions ['ignore', 'ignore_ament_install']
[0.190s] Level 1:colcon.colcon_core.package_identification:_identify(log) by extension 'ignore'
[0.190s] Level 1:colcon.colcon_core.package_identification:_identify(log) ignored
[0.191s] Level 1:colcon.colcon_core.package_identification:_identify(matlab) by extensions ['ignore', 'ignore_ament_install']
[0.191s] Level 1:colcon.colcon_core.package_identification:_identify(matlab) by extension 'ignore'
[0.191s] Level 1:colcon.colcon_core.package_identification:_identify(matlab) by extension 'ignore_ament_install'
[0.191s] Level 1:colcon.colcon_core.package_identification:_identify(matlab) by extensions ['colcon_pkg']
[0.191s] Level 1:colcon.colcon_core.package_identification:_identify(matlab) by extension 'colcon_pkg'
[0.191s] Level 1:colcon.colcon_core.package_identification:_identify(matlab) by extensions ['colcon_meta']
[0.191s] Level 1:colcon.colcon_core.package_identification:_identify(matlab) by extension 'colcon_meta'
[0.191s] Level 1:colcon.colcon_core.package_identification:_identify(matlab) by extensions ['ros']
[0.191s] Level 1:colcon.colcon_core.package_identification:_identify(matlab) by extension 'ros'
[0.191s] Level 1:colcon.colcon_core.package_identification:_identify(matlab) by extensions ['cmake', 'python']
[0.191s] Level 1:colcon.colcon_core.package_identification:_identify(matlab) by extension 'cmake'
[0.191s] Level 1:colcon.colcon_core.package_identification:_identify(matlab) by extension 'python'
[0.191s] Level 1:colcon.colcon_core.package_identification:_identify(matlab) by extensions ['python_setup_py']
[0.191s] Level 1:colcon.colcon_core.package_identification:_identify(matlab) by extension 'python_setup_py'
[0.191s] Level 1:colcon.colcon_core.package_identification:_identify(src) by extensions ['ignore', 'ignore_ament_install']
[0.191s] Level 1:colcon.colcon_core.package_identification:_identify(src) by extension 'ignore'
[0.192s] Level 1:colcon.colcon_core.package_identification:_identify(src) by extension 'ignore_ament_install'
[0.192s] Level 1:colcon.colcon_core.package_identification:_identify(src) by extensions ['colcon_pkg']
[0.192s] Level 1:colcon.colcon_core.package_identification:_identify(src) by extension 'colcon_pkg'
[0.192s] Level 1:colcon.colcon_core.package_identification:_identify(src) by extensions ['colcon_meta']
[0.192s] Level 1:colcon.colcon_core.package_identification:_identify(src) by extension 'colcon_meta'
[0.192s] Level 1:colcon.colcon_core.package_identification:_identify(src) by extensions ['ros']
[0.192s] Level 1:colcon.colcon_core.package_identification:_identify(src) by extension 'ros'
[0.192s] Level 1:colcon.colcon_core.package_identification:_identify(src) by extensions ['cmake', 'python']
[0.192s] Level 1:colcon.colcon_core.package_identification:_identify(src) by extension 'cmake'
[0.192s] Level 1:colcon.colcon_core.package_identification:_identify(src) by extension 'python'
[0.192s] Level 1:colcon.colcon_core.package_identification:_identify(src) by extensions ['python_setup_py']
[0.192s] Level 1:colcon.colcon_core.package_identification:_identify(src) by extension 'python_setup_py'
[0.192s] Level 1:colcon.colcon_core.package_identification:_identify(src/center_of_mass) by extensions ['ignore', 'ignore_ament_install']
[0.192s] Level 1:colcon.colcon_core.package_identification:_identify(src/center_of_mass) by extension 'ignore'
[0.192s] Level 1:colcon.colcon_core.package_identification:_identify(src/center_of_mass) by extension 'ignore_ament_install'
[0.192s] Level 1:colcon.colcon_core.package_identification:_identify(src/center_of_mass) by extensions ['colcon_pkg']
[0.192s] Level 1:colcon.colcon_core.package_identification:_identify(src/center_of_mass) by extension 'colcon_pkg'
[0.193s] Level 1:colcon.colcon_core.package_identification:_identify(src/center_of_mass) by extensions ['colcon_meta']
[0.193s] Level 1:colcon.colcon_core.package_identification:_identify(src/center_of_mass) by extension 'colcon_meta'
[0.193s] Level 1:colcon.colcon_core.package_identification:_identify(src/center_of_mass) by extensions ['ros']
[0.193s] Level 1:colcon.colcon_core.package_identification:_identify(src/center_of_mass) by extension 'ros'
[0.195s] DEBUG:colcon.colcon_core.package_identification:Package 'src/center_of_mass' with type 'ros.ament_python' and name 'center_of_mass'
[0.195s] Level 1:colcon.colcon_core.package_identification:_identify(src/custom_interface) by extensions ['ignore', 'ignore_ament_install']
[0.195s] Level 1:colcon.colcon_core.package_identification:_identify(src/custom_interface) by extension 'ignore'
[0.195s] Level 1:colcon.colcon_core.package_identification:_identify(src/custom_interface) by extension 'ignore_ament_install'
[0.195s] Level 1:colcon.colcon_core.package_identification:_identify(src/custom_interface) by extensions ['colcon_pkg']
[0.196s] Level 1:colcon.colcon_core.package_identification:_identify(src/custom_interface) by extension 'colcon_pkg'
[0.196s] Level 1:colcon.colcon_core.package_identification:_identify(src/custom_interface) by extensions ['colcon_meta']
[0.196s] Level 1:colcon.colcon_core.package_identification:_identify(src/custom_interface) by extension 'colcon_meta'
[0.196s] Level 1:colcon.colcon_core.package_identification:_identify(src/custom_interface) by extensions ['ros']
[0.196s] Level 1:colcon.colcon_core.package_identification:_identify(src/custom_interface) by extension 'ros'
[0.196s] DEBUG:colcon.colcon_core.package_identification:Package 'src/custom_interface' with type 'ros.ament_cmake' and name 'custom_interface'
[0.196s] Level 1:colcon.colcon_core.package_identification:_identify(src/leg_controls) by extensions ['ignore', 'ignore_ament_install']
[0.197s] Level 1:colcon.colcon_core.package_identification:_identify(src/leg_controls) by extension 'ignore'
[0.197s] Level 1:colcon.colcon_core.package_identification:_identify(src/leg_controls) by extension 'ignore_ament_install'
[0.197s] Level 1:colcon.colcon_core.package_identification:_identify(src/leg_controls) by extensions ['colcon_pkg']
[0.197s] Level 1:colcon.colcon_core.package_identification:_identify(src/leg_controls) by extension 'colcon_pkg'
[0.197s] Level 1:colcon.colcon_core.package_identification:_identify(src/leg_controls) by extensions ['colcon_meta']
[0.197s] Level 1:colcon.colcon_core.package_identification:_identify(src/leg_controls) by extension 'colcon_meta'
[0.197s] Level 1:colcon.colcon_core.package_identification:_identify(src/leg_controls) by extensions ['ros']
[0.197s] Level 1:colcon.colcon_core.package_identification:_identify(src/leg_controls) by extension 'ros'
[0.197s] DEBUG:colcon.colcon_core.package_identification:Package 'src/leg_controls' with type 'ros.ament_python' and name 'leg_controls'
[0.198s] Level 1:colcon.colcon_core.package_identification:_identify(src/quadruped) by extensions ['ignore', 'ignore_ament_install']
[0.198s] Level 1:colcon.colcon_core.package_identification:_identify(src/quadruped) by extension 'ignore'
[0.198s] Level 1:colcon.colcon_core.package_identification:_identify(src/quadruped) by extension 'ignore_ament_install'
[0.198s] Level 1:colcon.colcon_core.package_identification:_identify(src/quadruped) by extensions ['colcon_pkg']
[0.198s] Level 1:colcon.colcon_core.package_identification:_identify(src/quadruped) by extension 'colcon_pkg'
[0.198s] Level 1:colcon.colcon_core.package_identification:_identify(src/quadruped) by extensions ['colcon_meta']
[0.198s] Level 1:colcon.colcon_core.package_identification:_identify(src/quadruped) by extension 'colcon_meta'
[0.198s] Level 1:colcon.colcon_core.package_identification:_identify(src/quadruped) by extensions ['ros']
[0.198s] Level 1:colcon.colcon_core.package_identification:_identify(src/quadruped) by extension 'ros'
[0.198s] DEBUG:colcon.colcon_core.package_identification:Package 'src/quadruped' with type 'ros.ament_python' and name 'quadruped'
[0.199s] Level 1:colcon.colcon_core.package_identification:_identify(src/robot_description) by extensions ['ignore', 'ignore_ament_install']
[0.199s] Level 1:colcon.colcon_core.package_identification:_identify(src/robot_description) by extension 'ignore'
[0.199s] Level 1:colcon.colcon_core.package_identification:_identify(src/robot_description) by extension 'ignore_ament_install'
[0.199s] Level 1:colcon.colcon_core.package_identification:_identify(src/robot_description) by extensions ['colcon_pkg']
[0.199s] Level 1:colcon.colcon_core.package_identification:_identify(src/robot_description) by extension 'colcon_pkg'
[0.199s] Level 1:colcon.colcon_core.package_identification:_identify(src/robot_description) by extensions ['colcon_meta']
[0.199s] Level 1:colcon.colcon_core.package_identification:_identify(src/robot_description) by extension 'colcon_meta'
[0.199s] Level 1:colcon.colcon_core.package_identification:_identify(src/robot_description) by extensions ['ros']
[0.199s] Level 1:colcon.colcon_core.package_identification:_identify(src/robot_description) by extension 'ros'
[0.200s] DEBUG:colcon.colcon_core.package_identification:Package 'src/robot_description' with type 'ros.ament_python' and name 'robot_description'
[0.200s] Level 1:colcon.colcon_core.package_identification:_identify(src/robot_sim) by extensions ['ignore', 'ignore_ament_install']
[0.200s] Level 1:colcon.colcon_core.package_identification:_identify(src/robot_sim) by extension 'ignore'
[0.200s] Level 1:colcon.colcon_core.package_identification:_identify(src/robot_sim) by extension 'ignore_ament_install'
[0.200s] Level 1:colcon.colcon_core.package_identification:_identify(src/robot_sim) by extensions ['colcon_pkg']
[0.200s] Level 1:colcon.colcon_core.package_identification:_identify(src/robot_sim) by extension 'colcon_pkg'
[0.200s] Level 1:colcon.colcon_core.package_identification:_identify(src/robot_sim) by extensions ['colcon_meta']
[0.200s] Level 1:colcon.colcon_core.package_identification:_identify(src/robot_sim) by extension 'colcon_meta'
[0.200s] Level 1:colcon.colcon_core.package_identification:_identify(src/robot_sim) by extensions ['ros']
[0.200s] Level 1:colcon.colcon_core.package_identification:_identify(src/robot_sim) by extension 'ros'
[0.200s] DEBUG:colcon.colcon_core.package_identification:Package 'src/robot_sim' with type 'ros.ament_python' and name 'robot_sim'
[0.200s] Level 1:colcon.colcon_core.package_identification:_identify(src/sensors) by extensions ['ignore', 'ignore_ament_install']
[0.201s] Level 1:colcon.colcon_core.package_identification:_identify(src/sensors) by extension 'ignore'
[0.201s] Level 1:colcon.colcon_core.package_identification:_identify(src/sensors) by extension 'ignore_ament_install'
[0.201s] Level 1:colcon.colcon_core.package_identification:_identify(src/sensors) by extensions ['colcon_pkg']
[0.201s] Level 1:colcon.colcon_core.package_identification:_identify(src/sensors) by extension 'colcon_pkg'
[0.201s] Level 1:colcon.colcon_core.package_identification:_identify(src/sensors) by extensions ['colcon_meta']
[0.201s] Level 1:colcon.colcon_core.package_identification:_identify(src/sensors) by extension 'colcon_meta'
[0.201s] Level 1:colcon.colcon_core.package_identification:_identify(src/sensors) by extensions ['ros']
[0.201s] Level 1:colcon.colcon_core.package_identification:_identify(src/sensors) by extension 'ros'
[0.201s] DEBUG:colcon.colcon_core.package_identification:Package 'src/sensors' with type 'ros.ament_python' and name 'sensors'
[0.201s] Level 1:colcon.colcon_core.package_discovery:discover_packages(recursive) using defaults
[0.201s] Level 1:colcon.colcon_core.package_discovery:discover_packages(ignore) discover
[0.201s] Level 1:colcon.colcon_core.package_discovery:discover_packages(ignore) using defaults
[0.201s] Level 1:colcon.colcon_core.package_discovery:discover_packages(path) discover
[0.201s] Level 1:colcon.colcon_core.package_discovery:discover_packages(path) using defaults
[0.222s] Level 1:colcon.colcon_core.package_discovery:discover_packages(prefix_path) check parameters
[0.222s] Level 1:colcon.colcon_core.package_discovery:discover_packages(prefix_path) discover
[0.225s] DEBUG:colcon.colcon_installed_package_information.package_discovery:Found 8 installed packages in /home/scott-pena/GitHub/RBE550-Quadruped/install
[0.227s] DEBUG:colcon.colcon_installed_package_information.package_discovery:Found 479 installed packages in /opt/ros/jazzy
[0.228s] Level 1:colcon.colcon_core.package_discovery:discover_packages(prefix_path) using defaults
[0.303s] Level 5:colcon.colcon_core.verb:set package 'center_of_mass' build argument 'cmake_args' from command line to 'None'
[0.303s] Level 5:colcon.colcon_core.verb:set package 'center_of_mass' build argument 'cmake_target' from command line to 'None'
[0.303s] Level 5:colcon.colcon_core.verb:set package 'center_of_mass' build argument 'cmake_target_skip_unavailable' from command line to 'False'
[0.303s] Level 5:colcon.colcon_core.verb:set package 'center_of_mass' build argument 'cmake_clean_cache' from command line to 'False'
[0.303s] Level 5:colcon.colcon_core.verb:set package 'center_of_mass' build argument 'cmake_clean_first' from command line to 'False'
[0.303s] Level 5:colcon.colcon_core.verb:set package 'center_of_mass' build argument 'cmake_force_configure' from command line to 'False'
[0.303s] Level 5:colcon.colcon_core.verb:set package 'center_of_mass' build argument 'ament_cmake_args' from command line to 'None'
[0.303s] Level 5:colcon.colcon_core.verb:set package 'center_of_mass' build argument 'catkin_cmake_args' from command line to 'None'
[0.303s] Level 5:colcon.colcon_core.verb:set package 'center_of_mass' build argument 'catkin_skip_building_tests' from command line to 'False'
[0.303s] DEBUG:colcon.colcon_core.verb:Building package 'center_of_mass' with the following arguments: {'ament_cmake_args': None, 'build_base': '/home/scott-pena/GitHub/RBE550-Quadruped/build/center_of_mass', 'catkin_cmake_args': None, 'catkin_skip_building_tests': False, 'cmake_args': None, 'cmake_clean_cache': False, 'cmake_clean_first': False, 'cmake_force_configure': False, 'cmake_target': None, 'cmake_target_skip_unavailable': False, 'install_base': '/home/scott-pena/GitHub/RBE550-Quadruped/install/center_of_mass', 'merge_install': False, 'path': '/home/scott-pena/GitHub/RBE550-Quadruped/src/center_of_mass', 'symlink_install': False, 'test_result_base': None}
[0.304s] Level 5:colcon.colcon_core.verb:set package 'custom_interface' build argument 'cmake_args' from command line to 'None'
[0.304s] Level 5:colcon.colcon_core.verb:set package 'custom_interface' build argument 'cmake_target' from command line to 'None'
[0.304s] Level 5:colcon.colcon_core.verb:set package 'custom_interface' build argument 'cmake_target_skip_unavailable' from command line to 'False'
[0.304s] Level 5:colcon.colcon_core.verb:set package 'custom_interface' build argument 'cmake_clean_cache' from command line to 'False'
[0.304s] Level 5:colcon.colcon_core.verb:set package 'custom_interface' build argument 'cmake_clean_first' from command line to 'False'
[0.304s] Level 5:colcon.colcon_core.verb:set package 'custom_interface' build argument 'cmake_force_configure' from command line to 'False'
[0.304s] Level 5:colcon.colcon_core.verb:set package 'custom_interface' build argument 'ament_cmake_args' from command line to 'None'
[0.304s] Level 5:colcon.colcon_core.verb:set package 'custom_interface' build argument 'catkin_cmake_args' from command line to 'None'
[0.304s] Level 5:colcon.colcon_core.verb:set package 'custom_interface' build argument 'catkin_skip_building_tests' from command line to 'False'
[0.304s] DEBUG:colcon.colcon_core.verb:Building package 'custom_interface' with the following arguments: {'ament_cmake_args': None, 'build_base': '/home/scott-pena/GitHub/RBE550-Quadruped/build/custom_interface', 'catkin_cmake_args': None, 'catkin_skip_building_tests': False, 'cmake_args': None, 'cmake_clean_cache': False, 'cmake_clean_first': False, 'cmake_force_configure': False, 'cmake_target': None, 'cmake_target_skip_unavailable': False, 'install_base': '/home/scott-pena/GitHub/RBE550-Quadruped/install/custom_interface', 'merge_install': False, 'path': '/home/scott-pena/GitHub/RBE550-Quadruped/src/custom_interface', 'symlink_install': False, 'test_result_base': None}
[0.304s] Level 5:colcon.colcon_core.verb:set package 'quadruped' build argument 'cmake_args' from command line to 'None'
[0.304s] Level 5:colcon.colcon_core.verb:set package 'quadruped' build argument 'cmake_target' from command line to 'None'
[0.304s] Level 5:colcon.colcon_core.verb:set package 'quadruped' build argument 'cmake_target_skip_unavailable' from command line to 'False'
[0.304s] Level 5:colcon.colcon_core.verb:set package 'quadruped' build argument 'cmake_clean_cache' from command line to 'False'
[0.304s] Level 5:colcon.colcon_core.verb:set package 'quadruped' build argument 'cmake_clean_first' from command line to 'False'
[0.304s] Level 5:colcon.colcon_core.verb:set package 'quadruped' build argument 'cmake_force_configure' from command line to 'False'
[0.304s] Level 5:colcon.colcon_core.verb:set package 'quadruped' build argument 'ament_cmake_args' from command line to 'None'
[0.304s] Level 5:colcon.colcon_core.verb:set package 'quadruped' build argument 'catkin_cmake_args' from command line to 'None'
[0.304s] Level 5:colcon.colcon_core.verb:set package 'quadruped' build argument 'catkin_skip_building_tests' from command line to 'False'
[0.304s] DEBUG:colcon.colcon_core.verb:Building package 'quadruped' with the following arguments: {'ament_cmake_args': None, 'build_base': '/home/scott-pena/GitHub/RBE550-Quadruped/build/quadruped', 'catkin_cmake_args': None, 'catkin_skip_building_tests': False, 'cmake_args': None, 'cmake_clean_cache': False, 'cmake_clean_first': False, 'cmake_force_configure': False, 'cmake_target': None, 'cmake_target_skip_unavailable': False, 'install_base': '/home/scott-pena/GitHub/RBE550-Quadruped/install/quadruped', 'merge_install': False, 'path': '/home/scott-pena/GitHub/RBE550-Quadruped/src/quadruped', 'symlink_install': False, 'test_result_base': None}
[0.304s] Level 5:colcon.colcon_core.verb:set package 'robot_description' build argument 'cmake_args' from command line to 'None'
[0.305s] Level 5:colcon.colcon_core.verb:set package 'robot_description' build argument 'cmake_target' from command line to 'None'
[0.305s] Level 5:colcon.colcon_core.verb:set package 'robot_description' build argument 'cmake_target_skip_unavailable' from command line to 'False'
[0.305s] Level 5:colcon.colcon_core.verb:set package 'robot_description' build argument 'cmake_clean_cache' from command line to 'False'
[0.305s] Level 5:colcon.colcon_core.verb:set package 'robot_description' build argument 'cmake_clean_first' from command line to 'False'
[0.305s] Level 5:colcon.colcon_core.verb:set package 'robot_description' build argument 'cmake_force_configure' from command line to 'False'
[0.305s] Level 5:colcon.colcon_core.verb:set package 'robot_description' build argument 'ament_cmake_args' from command line to 'None'
[0.305s] Level 5:colcon.colcon_core.verb:set package 'robot_description' build argument 'catkin_cmake_args' from command line to 'None'
[0.305s] Level 5:colcon.colcon_core.verb:set package 'robot_description' build argument 'catkin_skip_building_tests' from command line to 'False'
[0.305s] DEBUG:colcon.colcon_core.verb:Building package 'robot_description' with the following arguments: {'ament_cmake_args': None, 'build_base': '/home/scott-pena/GitHub/RBE550-Quadruped/build/robot_description', 'catkin_cmake_args': None, 'catkin_skip_building_tests': False, 'cmake_args': None, 'cmake_clean_cache': False, 'cmake_clean_first': False, 'cmake_force_configure': False, 'cmake_target': None, 'cmake_target_skip_unavailable': False, 'install_base': '/home/scott-pena/GitHub/RBE550-Quadruped/install/robot_description', 'merge_install': False, 'path': '/home/scott-pena/GitHub/RBE550-Quadruped/src/robot_description', 'symlink_install': False, 'test_result_base': None}
[0.305s] Level 5:colcon.colcon_core.verb:set package 'robot_sim' build argument 'cmake_args' from command line to 'None'
[0.305s] Level 5:colcon.colcon_core.verb:set package 'robot_sim' build argument 'cmake_target' from command line to 'None'
[0.305s] Level 5:colcon.colcon_core.verb:set package 'robot_sim' build argument 'cmake_target_skip_unavailable' from command line to 'False'
[0.305s] Level 5:colcon.colcon_core.verb:set package 'robot_sim' build argument 'cmake_clean_cache' from command line to 'False'
[0.305s] Level 5:colcon.colcon_core.verb:set package 'robot_sim' build argument 'cmake_clean_first' from command line to 'False'
[0.305s] Level 5:colcon.colcon_core.verb:set package 'robot_sim' build argument 'cmake_force_configure' from command line to 'False'
[0.305s] Level 5:colcon.colcon_core.verb:set package 'robot_sim' build argument 'ament_cmake_args' from command line to 'None'
[0.305s] Level 5:colcon.colcon_core.verb:set package 'robot_sim' build argument 'catkin_cmake_args' from command line to 'None'
[0.305s] Level 5:colcon.colcon_core.verb:set package 'robot_sim' build argument 'catkin_skip_building_tests' from command line to 'False'
[0.305s] DEBUG:colcon.colcon_core.verb:Building package 'robot_sim' with the following arguments: {'ament_cmake_args': None, 'build_base': '/home/scott-pena/GitHub/RBE550-Quadruped/build/robot_sim', 'catkin_cmake_args': None, 'catkin_skip_building_tests': False, 'cmake_args': None, 'cmake_clean_cache': False, 'cmake_clean_first': False, 'cmake_force_configure': False, 'cmake_target': None, 'cmake_target_skip_unavailable': False, 'install_base': '/home/scott-pena/GitHub/RBE550-Quadruped/install/robot_sim', 'merge_install': False, 'path': '/home/scott-pena/GitHub/RBE550-Quadruped/src/robot_sim', 'symlink_install': False, 'test_result_base': None}
[0.305s] Level 5:colcon.colcon_core.verb:set package 'leg_controls' build argument 'cmake_args' from command line to 'None'
[0.305s] Level 5:colcon.colcon_core.verb:set package 'leg_controls' build argument 'cmake_target' from command line to 'None'
[0.305s] Level 5:colcon.colcon_core.verb:set package 'leg_controls' build argument 'cmake_target_skip_unavailable' from command line to 'False'
[0.305s] Level 5:colcon.colcon_core.verb:set package 'leg_controls' build argument 'cmake_clean_cache' from command line to 'False'
[0.305s] Level 5:colcon.colcon_core.verb:set package 'leg_controls' build argument 'cmake_clean_first' from command line to 'False'
[0.305s] Level 5:colcon.colcon_core.verb:set package 'leg_controls' build argument 'cmake_force_configure' from command line to 'False'
[0.306s] Level 5:colcon.colcon_core.verb:set package 'leg_controls' build argument 'ament_cmake_args' from command line to 'None'
[0.306s] Level 5:colcon.colcon_core.verb:set package 'leg_controls' build argument 'catkin_cmake_args' from command line to 'None'
[0.306s] Level 5:colcon.colcon_core.verb:set package 'leg_controls' build argument 'catkin_skip_building_tests' from command line to 'False'
[0.306s] DEBUG:colcon.colcon_core.verb:Building package 'leg_controls' with the following arguments: {'ament_cmake_args': None, 'build_base': '/home/scott-pena/GitHub/RBE550-Quadruped/build/leg_controls', 'catkin_cmake_args': None, 'catkin_skip_building_tests': False, 'cmake_args': None, 'cmake_clean_cache': False, 'cmake_clean_first': False, 'cmake_force_configure': False, 'cmake_target': None, 'cmake_target_skip_unavailable': False, 'install_base': '/home/scott-pena/GitHub/RBE550-Quadruped/install/leg_controls', 'merge_install': False, 'path': '/home/scott-pena/GitHub/RBE550-Quadruped/src/leg_controls', 'symlink_install': False, 'test_result_base': None}
[0.306s] Level 5:colcon.colcon_core.verb:set package 'sensors' build argument 'cmake_args' from command line to 'None'
[0.306s] Level 5:colcon.colcon_core.verb:set package 'sensors' build argument 'cmake_target' from command line to 'None'
[0.306s] Level 5:colcon.colcon_core.verb:set package 'sensors' build argument 'cmake_target_skip_unavailable' from command line to 'False'
[0.306s] Level 5:colcon.colcon_core.verb:set package 'sensors' build argument 'cmake_clean_cache' from command line to 'False'
[0.306s] Level 5:colcon.colcon_core.verb:set package 'sensors' build argument 'cmake_clean_first' from command line to 'False'
[0.306s] Level 5:colcon.colcon_core.verb:set package 'sensors' build argument 'cmake_force_configure' from command line to 'False'
[0.306s] Level 5:colcon.colcon_core.verb:set package 'sensors' build argument 'ament_cmake_args' from command line to 'None'
[0.306s] Level 5:colcon.colcon_core.verb:set package 'sensors' build argument 'catkin_cmake_args' from command line to 'None'
[0.306s] Level 5:colcon.colcon_core.verb:set package 'sensors' build argument 'catkin_skip_building_tests' from command line to 'False'
[0.306s] DEBUG:colcon.colcon_core.verb:Building package 'sensors' with the following arguments: {'ament_cmake_args': None, 'build_base': '/home/scott-pena/GitHub/RBE550-Quadruped/build/sensors', 'catkin_cmake_args': None, 'catkin_skip_building_tests': False, 'cmake_args': None, 'cmake_clean_cache': False, 'cmake_clean_first': False, 'cmake_force_configure': False, 'cmake_target': None, 'cmake_target_skip_unavailable': False, 'install_base': '/home/scott-pena/GitHub/RBE550-Quadruped/install/sensors', 'merge_install': False, 'path': '/home/scott-pena/GitHub/RBE550-Quadruped/src/sensors', 'symlink_install': False, 'test_result_base': None}
[0.306s] INFO:colcon.colcon_core.executor:Executing jobs using 'parallel' executor
[0.307s] DEBUG:colcon.colcon_parallel_executor.executor.parallel:run_until_complete
[0.307s] INFO:colcon.colcon_ros.task.ament_cmake.build:Building ROS package in '/home/scott-pena/GitHub/RBE550-Quadruped/src/custom_interface' with build type 'ament_cmake'
[0.307s] INFO:colcon.colcon_cmake.task.cmake.build:Building CMake package in '/home/scott-pena/GitHub/RBE550-Quadruped/src/custom_interface'
[0.309s] INFO:colcon.colcon_core.plugin_system:Skipping extension 'colcon_core.shell.bat': Not used on non-Windows systems
[0.309s] INFO:colcon.colcon_core.shell:Skip shell extension 'powershell' for command environment: Not usable outside of PowerShell
[0.309s] DEBUG:colcon.colcon_core.shell:Skip shell extension 'dsv' for command environment
[0.314s] INFO:colcon.colcon_ros.task.ament_python.build:Building ROS package in '/home/scott-pena/GitHub/RBE550-Quadruped/src/center_of_mass' with build type 'ament_python'
[0.314s] Level 1:colcon.colcon_core.shell:create_environment_hook('center_of_mass', 'ament_prefix_path')
[0.314s] INFO:colcon.colcon_core.shell:Creating environment hook '/home/scott-pena/GitHub/RBE550-Quadruped/install/center_of_mass/share/center_of_mass/hook/ament_prefix_path.ps1'
[0.315s] INFO:colcon.colcon_core.shell:Creating environment descriptor '/home/scott-pena/GitHub/RBE550-Quadruped/install/center_of_mass/share/center_of_mass/hook/ament_prefix_path.dsv'
[0.315s] INFO:colcon.colcon_core.shell:Creating environment hook '/home/scott-pena/GitHub/RBE550-Quadruped/install/center_of_mass/share/center_of_mass/hook/ament_prefix_path.sh'
[0.316s] INFO:colcon.colcon_core.shell:Skip shell extension 'powershell' for command environment: Not usable outside of PowerShell
[0.316s] DEBUG:colcon.colcon_core.shell:Skip shell extension 'dsv' for command environment
[0.387s] INFO:colcon.colcon_ros.task.ament_python.build:Building ROS package in '/home/scott-pena/GitHub/RBE550-Quadruped/src/quadruped' with build type 'ament_python'
[0.387s] Level 1:colcon.colcon_core.shell:create_environment_hook('quadruped', 'ament_prefix_path')
[0.387s] INFO:colcon.colcon_core.shell:Creating environment hook '/home/scott-pena/GitHub/RBE550-Quadruped/install/quadruped/share/quadruped/hook/ament_prefix_path.ps1'
[0.388s] INFO:colcon.colcon_core.shell:Creating environment descriptor '/home/scott-pena/GitHub/RBE550-Quadruped/install/quadruped/share/quadruped/hook/ament_prefix_path.dsv'
[0.388s] INFO:colcon.colcon_core.shell:Creating environment hook '/home/scott-pena/GitHub/RBE550-Quadruped/install/quadruped/share/quadruped/hook/ament_prefix_path.sh'
[0.389s] INFO:colcon.colcon_core.shell:Skip shell extension 'powershell' for command environment: Not usable outside of PowerShell
[0.389s] DEBUG:colcon.colcon_core.shell:Skip shell extension 'dsv' for command environment
[0.392s] INFO:colcon.colcon_ros.task.ament_python.build:Building ROS package in '/home/scott-pena/GitHub/RBE550-Quadruped/src/robot_description' with build type 'ament_python'
[0.392s] Level 1:colcon.colcon_core.shell:create_environment_hook('robot_description', 'ament_prefix_path')
[0.392s] INFO:colcon.colcon_core.shell:Creating environment hook '/home/scott-pena/GitHub/RBE550-Quadruped/install/robot_description/share/robot_description/hook/ament_prefix_path.ps1'
[0.398s] INFO:colcon.colcon_core.shell:Creating environment descriptor '/home/scott-pena/GitHub/RBE550-Quadruped/install/robot_description/share/robot_description/hook/ament_prefix_path.dsv'
[0.398s] INFO:colcon.colcon_core.shell:Creating environment hook '/home/scott-pena/GitHub/RBE550-Quadruped/install/robot_description/share/robot_description/hook/ament_prefix_path.sh'
[0.399s] INFO:colcon.colcon_core.shell:Skip shell extension 'powershell' for command environment: Not usable outside of PowerShell
[0.399s] DEBUG:colcon.colcon_core.shell:Skip shell extension 'dsv' for command environment
[0.403s] INFO:colcon.colcon_ros.task.ament_python.build:Building ROS package in '/home/scott-pena/GitHub/RBE550-Quadruped/src/robot_sim' with build type 'ament_python'
[0.403s] Level 1:colcon.colcon_core.shell:create_environment_hook('robot_sim', 'ament_prefix_path')
[0.403s] INFO:colcon.colcon_core.shell:Creating environment hook '/home/scott-pena/GitHub/RBE550-Quadruped/install/robot_sim/share/robot_sim/hook/ament_prefix_path.ps1'
[0.404s] INFO:colcon.colcon_core.shell:Creating environment descriptor '/home/scott-pena/GitHub/RBE550-Quadruped/install/robot_sim/share/robot_sim/hook/ament_prefix_path.dsv'
[0.404s] INFO:colcon.colcon_core.shell:Creating environment hook '/home/scott-pena/GitHub/RBE550-Quadruped/install/robot_sim/share/robot_sim/hook/ament_prefix_path.sh'
[0.405s] INFO:colcon.colcon_core.shell:Skip shell extension 'powershell' for command environment: Not usable outside of PowerShell
[0.405s] DEBUG:colcon.colcon_core.shell:Skip shell extension 'dsv' for command environment
[0.413s] DEBUG:colcon.colcon_core.event_handler.log_command:Invoking command in '/home/scott-pena/GitHub/RBE550-Quadruped/build/custom_interface': CMAKE_PREFIX_PATH=${CMAKE_PREFIX_PATH}:/home/scott-pena/GitHub/RBE550-Quadruped/install/sensors:/home/scott-pena/GitHub/RBE550-Quadruped/install/robot_sim:/home/scott-pena/GitHub/RBE550-Quadruped/install/robot_description:/home/scott-pena/GitHub/RBE550-Quadruped/install/quadruped:/home/scott-pena/GitHub/RBE550-Quadruped/install/py_pubsub:/home/scott-pena/GitHub/RBE550-Quadruped/install/leg_controls:/home/scott-pena/GitHub/RBE550-Quadruped/install/center_of_mass:/opt/ros/jazzy DEBUGINFOD_URLS=https://debuginfod.ubuntu.com PS1=(.venv) \[\e]0;\u@\h: \w\a\]${debian_chroot:+($debian_chroot)}\[\033[01;32m\]\u@\h\[\033[00m\]:\[\033[01;34m\]\w\[\033[00m\]\$ VIRTUAL_ENV_PROMPT=(.venv) /usr/bin/cmake --build /home/scott-pena/GitHub/RBE550-Quadruped/build/custom_interface -- -j24 -l24
[0.698s] INFO:colcon.colcon_core.task.python.build:Building Python package in '/home/scott-pena/GitHub/RBE550-Quadruped/src/center_of_mass'
[0.698s] INFO:colcon.colcon_core.shell:Skip shell extension 'powershell' for command environment: Not usable outside of PowerShell
[0.698s] DEBUG:colcon.colcon_core.shell:Skip shell extension 'dsv' for command environment
[0.973s] INFO:colcon.colcon_core.task.python.build:Building Python package in '/home/scott-pena/GitHub/RBE550-Quadruped/src/quadruped'
[0.973s] INFO:colcon.colcon_core.shell:Skip shell extension 'powershell' for command environment: Not usable outside of PowerShell
[0.973s] DEBUG:colcon.colcon_core.shell:Skip shell extension 'dsv' for command environment
[1.244s] INFO:colcon.colcon_core.task.python.build:Building Python package in '/home/scott-pena/GitHub/RBE550-Quadruped/src/robot_description'
[1.245s] INFO:colcon.colcon_core.shell:Skip shell extension 'powershell' for command environment: Not usable outside of PowerShell
[1.245s] DEBUG:colcon.colcon_core.shell:Skip shell extension 'dsv' for command environment
[1.256s] DEBUG:colcon.colcon_core.event_handler.log_command:Invoked command in '/home/scott-pena/GitHub/RBE550-Quadruped/build/custom_interface' returned '0': CMAKE_PREFIX_PATH=${CMAKE_PREFIX_PATH}:/home/scott-pena/GitHub/RBE550-Quadruped/install/sensors:/home/scott-pena/GitHub/RBE550-Quadruped/install/robot_sim:/home/scott-pena/GitHub/RBE550-Quadruped/install/robot_description:/home/scott-pena/GitHub/RBE550-Quadruped/install/quadruped:/home/scott-pena/GitHub/RBE550-Quadruped/install/py_pubsub:/home/scott-pena/GitHub/RBE550-Quadruped/install/leg_controls:/home/scott-pena/GitHub/RBE550-Quadruped/install/center_of_mass:/opt/ros/jazzy DEBUGINFOD_URLS=https://debuginfod.ubuntu.com PS1=(.venv) \[\e]0;\u@\h: \w\a\]${debian_chroot:+($debian_chroot)}\[\033[01;32m\]\u@\h\[\033[00m\]:\[\033[01;34m\]\w\[\033[00m\]\$ VIRTUAL_ENV_PROMPT=(.venv) /usr/bin/cmake --build /home/scott-pena/GitHub/RBE550-Quadruped/build/custom_interface -- -j24 -l24
[1.519s] INFO:colcon.colcon_core.task.python.build:Building Python package in '/home/scott-pena/GitHub/RBE550-Quadruped/src/robot_sim'
[1.519s] INFO:colcon.colcon_core.shell:Skip shell extension 'powershell' for command environment: Not usable outside of PowerShell
[1.519s] DEBUG:colcon.colcon_core.shell:Skip shell extension 'dsv' for command environment
[1.546s] DEBUG:colcon.colcon_core.event_handler.log_command:Invoking command in '/home/scott-pena/GitHub/RBE550-Quadruped/build/custom_interface': CMAKE_PREFIX_PATH=${CMAKE_PREFIX_PATH}:/home/scott-pena/GitHub/RBE550-Quadruped/install/sensors:/home/scott-pena/GitHub/RBE550-Quadruped/install/robot_sim:/home/scott-pena/GitHub/RBE550-Quadruped/install/robot_description:/home/scott-pena/GitHub/RBE550-Quadruped/install/quadruped:/home/scott-pena/GitHub/RBE550-Quadruped/install/py_pubsub:/home/scott-pena/GitHub/RBE550-Quadruped/install/leg_controls:/home/scott-pena/GitHub/RBE550-Quadruped/install/center_of_mass:/opt/ros/jazzy DEBUGINFOD_URLS=https://debuginfod.ubuntu.com PS1=(.venv) \[\e]0;\u@\h: \w\a\]${debian_chroot:+($debian_chroot)}\[\033[01;32m\]\u@\h\[\033[00m\]:\[\033[01;34m\]\w\[\033[00m\]\$ VIRTUAL_ENV_PROMPT=(.venv) /usr/bin/cmake --install /home/scott-pena/GitHub/RBE550-Quadruped/build/custom_interface
[1.621s] Level 1:colcon.colcon_core.environment:create_environment_scripts_only(custom_interface)
[1.622s] DEBUG:colcon.colcon_core.event_handler.log_command:Invoked command in '/home/scott-pena/GitHub/RBE550-Quadruped/build/custom_interface' returned '0': CMAKE_PREFIX_PATH=${CMAKE_PREFIX_PATH}:/home/scott-pena/GitHub/RBE550-Quadruped/install/sensors:/home/scott-pena/GitHub/RBE550-Quadruped/install/robot_sim:/home/scott-pena/GitHub/RBE550-Quadruped/install/robot_description:/home/scott-pena/GitHub/RBE550-Quadruped/install/quadruped:/home/scott-pena/GitHub/RBE550-Quadruped/install/py_pubsub:/home/scott-pena/GitHub/RBE550-Quadruped/install/leg_controls:/home/scott-pena/GitHub/RBE550-Quadruped/install/center_of_mass:/opt/ros/jazzy DEBUGINFOD_URLS=https://debuginfod.ubuntu.com PS1=(.venv) \[\e]0;\u@\h: \w\a\]${debian_chroot:+($debian_chroot)}\[\033[01;32m\]\u@\h\[\033[00m\]:\[\033[01;34m\]\w\[\033[00m\]\$ VIRTUAL_ENV_PROMPT=(.venv) /usr/bin/cmake --install /home/scott-pena/GitHub/RBE550-Quadruped/build/custom_interface
[1.625s] Level 1:colcon.colcon_core.environment:checking '/home/scott-pena/GitHub/RBE550-Quadruped/install/custom_interface' for CMake module files
[1.626s] Level 1:colcon.colcon_core.environment:checking '/home/scott-pena/GitHub/RBE550-Quadruped/install/custom_interface' for CMake config files
[1.626s] Level 1:colcon.colcon_core.shell:create_environment_hook('custom_interface', 'cmake_prefix_path')
[1.627s] INFO:colcon.colcon_core.shell:Creating environment hook '/home/scott-pena/GitHub/RBE550-Quadruped/install/custom_interface/share/custom_interface/hook/cmake_prefix_path.ps1'
[1.627s] INFO:colcon.colcon_core.shell:Creating environment descriptor '/home/scott-pena/GitHub/RBE550-Quadruped/install/custom_interface/share/custom_interface/hook/cmake_prefix_path.dsv'
[1.628s] INFO:colcon.colcon_core.shell:Creating environment hook '/home/scott-pena/GitHub/RBE550-Quadruped/install/custom_interface/share/custom_interface/hook/cmake_prefix_path.sh'
[1.629s] Level 1:colcon.colcon_core.environment:checking '/home/scott-pena/GitHub/RBE550-Quadruped/install/custom_interface/lib'
[1.629s] Level 1:colcon.colcon_core.shell:create_environment_hook('custom_interface', 'ld_library_path_lib')
[1.629s] INFO:colcon.colcon_core.shell:Creating environment hook '/home/scott-pena/GitHub/RBE550-Quadruped/install/custom_interface/share/custom_interface/hook/ld_library_path_lib.ps1'
[1.630s] INFO:colcon.colcon_core.shell:Creating environment descriptor '/home/scott-pena/GitHub/RBE550-Quadruped/install/custom_interface/share/custom_interface/hook/ld_library_path_lib.dsv'
[1.630s] INFO:colcon.colcon_core.shell:Creating environment hook '/home/scott-pena/GitHub/RBE550-Quadruped/install/custom_interface/share/custom_interface/hook/ld_library_path_lib.sh'
[1.631s] Level 1:colcon.colcon_core.environment:checking '/home/scott-pena/GitHub/RBE550-Quadruped/install/custom_interface/bin'
[1.631s] Level 1:colcon.colcon_core.environment:checking '/home/scott-pena/GitHub/RBE550-Quadruped/install/custom_interface/lib/pkgconfig/custom_interface.pc'
[1.631s] Level 1:colcon.colcon_core.environment:checking '/home/scott-pena/GitHub/RBE550-Quadruped/install/custom_interface/lib/python3.12/site-packages'
[1.631s] Level 1:colcon.colcon_core.shell:create_environment_hook('custom_interface', 'pythonpath')
[1.631s] INFO:colcon.colcon_core.shell:Creating environment hook '/home/scott-pena/GitHub/RBE550-Quadruped/install/custom_interface/share/custom_interface/hook/pythonpath.ps1'
[1.632s] INFO:colcon.colcon_core.shell:Creating environment descriptor '/home/scott-pena/GitHub/RBE550-Quadruped/install/custom_interface/share/custom_interface/hook/pythonpath.dsv'
[1.632s] INFO:colcon.colcon_core.shell:Creating environment hook '/home/scott-pena/GitHub/RBE550-Quadruped/install/custom_interface/share/custom_interface/hook/pythonpath.sh'
[1.633s] Level 1:colcon.colcon_core.environment:checking '/home/scott-pena/GitHub/RBE550-Quadruped/install/custom_interface/bin'
[1.633s] INFO:colcon.colcon_core.shell:Creating package script '/home/scott-pena/GitHub/RBE550-Quadruped/install/custom_interface/share/custom_interface/package.ps1'
[1.634s] INFO:colcon.colcon_core.shell:Creating package descriptor '/home/scott-pena/GitHub/RBE550-Quadruped/install/custom_interface/share/custom_interface/package.dsv'
[1.635s] INFO:colcon.colcon_core.shell:Creating package script '/home/scott-pena/GitHub/RBE550-Quadruped/install/custom_interface/share/custom_interface/package.sh'
[1.636s] INFO:colcon.colcon_core.shell:Creating package script '/home/scott-pena/GitHub/RBE550-Quadruped/install/custom_interface/share/custom_interface/package.bash'
[1.637s] INFO:colcon.colcon_core.shell:Creating package script '/home/scott-pena/GitHub/RBE550-Quadruped/install/custom_interface/share/custom_interface/package.zsh'
[1.637s] Level 1:colcon.colcon_core.environment:create_file_with_runtime_dependencies(/home/scott-pena/GitHub/RBE550-Quadruped/install/custom_interface/share/colcon-core/packages/custom_interface)
[1.743s] Level 1:colcon.colcon_core.environment:create_environment_scripts_only(custom_interface)
[1.743s] Level 1:colcon.colcon_core.environment:checking '/home/scott-pena/GitHub/RBE550-Quadruped/install/custom_interface' for CMake module files
[1.744s] Level 1:colcon.colcon_core.environment:checking '/home/scott-pena/GitHub/RBE550-Quadruped/install/custom_interface' for CMake config files
[1.745s] Level 1:colcon.colcon_core.shell:create_environment_hook('custom_interface', 'cmake_prefix_path')
[1.745s] INFO:colcon.colcon_core.shell:Creating environment hook '/home/scott-pena/GitHub/RBE550-Quadruped/install/custom_interface/share/custom_interface/hook/cmake_prefix_path.ps1'
[1.746s] INFO:colcon.colcon_core.shell:Creating environment descriptor '/home/scott-pena/GitHub/RBE550-Quadruped/install/custom_interface/share/custom_interface/hook/cmake_prefix_path.dsv'
[1.746s] INFO:colcon.colcon_core.shell:Creating environment hook '/home/scott-pena/GitHub/RBE550-Quadruped/install/custom_interface/share/custom_interface/hook/cmake_prefix_path.sh'
[1.747s] Level 1:colcon.colcon_core.environment:checking '/home/scott-pena/GitHub/RBE550-Quadruped/install/custom_interface/lib'
[1.747s] Level 1:colcon.colcon_core.shell:create_environment_hook('custom_interface', 'ld_library_path_lib')
[1.747s] INFO:colcon.colcon_core.shell:Creating environment hook '/home/scott-pena/GitHub/RBE550-Quadruped/install/custom_interface/share/custom_interface/hook/ld_library_path_lib.ps1'
[1.748s] INFO:colcon.colcon_core.shell:Creating environment descriptor '/home/scott-pena/GitHub/RBE550-Quadruped/install/custom_interface/share/custom_interface/hook/ld_library_path_lib.dsv'
[1.748s] INFO:colcon.colcon_core.shell:Creating environment hook '/home/scott-pena/GitHub/RBE550-Quadruped/install/custom_interface/share/custom_interface/hook/ld_library_path_lib.sh'
[1.749s] Level 1:colcon.colcon_core.environment:checking '/home/scott-pena/GitHub/RBE550-Quadruped/install/custom_interface/bin'
[1.749s] Level 1:colcon.colcon_core.environment:checking '/home/scott-pena/GitHub/RBE550-Quadruped/install/custom_interface/lib/pkgconfig/custom_interface.pc'
[1.749s] Level 1:colcon.colcon_core.environment:checking '/home/scott-pena/GitHub/RBE550-Quadruped/install/custom_interface/lib/python3.12/site-packages'
[1.749s] Level 1:colcon.colcon_core.shell:create_environment_hook('custom_interface', 'pythonpath')
[1.749s] INFO:colcon.colcon_core.shell:Creating environment hook '/home/scott-pena/GitHub/RBE550-Quadruped/install/custom_interface/share/custom_interface/hook/pythonpath.ps1'
[1.750s] INFO:colcon.colcon_core.shell:Creating environment descriptor '/home/scott-pena/GitHub/RBE550-Quadruped/install/custom_interface/share/custom_interface/hook/pythonpath.dsv'
[1.750s] INFO:colcon.colcon_core.shell:Creating environment hook '/home/scott-pena/GitHub/RBE550-Quadruped/install/custom_interface/share/custom_interface/hook/pythonpath.sh'
[1.751s] Level 1:colcon.colcon_core.environment:checking '/home/scott-pena/GitHub/RBE550-Quadruped/install/custom_interface/bin'
[1.751s] INFO:colcon.colcon_core.shell:Creating package script '/home/scott-pena/GitHub/RBE550-Quadruped/install/custom_interface/share/custom_interface/package.ps1'
[1.752s] INFO:colcon.colcon_core.shell:Creating package descriptor '/home/scott-pena/GitHub/RBE550-Quadruped/install/custom_interface/share/custom_interface/package.dsv'
[1.753s] INFO:colcon.colcon_core.shell:Creating package script '/home/scott-pena/GitHub/RBE550-Quadruped/install/custom_interface/share/custom_interface/package.sh'
[1.754s] INFO:colcon.colcon_core.shell:Creating package script '/home/scott-pena/GitHub/RBE550-Quadruped/install/custom_interface/share/custom_interface/package.bash'
[1.754s] INFO:colcon.colcon_core.shell:Creating package script '/home/scott-pena/GitHub/RBE550-Quadruped/install/custom_interface/share/custom_interface/package.zsh'
[1.755s] Level 1:colcon.colcon_core.environment:create_file_with_runtime_dependencies(/home/scott-pena/GitHub/RBE550-Quadruped/install/custom_interface/share/colcon-core/packages/custom_interface)
[1.755s] INFO:colcon.colcon_ros.task.ament_python.build:Building ROS package in '/home/scott-pena/GitHub/RBE550-Quadruped/src/leg_controls' with build type 'ament_python'
[1.756s] Level 1:colcon.colcon_core.shell:create_environment_hook('leg_controls', 'ament_prefix_path')
[1.756s] INFO:colcon.colcon_core.shell:Creating environment hook '/home/scott-pena/GitHub/RBE550-Quadruped/install/leg_controls/share/leg_controls/hook/ament_prefix_path.ps1'
[1.757s] INFO:colcon.colcon_core.shell:Creating environment descriptor '/home/scott-pena/GitHub/RBE550-Quadruped/install/leg_controls/share/leg_controls/hook/ament_prefix_path.dsv'
[1.757s] INFO:colcon.colcon_core.shell:Creating environment hook '/home/scott-pena/GitHub/RBE550-Quadruped/install/leg_controls/share/leg_controls/hook/ament_prefix_path.sh'
[1.758s] INFO:colcon.colcon_core.shell:Skip shell extension 'powershell' for command environment: Not usable outside of PowerShell
[1.758s] DEBUG:colcon.colcon_core.shell:Skip shell extension 'dsv' for command environment
[1.765s] INFO:colcon.colcon_ros.task.ament_python.build:Building ROS package in '/home/scott-pena/GitHub/RBE550-Quadruped/src/sensors' with build type 'ament_python'
[1.765s] Level 1:colcon.colcon_core.shell:create_environment_hook('sensors', 'ament_prefix_path')
[1.765s] INFO:colcon.colcon_core.shell:Creating environment hook '/home/scott-pena/GitHub/RBE550-Quadruped/install/sensors/share/sensors/hook/ament_prefix_path.ps1'
[1.766s] INFO:colcon.colcon_core.shell:Creating environment descriptor '/home/scott-pena/GitHub/RBE550-Quadruped/install/sensors/share/sensors/hook/ament_prefix_path.dsv'
[1.766s] INFO:colcon.colcon_core.shell:Creating environment hook '/home/scott-pena/GitHub/RBE550-Quadruped/install/sensors/share/sensors/hook/ament_prefix_path.sh'
[1.767s] INFO:colcon.colcon_core.shell:Skip shell extension 'powershell' for command environment: Not usable outside of PowerShell
[1.767s] DEBUG:colcon.colcon_core.shell:Skip shell extension 'dsv' for command environment
[2.053s] INFO:colcon.colcon_core.task.python.build:Building Python package in '/home/scott-pena/GitHub/RBE550-Quadruped/src/leg_controls'
[2.053s] INFO:colcon.colcon_core.shell:Skip shell extension 'powershell' for command environment: Not usable outside of PowerShell
[2.054s] DEBUG:colcon.colcon_core.shell:Skip shell extension 'dsv' for command environment
[2.360s] INFO:colcon.colcon_core.task.python.build:Building Python package in '/home/scott-pena/GitHub/RBE550-Quadruped/src/sensors'
[2.360s] INFO:colcon.colcon_core.shell:Skip shell extension 'powershell' for command environment: Not usable outside of PowerShell
[2.360s] DEBUG:colcon.colcon_core.shell:Skip shell extension 'dsv' for command environment
[2.399s] DEBUG:colcon.colcon_core.event_handler.log_command:Invoking command in '/home/scott-pena/GitHub/RBE550-Quadruped/src/quadruped': DEBUGINFOD_URLS=https://debuginfod.ubuntu.com PS1=(.venv) \[\e]0;\u@\h: \w\a\]${debian_chroot:+($debian_chroot)}\[\033[01;32m\]\u@\h\[\033[00m\]:\[\033[01;34m\]\w\[\033[00m\]\$ PYTHONPATH=/home/scott-pena/GitHub/RBE550-Quadruped/build/quadruped/prefix_override:/usr/lib/python3/dist-packages/colcon_core/task/python/colcon_distutils_commands:/home/scott-pena/GitHub/RBE550-Quadruped/install/quadruped/lib/python3.12/site-packages:${PYTHONPATH} VIRTUAL_ENV_PROMPT=(.venv) /usr/bin/python3 -W ignore:setup.py install is deprecated setup.py egg_info --egg-base ../../build/quadruped build --build-base /home/scott-pena/GitHub/RBE550-Quadruped/build/quadruped/build install --record /home/scott-pena/GitHub/RBE550-Quadruped/build/quadruped/install.log --single-version-externally-managed install_data
[2.405s] DEBUG:colcon.colcon_core.event_handler.log_command:Invoking command in '/home/scott-pena/GitHub/RBE550-Quadruped/src/center_of_mass': DEBUGINFOD_URLS=https://debuginfod.ubuntu.com PS1=(.venv) \[\e]0;\u@\h: \w\a\]${debian_chroot:+($debian_chroot)}\[\033[01;32m\]\u@\h\[\033[00m\]:\[\033[01;34m\]\w\[\033[00m\]\$ PYTHONPATH=/home/scott-pena/GitHub/RBE550-Quadruped/build/center_of_mass/prefix_override:/usr/lib/python3/dist-packages/colcon_core/task/python/colcon_distutils_commands:/home/scott-pena/GitHub/RBE550-Quadruped/install/center_of_mass/lib/python3.12/site-packages:${PYTHONPATH} VIRTUAL_ENV_PROMPT=(.venv) /usr/bin/python3 -W ignore:setup.py install is deprecated setup.py egg_info --egg-base ../../build/center_of_mass build --build-base /home/scott-pena/GitHub/RBE550-Quadruped/build/center_of_mass/build install --record /home/scott-pena/GitHub/RBE550-Quadruped/build/center_of_mass/install.log --single-version-externally-managed install_data
[2.445s] DEBUG:colcon.colcon_core.event_handler.log_command:Invoking command in '/home/scott-pena/GitHub/RBE550-Quadruped/src/robot_description': DEBUGINFOD_URLS=https://debuginfod.ubuntu.com PS1=(.venv) \[\e]0;\u@\h: \w\a\]${debian_chroot:+($debian_chroot)}\[\033[01;32m\]\u@\h\[\033[00m\]:\[\033[01;34m\]\w\[\033[00m\]\$ PYTHONPATH=/home/scott-pena/GitHub/RBE550-Quadruped/build/robot_description/prefix_override:/usr/lib/python3/dist-packages/colcon_core/task/python/colcon_distutils_commands:/home/scott-pena/GitHub/RBE550-Quadruped/install/robot_description/lib/python3.12/site-packages:${PYTHONPATH} VIRTUAL_ENV_PROMPT=(.venv) /usr/bin/python3 -W ignore:setup.py install is deprecated setup.py egg_info --egg-base ../../build/robot_description build --build-base /home/scott-pena/GitHub/RBE550-Quadruped/build/robot_description/build install --record /home/scott-pena/GitHub/RBE550-Quadruped/build/robot_description/install.log --single-version-externally-managed install_data
[2.464s] DEBUG:colcon.colcon_core.event_handler.log_command:Invoking command in '/home/scott-pena/GitHub/RBE550-Quadruped/src/robot_sim': DEBUGINFOD_URLS=https://debuginfod.ubuntu.com PS1=(.venv) \[\e]0;\u@\h: \w\a\]${debian_chroot:+($debian_chroot)}\[\033[01;32m\]\u@\h\[\033[00m\]:\[\033[01;34m\]\w\[\033[00m\]\$ PYTHONPATH=/home/scott-pena/GitHub/RBE550-Quadruped/build/robot_sim/prefix_override:/usr/lib/python3/dist-packages/colcon_core/task/python/colcon_distutils_commands:/home/scott-pena/GitHub/RBE550-Quadruped/install/robot_sim/lib/python3.12/site-packages:${PYTHONPATH} VIRTUAL_ENV_PROMPT=(.venv) /usr/bin/python3 -W ignore:setup.py install is deprecated setup.py egg_info --egg-base ../../build/robot_sim build --build-base /home/scott-pena/GitHub/RBE550-Quadruped/build/robot_sim/build install --record /home/scott-pena/GitHub/RBE550-Quadruped/build/robot_sim/install.log --single-version-externally-managed install_data
[3.287s] Level 1:colcon.colcon_core.environment:checking '/home/scott-pena/GitHub/RBE550-Quadruped/install/center_of_mass' for CMake module files
[3.288s] DEBUG:colcon.colcon_core.event_handler.log_command:Invoked command in '/home/scott-pena/GitHub/RBE550-Quadruped/src/center_of_mass' returned '0': DEBUGINFOD_URLS=https://debuginfod.ubuntu.com PS1=(.venv) \[\e]0;\u@\h: \w\a\]${debian_chroot:+($debian_chroot)}\[\033[01;32m\]\u@\h\[\033[00m\]:\[\033[01;34m\]\w\[\033[00m\]\$ PYTHONPATH=/home/scott-pena/GitHub/RBE550-Quadruped/build/center_of_mass/prefix_override:/usr/lib/python3/dist-packages/colcon_core/task/python/colcon_distutils_commands:/home/scott-pena/GitHub/RBE550-Quadruped/install/center_of_mass/lib/python3.12/site-packages:${PYTHONPATH} VIRTUAL_ENV_PROMPT=(.venv) /usr/bin/python3 -W ignore:setup.py install is deprecated setup.py egg_info --egg-base ../../build/center_of_mass build --build-base /home/scott-pena/GitHub/RBE550-Quadruped/build/center_of_mass/build install --record /home/scott-pena/GitHub/RBE550-Quadruped/build/center_of_mass/install.log --single-version-externally-managed install_data
[3.288s] Level 1:colcon.colcon_core.environment:checking '/home/scott-pena/GitHub/RBE550-Quadruped/install/center_of_mass' for CMake config files
[3.289s] Level 1:colcon.colcon_core.environment:checking '/home/scott-pena/GitHub/RBE550-Quadruped/install/center_of_mass/lib'
[3.289s] Level 1:colcon.colcon_core.environment:checking '/home/scott-pena/GitHub/RBE550-Quadruped/install/center_of_mass/bin'
[3.289s] Level 1:colcon.colcon_core.environment:checking '/home/scott-pena/GitHub/RBE550-Quadruped/install/center_of_mass/lib/pkgconfig/center_of_mass.pc'
[3.289s] Level 1:colcon.colcon_core.environment:checking '/home/scott-pena/GitHub/RBE550-Quadruped/install/center_of_mass/lib/python3.12/site-packages'
[3.289s] Level 1:colcon.colcon_core.shell:create_environment_hook('center_of_mass', 'pythonpath')
[3.289s] INFO:colcon.colcon_core.shell:Creating environment hook '/home/scott-pena/GitHub/RBE550-Quadruped/install/center_of_mass/share/center_of_mass/hook/pythonpath.ps1'
[3.290s] INFO:colcon.colcon_core.shell:Creating environment descriptor '/home/scott-pena/GitHub/RBE550-Quadruped/install/center_of_mass/share/center_of_mass/hook/pythonpath.dsv'
[3.291s] INFO:colcon.colcon_core.shell:Creating environment hook '/home/scott-pena/GitHub/RBE550-Quadruped/install/center_of_mass/share/center_of_mass/hook/pythonpath.sh'
[3.291s] Level 1:colcon.colcon_core.environment:checking '/home/scott-pena/GitHub/RBE550-Quadruped/install/center_of_mass/bin'
[3.291s] Level 1:colcon.colcon_core.environment:create_environment_scripts_only(center_of_mass)
[3.291s] INFO:colcon.colcon_core.shell:Creating package script '/home/scott-pena/GitHub/RBE550-Quadruped/install/center_of_mass/share/center_of_mass/package.ps1'
[3.292s] INFO:colcon.colcon_core.shell:Creating package descriptor '/home/scott-pena/GitHub/RBE550-Quadruped/install/center_of_mass/share/center_of_mass/package.dsv'
[3.293s] INFO:colcon.colcon_core.shell:Creating package script '/home/scott-pena/GitHub/RBE550-Quadruped/install/center_of_mass/share/center_of_mass/package.sh'
[3.293s] INFO:colcon.colcon_core.shell:Creating package script '/home/scott-pena/GitHub/RBE550-Quadruped/install/center_of_mass/share/center_of_mass/package.bash'
[3.294s] INFO:colcon.colcon_core.shell:Creating package script '/home/scott-pena/GitHub/RBE550-Quadruped/install/center_of_mass/share/center_of_mass/package.zsh'
[3.294s] Level 1:colcon.colcon_core.environment:create_file_with_runtime_dependencies(/home/scott-pena/GitHub/RBE550-Quadruped/install/center_of_mass/share/colcon-core/packages/center_of_mass)
[3.296s] Level 1:colcon.colcon_core.environment:checking '/home/scott-pena/GitHub/RBE550-Quadruped/install/quadruped' for CMake module files
[3.297s] DEBUG:colcon.colcon_core.event_handler.log_command:Invoked command in '/home/scott-pena/GitHub/RBE550-Quadruped/src/quadruped' returned '0': DEBUGINFOD_URLS=https://debuginfod.ubuntu.com PS1=(.venv) \[\e]0;\u@\h: \w\a\]${debian_chroot:+($debian_chroot)}\[\033[01;32m\]\u@\h\[\033[00m\]:\[\033[01;34m\]\w\[\033[00m\]\$ PYTHONPATH=/home/scott-pena/GitHub/RBE550-Quadruped/build/quadruped/prefix_override:/usr/lib/python3/dist-packages/colcon_core/task/python/colcon_distutils_commands:/home/scott-pena/GitHub/RBE550-Quadruped/install/quadruped/lib/python3.12/site-packages:${PYTHONPATH} VIRTUAL_ENV_PROMPT=(.venv) /usr/bin/python3 -W ignore:setup.py install is deprecated setup.py egg_info --egg-base ../../build/quadruped build --build-base /home/scott-pena/GitHub/RBE550-Quadruped/build/quadruped/build install --record /home/scott-pena/GitHub/RBE550-Quadruped/build/quadruped/install.log --single-version-externally-managed install_data
[3.297s] Level 1:colcon.colcon_core.environment:checking '/home/scott-pena/GitHub/RBE550-Quadruped/install/quadruped' for CMake config files
[3.298s] Level 1:colcon.colcon_core.environment:checking '/home/scott-pena/GitHub/RBE550-Quadruped/install/quadruped/lib'
[3.298s] Level 1:colcon.colcon_core.environment:checking '/home/scott-pena/GitHub/RBE550-Quadruped/install/quadruped/bin'
[3.298s] Level 1:colcon.colcon_core.environment:checking '/home/scott-pena/GitHub/RBE550-Quadruped/install/quadruped/lib/pkgconfig/quadruped.pc'
[3.299s] Level 1:colcon.colcon_core.environment:checking '/home/scott-pena/GitHub/RBE550-Quadruped/install/quadruped/lib/python3.12/site-packages'
[3.299s] Level 1:colcon.colcon_core.shell:create_environment_hook('quadruped', 'pythonpath')
[3.299s] INFO:colcon.colcon_core.shell:Creating environment hook '/home/scott-pena/GitHub/RBE550-Quadruped/install/quadruped/share/quadruped/hook/pythonpath.ps1'
[3.300s] INFO:colcon.colcon_core.shell:Creating environment descriptor '/home/scott-pena/GitHub/RBE550-Quadruped/install/quadruped/share/quadruped/hook/pythonpath.dsv'
[3.300s] INFO:colcon.colcon_core.shell:Creating environment hook '/home/scott-pena/GitHub/RBE550-Quadruped/install/quadruped/share/quadruped/hook/pythonpath.sh'
[3.301s] Level 1:colcon.colcon_core.environment:checking '/home/scott-pena/GitHub/RBE550-Quadruped/install/quadruped/bin'
[3.301s] Level 1:colcon.colcon_core.environment:create_environment_scripts_only(quadruped)
[3.301s] INFO:colcon.colcon_core.shell:Creating package script '/home/scott-pena/GitHub/RBE550-Quadruped/install/quadruped/share/quadruped/package.ps1'
[3.302s] INFO:colcon.colcon_core.shell:Creating package descriptor '/home/scott-pena/GitHub/RBE550-Quadruped/install/quadruped/share/quadruped/package.dsv'
[3.303s] INFO:colcon.colcon_core.shell:Creating package script '/home/scott-pena/GitHub/RBE550-Quadruped/install/quadruped/share/quadruped/package.sh'
[3.303s] INFO:colcon.colcon_core.shell:Creating package script '/home/scott-pena/GitHub/RBE550-Quadruped/install/quadruped/share/quadruped/package.bash'
[3.303s] INFO:colcon.colcon_core.shell:Creating package script '/home/scott-pena/GitHub/RBE550-Quadruped/install/quadruped/share/quadruped/package.zsh'
[3.304s] Level 1:colcon.colcon_core.environment:create_file_with_runtime_dependencies(/home/scott-pena/GitHub/RBE550-Quadruped/install/quadruped/share/colcon-core/packages/quadruped)
[3.307s] DEBUG:colcon.colcon_core.event_handler.log_command:Invoking command in '/home/scott-pena/GitHub/RBE550-Quadruped/src/sensors': DEBUGINFOD_URLS=https://debuginfod.ubuntu.com PS1=(.venv) \[\e]0;\u@\h: \w\a\]${debian_chroot:+($debian_chroot)}\[\033[01;32m\]\u@\h\[\033[00m\]:\[\033[01;34m\]\w\[\033[00m\]\$ PYTHONPATH=/home/scott-pena/GitHub/RBE550-Quadruped/build/sensors/prefix_override:/usr/lib/python3/dist-packages/colcon_core/task/python/colcon_distutils_commands:/home/scott-pena/GitHub/RBE550-Quadruped/install/sensors/lib/python3.12/site-packages:/home/scott-pena/GitHub/RBE550-Quadruped/install/custom_interface/lib/python3.12/site-packages:/home/scott-pena/GitHub/RBE550-Quadruped/install/sensors/lib/python3.12/site-packages:/home/scott-pena/GitHub/RBE550-Quadruped/install/robot_sim/lib/python3.12/site-packages:/home/scott-pena/GitHub/RBE550-Quadruped/install/robot_description/lib/python3.12/site-packages:/home/scott-pena/GitHub/RBE550-Quadruped/install/quadruped/lib/python3.12/site-packages:/home/scott-pena/GitHub/RBE550-Quadruped/install/py_pubsub/lib/python3.12/site-packages:/home/scott-pena/GitHub/RBE550-Quadruped/install/leg_controls/lib/python3.12/site-packages:/home/scott-pena/GitHub/RBE550-Quadruped/install/center_of_mass/lib/python3.12/site-packages:/opt/ros/jazzy/lib/python3.12/site-packages VIRTUAL_ENV_PROMPT=(.venv) /usr/bin/python3 -W ignore:setup.py install is deprecated setup.py egg_info --egg-base ../../build/sensors build --build-base /home/scott-pena/GitHub/RBE550-Quadruped/build/sensors/build install --record /home/scott-pena/GitHub/RBE550-Quadruped/build/sensors/install.log --single-version-externally-managed install_data
[3.326s] DEBUG:colcon.colcon_core.event_handler.log_command:Invoking command in '/home/scott-pena/GitHub/RBE550-Quadruped/src/leg_controls': DEBUGINFOD_URLS=https://debuginfod.ubuntu.com PS1=(.venv) \[\e]0;\u@\h: \w\a\]${debian_chroot:+($debian_chroot)}\[\033[01;32m\]\u@\h\[\033[00m\]:\[\033[01;34m\]\w\[\033[00m\]\$ PYTHONPATH=/home/scott-pena/GitHub/RBE550-Quadruped/build/leg_controls/prefix_override:/usr/lib/python3/dist-packages/colcon_core/task/python/colcon_distutils_commands:/home/scott-pena/GitHub/RBE550-Quadruped/install/leg_controls/lib/python3.12/site-packages:/home/scott-pena/GitHub/RBE550-Quadruped/install/custom_interface/lib/python3.12/site-packages:/home/scott-pena/GitHub/RBE550-Quadruped/install/sensors/lib/python3.12/site-packages:/home/scott-pena/GitHub/RBE550-Quadruped/install/robot_sim/lib/python3.12/site-packages:/home/scott-pena/GitHub/RBE550-Quadruped/install/robot_description/lib/python3.12/site-packages:/home/scott-pena/GitHub/RBE550-Quadruped/install/quadruped/lib/python3.12/site-packages:/home/scott-pena/GitHub/RBE550-Quadruped/install/py_pubsub/lib/python3.12/site-packages:/home/scott-pena/GitHub/RBE550-Quadruped/install/leg_controls/lib/python3.12/site-packages:/home/scott-pena/GitHub/RBE550-Quadruped/install/center_of_mass/lib/python3.12/site-packages:/opt/ros/jazzy/lib/python3.12/site-packages VIRTUAL_ENV_PROMPT=(.venv) /usr/bin/python3 -W ignore:setup.py install is deprecated setup.py egg_info --egg-base ../../build/leg_controls build --build-base /home/scott-pena/GitHub/RBE550-Quadruped/build/leg_controls/build install --record /home/scott-pena/GitHub/RBE550-Quadruped/build/leg_controls/install.log --single-version-externally-managed install_data
[3.328s] Level 1:colcon.colcon_core.environment:checking '/home/scott-pena/GitHub/RBE550-Quadruped/install/robot_description' for CMake module files
[3.328s] DEBUG:colcon.colcon_core.event_handler.log_command:Invoked command in '/home/scott-pena/GitHub/RBE550-Quadruped/src/robot_description' returned '0': DEBUGINFOD_URLS=https://debuginfod.ubuntu.com PS1=(.venv) \[\e]0;\u@\h: \w\a\]${debian_chroot:+($debian_chroot)}\[\033[01;32m\]\u@\h\[\033[00m\]:\[\033[01;34m\]\w\[\033[00m\]\$ PYTHONPATH=/home/scott-pena/GitHub/RBE550-Quadruped/build/robot_description/prefix_override:/usr/lib/python3/dist-packages/colcon_core/task/python/colcon_distutils_commands:/home/scott-pena/GitHub/RBE550-Quadruped/install/robot_description/lib/python3.12/site-packages:${PYTHONPATH} VIRTUAL_ENV_PROMPT=(.venv) /usr/bin/python3 -W ignore:setup.py install is deprecated setup.py egg_info --egg-base ../../build/robot_description build --build-base /home/scott-pena/GitHub/RBE550-Quadruped/build/robot_description/build install --record /home/scott-pena/GitHub/RBE550-Quadruped/build/robot_description/install.log --single-version-externally-managed install_data
[3.329s] Level 1:colcon.colcon_core.environment:checking '/home/scott-pena/GitHub/RBE550-Quadruped/install/robot_description' for CMake config files
[3.329s] Level 1:colcon.colcon_core.environment:checking '/home/scott-pena/GitHub/RBE550-Quadruped/install/robot_description/lib'
[3.330s] Level 1:colcon.colcon_core.environment:checking '/home/scott-pena/GitHub/RBE550-Quadruped/install/robot_description/bin'
[3.330s] Level 1:colcon.colcon_core.environment:checking '/home/scott-pena/GitHub/RBE550-Quadruped/install/robot_description/lib/pkgconfig/robot_description.pc'
[3.330s] Level 1:colcon.colcon_core.environment:checking '/home/scott-pena/GitHub/RBE550-Quadruped/install/robot_description/lib/python3.12/site-packages'
[3.330s] Level 1:colcon.colcon_core.shell:create_environment_hook('robot_description', 'pythonpath')
[3.330s] INFO:colcon.colcon_core.shell:Creating environment hook '/home/scott-pena/GitHub/RBE550-Quadruped/install/robot_description/share/robot_description/hook/pythonpath.ps1'
[3.331s] INFO:colcon.colcon_core.shell:Creating environment descriptor '/home/scott-pena/GitHub/RBE550-Quadruped/install/robot_description/share/robot_description/hook/pythonpath.dsv'
[3.331s] INFO:colcon.colcon_core.shell:Creating environment hook '/home/scott-pena/GitHub/RBE550-Quadruped/install/robot_description/share/robot_description/hook/pythonpath.sh'
[3.332s] Level 1:colcon.colcon_core.environment:checking '/home/scott-pena/GitHub/RBE550-Quadruped/install/robot_description/bin'
[3.332s] Level 1:colcon.colcon_core.environment:create_environment_scripts_only(robot_description)
[3.332s] INFO:colcon.colcon_core.shell:Creating package script '/home/scott-pena/GitHub/RBE550-Quadruped/install/robot_description/share/robot_description/package.ps1'
[3.332s] INFO:colcon.colcon_core.shell:Creating package descriptor '/home/scott-pena/GitHub/RBE550-Quadruped/install/robot_description/share/robot_description/package.dsv'
[3.333s] INFO:colcon.colcon_core.shell:Creating package script '/home/scott-pena/GitHub/RBE550-Quadruped/install/robot_description/share/robot_description/package.sh'
[3.333s] INFO:colcon.colcon_core.shell:Creating package script '/home/scott-pena/GitHub/RBE550-Quadruped/install/robot_description/share/robot_description/package.bash'
[3.334s] INFO:colcon.colcon_core.shell:Creating package script '/home/scott-pena/GitHub/RBE550-Quadruped/install/robot_description/share/robot_description/package.zsh'
[3.334s] Level 1:colcon.colcon_core.environment:create_file_with_runtime_dependencies(/home/scott-pena/GitHub/RBE550-Quadruped/install/robot_description/share/colcon-core/packages/robot_description)
[3.399s] Level 1:colcon.colcon_core.environment:checking '/home/scott-pena/GitHub/RBE550-Quadruped/install/robot_sim' for CMake module files
[3.399s] DEBUG:colcon.colcon_core.event_handler.log_command:Invoked command in '/home/scott-pena/GitHub/RBE550-Quadruped/src/robot_sim' returned '0': DEBUGINFOD_URLS=https://debuginfod.ubuntu.com PS1=(.venv) \[\e]0;\u@\h: \w\a\]${debian_chroot:+($debian_chroot)}\[\033[01;32m\]\u@\h\[\033[00m\]:\[\033[01;34m\]\w\[\033[00m\]\$ PYTHONPATH=/home/scott-pena/GitHub/RBE550-Quadruped/build/robot_sim/prefix_override:/usr/lib/python3/dist-packages/colcon_core/task/python/colcon_distutils_commands:/home/scott-pena/GitHub/RBE550-Quadruped/install/robot_sim/lib/python3.12/site-packages:${PYTHONPATH} VIRTUAL_ENV_PROMPT=(.venv) /usr/bin/python3 -W ignore:setup.py install is deprecated setup.py egg_info --egg-base ../../build/robot_sim build --build-base /home/scott-pena/GitHub/RBE550-Quadruped/build/robot_sim/build install --record /home/scott-pena/GitHub/RBE550-Quadruped/build/robot_sim/install.log --single-version-externally-managed install_data
[3.400s] Level 1:colcon.colcon_core.environment:checking '/home/scott-pena/GitHub/RBE550-Quadruped/install/robot_sim' for CMake config files
[3.400s] Level 1:colcon.colcon_core.environment:checking '/home/scott-pena/GitHub/RBE550-Quadruped/install/robot_sim/lib'
[3.400s] Level 1:colcon.colcon_core.environment:checking '/home/scott-pena/GitHub/RBE550-Quadruped/install/robot_sim/bin'
[3.401s] Level 1:colcon.colcon_core.environment:checking '/home/scott-pena/GitHub/RBE550-Quadruped/install/robot_sim/lib/pkgconfig/robot_sim.pc'
[3.401s] Level 1:colcon.colcon_core.environment:checking '/home/scott-pena/GitHub/RBE550-Quadruped/install/robot_sim/lib/python3.12/site-packages'
[3.401s] Level 1:colcon.colcon_core.shell:create_environment_hook('robot_sim', 'pythonpath')
[3.401s] INFO:colcon.colcon_core.shell:Creating environment hook '/home/scott-pena/GitHub/RBE550-Quadruped/install/robot_sim/share/robot_sim/hook/pythonpath.ps1'
[3.402s] INFO:colcon.colcon_core.shell:Creating environment descriptor '/home/scott-pena/GitHub/RBE550-Quadruped/install/robot_sim/share/robot_sim/hook/pythonpath.dsv'
[3.402s] INFO:colcon.colcon_core.shell:Creating environment hook '/home/scott-pena/GitHub/RBE550-Quadruped/install/robot_sim/share/robot_sim/hook/pythonpath.sh'
[3.403s] Level 1:colcon.colcon_core.environment:checking '/home/scott-pena/GitHub/RBE550-Quadruped/install/robot_sim/bin'
[3.403s] Level 1:colcon.colcon_core.environment:create_environment_scripts_only(robot_sim)
[3.403s] INFO:colcon.colcon_core.shell:Creating package script '/home/scott-pena/GitHub/RBE550-Quadruped/install/robot_sim/share/robot_sim/package.ps1'
[3.404s] INFO:colcon.colcon_core.shell:Creating package descriptor '/home/scott-pena/GitHub/RBE550-Quadruped/install/robot_sim/share/robot_sim/package.dsv'
[3.404s] INFO:colcon.colcon_core.shell:Creating package script '/home/scott-pena/GitHub/RBE550-Quadruped/install/robot_sim/share/robot_sim/package.sh'
[3.405s] INFO:colcon.colcon_core.shell:Creating package script '/home/scott-pena/GitHub/RBE550-Quadruped/install/robot_sim/share/robot_sim/package.bash'
[3.405s] INFO:colcon.colcon_core.shell:Creating package script '/home/scott-pena/GitHub/RBE550-Quadruped/install/robot_sim/share/robot_sim/package.zsh'
[3.405s] Level 1:colcon.colcon_core.environment:create_file_with_runtime_dependencies(/home/scott-pena/GitHub/RBE550-Quadruped/install/robot_sim/share/colcon-core/packages/robot_sim)
[4.231s] Level 1:colcon.colcon_core.environment:checking '/home/scott-pena/GitHub/RBE550-Quadruped/install/sensors' for CMake module files
[4.231s] DEBUG:colcon.colcon_core.event_handler.log_command:Invoked command in '/home/scott-pena/GitHub/RBE550-Quadruped/src/sensors' returned '0': DEBUGINFOD_URLS=https://debuginfod.ubuntu.com PS1=(.venv) \[\e]0;\u@\h: \w\a\]${debian_chroot:+($debian_chroot)}\[\033[01;32m\]\u@\h\[\033[00m\]:\[\033[01;34m\]\w\[\033[00m\]\$ PYTHONPATH=/home/scott-pena/GitHub/RBE550-Quadruped/build/sensors/prefix_override:/usr/lib/python3/dist-packages/colcon_core/task/python/colcon_distutils_commands:/home/scott-pena/GitHub/RBE550-Quadruped/install/sensors/lib/python3.12/site-packages:/home/scott-pena/GitHub/RBE550-Quadruped/install/custom_interface/lib/python3.12/site-packages:/home/scott-pena/GitHub/RBE550-Quadruped/install/sensors/lib/python3.12/site-packages:/home/scott-pena/GitHub/RBE550-Quadruped/install/robot_sim/lib/python3.12/site-packages:/home/scott-pena/GitHub/RBE550-Quadruped/install/robot_description/lib/python3.12/site-packages:/home/scott-pena/GitHub/RBE550-Quadruped/install/quadruped/lib/python3.12/site-packages:/home/scott-pena/GitHub/RBE550-Quadruped/install/py_pubsub/lib/python3.12/site-packages:/home/scott-pena/GitHub/RBE550-Quadruped/install/leg_controls/lib/python3.12/site-packages:/home/scott-pena/GitHub/RBE550-Quadruped/install/center_of_mass/lib/python3.12/site-packages:/opt/ros/jazzy/lib/python3.12/site-packages VIRTUAL_ENV_PROMPT=(.venv) /usr/bin/python3 -W ignore:setup.py install is deprecated setup.py egg_info --egg-base ../../build/sensors build --build-base /home/scott-pena/GitHub/RBE550-Quadruped/build/sensors/build install --record /home/scott-pena/GitHub/RBE550-Quadruped/build/sensors/install.log --single-version-externally-managed install_data
[4.232s] Level 1:colcon.colcon_core.environment:checking '/home/scott-pena/GitHub/RBE550-Quadruped/install/sensors' for CMake config files
[4.232s] Level 1:colcon.colcon_core.environment:checking '/home/scott-pena/GitHub/RBE550-Quadruped/install/sensors/lib'
[4.232s] Level 1:colcon.colcon_core.environment:checking '/home/scott-pena/GitHub/RBE550-Quadruped/install/sensors/bin'
[4.232s] Level 1:colcon.colcon_core.environment:checking '/home/scott-pena/GitHub/RBE550-Quadruped/install/sensors/lib/pkgconfig/sensors.pc'
[4.233s] Level 1:colcon.colcon_core.environment:checking '/home/scott-pena/GitHub/RBE550-Quadruped/install/sensors/lib/python3.12/site-packages'
[4.233s] Level 1:colcon.colcon_core.shell:create_environment_hook('sensors', 'pythonpath')
[4.233s] INFO:colcon.colcon_core.shell:Creating environment hook '/home/scott-pena/GitHub/RBE550-Quadruped/install/sensors/share/sensors/hook/pythonpath.ps1'
[4.233s] INFO:colcon.colcon_core.shell:Creating environment descriptor '/home/scott-pena/GitHub/RBE550-Quadruped/install/sensors/share/sensors/hook/pythonpath.dsv'
[4.234s] INFO:colcon.colcon_core.shell:Creating environment hook '/home/scott-pena/GitHub/RBE550-Quadruped/install/sensors/share/sensors/hook/pythonpath.sh'
[4.234s] Level 1:colcon.colcon_core.environment:checking '/home/scott-pena/GitHub/RBE550-Quadruped/install/sensors/bin'
[4.234s] Level 1:colcon.colcon_core.environment:create_environment_scripts_only(sensors)
[4.235s] INFO:colcon.colcon_core.shell:Creating package script '/home/scott-pena/GitHub/RBE550-Quadruped/install/sensors/share/sensors/package.ps1'
[4.235s] INFO:colcon.colcon_core.shell:Creating package descriptor '/home/scott-pena/GitHub/RBE550-Quadruped/install/sensors/share/sensors/package.dsv'
[4.236s] INFO:colcon.colcon_core.shell:Creating package script '/home/scott-pena/GitHub/RBE550-Quadruped/install/sensors/share/sensors/package.sh'
[4.236s] INFO:colcon.colcon_core.shell:Creating package script '/home/scott-pena/GitHub/RBE550-Quadruped/install/sensors/share/sensors/package.bash'
[4.236s] INFO:colcon.colcon_core.shell:Creating package script '/home/scott-pena/GitHub/RBE550-Quadruped/install/sensors/share/sensors/package.zsh'
[4.237s] Level 1:colcon.colcon_core.environment:create_file_with_runtime_dependencies(/home/scott-pena/GitHub/RBE550-Quadruped/install/sensors/share/colcon-core/packages/sensors)
[4.329s] Level 1:colcon.colcon_core.environment:checking '/home/scott-pena/GitHub/RBE550-Quadruped/install/leg_controls' for CMake module files
[4.330s] DEBUG:colcon.colcon_core.event_handler.log_command:Invoked command in '/home/scott-pena/GitHub/RBE550-Quadruped/src/leg_controls' returned '0': DEBUGINFOD_URLS=https://debuginfod.ubuntu.com PS1=(.venv) \[\e]0;\u@\h: \w\a\]${debian_chroot:+($debian_chroot)}\[\033[01;32m\]\u@\h\[\033[00m\]:\[\033[01;34m\]\w\[\033[00m\]\$ PYTHONPATH=/home/scott-pena/GitHub/RBE550-Quadruped/build/leg_controls/prefix_override:/usr/lib/python3/dist-packages/colcon_core/task/python/colcon_distutils_commands:/home/scott-pena/GitHub/RBE550-Quadruped/install/leg_controls/lib/python3.12/site-packages:/home/scott-pena/GitHub/RBE550-Quadruped/install/custom_interface/lib/python3.12/site-packages:/home/scott-pena/GitHub/RBE550-Quadruped/install/sensors/lib/python3.12/site-packages:/home/scott-pena/GitHub/RBE550-Quadruped/install/robot_sim/lib/python3.12/site-packages:/home/scott-pena/GitHub/RBE550-Quadruped/install/robot_description/lib/python3.12/site-packages:/home/scott-pena/GitHub/RBE550-Quadruped/install/quadruped/lib/python3.12/site-packages:/home/scott-pena/GitHub/RBE550-Quadruped/install/py_pubsub/lib/python3.12/site-packages:/home/scott-pena/GitHub/RBE550-Quadruped/install/leg_controls/lib/python3.12/site-packages:/home/scott-pena/GitHub/RBE550-Quadruped/install/center_of_mass/lib/python3.12/site-packages:/opt/ros/jazzy/lib/python3.12/site-packages VIRTUAL_ENV_PROMPT=(.venv) /usr/bin/python3 -W ignore:setup.py install is deprecated setup.py egg_info --egg-base ../../build/leg_controls build --build-base /home/scott-pena/GitHub/RBE550-Quadruped/build/leg_controls/build install --record /home/scott-pena/GitHub/RBE550-Quadruped/build/leg_controls/install.log --single-version-externally-managed install_data
[4.330s] Level 1:colcon.colcon_core.environment:checking '/home/scott-pena/GitHub/RBE550-Quadruped/install/leg_controls' for CMake config files
[4.331s] Level 1:colcon.colcon_core.environment:checking '/home/scott-pena/GitHub/RBE550-Quadruped/install/leg_controls/lib'
[4.331s] Level 1:colcon.colcon_core.environment:checking '/home/scott-pena/GitHub/RBE550-Quadruped/install/leg_controls/bin'
[4.331s] Level 1:colcon.colcon_core.environment:checking '/home/scott-pena/GitHub/RBE550-Quadruped/install/leg_controls/lib/pkgconfig/leg_controls.pc'
[4.332s] Level 1:colcon.colcon_core.environment:checking '/home/scott-pena/GitHub/RBE550-Quadruped/install/leg_controls/lib/python3.12/site-packages'
[4.332s] Level 1:colcon.colcon_core.shell:create_environment_hook('leg_controls', 'pythonpath')
[4.332s] INFO:colcon.colcon_core.shell:Creating environment hook '/home/scott-pena/GitHub/RBE550-Quadruped/install/leg_controls/share/leg_controls/hook/pythonpath.ps1'
[4.333s] INFO:colcon.colcon_core.shell:Creating environment descriptor '/home/scott-pena/GitHub/RBE550-Quadruped/install/leg_controls/share/leg_controls/hook/pythonpath.dsv'
[4.333s] INFO:colcon.colcon_core.shell:Creating environment hook '/home/scott-pena/GitHub/RBE550-Quadruped/install/leg_controls/share/leg_controls/hook/pythonpath.sh'
[4.334s] Level 1:colcon.colcon_core.environment:checking '/home/scott-pena/GitHub/RBE550-Quadruped/install/leg_controls/bin'
[4.334s] Level 1:colcon.colcon_core.environment:create_environment_scripts_only(leg_controls)
[4.334s] INFO:colcon.colcon_core.shell:Creating package script '/home/scott-pena/GitHub/RBE550-Quadruped/install/leg_controls/share/leg_controls/package.ps1'
[4.335s] INFO:colcon.colcon_core.shell:Creating package descriptor '/home/scott-pena/GitHub/RBE550-Quadruped/install/leg_controls/share/leg_controls/package.dsv'
[4.335s] INFO:colcon.colcon_core.shell:Creating package script '/home/scott-pena/GitHub/RBE550-Quadruped/install/leg_controls/share/leg_controls/package.sh'
[4.336s] INFO:colcon.colcon_core.shell:Creating package script '/home/scott-pena/GitHub/RBE550-Quadruped/install/leg_controls/share/leg_controls/package.bash'
[4.336s] INFO:colcon.colcon_core.shell:Creating package script '/home/scott-pena/GitHub/RBE550-Quadruped/install/leg_controls/share/leg_controls/package.zsh'
[4.337s] Level 1:colcon.colcon_core.environment:create_file_with_runtime_dependencies(/home/scott-pena/GitHub/RBE550-Quadruped/install/leg_controls/share/colcon-core/packages/leg_controls)
[4.337s] DEBUG:colcon.colcon_parallel_executor.executor.parallel:closing loop
[4.337s] DEBUG:colcon.colcon_parallel_executor.executor.parallel:loop closed
[4.337s] DEBUG:colcon.colcon_parallel_executor.executor.parallel:run_until_complete finished with '0'
[4.338s] DEBUG:colcon.colcon_core.event_reactor:joining thread
[4.344s] INFO:colcon.colcon_core.plugin_system:Skipping extension 'colcon_notification.desktop_notification.terminal_notifier': Not used on non-Darwin systems
[4.344s] INFO:colcon.colcon_core.plugin_system:Skipping extension 'colcon_notification.desktop_notification.win32': Not used on non-Windows systems
[4.344s] INFO:colcon.colcon_notification.desktop_notification:Sending desktop notification using 'notify2'
[4.359s] DEBUG:colcon.colcon_core.event_reactor:joined thread
[4.359s] INFO:colcon.colcon_core.shell:Creating prefix script '/home/scott-pena/GitHub/RBE550-Quadruped/install/local_setup.ps1'
[4.360s] INFO:colcon.colcon_core.shell:Creating prefix util module '/home/scott-pena/GitHub/RBE550-Quadruped/install/_local_setup_util_ps1.py'
[4.361s] INFO:colcon.colcon_core.shell:Creating prefix chain script '/home/scott-pena/GitHub/RBE550-Quadruped/install/setup.ps1'
[4.363s] INFO:colcon.colcon_core.shell:Creating prefix script '/home/scott-pena/GitHub/RBE550-Quadruped/install/local_setup.sh'
[4.363s] INFO:colcon.colcon_core.shell:Creating prefix util module '/home/scott-pena/GitHub/RBE550-Quadruped/install/_local_setup_util_sh.py'
[4.364s] INFO:colcon.colcon_core.shell:Creating prefix chain script '/home/scott-pena/GitHub/RBE550-Quadruped/install/setup.sh'
[4.365s] INFO:colcon.colcon_core.shell:Creating prefix script '/home/scott-pena/GitHub/RBE550-Quadruped/install/local_setup.bash'
[4.366s] INFO:colcon.colcon_core.shell:Creating prefix chain script '/home/scott-pena/GitHub/RBE550-Quadruped/install/setup.bash'
[4.367s] INFO:colcon.colcon_core.shell:Creating prefix script '/home/scott-pena/GitHub/RBE550-Quadruped/install/local_setup.zsh'
[4.368s] INFO:colcon.colcon_core.shell:Creating prefix chain script '/home/scott-pena/GitHub/RBE550-Quadruped/install/setup.zsh'
