[2.512s] Invoking command in '/home/jarothenberg/Documents/GitHub/RBE550-Quadruped/src/center_of_mass': DEBUGINFOD_URLS=https://debuginfod.ubuntu.com PYTHONPATH=/home/jarothenberg/Documents/GitHub/RBE550-Quadruped/build/center_of_mass/prefix_override:/usr/lib/python3/dist-packages/colcon_core/task/python/colcon_distutils_commands:/home/jarothenberg/Documents/GitHub/RBE550-Quadruped/install/center_of_mass/lib/python3.12/site-packages:${PYTHONPATH} /usr/bin/python3 -W ignore:setup.py install is deprecated -W ignore:easy_install command is deprecated setup.py egg_info --egg-base ../../build/center_of_mass build --build-base /home/jarothenberg/Documents/GitHub/RBE550-Quadruped/build/center_of_mass/build install --record /home/jarothenberg/Documents/GitHub/RBE550-Quadruped/build/center_of_mass/install.log --single-version-externally-managed install_data
[3.034s] running egg_info
[3.035s] creating ../../build/center_of_mass/center_of_mass.egg-info
[3.075s] writing ../../build/center_of_mass/center_of_mass.egg-info/PKG-INFO
[3.075s] writing dependency_links to ../../build/center_of_mass/center_of_mass.egg-info/dependency_links.txt
[3.076s] writing entry points to ../../build/center_of_mass/center_of_mass.egg-info/entry_points.txt
[3.076s] writing requirements to ../../build/center_of_mass/center_of_mass.egg-info/requires.txt
[3.077s] writing top-level names to ../../build/center_of_mass/center_of_mass.egg-info/top_level.txt
[3.077s] writing manifest file '../../build/center_of_mass/center_of_mass.egg-info/SOURCES.txt'
[3.156s] reading manifest file '../../build/center_of_mass/center_of_mass.egg-info/SOURCES.txt'
[3.156s] adding license file 'LICENSE'
[3.157s] writing manifest file '../../build/center_of_mass/center_of_mass.egg-info/SOURCES.txt'
[3.157s] running build
[3.158s] running build_py
[3.158s] creating /home/jarothenberg/Documents/GitHub/RBE550-Quadruped/build/center_of_mass/build
[3.159s] creating /home/jarothenberg/Documents/GitHub/RBE550-Quadruped/build/center_of_mass/build/lib
[3.159s] creating /home/jarothenberg/Documents/GitHub/RBE550-Quadruped/build/center_of_mass/build/lib/center_of_mass
[3.159s] copying center_of_mass/__init__.py -> /home/jarothenberg/Documents/GitHub/RBE550-Quadruped/build/center_of_mass/build/lib/center_of_mass
[3.160s] copying center_of_mass/CenterOfMass.py -> /home/jarothenberg/Documents/GitHub/RBE550-Quadruped/build/center_of_mass/build/lib/center_of_mass
[3.160s] running install
[3.172s] running install_lib
[3.213s] creating /home/jarothenberg/Documents/GitHub/RBE550-Quadruped/install/center_of_mass/lib/python3.12/site-packages/center_of_mass
[3.213s] copying /home/jarothenberg/Documents/GitHub/RBE550-Quadruped/build/center_of_mass/build/lib/center_of_mass/__init__.py -> /home/jarothenberg/Documents/GitHub/RBE550-Quadruped/install/center_of_mass/lib/python3.12/site-packages/center_of_mass
[3.214s] copying /home/jarothenberg/Documents/GitHub/RBE550-Quadruped/build/center_of_mass/build/lib/center_of_mass/CenterOfMass.py -> /home/jarothenberg/Documents/GitHub/RBE550-Quadruped/install/center_of_mass/lib/python3.12/site-packages/center_of_mass
[3.214s] byte-compiling /home/jarothenberg/Documents/GitHub/RBE550-Quadruped/install/center_of_mass/lib/python3.12/site-packages/center_of_mass/__init__.py to __init__.cpython-312.pyc
[3.214s] byte-compiling /home/jarothenberg/Documents/GitHub/RBE550-Quadruped/install/center_of_mass/lib/python3.12/site-packages/center_of_mass/CenterOfMass.py to CenterOfMass.cpython-312.pyc
[3.217s] running install_data
[3.217s] creating /home/jarothenberg/Documents/GitHub/RBE550-Quadruped/install/center_of_mass/share/ament_index
[3.217s] creating /home/jarothenberg/Documents/GitHub/RBE550-Quadruped/install/center_of_mass/share/ament_index/resource_index
[3.217s] creating /home/jarothenberg/Documents/GitHub/RBE550-Quadruped/install/center_of_mass/share/ament_index/resource_index/packages
[3.218s] copying resource/center_of_mass -> /home/jarothenberg/Documents/GitHub/RBE550-Quadruped/install/center_of_mass/share/ament_index/resource_index/packages
[3.218s] copying package.xml -> /home/jarothenberg/Documents/GitHub/RBE550-Quadruped/install/center_of_mass/share/center_of_mass
[3.218s] running install_egg_info
[3.259s] Copying ../../build/center_of_mass/center_of_mass.egg-info to /home/jarothenberg/Documents/GitHub/RBE550-Quadruped/install/center_of_mass/lib/python3.12/site-packages/center_of_mass-0.0.0-py3.12.egg-info
[3.260s] running install_scripts
[3.498s] Installing CoM script to /home/jarothenberg/Documents/GitHub/RBE550-Quadruped/install/center_of_mass/lib/center_of_mass
[3.498s] writing list of installed files to '/home/jarothenberg/Documents/GitHub/RBE550-Quadruped/build/center_of_mass/install.log'
