[1.389s] Invoking command in '/home/scott-pena/GitHub/RBE550-Quadruped/src/sensors': AMENT_PREFIX_PATH=/home/scott-pena/GitHub/RBE550-Quadruped/install/custom_interface:${AMENT_PREFIX_PATH} CMAKE_PREFIX_PATH=/home/scott-pena/GitHub/RBE550-Quadruped/install/custom_interface:${CMAKE_PREFIX_PATH} DEBUGINFOD_URLS=https://debuginfod.ubuntu.com LD_LIBRARY_PATH=/home/scott-pena/GitHub/RBE550-Quadruped/install/custom_interface/lib:${LD_LIBRARY_PATH} PYTHONPATH=/home/scott-pena/GitHub/RBE550-Quadruped/build/sensors/prefix_override:/usr/lib/python3/dist-packages/colcon_core/task/python/colcon_distutils_commands:/home/scott-pena/GitHub/RBE550-Quadruped/install/sensors/lib/python3.12/site-packages:/home/scott-pena/GitHub/RBE550-Quadruped/install/custom_interface/lib/python3.12/site-packages:${PYTHONPATH} /usr/bin/python3 -W ignore:setup.py install is deprecated setup.py egg_info --egg-base ../../build/sensors build --build-base /home/scott-pena/GitHub/RBE550-Quadruped/build/sensors/build install --record /home/scott-pena/GitHub/RBE550-Quadruped/build/sensors/install.log --single-version-externally-managed install_data
[1.764s] running egg_info
[1.802s] writing ../../build/sensors/sensors.egg-info/PKG-INFO
[1.802s] writing dependency_links to ../../build/sensors/sensors.egg-info/dependency_links.txt
[1.802s] writing entry points to ../../build/sensors/sensors.egg-info/entry_points.txt
[1.802s] writing requirements to ../../build/sensors/sensors.egg-info/requires.txt
[1.803s] writing top-level names to ../../build/sensors/sensors.egg-info/top_level.txt
[1.875s] reading manifest file '../../build/sensors/sensors.egg-info/SOURCES.txt'
[1.876s] adding license file 'LICENSE'
[1.876s] writing manifest file '../../build/sensors/sensors.egg-info/SOURCES.txt'
[1.876s] running build
[1.876s] running build_py
[1.877s] copying sensors/IMU.py -> /home/scott-pena/GitHub/RBE550-Quadruped/build/sensors/build/lib/sensors
[1.877s] running install
[1.883s] running install_lib
[1.916s] copying /home/scott-pena/GitHub/RBE550-Quadruped/build/sensors/build/lib/sensors/IMU.py -> /home/scott-pena/GitHub/RBE550-Quadruped/install/sensors/lib/python3.12/site-packages/sensors
[1.917s] byte-compiling /home/scott-pena/GitHub/RBE550-Quadruped/install/sensors/lib/python3.12/site-packages/sensors/IMU.py to IMU.cpython-312.pyc
[1.918s] running install_data
[1.918s] running install_egg_info
[1.951s] removing '/home/scott-pena/GitHub/RBE550-Quadruped/install/sensors/lib/python3.12/site-packages/sensors-0.0.0-py3.12.egg-info' (and everything under it)
[1.951s] Copying ../../build/sensors/sensors.egg-info to /home/scott-pena/GitHub/RBE550-Quadruped/install/sensors/lib/python3.12/site-packages/sensors-0.0.0-py3.12.egg-info
[1.952s] running install_scripts
[2.168s] Installing imu script to /home/scott-pena/GitHub/RBE550-Quadruped/install/sensors/lib/sensors
[2.169s] writing list of installed files to '/home/scott-pena/GitHub/RBE550-Quadruped/build/sensors/install.log'
[2.202s] Invoked command in '/home/scott-pena/GitHub/RBE550-Quadruped/src/sensors' returned '0': AMENT_PREFIX_PATH=/home/scott-pena/GitHub/RBE550-Quadruped/install/custom_interface:${AMENT_PREFIX_PATH} CMAKE_PREFIX_PATH=/home/scott-pena/GitHub/RBE550-Quadruped/install/custom_interface:${CMAKE_PREFIX_PATH} DEBUGINFOD_URLS=https://debuginfod.ubuntu.com LD_LIBRARY_PATH=/home/scott-pena/GitHub/RBE550-Quadruped/install/custom_interface/lib:${LD_LIBRARY_PATH} PYTHONPATH=/home/scott-pena/GitHub/RBE550-Quadruped/build/sensors/prefix_override:/usr/lib/python3/dist-packages/colcon_core/task/python/colcon_distutils_commands:/home/scott-pena/GitHub/RBE550-Quadruped/install/sensors/lib/python3.12/site-packages:/home/scott-pena/GitHub/RBE550-Quadruped/install/custom_interface/lib/python3.12/site-packages:${PYTHONPATH} /usr/bin/python3 -W ignore:setup.py install is deprecated setup.py egg_info --egg-base ../../build/sensors build --build-base /home/scott-pena/GitHub/RBE550-Quadruped/build/sensors/build install --record /home/scott-pena/GitHub/RBE550-Quadruped/build/sensors/install.log --single-version-externally-managed install_data
