running egg_info
creating ../../build/leg_controls/leg_controls.egg-info
writing ../../build/leg_controls/leg_controls.egg-info/PKG-INFO
writing dependency_links to ../../build/leg_controls/leg_controls.egg-info/dependency_links.txt
writing entry points to ../../build/leg_controls/leg_controls.egg-info/entry_points.txt
writing requirements to ../../build/leg_controls/leg_controls.egg-info/requires.txt
writing top-level names to ../../build/leg_controls/leg_controls.egg-info/top_level.txt
writing manifest file '../../build/leg_controls/leg_controls.egg-info/SOURCES.txt'
reading manifest file '../../build/leg_controls/leg_controls.egg-info/SOURCES.txt'
adding license file 'LICENSE'
writing manifest file '../../build/leg_controls/leg_controls.egg-info/SOURCES.txt'
running build
running build_py
creating /home/scott-pena/GitHub/RBE550-Quadruped/build/leg_controls/build
creating /home/scott-pena/GitHub/RBE550-Quadruped/build/leg_controls/build/lib
creating /home/scott-pena/GitHub/RBE550-Quadruped/build/leg_controls/build/lib/leg_controls
copying leg_controls/GaitGenerator.py -> /home/scott-pena/GitHub/RBE550-Quadruped/build/leg_controls/build/lib/leg_controls
copying leg_controls/Leg.py -> /home/scott-pena/GitHub/RBE550-Quadruped/build/leg_controls/build/lib/leg_controls
copying leg_controls/test_IK_TF_Comparison.py -> /home/scott-pena/GitHub/RBE550-Quadruped/build/leg_controls/build/lib/leg_controls
copying leg_controls/__init__.py -> /home/scott-pena/GitHub/RBE550-Quadruped/build/leg_controls/build/lib/leg_controls
copying leg_controls/FrontLeftLeg.py -> /home/scott-pena/GitHub/RBE550-Quadruped/build/leg_controls/build/lib/leg_controls
copying leg_controls/RearRightLeg_DEPRICATED.py -> /home/scott-pena/GitHub/RBE550-Quadruped/build/leg_controls/build/lib/leg_controls
copying leg_controls/FrontRightLeg.py -> /home/scott-pena/GitHub/RBE550-Quadruped/build/leg_controls/build/lib/leg_controls
copying leg_controls/RearLeftLeg.py -> /home/scott-pena/GitHub/RBE550-Quadruped/build/leg_controls/build/lib/leg_controls
copying leg_controls/RearRightLeg.py -> /home/scott-pena/GitHub/RBE550-Quadruped/build/leg_controls/build/lib/leg_controls
copying leg_controls/init_legs.py -> /home/scott-pena/GitHub/RBE550-Quadruped/build/leg_controls/build/lib/leg_controls
copying leg_controls/test_movement.py -> /home/scott-pena/GitHub/RBE550-Quadruped/build/leg_controls/build/lib/leg_controls
running install
running install_lib
copying /home/scott-pena/GitHub/RBE550-Quadruped/build/leg_controls/build/lib/leg_controls/GaitGenerator.py -> /home/scott-pena/GitHub/RBE550-Quadruped/install/leg_controls/lib/python3.12/site-packages/leg_controls
copying /home/scott-pena/GitHub/RBE550-Quadruped/build/leg_controls/build/lib/leg_controls/Leg.py -> /home/scott-pena/GitHub/RBE550-Quadruped/install/leg_controls/lib/python3.12/site-packages/leg_controls
copying /home/scott-pena/GitHub/RBE550-Quadruped/build/leg_controls/build/lib/leg_controls/test_IK_TF_Comparison.py -> /home/scott-pena/GitHub/RBE550-Quadruped/install/leg_controls/lib/python3.12/site-packages/leg_controls
copying /home/scott-pena/GitHub/RBE550-Quadruped/build/leg_controls/build/lib/leg_controls/__init__.py -> /home/scott-pena/GitHub/RBE550-Quadruped/install/leg_controls/lib/python3.12/site-packages/leg_controls
copying /home/scott-pena/GitHub/RBE550-Quadruped/build/leg_controls/build/lib/leg_controls/FrontLeftLeg.py -> /home/scott-pena/GitHub/RBE550-Quadruped/install/leg_controls/lib/python3.12/site-packages/leg_controls
copying /home/scott-pena/GitHub/RBE550-Quadruped/build/leg_controls/build/lib/leg_controls/FrontRightLeg.py -> /home/scott-pena/GitHub/RBE550-Quadruped/install/leg_controls/lib/python3.12/site-packages/leg_controls
copying /home/scott-pena/GitHub/RBE550-Quadruped/build/leg_controls/build/lib/leg_controls/RearLeftLeg.py -> /home/scott-pena/GitHub/RBE550-Quadruped/install/leg_controls/lib/python3.12/site-packages/leg_controls
copying /home/scott-pena/GitHub/RBE550-Quadruped/build/leg_controls/build/lib/leg_controls/RearRightLeg.py -> /home/scott-pena/GitHub/RBE550-Quadruped/install/leg_controls/lib/python3.12/site-packages/leg_controls
copying /home/scott-pena/GitHub/RBE550-Quadruped/build/leg_controls/build/lib/leg_controls/test_movement.py -> /home/scott-pena/GitHub/RBE550-Quadruped/install/leg_controls/lib/python3.12/site-packages/leg_controls
byte-compiling /home/scott-pena/GitHub/RBE550-Quadruped/install/leg_controls/lib/python3.12/site-packages/leg_controls/Leg.py to Leg.cpython-312.pyc
byte-compiling /home/scott-pena/GitHub/RBE550-Quadruped/install/leg_controls/lib/python3.12/site-packages/leg_controls/FrontLeftLeg.py to FrontLeftLeg.cpython-312.pyc
byte-compiling /home/scott-pena/GitHub/RBE550-Quadruped/install/leg_controls/lib/python3.12/site-packages/leg_controls/FrontRightLeg.py to FrontRightLeg.cpython-312.pyc
byte-compiling /home/scott-pena/GitHub/RBE550-Quadruped/install/leg_controls/lib/python3.12/site-packages/leg_controls/RearLeftLeg.py to RearLeftLeg.cpython-312.pyc
byte-compiling /home/scott-pena/GitHub/RBE550-Quadruped/install/leg_controls/lib/python3.12/site-packages/leg_controls/RearRightLeg.py to RearRightLeg.cpython-312.pyc
running install_data
creating /home/scott-pena/GitHub/RBE550-Quadruped/install/leg_controls/share/ament_index
creating /home/scott-pena/GitHub/RBE550-Quadruped/install/leg_controls/share/ament_index/resource_index
creating /home/scott-pena/GitHub/RBE550-Quadruped/install/leg_controls/share/ament_index/resource_index/packages
copying resource/leg_controls -> /home/scott-pena/GitHub/RBE550-Quadruped/install/leg_controls/share/ament_index/resource_index/packages
copying package.xml -> /home/scott-pena/GitHub/RBE550-Quadruped/install/leg_controls/share/leg_controls
copying leg_controls/GaitGenerator.py -> /home/scott-pena/GitHub/RBE550-Quadruped/install/leg_controls/lib/leg_controls
copying leg_controls/Leg.py -> /home/scott-pena/GitHub/RBE550-Quadruped/install/leg_controls/lib/leg_controls
copying leg_controls/test_IK_TF_Comparison.py -> /home/scott-pena/GitHub/RBE550-Quadruped/install/leg_controls/lib/leg_controls
copying leg_controls/__init__.py -> /home/scott-pena/GitHub/RBE550-Quadruped/install/leg_controls/lib/leg_controls
copying leg_controls/FrontLeftLeg.py -> /home/scott-pena/GitHub/RBE550-Quadruped/install/leg_controls/lib/leg_controls
copying leg_controls/FrontRightLeg.py -> /home/scott-pena/GitHub/RBE550-Quadruped/install/leg_controls/lib/leg_controls
copying leg_controls/RearLeftLeg.py -> /home/scott-pena/GitHub/RBE550-Quadruped/install/leg_controls/lib/leg_controls
copying leg_controls/RearRightLeg.py -> /home/scott-pena/GitHub/RBE550-Quadruped/install/leg_controls/lib/leg_controls
copying leg_controls/test_movement.py -> /home/scott-pena/GitHub/RBE550-Quadruped/install/leg_controls/lib/leg_controls
creating /home/scott-pena/GitHub/RBE550-Quadruped/install/leg_controls/share/leg_controls/launch
copying launch/leg_control_launch.py -> /home/scott-pena/GitHub/RBE550-Quadruped/install/leg_controls/share/leg_controls/launch
running install_egg_info
Copying ../../build/leg_controls/leg_controls.egg-info to /home/scott-pena/GitHub/RBE550-Quadruped/install/leg_controls/lib/python3.12/site-packages/leg_controls-0.0.0-py3.12.egg-info
running install_scripts
Installing FrontLeftLeg script to /home/scott-pena/GitHub/RBE550-Quadruped/install/leg_controls/lib/leg_controls
Installing FrontRightLeg script to /home/scott-pena/GitHub/RBE550-Quadruped/install/leg_controls/lib/leg_controls
Installing RearLeftLeg script to /home/scott-pena/GitHub/RBE550-Quadruped/install/leg_controls/lib/leg_controls
Installing RearRightLeg script to /home/scott-pena/GitHub/RBE550-Quadruped/install/leg_controls/lib/leg_controls
Installing gait script to /home/scott-pena/GitHub/RBE550-Quadruped/install/leg_controls/lib/leg_controls
Installing leg_init script to /home/scott-pena/GitHub/RBE550-Quadruped/install/leg_controls/lib/leg_controls
Installing test_ik script to /home/scott-pena/GitHub/RBE550-Quadruped/install/leg_controls/lib/leg_controls
Installing test_movement script to /home/scott-pena/GitHub/RBE550-Quadruped/install/leg_controls/lib/leg_controls
writing list of installed files to '/home/scott-pena/GitHub/RBE550-Quadruped/build/leg_controls/install.log'
