[4.668s] Invoking command in '/home/scott-pena/GitHub/RBE550-Quadruped/src/center_of_mass': DEBUGINFOD_URLS=https://debuginfod.ubuntu.com PYTHONPATH=/home/scott-pena/GitHub/RBE550-Quadruped/build/center_of_mass/prefix_override:/usr/lib/python3/dist-packages/colcon_core/task/python/colcon_distutils_commands:/home/scott-pena/GitHub/RBE550-Quadruped/install/center_of_mass/lib/python3.12/site-packages:${PYTHONPATH} /usr/bin/python3 -W ignore:setup.py install is deprecated setup.py egg_info --egg-base ../../build/center_of_mass build --build-base /home/scott-pena/GitHub/RBE550-Quadruped/build/center_of_mass/build install --record /home/scott-pena/GitHub/RBE550-Quadruped/build/center_of_mass/install.log --single-version-externally-managed install_data
[4.923s] running egg_info
[4.946s] writing ../../build/center_of_mass/center_of_mass.egg-info/PKG-INFO
[4.946s] writing dependency_links to ../../build/center_of_mass/center_of_mass.egg-info/dependency_links.txt
[4.946s] writing entry points to ../../build/center_of_mass/center_of_mass.egg-info/entry_points.txt
[4.946s] writing requirements to ../../build/center_of_mass/center_of_mass.egg-info/requires.txt
[4.946s] writing top-level names to ../../build/center_of_mass/center_of_mass.egg-info/top_level.txt
[4.991s] reading manifest file '../../build/center_of_mass/center_of_mass.egg-info/SOURCES.txt'
[5.012s] adding license file 'LICENSE'
[5.013s] writing manifest file '../../build/center_of_mass/center_of_mass.egg-info/SOURCES.txt'
[5.013s] running build
[5.013s] running build_py
[5.013s] running install
[5.017s] running install_lib
[5.039s] running install_data
[5.039s] running install_egg_info
[5.062s] removing '/home/scott-pena/GitHub/RBE550-Quadruped/install/center_of_mass/lib/python3.12/site-packages/center_of_mass-0.0.0-py3.12.egg-info' (and everything under it)
[5.062s] Copying ../../build/center_of_mass/center_of_mass.egg-info to /home/scott-pena/GitHub/RBE550-Quadruped/install/center_of_mass/lib/python3.12/site-packages/center_of_mass-0.0.0-py3.12.egg-info
[5.099s] running install_scripts
[5.245s] Installing CoM script to /home/scott-pena/GitHub/RBE550-Quadruped/install/center_of_mass/lib/center_of_mass
[5.245s] writing list of installed files to '/home/scott-pena/GitHub/RBE550-Quadruped/build/center_of_mass/install.log'
[5.265s] Invoked command in '/home/scott-pena/GitHub/RBE550-Quadruped/src/center_of_mass' returned '0': DEBUGINFOD_URLS=https://debuginfod.ubuntu.com PYTHONPATH=/home/scott-pena/GitHub/RBE550-Quadruped/build/center_of_mass/prefix_override:/usr/lib/python3/dist-packages/colcon_core/task/python/colcon_distutils_commands:/home/scott-pena/GitHub/RBE550-Quadruped/install/center_of_mass/lib/python3.12/site-packages:${PYTHONPATH} /usr/bin/python3 -W ignore:setup.py install is deprecated setup.py egg_info --egg-base ../../build/center_of_mass build --build-base /home/scott-pena/GitHub/RBE550-Quadruped/build/center_of_mass/build install --record /home/scott-pena/GitHub/RBE550-Quadruped/build/center_of_mass/install.log --single-version-externally-managed install_data
