[1.064s] Invoking command in '/home/scott-pena/GitHub/RBE550-Quadruped/src/robot_description': DEBUGINFOD_URLS=https://debuginfod.ubuntu.com PYTHONPATH=/home/scott-pena/GitHub/RBE550-Quadruped/build/robot_description/prefix_override:/usr/lib/python3/dist-packages/colcon_core/task/python/colcon_distutils_commands:/home/scott-pena/GitHub/RBE550-Quadruped/install/robot_description/lib/python3.12/site-packages:${PYTHONPATH} /usr/bin/python3 -W ignore:setup.py install is deprecated setup.py egg_info --egg-base ../../build/robot_description build --build-base /home/scott-pena/GitHub/RBE550-Quadruped/build/robot_description/build install --record /home/scott-pena/GitHub/RBE550-Quadruped/build/robot_description/install.log --single-version-externally-managed install_data
[1.267s] running egg_info
[1.282s] writing ../../build/robot_description/robot_description.egg-info/PKG-INFO
[1.283s] writing dependency_links to ../../build/robot_description/robot_description.egg-info/dependency_links.txt
[1.283s] writing requirements to ../../build/robot_description/robot_description.egg-info/requires.txt
[1.283s] writing top-level names to ../../build/robot_description/robot_description.egg-info/top_level.txt
[1.315s] reading manifest file '../../build/robot_description/robot_description.egg-info/SOURCES.txt'
[1.315s] adding license file 'LICENSE'
[1.316s] writing manifest file '../../build/robot_description/robot_description.egg-info/SOURCES.txt'
[1.316s] running build
[1.316s] running build_py
[1.316s] running install
[1.321s] running install_lib
[1.337s] running install_data
[1.337s] copying config/robot_sim.yaml -> /home/scott-pena/GitHub/RBE550-Quadruped/install/robot_description/share/robot_description/config
[1.338s] running install_egg_info
[1.355s] removing '/home/scott-pena/GitHub/RBE550-Quadruped/install/robot_description/lib/python3.12/site-packages/robot_description-0.0.0-py3.12.egg-info' (and everything under it)
[1.355s] Copying ../../build/robot_description/robot_description.egg-info to /home/scott-pena/GitHub/RBE550-Quadruped/install/robot_description/lib/python3.12/site-packages/robot_description-0.0.0-py3.12.egg-info
[1.356s] running install_scripts
[1.462s] writing list of installed files to '/home/scott-pena/GitHub/RBE550-Quadruped/build/robot_description/install.log'
[1.480s] Invoked command in '/home/scott-pena/GitHub/RBE550-Quadruped/src/robot_description' returned '0': DEBUGINFOD_URLS=https://debuginfod.ubuntu.com PYTHONPATH=/home/scott-pena/GitHub/RBE550-Quadruped/build/robot_description/prefix_override:/usr/lib/python3/dist-packages/colcon_core/task/python/colcon_distutils_commands:/home/scott-pena/GitHub/RBE550-Quadruped/install/robot_description/lib/python3.12/site-packages:${PYTHONPATH} /usr/bin/python3 -W ignore:setup.py install is deprecated setup.py egg_info --egg-base ../../build/robot_description build --build-base /home/scott-pena/GitHub/RBE550-Quadruped/build/robot_description/build install --record /home/scott-pena/GitHub/RBE550-Quadruped/build/robot_description/install.log --single-version-externally-managed install_data
