[0.035s] Invoking command in '/home/scott-pena/GitHub/RBE550-Quadruped/build/custom_interface': CMAKE_PREFIX_PATH=${CMAKE_PREFIX_PATH}:/home/scott-pena/GitHub/RBE550-Quadruped/install/sensors:/home/scott-pena/GitHub/RBE550-Quadruped/install/robot_sim:/home/scott-pena/GitHub/RBE550-Quadruped/install/robot_description:/home/scott-pena/GitHub/RBE550-Quadruped/install/quadruped:/home/scott-pena/GitHub/RBE550-Quadruped/install/py_pubsub:/home/scott-pena/GitHub/RBE550-Quadruped/install/leg_controls:/home/scott-pena/GitHub/RBE550-Quadruped/install/center_of_mass:/opt/ros/jazzy DEBUGINFOD_URLS=https://debuginfod.ubuntu.com PS1=(venv) \[\e]0;\u@\h: \w\a\]${debian_chroot:+($debian_chroot)}\[\033[01;32m\]\u@\h\[\033[00m\]:\[\033[01;34m\]\w\[\033[00m\]\$ VIRTUAL_ENV_PROMPT=(venv) /usr/bin/cmake --build /home/scott-pena/GitHub/RBE550-Quadruped/build/custom_interface -- -j24 -l24
[1.035s] [  2%] Built target custom_interface__rosidl_generator_type_description
[1.036s] [  2%] Built target ament_cmake_python_copy_custom_interface
[1.036s] [  4%] Built target custom_interface__cpp
[1.036s] [ 22%] Built target custom_interface__rosidl_generator_c
[1.036s] [ 52%] Built target custom_interface__rosidl_typesupport_c
[1.036s] [ 70%] Built target custom_interface__rosidl_typesupport_cpp
[1.037s] [ 70%] Built target custom_interface__rosidl_typesupport_introspection_c
[1.037s] [ 70%] Built target custom_interface__rosidl_typesupport_introspection_cpp
[1.037s] [ 77%] Built target custom_interface__rosidl_typesupport_fastrtps_cpp
[1.037s] [ 77%] Built target custom_interface__rosidl_typesupport_fastrtps_c
[1.037s] [ 77%] Built target custom_interface
[1.037s] [ 79%] Built target custom_interface__py
[1.037s] [ 86%] Built target custom_interface__rosidl_generator_py
[1.037s] running egg_info
[1.038s] [ 95%] Built target custom_interface_s__rosidl_typesupport_introspection_c
[1.038s] [ 95%] Built target custom_interface_s__rosidl_typesupport_c
[1.038s] [100%] Built target custom_interface_s__rosidl_typesupport_fastrtps_c
[1.038s] writing custom_interface.egg-info/PKG-INFO
[1.038s] writing dependency_links to custom_interface.egg-info/dependency_links.txt
[1.038s] writing top-level names to custom_interface.egg-info/top_level.txt
[1.038s] reading manifest file 'custom_interface.egg-info/SOURCES.txt'
[1.038s] writing manifest file 'custom_interface.egg-info/SOURCES.txt'
[1.038s] [100%] Built target ament_cmake_python_build_custom_interface_egg
[1.039s] Invoked command in '/home/scott-pena/GitHub/RBE550-Quadruped/build/custom_interface' returned '0': CMAKE_PREFIX_PATH=${CMAKE_PREFIX_PATH}:/home/scott-pena/GitHub/RBE550-Quadruped/install/sensors:/home/scott-pena/GitHub/RBE550-Quadruped/install/robot_sim:/home/scott-pena/GitHub/RBE550-Quadruped/install/robot_description:/home/scott-pena/GitHub/RBE550-Quadruped/install/quadruped:/home/scott-pena/GitHub/RBE550-Quadruped/install/py_pubsub:/home/scott-pena/GitHub/RBE550-Quadruped/install/leg_controls:/home/scott-pena/GitHub/RBE550-Quadruped/install/center_of_mass:/opt/ros/jazzy DEBUGINFOD_URLS=https://debuginfod.ubuntu.com PS1=(venv) \[\e]0;\u@\h: \w\a\]${debian_chroot:+($debian_chroot)}\[\033[01;32m\]\u@\h\[\033[00m\]:\[\033[01;34m\]\w\[\033[00m\]\$ VIRTUAL_ENV_PROMPT=(venv) /usr/bin/cmake --build /home/scott-pena/GitHub/RBE550-Quadruped/build/custom_interface -- -j24 -l24
[1.325s] Invoking command in '/home/scott-pena/GitHub/RBE550-Quadruped/build/custom_interface': CMAKE_PREFIX_PATH=${CMAKE_PREFIX_PATH}:/home/scott-pena/GitHub/RBE550-Quadruped/install/sensors:/home/scott-pena/GitHub/RBE550-Quadruped/install/robot_sim:/home/scott-pena/GitHub/RBE550-Quadruped/install/robot_description:/home/scott-pena/GitHub/RBE550-Quadruped/install/quadruped:/home/scott-pena/GitHub/RBE550-Quadruped/install/py_pubsub:/home/scott-pena/GitHub/RBE550-Quadruped/install/leg_controls:/home/scott-pena/GitHub/RBE550-Quadruped/install/center_of_mass:/opt/ros/jazzy DEBUGINFOD_URLS=https://debuginfod.ubuntu.com PS1=(venv) \[\e]0;\u@\h: \w\a\]${debian_chroot:+($debian_chroot)}\[\033[01;32m\]\u@\h\[\033[00m\]:\[\033[01;34m\]\w\[\033[00m\]\$ VIRTUAL_ENV_PROMPT=(venv) /usr/bin/cmake --install /home/scott-pena/GitHub/RBE550-Quadruped/build/custom_interface
[1.337s] -- Install configuration: ""
[1.337s] -- Up-to-date: /home/scott-pena/GitHub/RBE550-Quadruped/install/custom_interface/share/ament_index/resource_index/rosidl_interfaces/custom_interface
[1.337s] -- Up-to-date: /home/scott-pena/GitHub/RBE550-Quadruped/install/custom_interface/share/custom_interface/msg/ImuData.json
[1.337s] -- Up-to-date: /home/scott-pena/GitHub/RBE550-Quadruped/install/custom_interface/share/custom_interface/msg/LegState.json
[1.337s] -- Up-to-date: /home/scott-pena/GitHub/RBE550-Quadruped/install/custom_interface/include/custom_interface/custom_interface
[1.338s] -- Up-to-date: /home/scott-pena/GitHub/RBE550-Quadruped/install/custom_interface/include/custom_interface/custom_interface/msg
[1.338s] -- Up-to-date: /home/scott-pena/GitHub/RBE550-Quadruped/install/custom_interface/include/custom_interface/custom_interface/msg/leg_state.h
[1.338s] -- Up-to-date: /home/scott-pena/GitHub/RBE550-Quadruped/install/custom_interface/include/custom_interface/custom_interface/msg/leg_pose.h
[1.338s] -- Up-to-date: /home/scott-pena/GitHub/RBE550-Quadruped/install/custom_interface/include/custom_interface/custom_interface/msg/imu_data.h
[1.338s] -- Up-to-date: /home/scott-pena/GitHub/RBE550-Quadruped/install/custom_interface/include/custom_interface/custom_interface/msg/rosidl_generator_c__visibility_control.h
[1.338s] -- Up-to-date: /home/scott-pena/GitHub/RBE550-Quadruped/install/custom_interface/include/custom_interface/custom_interface/msg/detail
[1.338s] -- Up-to-date: /home/scott-pena/GitHub/RBE550-Quadruped/install/custom_interface/include/custom_interface/custom_interface/msg/detail/leg_pose__description.c
[1.339s] -- Up-to-date: /home/scott-pena/GitHub/RBE550-Quadruped/install/custom_interface/include/custom_interface/custom_interface/msg/detail/leg_state__type_support.h
[1.339s] -- Up-to-date: /home/scott-pena/GitHub/RBE550-Quadruped/install/custom_interface/include/custom_interface/custom_interface/msg/detail/imu_data__functions.c
[1.339s] -- Up-to-date: /home/scott-pena/GitHub/RBE550-Quadruped/install/custom_interface/include/custom_interface/custom_interface/msg/detail/leg_pose__type_support.h
[1.339s] -- Up-to-date: /home/scott-pena/GitHub/RBE550-Quadruped/install/custom_interface/include/custom_interface/custom_interface/msg/detail/imu_data__functions.h
[1.339s] -- Up-to-date: /home/scott-pena/GitHub/RBE550-Quadruped/install/custom_interface/include/custom_interface/custom_interface/msg/detail/leg_state__type_support.c
[1.339s] -- Up-to-date: /home/scott-pena/GitHub/RBE550-Quadruped/install/custom_interface/include/custom_interface/custom_interface/msg/detail/imu_data__struct.h
[1.339s] -- Up-to-date: /home/scott-pena/GitHub/RBE550-Quadruped/install/custom_interface/include/custom_interface/custom_interface/msg/detail/leg_pose__struct.h
[1.340s] -- Up-to-date: /home/scott-pena/GitHub/RBE550-Quadruped/install/custom_interface/include/custom_interface/custom_interface/msg/detail/leg_pose__functions.c
[1.340s] -- Up-to-date: /home/scott-pena/GitHub/RBE550-Quadruped/install/custom_interface/include/custom_interface/custom_interface/msg/detail/leg_pose__functions.h
[1.340s] -- Up-to-date: /home/scott-pena/GitHub/RBE550-Quadruped/install/custom_interface/include/custom_interface/custom_interface/msg/detail/leg_state__description.c
[1.340s] -- Up-to-date: /home/scott-pena/GitHub/RBE550-Quadruped/install/custom_interface/include/custom_interface/custom_interface/msg/detail/leg_pose__type_support.c
[1.340s] -- Up-to-date: /home/scott-pena/GitHub/RBE550-Quadruped/install/custom_interface/include/custom_interface/custom_interface/msg/detail/leg_state__functions.c
[1.340s] -- Up-to-date: /home/scott-pena/GitHub/RBE550-Quadruped/install/custom_interface/include/custom_interface/custom_interface/msg/detail/imu_data__description.c
[1.340s] -- Up-to-date: /home/scott-pena/GitHub/RBE550-Quadruped/install/custom_interface/include/custom_interface/custom_interface/msg/detail/imu_data__type_support.h
[1.341s] -- Up-to-date: /home/scott-pena/GitHub/RBE550-Quadruped/install/custom_interface/include/custom_interface/custom_interface/msg/detail/leg_state__struct.h
[1.341s] -- Up-to-date: /home/scott-pena/GitHub/RBE550-Quadruped/install/custom_interface/include/custom_interface/custom_interface/msg/detail/leg_state__functions.h
[1.341s] -- Up-to-date: /home/scott-pena/GitHub/RBE550-Quadruped/install/custom_interface/include/custom_interface/custom_interface/msg/detail/imu_data__type_support.c
[1.341s] -- Up-to-date: /home/scott-pena/GitHub/RBE550-Quadruped/install/custom_interface/include/custom_interface/custom_interface/srv
[1.341s] -- Up-to-date: /home/scott-pena/GitHub/RBE550-Quadruped/install/custom_interface/include/custom_interface/custom_interface/srv/imu_data.h
[1.341s] -- Up-to-date: /home/scott-pena/GitHub/RBE550-Quadruped/install/custom_interface/include/custom_interface/custom_interface/srv/detail
[1.341s] -- Up-to-date: /home/scott-pena/GitHub/RBE550-Quadruped/install/custom_interface/include/custom_interface/custom_interface/srv/detail/imu_data__functions.c
[1.341s] -- Up-to-date: /home/scott-pena/GitHub/RBE550-Quadruped/install/custom_interface/include/custom_interface/custom_interface/srv/detail/imu_data__functions.h
[1.342s] -- Up-to-date: /home/scott-pena/GitHub/RBE550-Quadruped/install/custom_interface/include/custom_interface/custom_interface/srv/detail/imu_data__struct.h
[1.342s] -- Up-to-date: /home/scott-pena/GitHub/RBE550-Quadruped/install/custom_interface/include/custom_interface/custom_interface/srv/detail/imu_data__description.c
[1.342s] -- Up-to-date: /home/scott-pena/GitHub/RBE550-Quadruped/install/custom_interface/include/custom_interface/custom_interface/srv/detail/imu_data__type_support.h
[1.343s] -- Up-to-date: /home/scott-pena/GitHub/RBE550-Quadruped/install/custom_interface/include/custom_interface/custom_interface/srv/detail/imu_data__type_support.c
[1.343s] -- Up-to-date: /home/scott-pena/GitHub/RBE550-Quadruped/install/custom_interface/share/custom_interface/environment/library_path.sh
[1.343s] -- Up-to-date: /home/scott-pena/GitHub/RBE550-Quadruped/install/custom_interface/share/custom_interface/environment/library_path.dsv
[1.343s] -- Up-to-date: /home/scott-pena/GitHub/RBE550-Quadruped/install/custom_interface/lib/libcustom_interface__rosidl_generator_c.so
[1.343s] -- Up-to-date: /home/scott-pena/GitHub/RBE550-Quadruped/install/custom_interface/include/custom_interface/custom_interface
[1.343s] -- Up-to-date: /home/scott-pena/GitHub/RBE550-Quadruped/install/custom_interface/include/custom_interface/custom_interface/msg
[1.343s] -- Up-to-date: /home/scott-pena/GitHub/RBE550-Quadruped/install/custom_interface/include/custom_interface/custom_interface/msg/rosidl_typesupport_fastrtps_c__visibility_control.h
[1.343s] -- Up-to-date: /home/scott-pena/GitHub/RBE550-Quadruped/install/custom_interface/include/custom_interface/custom_interface/msg/detail
[1.344s] -- Up-to-date: /home/scott-pena/GitHub/RBE550-Quadruped/install/custom_interface/include/custom_interface/custom_interface/msg/detail/leg_pose__rosidl_typesupport_fastrtps_c.h
[1.344s] -- Up-to-date: /home/scott-pena/GitHub/RBE550-Quadruped/install/custom_interface/include/custom_interface/custom_interface/msg/detail/imu_data__rosidl_typesupport_fastrtps_c.h
[1.344s] -- Up-to-date: /home/scott-pena/GitHub/RBE550-Quadruped/install/custom_interface/include/custom_interface/custom_interface/msg/detail/leg_state__rosidl_typesupport_fastrtps_c.h
[1.344s] -- Up-to-date: /home/scott-pena/GitHub/RBE550-Quadruped/install/custom_interface/include/custom_interface/custom_interface/srv
[1.344s] -- Up-to-date: /home/scott-pena/GitHub/RBE550-Quadruped/install/custom_interface/include/custom_interface/custom_interface/srv/detail
[1.344s] -- Up-to-date: /home/scott-pena/GitHub/RBE550-Quadruped/install/custom_interface/include/custom_interface/custom_interface/srv/detail/imu_data__rosidl_typesupport_fastrtps_c.h
[1.344s] -- Up-to-date: /home/scott-pena/GitHub/RBE550-Quadruped/install/custom_interface/lib/libcustom_interface__rosidl_typesupport_fastrtps_c.so
[1.345s] -- Up-to-date: /home/scott-pena/GitHub/RBE550-Quadruped/install/custom_interface/include/custom_interface/custom_interface
[1.345s] -- Up-to-date: /home/scott-pena/GitHub/RBE550-Quadruped/install/custom_interface/include/custom_interface/custom_interface/msg
[1.345s] -- Up-to-date: /home/scott-pena/GitHub/RBE550-Quadruped/install/custom_interface/include/custom_interface/custom_interface/msg/rosidl_typesupport_introspection_c__visibility_control.h
[1.345s] -- Up-to-date: /home/scott-pena/GitHub/RBE550-Quadruped/install/custom_interface/include/custom_interface/custom_interface/msg/detail
[1.345s] -- Up-to-date: /home/scott-pena/GitHub/RBE550-Quadruped/install/custom_interface/include/custom_interface/custom_interface/msg/detail/leg_pose__rosidl_typesupport_introspection_c.h
[1.345s] -- Up-to-date: /home/scott-pena/GitHub/RBE550-Quadruped/install/custom_interface/include/custom_interface/custom_interface/msg/detail/leg_state__rosidl_typesupport_introspection_c.h
[1.345s] -- Up-to-date: /home/scott-pena/GitHub/RBE550-Quadruped/install/custom_interface/include/custom_interface/custom_interface/msg/detail/leg_state__type_support.c
[1.346s] -- Up-to-date: /home/scott-pena/GitHub/RBE550-Quadruped/install/custom_interface/include/custom_interface/custom_interface/msg/detail/imu_data__rosidl_typesupport_introspection_c.h
[1.346s] -- Up-to-date: /home/scott-pena/GitHub/RBE550-Quadruped/install/custom_interface/include/custom_interface/custom_interface/msg/detail/leg_pose__type_support.c
[1.346s] -- Up-to-date: /home/scott-pena/GitHub/RBE550-Quadruped/install/custom_interface/include/custom_interface/custom_interface/msg/detail/imu_data__type_support.c
[1.346s] -- Up-to-date: /home/scott-pena/GitHub/RBE550-Quadruped/install/custom_interface/include/custom_interface/custom_interface/srv
[1.346s] -- Up-to-date: /home/scott-pena/GitHub/RBE550-Quadruped/install/custom_interface/include/custom_interface/custom_interface/srv/detail
[1.346s] -- Up-to-date: /home/scott-pena/GitHub/RBE550-Quadruped/install/custom_interface/include/custom_interface/custom_interface/srv/detail/imu_data__rosidl_typesupport_introspection_c.h
[1.346s] -- Up-to-date: /home/scott-pena/GitHub/RBE550-Quadruped/install/custom_interface/include/custom_interface/custom_interface/srv/detail/imu_data__type_support.c
[1.346s] -- Up-to-date: /home/scott-pena/GitHub/RBE550-Quadruped/install/custom_interface/lib/libcustom_interface__rosidl_typesupport_introspection_c.so
[1.346s] -- Up-to-date: /home/scott-pena/GitHub/RBE550-Quadruped/install/custom_interface/lib/libcustom_interface__rosidl_typesupport_c.so
[1.347s] -- Up-to-date: /home/scott-pena/GitHub/RBE550-Quadruped/install/custom_interface/include/custom_interface/custom_interface
[1.347s] -- Up-to-date: /home/scott-pena/GitHub/RBE550-Quadruped/install/custom_interface/include/custom_interface/custom_interface/msg
[1.347s] -- Up-to-date: /home/scott-pena/GitHub/RBE550-Quadruped/install/custom_interface/include/custom_interface/custom_interface/msg/rosidl_generator_cpp__visibility_control.hpp
[1.347s] -- Up-to-date: /home/scott-pena/GitHub/RBE550-Quadruped/install/custom_interface/include/custom_interface/custom_interface/msg/imu_data.hpp
[1.347s] -- Up-to-date: /home/scott-pena/GitHub/RBE550-Quadruped/install/custom_interface/include/custom_interface/custom_interface/msg/leg_state.hpp
[1.347s] -- Up-to-date: /home/scott-pena/GitHub/RBE550-Quadruped/install/custom_interface/include/custom_interface/custom_interface/msg/leg_pose.hpp
[1.347s] -- Up-to-date: /home/scott-pena/GitHub/RBE550-Quadruped/install/custom_interface/include/custom_interface/custom_interface/msg/detail
[1.347s] -- Up-to-date: /home/scott-pena/GitHub/RBE550-Quadruped/install/custom_interface/include/custom_interface/custom_interface/msg/detail/leg_state__type_support.hpp
[1.347s] -- Up-to-date: /home/scott-pena/GitHub/RBE550-Quadruped/install/custom_interface/include/custom_interface/custom_interface/msg/detail/imu_data__struct.hpp
[1.347s] -- Up-to-date: /home/scott-pena/GitHub/RBE550-Quadruped/install/custom_interface/include/custom_interface/custom_interface/msg/detail/imu_data__builder.hpp
[1.348s] -- Up-to-date: /home/scott-pena/GitHub/RBE550-Quadruped/install/custom_interface/include/custom_interface/custom_interface/msg/detail/leg_pose__struct.hpp
[1.348s] -- Up-to-date: /home/scott-pena/GitHub/RBE550-Quadruped/install/custom_interface/include/custom_interface/custom_interface/msg/detail/leg_state__builder.hpp
[1.348s] -- Up-to-date: /home/scott-pena/GitHub/RBE550-Quadruped/install/custom_interface/include/custom_interface/custom_interface/msg/detail/leg_state__struct.hpp
[1.348s] -- Up-to-date: /home/scott-pena/GitHub/RBE550-Quadruped/install/custom_interface/include/custom_interface/custom_interface/msg/detail/leg_pose__builder.hpp
[1.348s] -- Up-to-date: /home/scott-pena/GitHub/RBE550-Quadruped/install/custom_interface/include/custom_interface/custom_interface/msg/detail/leg_state__traits.hpp
[1.348s] -- Up-to-date: /home/scott-pena/GitHub/RBE550-Quadruped/install/custom_interface/include/custom_interface/custom_interface/msg/detail/leg_pose__traits.hpp
[1.348s] -- Up-to-date: /home/scott-pena/GitHub/RBE550-Quadruped/install/custom_interface/include/custom_interface/custom_interface/msg/detail/imu_data__traits.hpp
[1.348s] -- Up-to-date: /home/scott-pena/GitHub/RBE550-Quadruped/install/custom_interface/include/custom_interface/custom_interface/msg/detail/imu_data__type_support.hpp
[1.348s] -- Up-to-date: /home/scott-pena/GitHub/RBE550-Quadruped/install/custom_interface/include/custom_interface/custom_interface/msg/detail/leg_pose__type_support.hpp
[1.348s] -- Up-to-date: /home/scott-pena/GitHub/RBE550-Quadruped/install/custom_interface/include/custom_interface/custom_interface/srv
[1.348s] -- Up-to-date: /home/scott-pena/GitHub/RBE550-Quadruped/install/custom_interface/include/custom_interface/custom_interface/srv/imu_data.hpp
[1.348s] -- Up-to-date: /home/scott-pena/GitHub/RBE550-Quadruped/install/custom_interface/include/custom_interface/custom_interface/srv/detail
[1.348s] -- Up-to-date: /home/scott-pena/GitHub/RBE550-Quadruped/install/custom_interface/include/custom_interface/custom_interface/srv/detail/imu_data__struct.hpp
[1.349s] -- Up-to-date: /home/scott-pena/GitHub/RBE550-Quadruped/install/custom_interface/include/custom_interface/custom_interface/srv/detail/imu_data__builder.hpp
[1.349s] -- Up-to-date: /home/scott-pena/GitHub/RBE550-Quadruped/install/custom_interface/include/custom_interface/custom_interface/srv/detail/imu_data__traits.hpp
[1.349s] -- Up-to-date: /home/scott-pena/GitHub/RBE550-Quadruped/install/custom_interface/include/custom_interface/custom_interface/srv/detail/imu_data__type_support.hpp
[1.349s] -- Up-to-date: /home/scott-pena/GitHub/RBE550-Quadruped/install/custom_interface/include/custom_interface/custom_interface
[1.349s] -- Up-to-date: /home/scott-pena/GitHub/RBE550-Quadruped/install/custom_interface/include/custom_interface/custom_interface/msg
[1.349s] -- Up-to-date: /home/scott-pena/GitHub/RBE550-Quadruped/install/custom_interface/include/custom_interface/custom_interface/msg/rosidl_typesupport_fastrtps_cpp__visibility_control.h
[1.349s] -- Up-to-date: /home/scott-pena/GitHub/RBE550-Quadruped/install/custom_interface/include/custom_interface/custom_interface/msg/detail
[1.349s] -- Up-to-date: /home/scott-pena/GitHub/RBE550-Quadruped/install/custom_interface/include/custom_interface/custom_interface/msg/detail/imu_data__rosidl_typesupport_fastrtps_cpp.hpp
[1.349s] -- Up-to-date: /home/scott-pena/GitHub/RBE550-Quadruped/install/custom_interface/include/custom_interface/custom_interface/msg/detail/dds_fastrtps
[1.349s] -- Up-to-date: /home/scott-pena/GitHub/RBE550-Quadruped/install/custom_interface/include/custom_interface/custom_interface/msg/detail/leg_pose__rosidl_typesupport_fastrtps_cpp.hpp
[1.349s] -- Up-to-date: /home/scott-pena/GitHub/RBE550-Quadruped/install/custom_interface/include/custom_interface/custom_interface/msg/detail/leg_state__rosidl_typesupport_fastrtps_cpp.hpp
[1.349s] -- Up-to-date: /home/scott-pena/GitHub/RBE550-Quadruped/install/custom_interface/include/custom_interface/custom_interface/srv
[1.349s] -- Up-to-date: /home/scott-pena/GitHub/RBE550-Quadruped/install/custom_interface/include/custom_interface/custom_interface/srv/detail
[1.350s] -- Up-to-date: /home/scott-pena/GitHub/RBE550-Quadruped/install/custom_interface/include/custom_interface/custom_interface/srv/detail/imu_data__rosidl_typesupport_fastrtps_cpp.hpp
[1.350s] -- Up-to-date: /home/scott-pena/GitHub/RBE550-Quadruped/install/custom_interface/include/custom_interface/custom_interface/srv/detail/dds_fastrtps
[1.350s] -- Up-to-date: /home/scott-pena/GitHub/RBE550-Quadruped/install/custom_interface/lib/libcustom_interface__rosidl_typesupport_fastrtps_cpp.so
[1.350s] -- Up-to-date: /home/scott-pena/GitHub/RBE550-Quadruped/install/custom_interface/include/custom_interface/custom_interface
[1.350s] -- Up-to-date: /home/scott-pena/GitHub/RBE550-Quadruped/install/custom_interface/include/custom_interface/custom_interface/msg
[1.350s] -- Up-to-date: /home/scott-pena/GitHub/RBE550-Quadruped/install/custom_interface/include/custom_interface/custom_interface/msg/detail
[1.350s] -- Up-to-date: /home/scott-pena/GitHub/RBE550-Quadruped/install/custom_interface/include/custom_interface/custom_interface/msg/detail/leg_state__type_support.cpp
[1.350s] -- Up-to-date: /home/scott-pena/GitHub/RBE550-Quadruped/install/custom_interface/include/custom_interface/custom_interface/msg/detail/imu_data__rosidl_typesupport_introspection_cpp.hpp
[1.350s] -- Up-to-date: /home/scott-pena/GitHub/RBE550-Quadruped/install/custom_interface/include/custom_interface/custom_interface/msg/detail/leg_pose__type_support.cpp
[1.350s] -- Up-to-date: /home/scott-pena/GitHub/RBE550-Quadruped/install/custom_interface/include/custom_interface/custom_interface/msg/detail/leg_state__rosidl_typesupport_introspection_cpp.hpp
[1.350s] -- Up-to-date: /home/scott-pena/GitHub/RBE550-Quadruped/install/custom_interface/include/custom_interface/custom_interface/msg/detail/imu_data__type_support.cpp
[1.351s] -- Up-to-date: /home/scott-pena/GitHub/RBE550-Quadruped/install/custom_interface/include/custom_interface/custom_interface/msg/detail/leg_pose__rosidl_typesupport_introspection_cpp.hpp
[1.351s] -- Up-to-date: /home/scott-pena/GitHub/RBE550-Quadruped/install/custom_interface/include/custom_interface/custom_interface/srv
[1.351s] -- Up-to-date: /home/scott-pena/GitHub/RBE550-Quadruped/install/custom_interface/include/custom_interface/custom_interface/srv/detail
[1.351s] -- Up-to-date: /home/scott-pena/GitHub/RBE550-Quadruped/install/custom_interface/include/custom_interface/custom_interface/srv/detail/imu_data__rosidl_typesupport_introspection_cpp.hpp
[1.351s] -- Up-to-date: /home/scott-pena/GitHub/RBE550-Quadruped/install/custom_interface/include/custom_interface/custom_interface/srv/detail/imu_data__type_support.cpp
[1.351s] -- Up-to-date: /home/scott-pena/GitHub/RBE550-Quadruped/install/custom_interface/lib/libcustom_interface__rosidl_typesupport_introspection_cpp.so
[1.351s] -- Up-to-date: /home/scott-pena/GitHub/RBE550-Quadruped/install/custom_interface/lib/libcustom_interface__rosidl_typesupport_cpp.so
[1.351s] -- Up-to-date: /home/scott-pena/GitHub/RBE550-Quadruped/install/custom_interface/share/custom_interface/environment/pythonpath.sh
[1.351s] -- Up-to-date: /home/scott-pena/GitHub/RBE550-Quadruped/install/custom_interface/share/custom_interface/environment/pythonpath.dsv
[1.351s] -- Up-to-date: /home/scott-pena/GitHub/RBE550-Quadruped/install/custom_interface/lib/python3.12/site-packages/custom_interface-0.0.0-py3.12.egg-info
[1.351s] -- Installing: /home/scott-pena/GitHub/RBE550-Quadruped/install/custom_interface/lib/python3.12/site-packages/custom_interface-0.0.0-py3.12.egg-info/PKG-INFO
[1.352s] -- Installing: /home/scott-pena/GitHub/RBE550-Quadruped/install/custom_interface/lib/python3.12/site-packages/custom_interface-0.0.0-py3.12.egg-info/SOURCES.txt
[1.352s] -- Installing: /home/scott-pena/GitHub/RBE550-Quadruped/install/custom_interface/lib/python3.12/site-packages/custom_interface-0.0.0-py3.12.egg-info/dependency_links.txt
[1.352s] -- Installing: /home/scott-pena/GitHub/RBE550-Quadruped/install/custom_interface/lib/python3.12/site-packages/custom_interface-0.0.0-py3.12.egg-info/top_level.txt
[1.352s] -- Up-to-date: /home/scott-pena/GitHub/RBE550-Quadruped/install/custom_interface/lib/python3.12/site-packages/custom_interface
[1.352s] -- Up-to-date: /home/scott-pena/GitHub/RBE550-Quadruped/install/custom_interface/lib/python3.12/site-packages/custom_interface/msg
[1.352s] -- Up-to-date: /home/scott-pena/GitHub/RBE550-Quadruped/install/custom_interface/lib/python3.12/site-packages/custom_interface/msg/_leg_state_s.c
[1.352s] -- Up-to-date: /home/scott-pena/GitHub/RBE550-Quadruped/install/custom_interface/lib/python3.12/site-packages/custom_interface/msg/_imu_data_s.c
[1.352s] -- Up-to-date: /home/scott-pena/GitHub/RBE550-Quadruped/install/custom_interface/lib/python3.12/site-packages/custom_interface/msg/_leg_pose.py
[1.352s] -- Up-to-date: /home/scott-pena/GitHub/RBE550-Quadruped/install/custom_interface/lib/python3.12/site-packages/custom_interface/msg/_leg_state.py
[1.353s] -- Up-to-date: /home/scott-pena/GitHub/RBE550-Quadruped/install/custom_interface/lib/python3.12/site-packages/custom_interface/msg/__init__.py
[1.353s] -- Up-to-date: /home/scott-pena/GitHub/RBE550-Quadruped/install/custom_interface/lib/python3.12/site-packages/custom_interface/msg/_leg_pose_s.c
[1.353s] -- Up-to-date: /home/scott-pena/GitHub/RBE550-Quadruped/install/custom_interface/lib/python3.12/site-packages/custom_interface/msg/_imu_data.py
[1.353s] -- Up-to-date: /home/scott-pena/GitHub/RBE550-Quadruped/install/custom_interface/lib/python3.12/site-packages/custom_interface/__init__.py
[1.353s] -- Up-to-date: /home/scott-pena/GitHub/RBE550-Quadruped/install/custom_interface/lib/python3.12/site-packages/custom_interface/srv
[1.353s] -- Up-to-date: /home/scott-pena/GitHub/RBE550-Quadruped/install/custom_interface/lib/python3.12/site-packages/custom_interface/srv/_imu_data_s.c
[1.353s] -- Up-to-date: /home/scott-pena/GitHub/RBE550-Quadruped/install/custom_interface/lib/python3.12/site-packages/custom_interface/srv/__init__.py
[1.353s] -- Up-to-date: /home/scott-pena/GitHub/RBE550-Quadruped/install/custom_interface/lib/python3.12/site-packages/custom_interface/srv/_imu_data.py
[1.353s] -- Up-to-date: /home/scott-pena/GitHub/RBE550-Quadruped/install/custom_interface/lib/python3.12/site-packages/custom_interface/custom_interface_s__rosidl_typesupport_introspection_c.so
[1.353s] -- Up-to-date: /home/scott-pena/GitHub/RBE550-Quadruped/install/custom_interface/lib/python3.12/site-packages/custom_interface/custom_interface_s__rosidl_typesupport_c.so
[1.354s] -- Up-to-date: /home/scott-pena/GitHub/RBE550-Quadruped/install/custom_interface/lib/python3.12/site-packages/custom_interface/custom_interface_s__rosidl_typesupport_fastrtps_c.so
[1.354s] -- Up-to-date: /home/scott-pena/GitHub/RBE550-Quadruped/install/custom_interface/lib/python3.12/site-packages/custom_interface/_custom_interface_s.ep.rosidl_typesupport_c.c
[1.354s] -- Up-to-date: /home/scott-pena/GitHub/RBE550-Quadruped/install/custom_interface/lib/python3.12/site-packages/custom_interface/_custom_interface_s.ep.rosidl_typesupport_fastrtps_c.c
[1.354s] -- Up-to-date: /home/scott-pena/GitHub/RBE550-Quadruped/install/custom_interface/lib/python3.12/site-packages/custom_interface/_custom_interface_s.ep.rosidl_typesupport_introspection_c.c
[1.389s] Listing '/home/scott-pena/GitHub/RBE550-Quadruped/install/custom_interface/lib/python3.12/site-packages/custom_interface'...
[1.390s] Listing '/home/scott-pena/GitHub/RBE550-Quadruped/install/custom_interface/lib/python3.12/site-packages/custom_interface/msg'...
[1.390s] Listing '/home/scott-pena/GitHub/RBE550-Quadruped/install/custom_interface/lib/python3.12/site-packages/custom_interface/srv'...
[1.395s] -- Up-to-date: /home/scott-pena/GitHub/RBE550-Quadruped/install/custom_interface/lib/python3.12/site-packages/custom_interface/custom_interface_s__rosidl_typesupport_fastrtps_c.so
[1.396s] -- Up-to-date: /home/scott-pena/GitHub/RBE550-Quadruped/install/custom_interface/lib/python3.12/site-packages/custom_interface/custom_interface_s__rosidl_typesupport_introspection_c.so
[1.396s] -- Up-to-date: /home/scott-pena/GitHub/RBE550-Quadruped/install/custom_interface/lib/python3.12/site-packages/custom_interface/custom_interface_s__rosidl_typesupport_c.so
[1.396s] -- Up-to-date: /home/scott-pena/GitHub/RBE550-Quadruped/install/custom_interface/lib/libcustom_interface__rosidl_generator_py.so
[1.397s] -- Up-to-date: /home/scott-pena/GitHub/RBE550-Quadruped/install/custom_interface/share/custom_interface/msg/ImuData.idl
[1.397s] -- Up-to-date: /home/scott-pena/GitHub/RBE550-Quadruped/install/custom_interface/share/custom_interface/msg/LegState.idl
[1.397s] -- Up-to-date: /home/scott-pena/GitHub/RBE550-Quadruped/install/custom_interface/share/custom_interface/msg/ImuData.msg
[1.397s] -- Up-to-date: /home/scott-pena/GitHub/RBE550-Quadruped/install/custom_interface/share/custom_interface/msg/LegState.msg
[1.397s] -- Up-to-date: /home/scott-pena/GitHub/RBE550-Quadruped/install/custom_interface/share/ament_index/resource_index/package_run_dependencies/custom_interface
[1.398s] -- Up-to-date: /home/scott-pena/GitHub/RBE550-Quadruped/install/custom_interface/share/ament_index/resource_index/parent_prefix_path/custom_interface
[1.398s] -- Up-to-date: /home/scott-pena/GitHub/RBE550-Quadruped/install/custom_interface/share/custom_interface/environment/ament_prefix_path.sh
[1.398s] -- Up-to-date: /home/scott-pena/GitHub/RBE550-Quadruped/install/custom_interface/share/custom_interface/environment/ament_prefix_path.dsv
[1.398s] -- Up-to-date: /home/scott-pena/GitHub/RBE550-Quadruped/install/custom_interface/share/custom_interface/environment/path.sh
[1.399s] -- Up-to-date: /home/scott-pena/GitHub/RBE550-Quadruped/install/custom_interface/share/custom_interface/environment/path.dsv
[1.399s] -- Up-to-date: /home/scott-pena/GitHub/RBE550-Quadruped/install/custom_interface/share/custom_interface/local_setup.bash
[1.399s] -- Up-to-date: /home/scott-pena/GitHub/RBE550-Quadruped/install/custom_interface/share/custom_interface/local_setup.sh
[1.399s] -- Up-to-date: /home/scott-pena/GitHub/RBE550-Quadruped/install/custom_interface/share/custom_interface/local_setup.zsh
[1.399s] -- Up-to-date: /home/scott-pena/GitHub/RBE550-Quadruped/install/custom_interface/share/custom_interface/local_setup.dsv
[1.399s] -- Installing: /home/scott-pena/GitHub/RBE550-Quadruped/install/custom_interface/share/custom_interface/package.dsv
[1.400s] -- Up-to-date: /home/scott-pena/GitHub/RBE550-Quadruped/install/custom_interface/share/ament_index/resource_index/packages/custom_interface
[1.400s] -- Up-to-date: /home/scott-pena/GitHub/RBE550-Quadruped/install/custom_interface/share/custom_interface/cmake/export_custom_interface__rosidl_generator_cExport.cmake
[1.400s] -- Up-to-date: /home/scott-pena/GitHub/RBE550-Quadruped/install/custom_interface/share/custom_interface/cmake/export_custom_interface__rosidl_generator_cExport-noconfig.cmake
[1.400s] -- Up-to-date: /home/scott-pena/GitHub/RBE550-Quadruped/install/custom_interface/share/custom_interface/cmake/export_custom_interface__rosidl_typesupport_fastrtps_cExport.cmake
[1.400s] -- Up-to-date: /home/scott-pena/GitHub/RBE550-Quadruped/install/custom_interface/share/custom_interface/cmake/export_custom_interface__rosidl_typesupport_fastrtps_cExport-noconfig.cmake
[1.400s] -- Up-to-date: /home/scott-pena/GitHub/RBE550-Quadruped/install/custom_interface/share/custom_interface/cmake/custom_interface__rosidl_typesupport_introspection_cExport.cmake
[1.400s] -- Up-to-date: /home/scott-pena/GitHub/RBE550-Quadruped/install/custom_interface/share/custom_interface/cmake/custom_interface__rosidl_typesupport_introspection_cExport-noconfig.cmake
[1.401s] -- Up-to-date: /home/scott-pena/GitHub/RBE550-Quadruped/install/custom_interface/share/custom_interface/cmake/custom_interface__rosidl_typesupport_cExport.cmake
[1.401s] -- Up-to-date: /home/scott-pena/GitHub/RBE550-Quadruped/install/custom_interface/share/custom_interface/cmake/custom_interface__rosidl_typesupport_cExport-noconfig.cmake
[1.401s] -- Up-to-date: /home/scott-pena/GitHub/RBE550-Quadruped/install/custom_interface/share/custom_interface/cmake/export_custom_interface__rosidl_generator_cppExport.cmake
[1.401s] -- Up-to-date: /home/scott-pena/GitHub/RBE550-Quadruped/install/custom_interface/share/custom_interface/cmake/export_custom_interface__rosidl_typesupport_fastrtps_cppExport.cmake
[1.401s] -- Up-to-date: /home/scott-pena/GitHub/RBE550-Quadruped/install/custom_interface/share/custom_interface/cmake/export_custom_interface__rosidl_typesupport_fastrtps_cppExport-noconfig.cmake
[1.401s] -- Up-to-date: /home/scott-pena/GitHub/RBE550-Quadruped/install/custom_interface/share/custom_interface/cmake/custom_interface__rosidl_typesupport_introspection_cppExport.cmake
[1.401s] -- Up-to-date: /home/scott-pena/GitHub/RBE550-Quadruped/install/custom_interface/share/custom_interface/cmake/custom_interface__rosidl_typesupport_introspection_cppExport-noconfig.cmake
[1.401s] -- Up-to-date: /home/scott-pena/GitHub/RBE550-Quadruped/install/custom_interface/share/custom_interface/cmake/custom_interface__rosidl_typesupport_cppExport.cmake
[1.402s] -- Up-to-date: /home/scott-pena/GitHub/RBE550-Quadruped/install/custom_interface/share/custom_interface/cmake/custom_interface__rosidl_typesupport_cppExport-noconfig.cmake
[1.402s] -- Up-to-date: /home/scott-pena/GitHub/RBE550-Quadruped/install/custom_interface/share/custom_interface/cmake/export_custom_interface__rosidl_generator_pyExport.cmake
[1.402s] -- Up-to-date: /home/scott-pena/GitHub/RBE550-Quadruped/install/custom_interface/share/custom_interface/cmake/export_custom_interface__rosidl_generator_pyExport-noconfig.cmake
[1.402s] -- Up-to-date: /home/scott-pena/GitHub/RBE550-Quadruped/install/custom_interface/share/custom_interface/cmake/rosidl_cmake-extras.cmake
[1.402s] -- Up-to-date: /home/scott-pena/GitHub/RBE550-Quadruped/install/custom_interface/share/custom_interface/cmake/ament_cmake_export_dependencies-extras.cmake
[1.402s] -- Up-to-date: /home/scott-pena/GitHub/RBE550-Quadruped/install/custom_interface/share/custom_interface/cmake/ament_cmake_export_include_directories-extras.cmake
[1.402s] -- Up-to-date: /home/scott-pena/GitHub/RBE550-Quadruped/install/custom_interface/share/custom_interface/cmake/ament_cmake_export_libraries-extras.cmake
[1.403s] -- Up-to-date: /home/scott-pena/GitHub/RBE550-Quadruped/install/custom_interface/share/custom_interface/cmake/ament_cmake_export_targets-extras.cmake
[1.403s] -- Up-to-date: /home/scott-pena/GitHub/RBE550-Quadruped/install/custom_interface/share/custom_interface/cmake/rosidl_cmake_export_typesupport_targets-extras.cmake
[1.403s] -- Up-to-date: /home/scott-pena/GitHub/RBE550-Quadruped/install/custom_interface/share/custom_interface/cmake/rosidl_cmake_export_typesupport_libraries-extras.cmake
[1.403s] -- Up-to-date: /home/scott-pena/GitHub/RBE550-Quadruped/install/custom_interface/share/custom_interface/cmake/custom_interfaceConfig.cmake
[1.403s] -- Up-to-date: /home/scott-pena/GitHub/RBE550-Quadruped/install/custom_interface/share/custom_interface/cmake/custom_interfaceConfig-version.cmake
[1.403s] -- Up-to-date: /home/scott-pena/GitHub/RBE550-Quadruped/install/custom_interface/share/custom_interface/package.xml
[1.405s] Invoked command in '/home/scott-pena/GitHub/RBE550-Quadruped/build/custom_interface' returned '0': CMAKE_PREFIX_PATH=${CMAKE_PREFIX_PATH}:/home/scott-pena/GitHub/RBE550-Quadruped/install/sensors:/home/scott-pena/GitHub/RBE550-Quadruped/install/robot_sim:/home/scott-pena/GitHub/RBE550-Quadruped/install/robot_description:/home/scott-pena/GitHub/RBE550-Quadruped/install/quadruped:/home/scott-pena/GitHub/RBE550-Quadruped/install/py_pubsub:/home/scott-pena/GitHub/RBE550-Quadruped/install/leg_controls:/home/scott-pena/GitHub/RBE550-Quadruped/install/center_of_mass:/opt/ros/jazzy DEBUGINFOD_URLS=https://debuginfod.ubuntu.com PS1=(venv) \[\e]0;\u@\h: \w\a\]${debian_chroot:+($debian_chroot)}\[\033[01;32m\]\u@\h\[\033[00m\]:\[\033[01;34m\]\w\[\033[00m\]\$ VIRTUAL_ENV_PROMPT=(venv) /usr/bin/cmake --install /home/scott-pena/GitHub/RBE550-Quadruped/build/custom_interface
