-- Found ament_cmake: 2.5.2 (/opt/ros/jazzy/share/ament_cmake/cmake)
-- Override CMake install command with custom implementation using symlinks instead of copying resources
-- Found rclcpp: 28.1.5 (/opt/ros/jazzy/share/rclcpp/cmake)
-- Found rosidl_generator_c: 4.6.4 (/opt/ros/jazzy/share/rosidl_generator_c/cmake)
-- Found rosidl_generator_cpp: 4.6.4 (/opt/ros/jazzy/share/rosidl_generator_cpp/cmake)
-- Using all available rosidl_typesupport_c: rosidl_typesupport_fastrtps_c;rosidl_typesupport_introspection_c
-- Using all available rosidl_typesupport_cpp: rosidl_typesupport_fastrtps_cpp;rosidl_typesupport_introspection_cpp
-- Found rmw_implementation_cmake: 7.3.1 (/opt/ros/jazzy/share/rmw_implementation_cmake/cmake)
-- Found rmw_fastrtps_cpp: 8.4.1 (/opt/ros/jazzy/share/rmw_fastrtps_cpp/cmake)
-- Using RMW implementation 'rmw_fastrtps_cpp' as default
-- Found std_msgs: 5.3.5 (/opt/ros/jazzy/share/std_msgs/cmake)
-- Found ament_lint_auto: 0.17.1 (/opt/ros/jazzy/share/ament_lint_auto/cmake)
-- Added test 'cppcheck' to perform static code analysis on C / C++ code
-- Configured cppcheck include dirs: 
-- Configured cppcheck exclude dirs and/or files: 
-- Added test 'lint_cmake' to check CMake code style
-- Added test 'uncrustify' to check C / C++ code style
-- Configured uncrustify additional arguments: 
-- Added test 'xmllint' to check XML markup files
-- Configuring done (0.7s)
-- Generating done (0.0s)
-- Build files have been written to: /home/sbpena01/GitHub/RBE550-Quadruped/build/cpp_pubsub
[ 50%] Built target talk
[100%] Built target listen
-- Install configuration: ""
-- Execute custom install script
-- Up-to-date symlink: /home/sbpena01/GitHub/RBE550-Quadruped/install/cpp_pubsub/lib/cpp_pubsub/talk
-- Up-to-date symlink: /home/sbpena01/GitHub/RBE550-Quadruped/install/cpp_pubsub/lib/cpp_pubsub/listen
-- Up-to-date symlink: /home/sbpena01/GitHub/RBE550-Quadruped/install/cpp_pubsub/share/ament_index/resource_index/package_run_dependencies/cpp_pubsub
-- Up-to-date symlink: /home/sbpena01/GitHub/RBE550-Quadruped/install/cpp_pubsub/share/ament_index/resource_index/parent_prefix_path/cpp_pubsub
-- Up-to-date symlink: /home/sbpena01/GitHub/RBE550-Quadruped/install/cpp_pubsub/share/cpp_pubsub/environment/ament_prefix_path.sh
-- Up-to-date symlink: /home/sbpena01/GitHub/RBE550-Quadruped/install/cpp_pubsub/share/cpp_pubsub/environment/ament_prefix_path.dsv
-- Up-to-date symlink: /home/sbpena01/GitHub/RBE550-Quadruped/install/cpp_pubsub/share/cpp_pubsub/environment/path.sh
-- Up-to-date symlink: /home/sbpena01/GitHub/RBE550-Quadruped/install/cpp_pubsub/share/cpp_pubsub/environment/path.dsv
-- Up-to-date symlink: /home/sbpena01/GitHub/RBE550-Quadruped/install/cpp_pubsub/share/cpp_pubsub/local_setup.bash
-- Up-to-date symlink: /home/sbpena01/GitHub/RBE550-Quadruped/install/cpp_pubsub/share/cpp_pubsub/local_setup.sh
-- Up-to-date symlink: /home/sbpena01/GitHub/RBE550-Quadruped/install/cpp_pubsub/share/cpp_pubsub/local_setup.zsh
-- Up-to-date symlink: /home/sbpena01/GitHub/RBE550-Quadruped/install/cpp_pubsub/share/cpp_pubsub/local_setup.dsv
-- Symlinking: /home/sbpena01/GitHub/RBE550-Quadruped/install/cpp_pubsub/share/cpp_pubsub/package.dsv
-- Up-to-date symlink: /home/sbpena01/GitHub/RBE550-Quadruped/install/cpp_pubsub/share/ament_index/resource_index/packages/cpp_pubsub
-- Up-to-date symlink: /home/sbpena01/GitHub/RBE550-Quadruped/install/cpp_pubsub/share/cpp_pubsub/cmake/cpp_pubsubConfig.cmake
-- Up-to-date symlink: /home/sbpena01/GitHub/RBE550-Quadruped/install/cpp_pubsub/share/cpp_pubsub/cmake/cpp_pubsubConfig-version.cmake
-- Up-to-date symlink: /home/sbpena01/GitHub/RBE550-Quadruped/install/cpp_pubsub/share/cpp_pubsub/package.xml
