[2.670s] Invoking command in '/home/scott-pena/GitHub/RBE550-Quadruped/src/py_pubsub': DEBUGINFOD_URLS=https://debuginfod.ubuntu.com PYTHONPATH=/home/scott-pena/GitHub/RBE550-Quadruped/build/py_pubsub/prefix_override:/usr/lib/python3/dist-packages/colcon_core/task/python/colcon_distutils_commands:/home/scott-pena/GitHub/RBE550-Quadruped/install/py_pubsub/lib/python3.12/site-packages:${PYTHONPATH} /usr/bin/python3 -W ignore:setup.py install is deprecated setup.py egg_info --egg-base ../../build/py_pubsub build --build-base /home/scott-pena/GitHub/RBE550-Quadruped/build/py_pubsub/build install --record /home/scott-pena/GitHub/RBE550-Quadruped/build/py_pubsub/install.log --single-version-externally-managed install_data
[2.924s] running egg_info
[2.946s] writing ../../build/py_pubsub/py_pubsub.egg-info/PKG-INFO
[2.965s] writing dependency_links to ../../build/py_pubsub/py_pubsub.egg-info/dependency_links.txt
[2.967s] writing entry points to ../../build/py_pubsub/py_pubsub.egg-info/entry_points.txt
[2.969s] writing requirements to ../../build/py_pubsub/py_pubsub.egg-info/requires.txt
[2.971s] writing top-level names to ../../build/py_pubsub/py_pubsub.egg-info/top_level.txt
[3.020s] reading manifest file '../../build/py_pubsub/py_pubsub.egg-info/SOURCES.txt'
[3.020s] adding license file 'LICENSE'
[3.020s] writing manifest file '../../build/py_pubsub/py_pubsub.egg-info/SOURCES.txt'
[3.040s] running build
[3.040s] running build_py
[3.041s] running install
[3.045s] running install_lib
[3.070s] running install_data
[3.070s] running install_egg_info
[3.093s] removing '/home/scott-pena/GitHub/RBE550-Quadruped/install/py_pubsub/lib/python3.12/site-packages/py_pubsub-0.0.0-py3.12.egg-info' (and everything under it)
[3.094s] Copying ../../build/py_pubsub/py_pubsub.egg-info to /home/scott-pena/GitHub/RBE550-Quadruped/install/py_pubsub/lib/python3.12/site-packages/py_pubsub-0.0.0-py3.12.egg-info
[3.094s] running install_scripts
[3.237s] Installing talker script to /home/scott-pena/GitHub/RBE550-Quadruped/install/py_pubsub/lib/py_pubsub
[3.305s] writing list of installed files to '/home/scott-pena/GitHub/RBE550-Quadruped/build/py_pubsub/install.log'
[3.326s] Invoked command in '/home/scott-pena/GitHub/RBE550-Quadruped/src/py_pubsub' returned '0': DEBUGINFOD_URLS=https://debuginfod.ubuntu.com PYTHONPATH=/home/scott-pena/GitHub/RBE550-Quadruped/build/py_pubsub/prefix_override:/usr/lib/python3/dist-packages/colcon_core/task/python/colcon_distutils_commands:/home/scott-pena/GitHub/RBE550-Quadruped/install/py_pubsub/lib/python3.12/site-packages:${PYTHONPATH} /usr/bin/python3 -W ignore:setup.py install is deprecated setup.py egg_info --egg-base ../../build/py_pubsub build --build-base /home/scott-pena/GitHub/RBE550-Quadruped/build/py_pubsub/build install --record /home/scott-pena/GitHub/RBE550-Quadruped/build/py_pubsub/install.log --single-version-externally-managed install_data
