[3.493s] Invoking command in '/home/jarothenberg/Documents/GitHub/RBE550-Quadruped/src/robot_sim': DEBUGINFOD_URLS=https://debuginfod.ubuntu.com PYTHONPATH=/home/jarothenberg/Documents/GitHub/RBE550-Quadruped/build/robot_sim/prefix_override:/usr/lib/python3/dist-packages/colcon_core/task/python/colcon_distutils_commands:/home/jarothenberg/Documents/GitHub/RBE550-Quadruped/install/robot_sim/lib/python3.12/site-packages:${PYTHONPATH} /usr/bin/python3 -W ignore:setup.py install is deprecated -W ignore:easy_install command is deprecated setup.py egg_info --egg-base ../../build/robot_sim build --build-base /home/jarothenberg/Documents/GitHub/RBE550-Quadruped/build/robot_sim/build install --record /home/jarothenberg/Documents/GitHub/RBE550-Quadruped/build/robot_sim/install.log --single-version-externally-managed install_data
[3.987s] running egg_info
[4.035s] writing ../../build/robot_sim/robot_sim.egg-info/PKG-INFO
[4.036s] writing dependency_links to ../../build/robot_sim/robot_sim.egg-info/dependency_links.txt
[4.036s] writing requirements to ../../build/robot_sim/robot_sim.egg-info/requires.txt
[4.036s] writing top-level names to ../../build/robot_sim/robot_sim.egg-info/top_level.txt
[4.081s] reading manifest file '../../build/robot_sim/robot_sim.egg-info/SOURCES.txt'
[4.081s] adding license file 'LICENSE'
[4.083s] writing manifest file '../../build/robot_sim/robot_sim.egg-info/SOURCES.txt'
[4.083s] running build
[4.083s] running install
[4.097s] running install_data
[4.097s] creating /home/jarothenberg/Documents/GitHub/RBE550-Quadruped/install/robot_sim/share/ament_index
[4.098s] creating /home/jarothenberg/Documents/GitHub/RBE550-Quadruped/install/robot_sim/share/ament_index/resource_index
[4.098s] creating /home/jarothenberg/Documents/GitHub/RBE550-Quadruped/install/robot_sim/share/ament_index/resource_index/packages
[4.098s] copying resource/robot_sim -> /home/jarothenberg/Documents/GitHub/RBE550-Quadruped/install/robot_sim/share/ament_index/resource_index/packages
[4.098s] copying package.xml -> /home/jarothenberg/Documents/GitHub/RBE550-Quadruped/install/robot_sim/share/robot_sim
[4.099s] creating /home/jarothenberg/Documents/GitHub/RBE550-Quadruped/install/robot_sim/share/robot_sim/launch
[4.099s] error: can't copy 'launch/__pycache__': doesn't exist or not a regular file
[4.135s] Invoked command in '/home/jarothenberg/Documents/GitHub/RBE550-Quadruped/src/robot_sim' returned '1': DEBUGINFOD_URLS=https://debuginfod.ubuntu.com PYTHONPATH=/home/jarothenberg/Documents/GitHub/RBE550-Quadruped/build/robot_sim/prefix_override:/usr/lib/python3/dist-packages/colcon_core/task/python/colcon_distutils_commands:/home/jarothenberg/Documents/GitHub/RBE550-Quadruped/install/robot_sim/lib/python3.12/site-packages:${PYTHONPATH} /usr/bin/python3 -W ignore:setup.py install is deprecated -W ignore:easy_install command is deprecated setup.py egg_info --egg-base ../../build/robot_sim build --build-base /home/jarothenberg/Documents/GitHub/RBE550-Quadruped/build/robot_sim/build install --record /home/jarothenberg/Documents/GitHub/RBE550-Quadruped/build/robot_sim/install.log --single-version-externally-managed install_data
