[0.747s] Invoking command in '/home/scott-pena/GitHub/RBE550-Quadruped/src/robot_description': DEBUGINFOD_URLS=https://debuginfod.ubuntu.com PYTHONPATH=/home/scott-pena/GitHub/RBE550-Quadruped/build/robot_description/prefix_override:/usr/lib/python3/dist-packages/colcon_core/task/python/colcon_distutils_commands:/home/scott-pena/GitHub/RBE550-Quadruped/install/robot_description/lib/python3.12/site-packages: /usr/bin/python3 -W ignore:setup.py install is deprecated setup.py egg_info --egg-base ../../build/robot_description build --build-base /home/scott-pena/GitHub/RBE550-Quadruped/build/robot_description/build install --record /home/scott-pena/GitHub/RBE550-Quadruped/build/robot_description/install.log --single-version-externally-managed install_data
[0.931s] running egg_info
[0.945s] writing ../../build/robot_description/robot_description.egg-info/PKG-INFO
[0.946s] writing dependency_links to ../../build/robot_description/robot_description.egg-info/dependency_links.txt
[0.946s] writing requirements to ../../build/robot_description/robot_description.egg-info/requires.txt
[0.946s] writing top-level names to ../../build/robot_description/robot_description.egg-info/top_level.txt
[0.975s] reading manifest file '../../build/robot_description/robot_description.egg-info/SOURCES.txt'
[0.976s] adding license file 'LICENSE'
[0.976s] writing manifest file '../../build/robot_description/robot_description.egg-info/SOURCES.txt'
[0.977s] running build
[0.977s] running build_py
[0.977s] running install
[0.981s] running install_lib
[0.996s] running install_data
[0.997s] running install_egg_info
[1.012s] removing '/home/scott-pena/GitHub/RBE550-Quadruped/install/robot_description/lib/python3.12/site-packages/robot_description-0.0.0-py3.12.egg-info' (and everything under it)
[1.012s] Copying ../../build/robot_description/robot_description.egg-info to /home/scott-pena/GitHub/RBE550-Quadruped/install/robot_description/lib/python3.12/site-packages/robot_description-0.0.0-py3.12.egg-info
[1.013s] running install_scripts
[1.116s] writing list of installed files to '/home/scott-pena/GitHub/RBE550-Quadruped/build/robot_description/install.log'
[1.132s] Invoked command in '/home/scott-pena/GitHub/RBE550-Quadruped/src/robot_description' returned '0': DEBUGINFOD_URLS=https://debuginfod.ubuntu.com PYTHONPATH=/home/scott-pena/GitHub/RBE550-Quadruped/build/robot_description/prefix_override:/usr/lib/python3/dist-packages/colcon_core/task/python/colcon_distutils_commands:/home/scott-pena/GitHub/RBE550-Quadruped/install/robot_description/lib/python3.12/site-packages: /usr/bin/python3 -W ignore:setup.py install is deprecated setup.py egg_info --egg-base ../../build/robot_description build --build-base /home/scott-pena/GitHub/RBE550-Quadruped/build/robot_description/build install --record /home/scott-pena/GitHub/RBE550-Quadruped/build/robot_description/install.log --single-version-externally-managed install_data
