[11.516s] DEBUG:colcon:Command line arguments: ['/usr/bin/colcon', 'build']
[11.516s] DEBUG:colcon:Parsed command line arguments: Namespace(log_base=None, log_level=None, verb_name='build', build_base='build', install_base='install', merge_install=False, symlink_install=False, test_result_base=None, continue_on_error=False, executor='parallel', parallel_workers=24, event_handlers=None, ignore_user_meta=False, metas=['./colcon.meta'], base_paths=['.'], packages_ignore=None, packages_ignore_regex=None, paths=None, packages_up_to=None, packages_up_to_regex=None, packages_above=None, packages_above_and_dependencies=None, packages_above_depth=None, packages_select_by_dep=None, packages_skip_by_dep=None, packages_skip_up_to=None, packages_select_build_failed=False, packages_skip_build_finished=False, packages_select_test_failures=False, packages_skip_test_passed=False, packages_select=None, packages_skip=None, packages_select_regex=None, packages_skip_regex=None, packages_start=None, packages_end=None, allow_overriding=[], cmake_args=None, cmake_target=None, cmake_target_skip_unavailable=False, cmake_clean_cache=False, cmake_clean_first=False, cmake_force_configure=False, ament_cmake_args=None, catkin_cmake_args=None, catkin_skip_building_tests=False, mixin_files=None, mixin=None, verb_parser=<colcon_mixin.mixin.mixin_argument.MixinArgumentDecorator object at 0x72d041bc9880>, verb_extension=<colcon_core.verb.build.BuildVerb object at 0x72d0422a45c0>, main=<bound method BuildVerb.main of <colcon_core.verb.build.BuildVerb object at 0x72d0422a45c0>>, mixin_verb=('build',))
[16.876s] Level 1:colcon.colcon_core.package_discovery:discover_packages(colcon_meta) check parameters
[16.876s] Level 1:colcon.colcon_core.package_discovery:discover_packages(recursive) check parameters
[16.877s] Level 1:colcon.colcon_core.package_discovery:discover_packages(ignore) check parameters
[16.877s] Level 1:colcon.colcon_core.package_discovery:discover_packages(path) check parameters
[16.877s] Level 1:colcon.colcon_core.package_discovery:discover_packages(colcon_meta) discover
[16.877s] Level 1:colcon.colcon_core.package_discovery:discover_packages(recursive) discover
[16.877s] INFO:colcon.colcon_core.package_discovery:Crawling recursively for packages in '/home/scott-pena/GitHub/RBE550-Quadruped'
[16.877s] Level 1:colcon.colcon_core.package_identification:_identify(.) by extensions ['ignore', 'ignore_ament_install']
[16.877s] Level 1:colcon.colcon_core.package_identification:_identify(.) by extension 'ignore'
[16.877s] Level 1:colcon.colcon_core.package_identification:_identify(.) by extension 'ignore_ament_install'
[16.877s] Level 1:colcon.colcon_core.package_identification:_identify(.) by extensions ['colcon_pkg']
[16.877s] Level 1:colcon.colcon_core.package_identification:_identify(.) by extension 'colcon_pkg'
[16.877s] Level 1:colcon.colcon_core.package_identification:_identify(.) by extensions ['colcon_meta']
[16.877s] Level 1:colcon.colcon_core.package_identification:_identify(.) by extension 'colcon_meta'
[16.877s] Level 1:colcon.colcon_core.package_identification:_identify(.) by extensions ['ros']
[16.877s] Level 1:colcon.colcon_core.package_identification:_identify(.) by extension 'ros'
[18.150s] Level 1:colcon.colcon_core.package_identification:_identify(.) by extensions ['cmake', 'python']
[18.150s] Level 1:colcon.colcon_core.package_identification:_identify(.) by extension 'cmake'
[18.151s] Level 1:colcon.colcon_core.package_identification:_identify(.) by extension 'python'
[18.151s] Level 1:colcon.colcon_core.package_identification:_identify(.) by extensions ['python_setup_py']
[18.151s] Level 1:colcon.colcon_core.package_identification:_identify(.) by extension 'python_setup_py'
[18.151s] Level 1:colcon.colcon_core.package_identification:_identify(build) by extensions ['ignore', 'ignore_ament_install']
[18.151s] Level 1:colcon.colcon_core.package_identification:_identify(build) by extension 'ignore'
[18.151s] Level 1:colcon.colcon_core.package_identification:_identify(build) ignored
[18.151s] Level 1:colcon.colcon_core.package_identification:_identify(install) by extensions ['ignore', 'ignore_ament_install']
[18.151s] Level 1:colcon.colcon_core.package_identification:_identify(install) by extension 'ignore'
[18.151s] Level 1:colcon.colcon_core.package_identification:_identify(install) ignored
[18.152s] Level 1:colcon.colcon_core.package_identification:_identify(log) by extensions ['ignore', 'ignore_ament_install']
[18.152s] Level 1:colcon.colcon_core.package_identification:_identify(log) by extension 'ignore'
[18.152s] Level 1:colcon.colcon_core.package_identification:_identify(log) ignored
[18.152s] Level 1:colcon.colcon_core.package_identification:_identify(matlab) by extensions ['ignore', 'ignore_ament_install']
[18.152s] Level 1:colcon.colcon_core.package_identification:_identify(matlab) by extension 'ignore'
[18.152s] Level 1:colcon.colcon_core.package_identification:_identify(matlab) by extension 'ignore_ament_install'
[18.152s] Level 1:colcon.colcon_core.package_identification:_identify(matlab) by extensions ['colcon_pkg']
[18.152s] Level 1:colcon.colcon_core.package_identification:_identify(matlab) by extension 'colcon_pkg'
[18.152s] Level 1:colcon.colcon_core.package_identification:_identify(matlab) by extensions ['colcon_meta']
[18.152s] Level 1:colcon.colcon_core.package_identification:_identify(matlab) by extension 'colcon_meta'
[18.152s] Level 1:colcon.colcon_core.package_identification:_identify(matlab) by extensions ['ros']
[18.152s] Level 1:colcon.colcon_core.package_identification:_identify(matlab) by extension 'ros'
[18.152s] Level 1:colcon.colcon_core.package_identification:_identify(matlab) by extensions ['cmake', 'python']
[18.152s] Level 1:colcon.colcon_core.package_identification:_identify(matlab) by extension 'cmake'
[18.152s] Level 1:colcon.colcon_core.package_identification:_identify(matlab) by extension 'python'
[18.152s] Level 1:colcon.colcon_core.package_identification:_identify(matlab) by extensions ['python_setup_py']
[18.152s] Level 1:colcon.colcon_core.package_identification:_identify(matlab) by extension 'python_setup_py'
[18.153s] Level 1:colcon.colcon_core.package_identification:_identify(src) by extensions ['ignore', 'ignore_ament_install']
[18.153s] Level 1:colcon.colcon_core.package_identification:_identify(src) by extension 'ignore'
[18.153s] Level 1:colcon.colcon_core.package_identification:_identify(src) by extension 'ignore_ament_install'
[18.153s] Level 1:colcon.colcon_core.package_identification:_identify(src) by extensions ['colcon_pkg']
[18.153s] Level 1:colcon.colcon_core.package_identification:_identify(src) by extension 'colcon_pkg'
[18.153s] Level 1:colcon.colcon_core.package_identification:_identify(src) by extensions ['colcon_meta']
[18.153s] Level 1:colcon.colcon_core.package_identification:_identify(src) by extension 'colcon_meta'
[18.153s] Level 1:colcon.colcon_core.package_identification:_identify(src) by extensions ['ros']
[18.153s] Level 1:colcon.colcon_core.package_identification:_identify(src) by extension 'ros'
[18.153s] Level 1:colcon.colcon_core.package_identification:_identify(src) by extensions ['cmake', 'python']
[18.153s] Level 1:colcon.colcon_core.package_identification:_identify(src) by extension 'cmake'
[18.153s] Level 1:colcon.colcon_core.package_identification:_identify(src) by extension 'python'
[18.153s] Level 1:colcon.colcon_core.package_identification:_identify(src) by extensions ['python_setup_py']
[18.153s] Level 1:colcon.colcon_core.package_identification:_identify(src) by extension 'python_setup_py'
[18.153s] Level 1:colcon.colcon_core.package_identification:_identify(src/center_of_mass) by extensions ['ignore', 'ignore_ament_install']
[18.153s] Level 1:colcon.colcon_core.package_identification:_identify(src/center_of_mass) by extension 'ignore'
[18.153s] Level 1:colcon.colcon_core.package_identification:_identify(src/center_of_mass) by extension 'ignore_ament_install'
[18.154s] Level 1:colcon.colcon_core.package_identification:_identify(src/center_of_mass) by extensions ['colcon_pkg']
[18.154s] Level 1:colcon.colcon_core.package_identification:_identify(src/center_of_mass) by extension 'colcon_pkg'
[18.154s] Level 1:colcon.colcon_core.package_identification:_identify(src/center_of_mass) by extensions ['colcon_meta']
[18.154s] Level 1:colcon.colcon_core.package_identification:_identify(src/center_of_mass) by extension 'colcon_meta'
[18.154s] Level 1:colcon.colcon_core.package_identification:_identify(src/center_of_mass) by extensions ['ros']
[18.154s] Level 1:colcon.colcon_core.package_identification:_identify(src/center_of_mass) by extension 'ros'
[18.730s] DEBUG:colcon.colcon_core.package_identification:Package 'src/center_of_mass' with type 'ros.ament_python' and name 'center_of_mass'
[18.730s] Level 1:colcon.colcon_core.package_identification:_identify(src/custom_interface) by extensions ['ignore', 'ignore_ament_install']
[18.730s] Level 1:colcon.colcon_core.package_identification:_identify(src/custom_interface) by extension 'ignore'
[18.730s] Level 1:colcon.colcon_core.package_identification:_identify(src/custom_interface) by extension 'ignore_ament_install'
[18.730s] Level 1:colcon.colcon_core.package_identification:_identify(src/custom_interface) by extensions ['colcon_pkg']
[18.730s] Level 1:colcon.colcon_core.package_identification:_identify(src/custom_interface) by extension 'colcon_pkg'
[18.730s] Level 1:colcon.colcon_core.package_identification:_identify(src/custom_interface) by extensions ['colcon_meta']
[18.730s] Level 1:colcon.colcon_core.package_identification:_identify(src/custom_interface) by extension 'colcon_meta'
[18.730s] Level 1:colcon.colcon_core.package_identification:_identify(src/custom_interface) by extensions ['ros']
[18.730s] Level 1:colcon.colcon_core.package_identification:_identify(src/custom_interface) by extension 'ros'
[19.204s] DEBUG:colcon.colcon_core.package_identification:Package 'src/custom_interface' with type 'ros.ament_cmake' and name 'custom_interface'
[19.204s] Level 1:colcon.colcon_core.package_identification:_identify(src/leg_controls) by extensions ['ignore', 'ignore_ament_install']
[19.205s] Level 1:colcon.colcon_core.package_identification:_identify(src/leg_controls) by extension 'ignore'
[19.205s] Level 1:colcon.colcon_core.package_identification:_identify(src/leg_controls) by extension 'ignore_ament_install'
[19.205s] Level 1:colcon.colcon_core.package_identification:_identify(src/leg_controls) by extensions ['colcon_pkg']
[19.205s] Level 1:colcon.colcon_core.package_identification:_identify(src/leg_controls) by extension 'colcon_pkg'
[19.205s] Level 1:colcon.colcon_core.package_identification:_identify(src/leg_controls) by extensions ['colcon_meta']
[19.205s] Level 1:colcon.colcon_core.package_identification:_identify(src/leg_controls) by extension 'colcon_meta'
[19.205s] Level 1:colcon.colcon_core.package_identification:_identify(src/leg_controls) by extensions ['ros']
[19.205s] Level 1:colcon.colcon_core.package_identification:_identify(src/leg_controls) by extension 'ros'
[19.206s] DEBUG:colcon.colcon_core.package_identification:Package 'src/leg_controls' with type 'ros.ament_python' and name 'leg_controls'
[19.206s] Level 1:colcon.colcon_core.package_identification:_identify(src/quadruped) by extensions ['ignore', 'ignore_ament_install']
[19.206s] Level 1:colcon.colcon_core.package_identification:_identify(src/quadruped) by extension 'ignore'
[19.206s] Level 1:colcon.colcon_core.package_identification:_identify(src/quadruped) by extension 'ignore_ament_install'
[19.206s] Level 1:colcon.colcon_core.package_identification:_identify(src/quadruped) by extensions ['colcon_pkg']
[19.206s] Level 1:colcon.colcon_core.package_identification:_identify(src/quadruped) by extension 'colcon_pkg'
[19.206s] Level 1:colcon.colcon_core.package_identification:_identify(src/quadruped) by extensions ['colcon_meta']
[19.206s] Level 1:colcon.colcon_core.package_identification:_identify(src/quadruped) by extension 'colcon_meta'
[19.207s] Level 1:colcon.colcon_core.package_identification:_identify(src/quadruped) by extensions ['ros']
[19.207s] Level 1:colcon.colcon_core.package_identification:_identify(src/quadruped) by extension 'ros'
[19.207s] DEBUG:colcon.colcon_core.package_identification:Package 'src/quadruped' with type 'ros.ament_python' and name 'quadruped'
[19.207s] Level 1:colcon.colcon_core.package_identification:_identify(src/robot_description) by extensions ['ignore', 'ignore_ament_install']
[19.207s] Level 1:colcon.colcon_core.package_identification:_identify(src/robot_description) by extension 'ignore'
[19.208s] Level 1:colcon.colcon_core.package_identification:_identify(src/robot_description) by extension 'ignore_ament_install'
[19.208s] Level 1:colcon.colcon_core.package_identification:_identify(src/robot_description) by extensions ['colcon_pkg']
[19.208s] Level 1:colcon.colcon_core.package_identification:_identify(src/robot_description) by extension 'colcon_pkg'
[19.208s] Level 1:colcon.colcon_core.package_identification:_identify(src/robot_description) by extensions ['colcon_meta']
[19.208s] Level 1:colcon.colcon_core.package_identification:_identify(src/robot_description) by extension 'colcon_meta'
[19.208s] Level 1:colcon.colcon_core.package_identification:_identify(src/robot_description) by extensions ['ros']
[19.208s] Level 1:colcon.colcon_core.package_identification:_identify(src/robot_description) by extension 'ros'
[19.367s] DEBUG:colcon.colcon_core.package_identification:Package 'src/robot_description' with type 'ros.ament_python' and name 'robot_description'
[19.368s] Level 1:colcon.colcon_core.package_identification:_identify(src/robot_sim) by extensions ['ignore', 'ignore_ament_install']
[19.368s] Level 1:colcon.colcon_core.package_identification:_identify(src/robot_sim) by extension 'ignore'
[19.368s] Level 1:colcon.colcon_core.package_identification:_identify(src/robot_sim) by extension 'ignore_ament_install'
[19.368s] Level 1:colcon.colcon_core.package_identification:_identify(src/robot_sim) by extensions ['colcon_pkg']
[19.368s] Level 1:colcon.colcon_core.package_identification:_identify(src/robot_sim) by extension 'colcon_pkg'
[19.368s] Level 1:colcon.colcon_core.package_identification:_identify(src/robot_sim) by extensions ['colcon_meta']
[19.368s] Level 1:colcon.colcon_core.package_identification:_identify(src/robot_sim) by extension 'colcon_meta'
[19.368s] Level 1:colcon.colcon_core.package_identification:_identify(src/robot_sim) by extensions ['ros']
[19.368s] Level 1:colcon.colcon_core.package_identification:_identify(src/robot_sim) by extension 'ros'
[19.371s] DEBUG:colcon.colcon_core.package_identification:Package 'src/robot_sim' with type 'ros.ament_python' and name 'robot_sim'
[19.371s] Level 1:colcon.colcon_core.package_identification:_identify(src/sensors) by extensions ['ignore', 'ignore_ament_install']
[19.371s] Level 1:colcon.colcon_core.package_identification:_identify(src/sensors) by extension 'ignore'
[19.371s] Level 1:colcon.colcon_core.package_identification:_identify(src/sensors) by extension 'ignore_ament_install'
[19.371s] Level 1:colcon.colcon_core.package_identification:_identify(src/sensors) by extensions ['colcon_pkg']
[19.371s] Level 1:colcon.colcon_core.package_identification:_identify(src/sensors) by extension 'colcon_pkg'
[19.371s] Level 1:colcon.colcon_core.package_identification:_identify(src/sensors) by extensions ['colcon_meta']
[19.371s] Level 1:colcon.colcon_core.package_identification:_identify(src/sensors) by extension 'colcon_meta'
[19.371s] Level 1:colcon.colcon_core.package_identification:_identify(src/sensors) by extensions ['ros']
[19.372s] Level 1:colcon.colcon_core.package_identification:_identify(src/sensors) by extension 'ros'
[19.545s] DEBUG:colcon.colcon_core.package_identification:Package 'src/sensors' with type 'ros.ament_python' and name 'sensors'
[19.545s] Level 1:colcon.colcon_core.package_discovery:discover_packages(recursive) using defaults
[19.545s] Level 1:colcon.colcon_core.package_discovery:discover_packages(ignore) discover
[19.545s] Level 1:colcon.colcon_core.package_discovery:discover_packages(ignore) using defaults
[19.545s] Level 1:colcon.colcon_core.package_discovery:discover_packages(path) discover
[19.545s] Level 1:colcon.colcon_core.package_discovery:discover_packages(path) using defaults
[20.684s] Level 1:colcon.colcon_core.package_discovery:discover_packages(prefix_path) check parameters
[20.684s] Level 1:colcon.colcon_core.package_discovery:discover_packages(prefix_path) discover
[20.704s] DEBUG:colcon.colcon_installed_package_information.package_discovery:Found 479 installed packages in /opt/ros/jazzy
[20.706s] Level 1:colcon.colcon_core.package_discovery:discover_packages(prefix_path) using defaults
[20.950s] Level 5:colcon.colcon_core.verb:set package 'center_of_mass' build argument 'cmake_args' from command line to 'None'
[20.950s] Level 5:colcon.colcon_core.verb:set package 'center_of_mass' build argument 'cmake_target' from command line to 'None'
[20.950s] Level 5:colcon.colcon_core.verb:set package 'center_of_mass' build argument 'cmake_target_skip_unavailable' from command line to 'False'
[20.950s] Level 5:colcon.colcon_core.verb:set package 'center_of_mass' build argument 'cmake_clean_cache' from command line to 'False'
[20.950s] Level 5:colcon.colcon_core.verb:set package 'center_of_mass' build argument 'cmake_clean_first' from command line to 'False'
[20.950s] Level 5:colcon.colcon_core.verb:set package 'center_of_mass' build argument 'cmake_force_configure' from command line to 'False'
[20.950s] Level 5:colcon.colcon_core.verb:set package 'center_of_mass' build argument 'ament_cmake_args' from command line to 'None'
[20.950s] Level 5:colcon.colcon_core.verb:set package 'center_of_mass' build argument 'catkin_cmake_args' from command line to 'None'
[20.950s] Level 5:colcon.colcon_core.verb:set package 'center_of_mass' build argument 'catkin_skip_building_tests' from command line to 'False'
[20.950s] DEBUG:colcon.colcon_core.verb:Building package 'center_of_mass' with the following arguments: {'ament_cmake_args': None, 'build_base': '/home/scott-pena/GitHub/RBE550-Quadruped/build/center_of_mass', 'catkin_cmake_args': None, 'catkin_skip_building_tests': False, 'cmake_args': None, 'cmake_clean_cache': False, 'cmake_clean_first': False, 'cmake_force_configure': False, 'cmake_target': None, 'cmake_target_skip_unavailable': False, 'install_base': '/home/scott-pena/GitHub/RBE550-Quadruped/install/center_of_mass', 'merge_install': False, 'path': '/home/scott-pena/GitHub/RBE550-Quadruped/src/center_of_mass', 'symlink_install': False, 'test_result_base': None}
[20.951s] Level 5:colcon.colcon_core.verb:set package 'custom_interface' build argument 'cmake_args' from command line to 'None'
[20.951s] Level 5:colcon.colcon_core.verb:set package 'custom_interface' build argument 'cmake_target' from command line to 'None'
[20.951s] Level 5:colcon.colcon_core.verb:set package 'custom_interface' build argument 'cmake_target_skip_unavailable' from command line to 'False'
[20.951s] Level 5:colcon.colcon_core.verb:set package 'custom_interface' build argument 'cmake_clean_cache' from command line to 'False'
[20.951s] Level 5:colcon.colcon_core.verb:set package 'custom_interface' build argument 'cmake_clean_first' from command line to 'False'
[20.951s] Level 5:colcon.colcon_core.verb:set package 'custom_interface' build argument 'cmake_force_configure' from command line to 'False'
[20.951s] Level 5:colcon.colcon_core.verb:set package 'custom_interface' build argument 'ament_cmake_args' from command line to 'None'
[20.951s] Level 5:colcon.colcon_core.verb:set package 'custom_interface' build argument 'catkin_cmake_args' from command line to 'None'
[20.951s] Level 5:colcon.colcon_core.verb:set package 'custom_interface' build argument 'catkin_skip_building_tests' from command line to 'False'
[20.951s] DEBUG:colcon.colcon_core.verb:Building package 'custom_interface' with the following arguments: {'ament_cmake_args': None, 'build_base': '/home/scott-pena/GitHub/RBE550-Quadruped/build/custom_interface', 'catkin_cmake_args': None, 'catkin_skip_building_tests': False, 'cmake_args': None, 'cmake_clean_cache': False, 'cmake_clean_first': False, 'cmake_force_configure': False, 'cmake_target': None, 'cmake_target_skip_unavailable': False, 'install_base': '/home/scott-pena/GitHub/RBE550-Quadruped/install/custom_interface', 'merge_install': False, 'path': '/home/scott-pena/GitHub/RBE550-Quadruped/src/custom_interface', 'symlink_install': False, 'test_result_base': None}
[20.951s] Level 5:colcon.colcon_core.verb:set package 'quadruped' build argument 'cmake_args' from command line to 'None'
[20.951s] Level 5:colcon.colcon_core.verb:set package 'quadruped' build argument 'cmake_target' from command line to 'None'
[20.951s] Level 5:colcon.colcon_core.verb:set package 'quadruped' build argument 'cmake_target_skip_unavailable' from command line to 'False'
[20.951s] Level 5:colcon.colcon_core.verb:set package 'quadruped' build argument 'cmake_clean_cache' from command line to 'False'
[20.951s] Level 5:colcon.colcon_core.verb:set package 'quadruped' build argument 'cmake_clean_first' from command line to 'False'
[20.951s] Level 5:colcon.colcon_core.verb:set package 'quadruped' build argument 'cmake_force_configure' from command line to 'False'
[20.951s] Level 5:colcon.colcon_core.verb:set package 'quadruped' build argument 'ament_cmake_args' from command line to 'None'
[20.951s] Level 5:colcon.colcon_core.verb:set package 'quadruped' build argument 'catkin_cmake_args' from command line to 'None'
[20.951s] Level 5:colcon.colcon_core.verb:set package 'quadruped' build argument 'catkin_skip_building_tests' from command line to 'False'
[20.951s] DEBUG:colcon.colcon_core.verb:Building package 'quadruped' with the following arguments: {'ament_cmake_args': None, 'build_base': '/home/scott-pena/GitHub/RBE550-Quadruped/build/quadruped', 'catkin_cmake_args': None, 'catkin_skip_building_tests': False, 'cmake_args': None, 'cmake_clean_cache': False, 'cmake_clean_first': False, 'cmake_force_configure': False, 'cmake_target': None, 'cmake_target_skip_unavailable': False, 'install_base': '/home/scott-pena/GitHub/RBE550-Quadruped/install/quadruped', 'merge_install': False, 'path': '/home/scott-pena/GitHub/RBE550-Quadruped/src/quadruped', 'symlink_install': False, 'test_result_base': None}
[20.951s] Level 5:colcon.colcon_core.verb:set package 'robot_description' build argument 'cmake_args' from command line to 'None'
[20.951s] Level 5:colcon.colcon_core.verb:set package 'robot_description' build argument 'cmake_target' from command line to 'None'
[20.951s] Level 5:colcon.colcon_core.verb:set package 'robot_description' build argument 'cmake_target_skip_unavailable' from command line to 'False'
[20.951s] Level 5:colcon.colcon_core.verb:set package 'robot_description' build argument 'cmake_clean_cache' from command line to 'False'
[20.951s] Level 5:colcon.colcon_core.verb:set package 'robot_description' build argument 'cmake_clean_first' from command line to 'False'
[20.951s] Level 5:colcon.colcon_core.verb:set package 'robot_description' build argument 'cmake_force_configure' from command line to 'False'
[20.951s] Level 5:colcon.colcon_core.verb:set package 'robot_description' build argument 'ament_cmake_args' from command line to 'None'
[20.951s] Level 5:colcon.colcon_core.verb:set package 'robot_description' build argument 'catkin_cmake_args' from command line to 'None'
[20.951s] Level 5:colcon.colcon_core.verb:set package 'robot_description' build argument 'catkin_skip_building_tests' from command line to 'False'
[20.951s] DEBUG:colcon.colcon_core.verb:Building package 'robot_description' with the following arguments: {'ament_cmake_args': None, 'build_base': '/home/scott-pena/GitHub/RBE550-Quadruped/build/robot_description', 'catkin_cmake_args': None, 'catkin_skip_building_tests': False, 'cmake_args': None, 'cmake_clean_cache': False, 'cmake_clean_first': False, 'cmake_force_configure': False, 'cmake_target': None, 'cmake_target_skip_unavailable': False, 'install_base': '/home/scott-pena/GitHub/RBE550-Quadruped/install/robot_description', 'merge_install': False, 'path': '/home/scott-pena/GitHub/RBE550-Quadruped/src/robot_description', 'symlink_install': False, 'test_result_base': None}
[20.952s] Level 5:colcon.colcon_core.verb:set package 'robot_sim' build argument 'cmake_args' from command line to 'None'
[20.952s] Level 5:colcon.colcon_core.verb:set package 'robot_sim' build argument 'cmake_target' from command line to 'None'
[20.952s] Level 5:colcon.colcon_core.verb:set package 'robot_sim' build argument 'cmake_target_skip_unavailable' from command line to 'False'
[20.952s] Level 5:colcon.colcon_core.verb:set package 'robot_sim' build argument 'cmake_clean_cache' from command line to 'False'
[20.952s] Level 5:colcon.colcon_core.verb:set package 'robot_sim' build argument 'cmake_clean_first' from command line to 'False'
[20.952s] Level 5:colcon.colcon_core.verb:set package 'robot_sim' build argument 'cmake_force_configure' from command line to 'False'
[20.952s] Level 5:colcon.colcon_core.verb:set package 'robot_sim' build argument 'ament_cmake_args' from command line to 'None'
[20.952s] Level 5:colcon.colcon_core.verb:set package 'robot_sim' build argument 'catkin_cmake_args' from command line to 'None'
[20.952s] Level 5:colcon.colcon_core.verb:set package 'robot_sim' build argument 'catkin_skip_building_tests' from command line to 'False'
[20.952s] DEBUG:colcon.colcon_core.verb:Building package 'robot_sim' with the following arguments: {'ament_cmake_args': None, 'build_base': '/home/scott-pena/GitHub/RBE550-Quadruped/build/robot_sim', 'catkin_cmake_args': None, 'catkin_skip_building_tests': False, 'cmake_args': None, 'cmake_clean_cache': False, 'cmake_clean_first': False, 'cmake_force_configure': False, 'cmake_target': None, 'cmake_target_skip_unavailable': False, 'install_base': '/home/scott-pena/GitHub/RBE550-Quadruped/install/robot_sim', 'merge_install': False, 'path': '/home/scott-pena/GitHub/RBE550-Quadruped/src/robot_sim', 'symlink_install': False, 'test_result_base': None}
[20.952s] Level 5:colcon.colcon_core.verb:set package 'leg_controls' build argument 'cmake_args' from command line to 'None'
[20.952s] Level 5:colcon.colcon_core.verb:set package 'leg_controls' build argument 'cmake_target' from command line to 'None'
[20.952s] Level 5:colcon.colcon_core.verb:set package 'leg_controls' build argument 'cmake_target_skip_unavailable' from command line to 'False'
[20.952s] Level 5:colcon.colcon_core.verb:set package 'leg_controls' build argument 'cmake_clean_cache' from command line to 'False'
[20.952s] Level 5:colcon.colcon_core.verb:set package 'leg_controls' build argument 'cmake_clean_first' from command line to 'False'
[20.952s] Level 5:colcon.colcon_core.verb:set package 'leg_controls' build argument 'cmake_force_configure' from command line to 'False'
[20.952s] Level 5:colcon.colcon_core.verb:set package 'leg_controls' build argument 'ament_cmake_args' from command line to 'None'
[20.952s] Level 5:colcon.colcon_core.verb:set package 'leg_controls' build argument 'catkin_cmake_args' from command line to 'None'
[20.952s] Level 5:colcon.colcon_core.verb:set package 'leg_controls' build argument 'catkin_skip_building_tests' from command line to 'False'
[20.952s] DEBUG:colcon.colcon_core.verb:Building package 'leg_controls' with the following arguments: {'ament_cmake_args': None, 'build_base': '/home/scott-pena/GitHub/RBE550-Quadruped/build/leg_controls', 'catkin_cmake_args': None, 'catkin_skip_building_tests': False, 'cmake_args': None, 'cmake_clean_cache': False, 'cmake_clean_first': False, 'cmake_force_configure': False, 'cmake_target': None, 'cmake_target_skip_unavailable': False, 'install_base': '/home/scott-pena/GitHub/RBE550-Quadruped/install/leg_controls', 'merge_install': False, 'path': '/home/scott-pena/GitHub/RBE550-Quadruped/src/leg_controls', 'symlink_install': False, 'test_result_base': None}
[20.952s] Level 5:colcon.colcon_core.verb:set package 'sensors' build argument 'cmake_args' from command line to 'None'
[20.952s] Level 5:colcon.colcon_core.verb:set package 'sensors' build argument 'cmake_target' from command line to 'None'
[20.952s] Level 5:colcon.colcon_core.verb:set package 'sensors' build argument 'cmake_target_skip_unavailable' from command line to 'False'
[20.952s] Level 5:colcon.colcon_core.verb:set package 'sensors' build argument 'cmake_clean_cache' from command line to 'False'
[20.952s] Level 5:colcon.colcon_core.verb:set package 'sensors' build argument 'cmake_clean_first' from command line to 'False'
[20.952s] Level 5:colcon.colcon_core.verb:set package 'sensors' build argument 'cmake_force_configure' from command line to 'False'
[20.952s] Level 5:colcon.colcon_core.verb:set package 'sensors' build argument 'ament_cmake_args' from command line to 'None'
[20.952s] Level 5:colcon.colcon_core.verb:set package 'sensors' build argument 'catkin_cmake_args' from command line to 'None'
[20.952s] Level 5:colcon.colcon_core.verb:set package 'sensors' build argument 'catkin_skip_building_tests' from command line to 'False'
[20.952s] DEBUG:colcon.colcon_core.verb:Building package 'sensors' with the following arguments: {'ament_cmake_args': None, 'build_base': '/home/scott-pena/GitHub/RBE550-Quadruped/build/sensors', 'catkin_cmake_args': None, 'catkin_skip_building_tests': False, 'cmake_args': None, 'cmake_clean_cache': False, 'cmake_clean_first': False, 'cmake_force_configure': False, 'cmake_target': None, 'cmake_target_skip_unavailable': False, 'install_base': '/home/scott-pena/GitHub/RBE550-Quadruped/install/sensors', 'merge_install': False, 'path': '/home/scott-pena/GitHub/RBE550-Quadruped/src/sensors', 'symlink_install': False, 'test_result_base': None}
[20.952s] INFO:colcon.colcon_core.executor:Executing jobs using 'parallel' executor
[20.953s] DEBUG:colcon.colcon_parallel_executor.executor.parallel:run_until_complete
[20.953s] INFO:colcon.colcon_ros.task.ament_cmake.build:Building ROS package in '/home/scott-pena/GitHub/RBE550-Quadruped/src/custom_interface' with build type 'ament_cmake'
[20.953s] INFO:colcon.colcon_cmake.task.cmake.build:Building CMake package in '/home/scott-pena/GitHub/RBE550-Quadruped/src/custom_interface'
[21.286s] INFO:colcon.colcon_core.plugin_system:Skipping extension 'colcon_core.shell.bat': Not used on non-Windows systems
[21.286s] INFO:colcon.colcon_core.shell:Skip shell extension 'powershell' for command environment: Not usable outside of PowerShell
[21.286s] DEBUG:colcon.colcon_core.shell:Skip shell extension 'dsv' for command environment
[21.323s] INFO:colcon.colcon_ros.task.ament_python.build:Building ROS package in '/home/scott-pena/GitHub/RBE550-Quadruped/src/center_of_mass' with build type 'ament_python'
[21.323s] Level 1:colcon.colcon_core.shell:create_environment_hook('center_of_mass', 'ament_prefix_path')
[21.323s] INFO:colcon.colcon_core.shell:Creating environment hook '/home/scott-pena/GitHub/RBE550-Quadruped/install/center_of_mass/share/center_of_mass/hook/ament_prefix_path.ps1'
[21.578s] INFO:colcon.colcon_core.shell:Creating environment descriptor '/home/scott-pena/GitHub/RBE550-Quadruped/install/center_of_mass/share/center_of_mass/hook/ament_prefix_path.dsv'
[21.582s] INFO:colcon.colcon_core.shell:Creating environment hook '/home/scott-pena/GitHub/RBE550-Quadruped/install/center_of_mass/share/center_of_mass/hook/ament_prefix_path.sh'
[21.585s] INFO:colcon.colcon_core.shell:Skip shell extension 'powershell' for command environment: Not usable outside of PowerShell
[21.585s] DEBUG:colcon.colcon_core.shell:Skip shell extension 'dsv' for command environment
[21.593s] INFO:colcon.colcon_ros.task.ament_python.build:Building ROS package in '/home/scott-pena/GitHub/RBE550-Quadruped/src/quadruped' with build type 'ament_python'
[21.593s] Level 1:colcon.colcon_core.shell:create_environment_hook('quadruped', 'ament_prefix_path')
[21.593s] INFO:colcon.colcon_core.shell:Creating environment hook '/home/scott-pena/GitHub/RBE550-Quadruped/install/quadruped/share/quadruped/hook/ament_prefix_path.ps1'
[21.598s] INFO:colcon.colcon_core.shell:Creating environment descriptor '/home/scott-pena/GitHub/RBE550-Quadruped/install/quadruped/share/quadruped/hook/ament_prefix_path.dsv'
[21.602s] INFO:colcon.colcon_core.shell:Creating environment hook '/home/scott-pena/GitHub/RBE550-Quadruped/install/quadruped/share/quadruped/hook/ament_prefix_path.sh'
[21.611s] INFO:colcon.colcon_core.shell:Skip shell extension 'powershell' for command environment: Not usable outside of PowerShell
[21.611s] DEBUG:colcon.colcon_core.shell:Skip shell extension 'dsv' for command environment
[21.618s] INFO:colcon.colcon_ros.task.ament_python.build:Building ROS package in '/home/scott-pena/GitHub/RBE550-Quadruped/src/robot_description' with build type 'ament_python'
[21.618s] Level 1:colcon.colcon_core.shell:create_environment_hook('robot_description', 'ament_prefix_path')
[21.618s] INFO:colcon.colcon_core.shell:Creating environment hook '/home/scott-pena/GitHub/RBE550-Quadruped/install/robot_description/share/robot_description/hook/ament_prefix_path.ps1'
[21.622s] INFO:colcon.colcon_core.shell:Creating environment descriptor '/home/scott-pena/GitHub/RBE550-Quadruped/install/robot_description/share/robot_description/hook/ament_prefix_path.dsv'
[21.625s] INFO:colcon.colcon_core.shell:Creating environment hook '/home/scott-pena/GitHub/RBE550-Quadruped/install/robot_description/share/robot_description/hook/ament_prefix_path.sh'
[21.627s] INFO:colcon.colcon_core.shell:Skip shell extension 'powershell' for command environment: Not usable outside of PowerShell
[21.627s] DEBUG:colcon.colcon_core.shell:Skip shell extension 'dsv' for command environment
[21.634s] INFO:colcon.colcon_ros.task.ament_python.build:Building ROS package in '/home/scott-pena/GitHub/RBE550-Quadruped/src/robot_sim' with build type 'ament_python'
[21.634s] Level 1:colcon.colcon_core.shell:create_environment_hook('robot_sim', 'ament_prefix_path')
[21.635s] INFO:colcon.colcon_core.shell:Creating environment hook '/home/scott-pena/GitHub/RBE550-Quadruped/install/robot_sim/share/robot_sim/hook/ament_prefix_path.ps1'
[21.637s] INFO:colcon.colcon_core.shell:Creating environment descriptor '/home/scott-pena/GitHub/RBE550-Quadruped/install/robot_sim/share/robot_sim/hook/ament_prefix_path.dsv'
[21.641s] INFO:colcon.colcon_core.shell:Creating environment hook '/home/scott-pena/GitHub/RBE550-Quadruped/install/robot_sim/share/robot_sim/hook/ament_prefix_path.sh'
[21.643s] INFO:colcon.colcon_core.shell:Skip shell extension 'powershell' for command environment: Not usable outside of PowerShell
[21.643s] DEBUG:colcon.colcon_core.shell:Skip shell extension 'dsv' for command environment
[22.009s] DEBUG:colcon.colcon_core.event_handler.log_command:Invoking command in '/home/scott-pena/GitHub/RBE550-Quadruped/build/custom_interface': CMAKE_PREFIX_PATH=${CMAKE_PREFIX_PATH}:/opt/ros/jazzy DEBUGINFOD_URLS=https://debuginfod.ubuntu.com /usr/bin/cmake --build /home/scott-pena/GitHub/RBE550-Quadruped/build/custom_interface -- -j24 -l24
[23.243s] INFO:colcon.colcon_core.task.python.build:Building Python package in '/home/scott-pena/GitHub/RBE550-Quadruped/src/center_of_mass'
[23.243s] INFO:colcon.colcon_core.shell:Skip shell extension 'powershell' for command environment: Not usable outside of PowerShell
[23.243s] DEBUG:colcon.colcon_core.shell:Skip shell extension 'dsv' for command environment
[23.659s] INFO:colcon.colcon_core.task.python.build:Building Python package in '/home/scott-pena/GitHub/RBE550-Quadruped/src/quadruped'
[23.659s] INFO:colcon.colcon_core.shell:Skip shell extension 'powershell' for command environment: Not usable outside of PowerShell
[23.659s] DEBUG:colcon.colcon_core.shell:Skip shell extension 'dsv' for command environment
[23.848s] INFO:colcon.colcon_core.task.python.build:Building Python package in '/home/scott-pena/GitHub/RBE550-Quadruped/src/robot_description'
[23.848s] INFO:colcon.colcon_core.shell:Skip shell extension 'powershell' for command environment: Not usable outside of PowerShell
[23.848s] DEBUG:colcon.colcon_core.shell:Skip shell extension 'dsv' for command environment
[24.062s] INFO:colcon.colcon_core.task.python.build:Building Python package in '/home/scott-pena/GitHub/RBE550-Quadruped/src/robot_sim'
[24.062s] INFO:colcon.colcon_core.shell:Skip shell extension 'powershell' for command environment: Not usable outside of PowerShell
[24.062s] DEBUG:colcon.colcon_core.shell:Skip shell extension 'dsv' for command environment
[24.286s] DEBUG:colcon.colcon_core.event_handler.log_command:Invoked command in '/home/scott-pena/GitHub/RBE550-Quadruped/build/custom_interface' returned '0': CMAKE_PREFIX_PATH=${CMAKE_PREFIX_PATH}:/opt/ros/jazzy DEBUGINFOD_URLS=https://debuginfod.ubuntu.com /usr/bin/cmake --build /home/scott-pena/GitHub/RBE550-Quadruped/build/custom_interface -- -j24 -l24
[24.366s] DEBUG:colcon.colcon_core.event_handler.log_command:Invoking command in '/home/scott-pena/GitHub/RBE550-Quadruped/build/custom_interface': CMAKE_PREFIX_PATH=${CMAKE_PREFIX_PATH}:/opt/ros/jazzy DEBUGINFOD_URLS=https://debuginfod.ubuntu.com /usr/bin/cmake --install /home/scott-pena/GitHub/RBE550-Quadruped/build/custom_interface
[24.512s] Level 1:colcon.colcon_core.environment:create_environment_scripts_only(custom_interface)
[24.513s] DEBUG:colcon.colcon_core.event_handler.log_command:Invoked command in '/home/scott-pena/GitHub/RBE550-Quadruped/build/custom_interface' returned '0': CMAKE_PREFIX_PATH=${CMAKE_PREFIX_PATH}:/opt/ros/jazzy DEBUGINFOD_URLS=https://debuginfod.ubuntu.com /usr/bin/cmake --install /home/scott-pena/GitHub/RBE550-Quadruped/build/custom_interface
[24.586s] Level 1:colcon.colcon_core.environment:checking '/home/scott-pena/GitHub/RBE550-Quadruped/install/custom_interface' for CMake module files
[24.587s] Level 1:colcon.colcon_core.environment:checking '/home/scott-pena/GitHub/RBE550-Quadruped/install/custom_interface' for CMake config files
[24.588s] Level 1:colcon.colcon_core.shell:create_environment_hook('custom_interface', 'cmake_prefix_path')
[24.588s] INFO:colcon.colcon_core.shell:Creating environment hook '/home/scott-pena/GitHub/RBE550-Quadruped/install/custom_interface/share/custom_interface/hook/cmake_prefix_path.ps1'
[24.588s] INFO:colcon.colcon_core.shell:Creating environment descriptor '/home/scott-pena/GitHub/RBE550-Quadruped/install/custom_interface/share/custom_interface/hook/cmake_prefix_path.dsv'
[24.589s] INFO:colcon.colcon_core.shell:Creating environment hook '/home/scott-pena/GitHub/RBE550-Quadruped/install/custom_interface/share/custom_interface/hook/cmake_prefix_path.sh'
[24.589s] Level 1:colcon.colcon_core.environment:checking '/home/scott-pena/GitHub/RBE550-Quadruped/install/custom_interface/lib'
[24.590s] Level 1:colcon.colcon_core.shell:create_environment_hook('custom_interface', 'ld_library_path_lib')
[24.590s] INFO:colcon.colcon_core.shell:Creating environment hook '/home/scott-pena/GitHub/RBE550-Quadruped/install/custom_interface/share/custom_interface/hook/ld_library_path_lib.ps1'
[24.590s] INFO:colcon.colcon_core.shell:Creating environment descriptor '/home/scott-pena/GitHub/RBE550-Quadruped/install/custom_interface/share/custom_interface/hook/ld_library_path_lib.dsv'
[24.590s] INFO:colcon.colcon_core.shell:Creating environment hook '/home/scott-pena/GitHub/RBE550-Quadruped/install/custom_interface/share/custom_interface/hook/ld_library_path_lib.sh'
[24.591s] Level 1:colcon.colcon_core.environment:checking '/home/scott-pena/GitHub/RBE550-Quadruped/install/custom_interface/bin'
[24.591s] Level 1:colcon.colcon_core.environment:checking '/home/scott-pena/GitHub/RBE550-Quadruped/install/custom_interface/lib/pkgconfig/custom_interface.pc'
[24.591s] Level 1:colcon.colcon_core.environment:checking '/home/scott-pena/GitHub/RBE550-Quadruped/install/custom_interface/lib/python3.12/site-packages'
[24.591s] Level 1:colcon.colcon_core.shell:create_environment_hook('custom_interface', 'pythonpath')
[24.591s] INFO:colcon.colcon_core.shell:Creating environment hook '/home/scott-pena/GitHub/RBE550-Quadruped/install/custom_interface/share/custom_interface/hook/pythonpath.ps1'
[24.592s] INFO:colcon.colcon_core.shell:Creating environment descriptor '/home/scott-pena/GitHub/RBE550-Quadruped/install/custom_interface/share/custom_interface/hook/pythonpath.dsv'
[24.592s] INFO:colcon.colcon_core.shell:Creating environment hook '/home/scott-pena/GitHub/RBE550-Quadruped/install/custom_interface/share/custom_interface/hook/pythonpath.sh'
[24.592s] Level 1:colcon.colcon_core.environment:checking '/home/scott-pena/GitHub/RBE550-Quadruped/install/custom_interface/bin'
[24.593s] INFO:colcon.colcon_core.shell:Creating package script '/home/scott-pena/GitHub/RBE550-Quadruped/install/custom_interface/share/custom_interface/package.ps1'
[24.603s] INFO:colcon.colcon_core.shell:Creating package descriptor '/home/scott-pena/GitHub/RBE550-Quadruped/install/custom_interface/share/custom_interface/package.dsv'
[24.605s] INFO:colcon.colcon_core.shell:Creating package script '/home/scott-pena/GitHub/RBE550-Quadruped/install/custom_interface/share/custom_interface/package.sh'
[24.606s] INFO:colcon.colcon_core.shell:Creating package script '/home/scott-pena/GitHub/RBE550-Quadruped/install/custom_interface/share/custom_interface/package.bash'
[24.607s] INFO:colcon.colcon_core.shell:Creating package script '/home/scott-pena/GitHub/RBE550-Quadruped/install/custom_interface/share/custom_interface/package.zsh'
[24.621s] Level 1:colcon.colcon_core.environment:create_file_with_runtime_dependencies(/home/scott-pena/GitHub/RBE550-Quadruped/install/custom_interface/share/colcon-core/packages/custom_interface)
[24.696s] Level 1:colcon.colcon_core.environment:create_environment_scripts_only(custom_interface)
[24.697s] Level 1:colcon.colcon_core.environment:checking '/home/scott-pena/GitHub/RBE550-Quadruped/install/custom_interface' for CMake module files
[24.697s] Level 1:colcon.colcon_core.environment:checking '/home/scott-pena/GitHub/RBE550-Quadruped/install/custom_interface' for CMake config files
[24.697s] Level 1:colcon.colcon_core.shell:create_environment_hook('custom_interface', 'cmake_prefix_path')
[24.697s] INFO:colcon.colcon_core.shell:Creating environment hook '/home/scott-pena/GitHub/RBE550-Quadruped/install/custom_interface/share/custom_interface/hook/cmake_prefix_path.ps1'
[24.698s] INFO:colcon.colcon_core.shell:Creating environment descriptor '/home/scott-pena/GitHub/RBE550-Quadruped/install/custom_interface/share/custom_interface/hook/cmake_prefix_path.dsv'
[24.698s] INFO:colcon.colcon_core.shell:Creating environment hook '/home/scott-pena/GitHub/RBE550-Quadruped/install/custom_interface/share/custom_interface/hook/cmake_prefix_path.sh'
[24.698s] Level 1:colcon.colcon_core.environment:checking '/home/scott-pena/GitHub/RBE550-Quadruped/install/custom_interface/lib'
[24.698s] Level 1:colcon.colcon_core.shell:create_environment_hook('custom_interface', 'ld_library_path_lib')
[24.698s] INFO:colcon.colcon_core.shell:Creating environment hook '/home/scott-pena/GitHub/RBE550-Quadruped/install/custom_interface/share/custom_interface/hook/ld_library_path_lib.ps1'
[24.699s] INFO:colcon.colcon_core.shell:Creating environment descriptor '/home/scott-pena/GitHub/RBE550-Quadruped/install/custom_interface/share/custom_interface/hook/ld_library_path_lib.dsv'
[24.699s] INFO:colcon.colcon_core.shell:Creating environment hook '/home/scott-pena/GitHub/RBE550-Quadruped/install/custom_interface/share/custom_interface/hook/ld_library_path_lib.sh'
[24.699s] Level 1:colcon.colcon_core.environment:checking '/home/scott-pena/GitHub/RBE550-Quadruped/install/custom_interface/bin'
[24.699s] Level 1:colcon.colcon_core.environment:checking '/home/scott-pena/GitHub/RBE550-Quadruped/install/custom_interface/lib/pkgconfig/custom_interface.pc'
[24.699s] Level 1:colcon.colcon_core.environment:checking '/home/scott-pena/GitHub/RBE550-Quadruped/install/custom_interface/lib/python3.12/site-packages'
[24.699s] Level 1:colcon.colcon_core.shell:create_environment_hook('custom_interface', 'pythonpath')
[24.700s] INFO:colcon.colcon_core.shell:Creating environment hook '/home/scott-pena/GitHub/RBE550-Quadruped/install/custom_interface/share/custom_interface/hook/pythonpath.ps1'
[24.700s] INFO:colcon.colcon_core.shell:Creating environment descriptor '/home/scott-pena/GitHub/RBE550-Quadruped/install/custom_interface/share/custom_interface/hook/pythonpath.dsv'
[24.700s] INFO:colcon.colcon_core.shell:Creating environment hook '/home/scott-pena/GitHub/RBE550-Quadruped/install/custom_interface/share/custom_interface/hook/pythonpath.sh'
[24.700s] Level 1:colcon.colcon_core.environment:checking '/home/scott-pena/GitHub/RBE550-Quadruped/install/custom_interface/bin'
[24.700s] INFO:colcon.colcon_core.shell:Creating package script '/home/scott-pena/GitHub/RBE550-Quadruped/install/custom_interface/share/custom_interface/package.ps1'
[24.701s] INFO:colcon.colcon_core.shell:Creating package descriptor '/home/scott-pena/GitHub/RBE550-Quadruped/install/custom_interface/share/custom_interface/package.dsv'
[24.701s] INFO:colcon.colcon_core.shell:Creating package script '/home/scott-pena/GitHub/RBE550-Quadruped/install/custom_interface/share/custom_interface/package.sh'
[24.702s] INFO:colcon.colcon_core.shell:Creating package script '/home/scott-pena/GitHub/RBE550-Quadruped/install/custom_interface/share/custom_interface/package.bash'
[24.702s] INFO:colcon.colcon_core.shell:Creating package script '/home/scott-pena/GitHub/RBE550-Quadruped/install/custom_interface/share/custom_interface/package.zsh'
[24.702s] Level 1:colcon.colcon_core.environment:create_file_with_runtime_dependencies(/home/scott-pena/GitHub/RBE550-Quadruped/install/custom_interface/share/colcon-core/packages/custom_interface)
[24.702s] INFO:colcon.colcon_ros.task.ament_python.build:Building ROS package in '/home/scott-pena/GitHub/RBE550-Quadruped/src/leg_controls' with build type 'ament_python'
[24.703s] Level 1:colcon.colcon_core.shell:create_environment_hook('leg_controls', 'ament_prefix_path')
[24.703s] INFO:colcon.colcon_core.shell:Creating environment hook '/home/scott-pena/GitHub/RBE550-Quadruped/install/leg_controls/share/leg_controls/hook/ament_prefix_path.ps1'
[24.703s] INFO:colcon.colcon_core.shell:Creating environment descriptor '/home/scott-pena/GitHub/RBE550-Quadruped/install/leg_controls/share/leg_controls/hook/ament_prefix_path.dsv'
[24.703s] INFO:colcon.colcon_core.shell:Creating environment hook '/home/scott-pena/GitHub/RBE550-Quadruped/install/leg_controls/share/leg_controls/hook/ament_prefix_path.sh'
[24.704s] INFO:colcon.colcon_core.shell:Skip shell extension 'powershell' for command environment: Not usable outside of PowerShell
[24.704s] DEBUG:colcon.colcon_core.shell:Skip shell extension 'dsv' for command environment
[24.706s] INFO:colcon.colcon_ros.task.ament_python.build:Building ROS package in '/home/scott-pena/GitHub/RBE550-Quadruped/src/sensors' with build type 'ament_python'
[24.706s] Level 1:colcon.colcon_core.shell:create_environment_hook('sensors', 'ament_prefix_path')
[24.706s] INFO:colcon.colcon_core.shell:Creating environment hook '/home/scott-pena/GitHub/RBE550-Quadruped/install/sensors/share/sensors/hook/ament_prefix_path.ps1'
[24.707s] INFO:colcon.colcon_core.shell:Creating environment descriptor '/home/scott-pena/GitHub/RBE550-Quadruped/install/sensors/share/sensors/hook/ament_prefix_path.dsv'
[24.715s] INFO:colcon.colcon_core.shell:Creating environment hook '/home/scott-pena/GitHub/RBE550-Quadruped/install/sensors/share/sensors/hook/ament_prefix_path.sh'
[24.716s] INFO:colcon.colcon_core.shell:Skip shell extension 'powershell' for command environment: Not usable outside of PowerShell
[24.716s] DEBUG:colcon.colcon_core.shell:Skip shell extension 'dsv' for command environment
[24.928s] INFO:colcon.colcon_core.task.python.build:Building Python package in '/home/scott-pena/GitHub/RBE550-Quadruped/src/leg_controls'
[24.928s] INFO:colcon.colcon_core.shell:Skip shell extension 'powershell' for command environment: Not usable outside of PowerShell
[24.928s] DEBUG:colcon.colcon_core.shell:Skip shell extension 'dsv' for command environment
[25.154s] INFO:colcon.colcon_core.task.python.build:Building Python package in '/home/scott-pena/GitHub/RBE550-Quadruped/src/sensors'
[25.154s] INFO:colcon.colcon_core.shell:Skip shell extension 'powershell' for command environment: Not usable outside of PowerShell
[25.154s] DEBUG:colcon.colcon_core.shell:Skip shell extension 'dsv' for command environment
[28.174s] DEBUG:colcon.colcon_core.event_handler.log_command:Invoking command in '/home/scott-pena/GitHub/RBE550-Quadruped/src/robot_sim': DEBUGINFOD_URLS=https://debuginfod.ubuntu.com PYTHONPATH=/home/scott-pena/GitHub/RBE550-Quadruped/build/robot_sim/prefix_override:/usr/lib/python3/dist-packages/colcon_core/task/python/colcon_distutils_commands:/home/scott-pena/GitHub/RBE550-Quadruped/install/robot_sim/lib/python3.12/site-packages:${PYTHONPATH} /usr/bin/python3 -W ignore:setup.py install is deprecated setup.py egg_info --egg-base ../../build/robot_sim build --build-base /home/scott-pena/GitHub/RBE550-Quadruped/build/robot_sim/build install --record /home/scott-pena/GitHub/RBE550-Quadruped/build/robot_sim/install.log --single-version-externally-managed install_data
[28.200s] DEBUG:colcon.colcon_core.event_handler.log_command:Invoking command in '/home/scott-pena/GitHub/RBE550-Quadruped/src/quadruped': DEBUGINFOD_URLS=https://debuginfod.ubuntu.com PYTHONPATH=/home/scott-pena/GitHub/RBE550-Quadruped/build/quadruped/prefix_override:/usr/lib/python3/dist-packages/colcon_core/task/python/colcon_distutils_commands:/home/scott-pena/GitHub/RBE550-Quadruped/install/quadruped/lib/python3.12/site-packages:${PYTHONPATH} /usr/bin/python3 -W ignore:setup.py install is deprecated setup.py egg_info --egg-base ../../build/quadruped build --build-base /home/scott-pena/GitHub/RBE550-Quadruped/build/quadruped/build install --record /home/scott-pena/GitHub/RBE550-Quadruped/build/quadruped/install.log --single-version-externally-managed install_data
[28.201s] DEBUG:colcon.colcon_core.event_handler.log_command:Invoking command in '/home/scott-pena/GitHub/RBE550-Quadruped/src/robot_description': DEBUGINFOD_URLS=https://debuginfod.ubuntu.com PYTHONPATH=/home/scott-pena/GitHub/RBE550-Quadruped/build/robot_description/prefix_override:/usr/lib/python3/dist-packages/colcon_core/task/python/colcon_distutils_commands:/home/scott-pena/GitHub/RBE550-Quadruped/install/robot_description/lib/python3.12/site-packages:${PYTHONPATH} /usr/bin/python3 -W ignore:setup.py install is deprecated setup.py egg_info --egg-base ../../build/robot_description build --build-base /home/scott-pena/GitHub/RBE550-Quadruped/build/robot_description/build install --record /home/scott-pena/GitHub/RBE550-Quadruped/build/robot_description/install.log --single-version-externally-managed install_data
[28.201s] DEBUG:colcon.colcon_core.event_handler.log_command:Invoking command in '/home/scott-pena/GitHub/RBE550-Quadruped/src/center_of_mass': DEBUGINFOD_URLS=https://debuginfod.ubuntu.com PYTHONPATH=/home/scott-pena/GitHub/RBE550-Quadruped/build/center_of_mass/prefix_override:/usr/lib/python3/dist-packages/colcon_core/task/python/colcon_distutils_commands:/home/scott-pena/GitHub/RBE550-Quadruped/install/center_of_mass/lib/python3.12/site-packages:${PYTHONPATH} /usr/bin/python3 -W ignore:setup.py install is deprecated setup.py egg_info --egg-base ../../build/center_of_mass build --build-base /home/scott-pena/GitHub/RBE550-Quadruped/build/center_of_mass/build install --record /home/scott-pena/GitHub/RBE550-Quadruped/build/center_of_mass/install.log --single-version-externally-managed install_data
[28.201s] DEBUG:colcon.colcon_core.event_handler.log_command:Invoking command in '/home/scott-pena/GitHub/RBE550-Quadruped/src/leg_controls': AMENT_PREFIX_PATH=/home/scott-pena/GitHub/RBE550-Quadruped/install/custom_interface:${AMENT_PREFIX_PATH} CMAKE_PREFIX_PATH=/home/scott-pena/GitHub/RBE550-Quadruped/install/custom_interface:${CMAKE_PREFIX_PATH} DEBUGINFOD_URLS=https://debuginfod.ubuntu.com LD_LIBRARY_PATH=/home/scott-pena/GitHub/RBE550-Quadruped/install/custom_interface/lib:${LD_LIBRARY_PATH} PYTHONPATH=/home/scott-pena/GitHub/RBE550-Quadruped/build/leg_controls/prefix_override:/usr/lib/python3/dist-packages/colcon_core/task/python/colcon_distutils_commands:/home/scott-pena/GitHub/RBE550-Quadruped/install/leg_controls/lib/python3.12/site-packages:/home/scott-pena/GitHub/RBE550-Quadruped/install/custom_interface/lib/python3.12/site-packages:${PYTHONPATH} /usr/bin/python3 -W ignore:setup.py install is deprecated setup.py egg_info --egg-base ../../build/leg_controls build --build-base /home/scott-pena/GitHub/RBE550-Quadruped/build/leg_controls/build install --record /home/scott-pena/GitHub/RBE550-Quadruped/build/leg_controls/install.log --single-version-externally-managed install_data
[28.202s] DEBUG:colcon.colcon_core.event_handler.log_command:Invoking command in '/home/scott-pena/GitHub/RBE550-Quadruped/src/sensors': AMENT_PREFIX_PATH=/home/scott-pena/GitHub/RBE550-Quadruped/install/custom_interface:${AMENT_PREFIX_PATH} CMAKE_PREFIX_PATH=/home/scott-pena/GitHub/RBE550-Quadruped/install/custom_interface:${CMAKE_PREFIX_PATH} DEBUGINFOD_URLS=https://debuginfod.ubuntu.com LD_LIBRARY_PATH=/home/scott-pena/GitHub/RBE550-Quadruped/install/custom_interface/lib:${LD_LIBRARY_PATH} PYTHONPATH=/home/scott-pena/GitHub/RBE550-Quadruped/build/sensors/prefix_override:/usr/lib/python3/dist-packages/colcon_core/task/python/colcon_distutils_commands:/home/scott-pena/GitHub/RBE550-Quadruped/install/sensors/lib/python3.12/site-packages:/home/scott-pena/GitHub/RBE550-Quadruped/install/custom_interface/lib/python3.12/site-packages:${PYTHONPATH} /usr/bin/python3 -W ignore:setup.py install is deprecated setup.py egg_info --egg-base ../../build/sensors build --build-base /home/scott-pena/GitHub/RBE550-Quadruped/build/sensors/build install --record /home/scott-pena/GitHub/RBE550-Quadruped/build/sensors/install.log --single-version-externally-managed install_data
[28.704s] Level 1:colcon.colcon_core.environment:checking '/home/scott-pena/GitHub/RBE550-Quadruped/install/robot_sim' for CMake module files
[28.705s] DEBUG:colcon.colcon_core.event_handler.log_command:Invoked command in '/home/scott-pena/GitHub/RBE550-Quadruped/src/robot_sim' returned '0': DEBUGINFOD_URLS=https://debuginfod.ubuntu.com PYTHONPATH=/home/scott-pena/GitHub/RBE550-Quadruped/build/robot_sim/prefix_override:/usr/lib/python3/dist-packages/colcon_core/task/python/colcon_distutils_commands:/home/scott-pena/GitHub/RBE550-Quadruped/install/robot_sim/lib/python3.12/site-packages:${PYTHONPATH} /usr/bin/python3 -W ignore:setup.py install is deprecated setup.py egg_info --egg-base ../../build/robot_sim build --build-base /home/scott-pena/GitHub/RBE550-Quadruped/build/robot_sim/build install --record /home/scott-pena/GitHub/RBE550-Quadruped/build/robot_sim/install.log --single-version-externally-managed install_data
[28.705s] Level 1:colcon.colcon_core.environment:checking '/home/scott-pena/GitHub/RBE550-Quadruped/install/robot_sim' for CMake config files
[28.705s] Level 1:colcon.colcon_core.environment:checking '/home/scott-pena/GitHub/RBE550-Quadruped/install/robot_sim/lib'
[28.705s] Level 1:colcon.colcon_core.environment:checking '/home/scott-pena/GitHub/RBE550-Quadruped/install/robot_sim/bin'
[28.706s] Level 1:colcon.colcon_core.environment:checking '/home/scott-pena/GitHub/RBE550-Quadruped/install/robot_sim/lib/pkgconfig/robot_sim.pc'
[28.706s] Level 1:colcon.colcon_core.environment:checking '/home/scott-pena/GitHub/RBE550-Quadruped/install/robot_sim/lib/python3.12/site-packages'
[28.706s] Level 1:colcon.colcon_core.shell:create_environment_hook('robot_sim', 'pythonpath')
[28.706s] INFO:colcon.colcon_core.shell:Creating environment hook '/home/scott-pena/GitHub/RBE550-Quadruped/install/robot_sim/share/robot_sim/hook/pythonpath.ps1'
[28.706s] INFO:colcon.colcon_core.shell:Creating environment descriptor '/home/scott-pena/GitHub/RBE550-Quadruped/install/robot_sim/share/robot_sim/hook/pythonpath.dsv'
[28.707s] INFO:colcon.colcon_core.shell:Creating environment hook '/home/scott-pena/GitHub/RBE550-Quadruped/install/robot_sim/share/robot_sim/hook/pythonpath.sh'
[28.707s] Level 1:colcon.colcon_core.environment:checking '/home/scott-pena/GitHub/RBE550-Quadruped/install/robot_sim/bin'
[28.707s] Level 1:colcon.colcon_core.environment:create_environment_scripts_only(robot_sim)
[28.707s] INFO:colcon.colcon_core.shell:Creating package script '/home/scott-pena/GitHub/RBE550-Quadruped/install/robot_sim/share/robot_sim/package.ps1'
[28.708s] INFO:colcon.colcon_core.shell:Creating package descriptor '/home/scott-pena/GitHub/RBE550-Quadruped/install/robot_sim/share/robot_sim/package.dsv'
[28.708s] INFO:colcon.colcon_core.shell:Creating package script '/home/scott-pena/GitHub/RBE550-Quadruped/install/robot_sim/share/robot_sim/package.sh'
[28.708s] INFO:colcon.colcon_core.shell:Creating package script '/home/scott-pena/GitHub/RBE550-Quadruped/install/robot_sim/share/robot_sim/package.bash'
[28.709s] INFO:colcon.colcon_core.shell:Creating package script '/home/scott-pena/GitHub/RBE550-Quadruped/install/robot_sim/share/robot_sim/package.zsh'
[28.709s] Level 1:colcon.colcon_core.environment:create_file_with_runtime_dependencies(/home/scott-pena/GitHub/RBE550-Quadruped/install/robot_sim/share/colcon-core/packages/robot_sim)
[28.756s] Level 1:colcon.colcon_core.environment:checking '/home/scott-pena/GitHub/RBE550-Quadruped/install/leg_controls' for CMake module files
[28.757s] DEBUG:colcon.colcon_core.event_handler.log_command:Invoked command in '/home/scott-pena/GitHub/RBE550-Quadruped/src/leg_controls' returned '0': AMENT_PREFIX_PATH=/home/scott-pena/GitHub/RBE550-Quadruped/install/custom_interface:${AMENT_PREFIX_PATH} CMAKE_PREFIX_PATH=/home/scott-pena/GitHub/RBE550-Quadruped/install/custom_interface:${CMAKE_PREFIX_PATH} DEBUGINFOD_URLS=https://debuginfod.ubuntu.com LD_LIBRARY_PATH=/home/scott-pena/GitHub/RBE550-Quadruped/install/custom_interface/lib:${LD_LIBRARY_PATH} PYTHONPATH=/home/scott-pena/GitHub/RBE550-Quadruped/build/leg_controls/prefix_override:/usr/lib/python3/dist-packages/colcon_core/task/python/colcon_distutils_commands:/home/scott-pena/GitHub/RBE550-Quadruped/install/leg_controls/lib/python3.12/site-packages:/home/scott-pena/GitHub/RBE550-Quadruped/install/custom_interface/lib/python3.12/site-packages:${PYTHONPATH} /usr/bin/python3 -W ignore:setup.py install is deprecated setup.py egg_info --egg-base ../../build/leg_controls build --build-base /home/scott-pena/GitHub/RBE550-Quadruped/build/leg_controls/build install --record /home/scott-pena/GitHub/RBE550-Quadruped/build/leg_controls/install.log --single-version-externally-managed install_data
[28.757s] Level 1:colcon.colcon_core.environment:checking '/home/scott-pena/GitHub/RBE550-Quadruped/install/leg_controls' for CMake config files
[28.758s] Level 1:colcon.colcon_core.environment:checking '/home/scott-pena/GitHub/RBE550-Quadruped/install/leg_controls/lib'
[28.758s] Level 1:colcon.colcon_core.environment:checking '/home/scott-pena/GitHub/RBE550-Quadruped/install/leg_controls/bin'
[28.758s] Level 1:colcon.colcon_core.environment:checking '/home/scott-pena/GitHub/RBE550-Quadruped/install/leg_controls/lib/pkgconfig/leg_controls.pc'
[28.758s] Level 1:colcon.colcon_core.environment:checking '/home/scott-pena/GitHub/RBE550-Quadruped/install/leg_controls/lib/python3.12/site-packages'
[28.759s] Level 1:colcon.colcon_core.shell:create_environment_hook('leg_controls', 'pythonpath')
[28.759s] INFO:colcon.colcon_core.shell:Creating environment hook '/home/scott-pena/GitHub/RBE550-Quadruped/install/leg_controls/share/leg_controls/hook/pythonpath.ps1'
[28.759s] INFO:colcon.colcon_core.shell:Creating environment descriptor '/home/scott-pena/GitHub/RBE550-Quadruped/install/leg_controls/share/leg_controls/hook/pythonpath.dsv'
[28.759s] INFO:colcon.colcon_core.shell:Creating environment hook '/home/scott-pena/GitHub/RBE550-Quadruped/install/leg_controls/share/leg_controls/hook/pythonpath.sh'
[28.760s] Level 1:colcon.colcon_core.environment:checking '/home/scott-pena/GitHub/RBE550-Quadruped/install/leg_controls/bin'
[28.760s] Level 1:colcon.colcon_core.environment:create_environment_scripts_only(leg_controls)
[28.760s] INFO:colcon.colcon_core.shell:Creating package script '/home/scott-pena/GitHub/RBE550-Quadruped/install/leg_controls/share/leg_controls/package.ps1'
[28.761s] INFO:colcon.colcon_core.shell:Creating package descriptor '/home/scott-pena/GitHub/RBE550-Quadruped/install/leg_controls/share/leg_controls/package.dsv'
[28.761s] INFO:colcon.colcon_core.shell:Creating package script '/home/scott-pena/GitHub/RBE550-Quadruped/install/leg_controls/share/leg_controls/package.sh'
[28.761s] INFO:colcon.colcon_core.shell:Creating package script '/home/scott-pena/GitHub/RBE550-Quadruped/install/leg_controls/share/leg_controls/package.bash'
[28.762s] INFO:colcon.colcon_core.shell:Creating package script '/home/scott-pena/GitHub/RBE550-Quadruped/install/leg_controls/share/leg_controls/package.zsh'
[28.762s] Level 1:colcon.colcon_core.environment:create_file_with_runtime_dependencies(/home/scott-pena/GitHub/RBE550-Quadruped/install/leg_controls/share/colcon-core/packages/leg_controls)
[28.763s] Level 1:colcon.colcon_core.environment:checking '/home/scott-pena/GitHub/RBE550-Quadruped/install/robot_description' for CMake module files
[28.763s] DEBUG:colcon.colcon_core.event_handler.log_command:Invoked command in '/home/scott-pena/GitHub/RBE550-Quadruped/src/robot_description' returned '0': DEBUGINFOD_URLS=https://debuginfod.ubuntu.com PYTHONPATH=/home/scott-pena/GitHub/RBE550-Quadruped/build/robot_description/prefix_override:/usr/lib/python3/dist-packages/colcon_core/task/python/colcon_distutils_commands:/home/scott-pena/GitHub/RBE550-Quadruped/install/robot_description/lib/python3.12/site-packages:${PYTHONPATH} /usr/bin/python3 -W ignore:setup.py install is deprecated setup.py egg_info --egg-base ../../build/robot_description build --build-base /home/scott-pena/GitHub/RBE550-Quadruped/build/robot_description/build install --record /home/scott-pena/GitHub/RBE550-Quadruped/build/robot_description/install.log --single-version-externally-managed install_data
[28.764s] Level 1:colcon.colcon_core.environment:checking '/home/scott-pena/GitHub/RBE550-Quadruped/install/robot_description' for CMake config files
[28.764s] Level 1:colcon.colcon_core.environment:checking '/home/scott-pena/GitHub/RBE550-Quadruped/install/robot_description/lib'
[28.764s] Level 1:colcon.colcon_core.environment:checking '/home/scott-pena/GitHub/RBE550-Quadruped/install/robot_description/bin'
[28.764s] Level 1:colcon.colcon_core.environment:checking '/home/scott-pena/GitHub/RBE550-Quadruped/install/robot_description/lib/pkgconfig/robot_description.pc'
[28.764s] Level 1:colcon.colcon_core.environment:checking '/home/scott-pena/GitHub/RBE550-Quadruped/install/robot_description/lib/python3.12/site-packages'
[28.765s] Level 1:colcon.colcon_core.shell:create_environment_hook('robot_description', 'pythonpath')
[28.765s] INFO:colcon.colcon_core.shell:Creating environment hook '/home/scott-pena/GitHub/RBE550-Quadruped/install/robot_description/share/robot_description/hook/pythonpath.ps1'
[28.765s] INFO:colcon.colcon_core.shell:Creating environment descriptor '/home/scott-pena/GitHub/RBE550-Quadruped/install/robot_description/share/robot_description/hook/pythonpath.dsv'
[28.765s] INFO:colcon.colcon_core.shell:Creating environment hook '/home/scott-pena/GitHub/RBE550-Quadruped/install/robot_description/share/robot_description/hook/pythonpath.sh'
[28.766s] Level 1:colcon.colcon_core.environment:checking '/home/scott-pena/GitHub/RBE550-Quadruped/install/robot_description/bin'
[28.766s] Level 1:colcon.colcon_core.environment:create_environment_scripts_only(robot_description)
[28.766s] INFO:colcon.colcon_core.shell:Creating package script '/home/scott-pena/GitHub/RBE550-Quadruped/install/robot_description/share/robot_description/package.ps1'
[28.766s] INFO:colcon.colcon_core.shell:Creating package descriptor '/home/scott-pena/GitHub/RBE550-Quadruped/install/robot_description/share/robot_description/package.dsv'
[28.767s] INFO:colcon.colcon_core.shell:Creating package script '/home/scott-pena/GitHub/RBE550-Quadruped/install/robot_description/share/robot_description/package.sh'
[28.767s] INFO:colcon.colcon_core.shell:Creating package script '/home/scott-pena/GitHub/RBE550-Quadruped/install/robot_description/share/robot_description/package.bash'
[28.767s] INFO:colcon.colcon_core.shell:Creating package script '/home/scott-pena/GitHub/RBE550-Quadruped/install/robot_description/share/robot_description/package.zsh'
[28.768s] Level 1:colcon.colcon_core.environment:create_file_with_runtime_dependencies(/home/scott-pena/GitHub/RBE550-Quadruped/install/robot_description/share/colcon-core/packages/robot_description)
[28.768s] Level 1:colcon.colcon_core.environment:checking '/home/scott-pena/GitHub/RBE550-Quadruped/install/center_of_mass' for CMake module files
[28.769s] DEBUG:colcon.colcon_core.event_handler.log_command:Invoked command in '/home/scott-pena/GitHub/RBE550-Quadruped/src/center_of_mass' returned '0': DEBUGINFOD_URLS=https://debuginfod.ubuntu.com PYTHONPATH=/home/scott-pena/GitHub/RBE550-Quadruped/build/center_of_mass/prefix_override:/usr/lib/python3/dist-packages/colcon_core/task/python/colcon_distutils_commands:/home/scott-pena/GitHub/RBE550-Quadruped/install/center_of_mass/lib/python3.12/site-packages:${PYTHONPATH} /usr/bin/python3 -W ignore:setup.py install is deprecated setup.py egg_info --egg-base ../../build/center_of_mass build --build-base /home/scott-pena/GitHub/RBE550-Quadruped/build/center_of_mass/build install --record /home/scott-pena/GitHub/RBE550-Quadruped/build/center_of_mass/install.log --single-version-externally-managed install_data
[28.769s] Level 1:colcon.colcon_core.environment:checking '/home/scott-pena/GitHub/RBE550-Quadruped/install/center_of_mass' for CMake config files
[28.769s] Level 1:colcon.colcon_core.environment:checking '/home/scott-pena/GitHub/RBE550-Quadruped/install/center_of_mass/lib'
[28.769s] Level 1:colcon.colcon_core.environment:checking '/home/scott-pena/GitHub/RBE550-Quadruped/install/center_of_mass/bin'
[28.770s] Level 1:colcon.colcon_core.environment:checking '/home/scott-pena/GitHub/RBE550-Quadruped/install/center_of_mass/lib/pkgconfig/center_of_mass.pc'
[28.770s] Level 1:colcon.colcon_core.environment:checking '/home/scott-pena/GitHub/RBE550-Quadruped/install/center_of_mass/lib/python3.12/site-packages'
[28.770s] Level 1:colcon.colcon_core.shell:create_environment_hook('center_of_mass', 'pythonpath')
[28.770s] INFO:colcon.colcon_core.shell:Creating environment hook '/home/scott-pena/GitHub/RBE550-Quadruped/install/center_of_mass/share/center_of_mass/hook/pythonpath.ps1'
[28.770s] INFO:colcon.colcon_core.shell:Creating environment descriptor '/home/scott-pena/GitHub/RBE550-Quadruped/install/center_of_mass/share/center_of_mass/hook/pythonpath.dsv'
[28.771s] INFO:colcon.colcon_core.shell:Creating environment hook '/home/scott-pena/GitHub/RBE550-Quadruped/install/center_of_mass/share/center_of_mass/hook/pythonpath.sh'
[28.771s] Level 1:colcon.colcon_core.environment:checking '/home/scott-pena/GitHub/RBE550-Quadruped/install/center_of_mass/bin'
[28.771s] Level 1:colcon.colcon_core.environment:create_environment_scripts_only(center_of_mass)
[28.771s] INFO:colcon.colcon_core.shell:Creating package script '/home/scott-pena/GitHub/RBE550-Quadruped/install/center_of_mass/share/center_of_mass/package.ps1'
[28.772s] INFO:colcon.colcon_core.shell:Creating package descriptor '/home/scott-pena/GitHub/RBE550-Quadruped/install/center_of_mass/share/center_of_mass/package.dsv'
[28.772s] INFO:colcon.colcon_core.shell:Creating package script '/home/scott-pena/GitHub/RBE550-Quadruped/install/center_of_mass/share/center_of_mass/package.sh'
[28.772s] INFO:colcon.colcon_core.shell:Creating package script '/home/scott-pena/GitHub/RBE550-Quadruped/install/center_of_mass/share/center_of_mass/package.bash'
[28.773s] INFO:colcon.colcon_core.shell:Creating package script '/home/scott-pena/GitHub/RBE550-Quadruped/install/center_of_mass/share/center_of_mass/package.zsh'
[28.773s] Level 1:colcon.colcon_core.environment:create_file_with_runtime_dependencies(/home/scott-pena/GitHub/RBE550-Quadruped/install/center_of_mass/share/colcon-core/packages/center_of_mass)
[28.777s] Level 1:colcon.colcon_core.environment:checking '/home/scott-pena/GitHub/RBE550-Quadruped/install/quadruped' for CMake module files
[28.777s] DEBUG:colcon.colcon_core.event_handler.log_command:Invoked command in '/home/scott-pena/GitHub/RBE550-Quadruped/src/quadruped' returned '0': DEBUGINFOD_URLS=https://debuginfod.ubuntu.com PYTHONPATH=/home/scott-pena/GitHub/RBE550-Quadruped/build/quadruped/prefix_override:/usr/lib/python3/dist-packages/colcon_core/task/python/colcon_distutils_commands:/home/scott-pena/GitHub/RBE550-Quadruped/install/quadruped/lib/python3.12/site-packages:${PYTHONPATH} /usr/bin/python3 -W ignore:setup.py install is deprecated setup.py egg_info --egg-base ../../build/quadruped build --build-base /home/scott-pena/GitHub/RBE550-Quadruped/build/quadruped/build install --record /home/scott-pena/GitHub/RBE550-Quadruped/build/quadruped/install.log --single-version-externally-managed install_data
[28.777s] Level 1:colcon.colcon_core.environment:checking '/home/scott-pena/GitHub/RBE550-Quadruped/install/quadruped' for CMake config files
[28.778s] Level 1:colcon.colcon_core.environment:checking '/home/scott-pena/GitHub/RBE550-Quadruped/install/quadruped/lib'
[28.778s] Level 1:colcon.colcon_core.environment:checking '/home/scott-pena/GitHub/RBE550-Quadruped/install/quadruped/bin'
[28.778s] Level 1:colcon.colcon_core.environment:checking '/home/scott-pena/GitHub/RBE550-Quadruped/install/quadruped/lib/pkgconfig/quadruped.pc'
[28.778s] Level 1:colcon.colcon_core.environment:checking '/home/scott-pena/GitHub/RBE550-Quadruped/install/quadruped/lib/python3.12/site-packages'
[28.778s] Level 1:colcon.colcon_core.shell:create_environment_hook('quadruped', 'pythonpath')
[28.778s] INFO:colcon.colcon_core.shell:Creating environment hook '/home/scott-pena/GitHub/RBE550-Quadruped/install/quadruped/share/quadruped/hook/pythonpath.ps1'
[28.779s] INFO:colcon.colcon_core.shell:Creating environment descriptor '/home/scott-pena/GitHub/RBE550-Quadruped/install/quadruped/share/quadruped/hook/pythonpath.dsv'
[28.779s] INFO:colcon.colcon_core.shell:Creating environment hook '/home/scott-pena/GitHub/RBE550-Quadruped/install/quadruped/share/quadruped/hook/pythonpath.sh'
[28.780s] Level 1:colcon.colcon_core.environment:checking '/home/scott-pena/GitHub/RBE550-Quadruped/install/quadruped/bin'
[28.780s] Level 1:colcon.colcon_core.environment:create_environment_scripts_only(quadruped)
[28.780s] INFO:colcon.colcon_core.shell:Creating package script '/home/scott-pena/GitHub/RBE550-Quadruped/install/quadruped/share/quadruped/package.ps1'
[28.780s] INFO:colcon.colcon_core.shell:Creating package descriptor '/home/scott-pena/GitHub/RBE550-Quadruped/install/quadruped/share/quadruped/package.dsv'
[28.781s] INFO:colcon.colcon_core.shell:Creating package script '/home/scott-pena/GitHub/RBE550-Quadruped/install/quadruped/share/quadruped/package.sh'
[28.781s] INFO:colcon.colcon_core.shell:Creating package script '/home/scott-pena/GitHub/RBE550-Quadruped/install/quadruped/share/quadruped/package.bash'
[28.781s] INFO:colcon.colcon_core.shell:Creating package script '/home/scott-pena/GitHub/RBE550-Quadruped/install/quadruped/share/quadruped/package.zsh'
[28.782s] Level 1:colcon.colcon_core.environment:create_file_with_runtime_dependencies(/home/scott-pena/GitHub/RBE550-Quadruped/install/quadruped/share/colcon-core/packages/quadruped)
[28.785s] Level 1:colcon.colcon_core.environment:checking '/home/scott-pena/GitHub/RBE550-Quadruped/install/sensors' for CMake module files
[28.786s] DEBUG:colcon.colcon_core.event_handler.log_command:Invoked command in '/home/scott-pena/GitHub/RBE550-Quadruped/src/sensors' returned '0': AMENT_PREFIX_PATH=/home/scott-pena/GitHub/RBE550-Quadruped/install/custom_interface:${AMENT_PREFIX_PATH} CMAKE_PREFIX_PATH=/home/scott-pena/GitHub/RBE550-Quadruped/install/custom_interface:${CMAKE_PREFIX_PATH} DEBUGINFOD_URLS=https://debuginfod.ubuntu.com LD_LIBRARY_PATH=/home/scott-pena/GitHub/RBE550-Quadruped/install/custom_interface/lib:${LD_LIBRARY_PATH} PYTHONPATH=/home/scott-pena/GitHub/RBE550-Quadruped/build/sensors/prefix_override:/usr/lib/python3/dist-packages/colcon_core/task/python/colcon_distutils_commands:/home/scott-pena/GitHub/RBE550-Quadruped/install/sensors/lib/python3.12/site-packages:/home/scott-pena/GitHub/RBE550-Quadruped/install/custom_interface/lib/python3.12/site-packages:${PYTHONPATH} /usr/bin/python3 -W ignore:setup.py install is deprecated setup.py egg_info --egg-base ../../build/sensors build --build-base /home/scott-pena/GitHub/RBE550-Quadruped/build/sensors/build install --record /home/scott-pena/GitHub/RBE550-Quadruped/build/sensors/install.log --single-version-externally-managed install_data
[28.786s] Level 1:colcon.colcon_core.environment:checking '/home/scott-pena/GitHub/RBE550-Quadruped/install/sensors' for CMake config files
[28.786s] Level 1:colcon.colcon_core.environment:checking '/home/scott-pena/GitHub/RBE550-Quadruped/install/sensors/lib'
[28.786s] Level 1:colcon.colcon_core.environment:checking '/home/scott-pena/GitHub/RBE550-Quadruped/install/sensors/bin'
[28.786s] Level 1:colcon.colcon_core.environment:checking '/home/scott-pena/GitHub/RBE550-Quadruped/install/sensors/lib/pkgconfig/sensors.pc'
[28.786s] Level 1:colcon.colcon_core.environment:checking '/home/scott-pena/GitHub/RBE550-Quadruped/install/sensors/lib/python3.12/site-packages'
[28.787s] Level 1:colcon.colcon_core.shell:create_environment_hook('sensors', 'pythonpath')
[28.787s] INFO:colcon.colcon_core.shell:Creating environment hook '/home/scott-pena/GitHub/RBE550-Quadruped/install/sensors/share/sensors/hook/pythonpath.ps1'
[28.787s] INFO:colcon.colcon_core.shell:Creating environment descriptor '/home/scott-pena/GitHub/RBE550-Quadruped/install/sensors/share/sensors/hook/pythonpath.dsv'
[28.787s] INFO:colcon.colcon_core.shell:Creating environment hook '/home/scott-pena/GitHub/RBE550-Quadruped/install/sensors/share/sensors/hook/pythonpath.sh'
[28.787s] Level 1:colcon.colcon_core.environment:checking '/home/scott-pena/GitHub/RBE550-Quadruped/install/sensors/bin'
[28.788s] Level 1:colcon.colcon_core.environment:create_environment_scripts_only(sensors)
[28.788s] INFO:colcon.colcon_core.shell:Creating package script '/home/scott-pena/GitHub/RBE550-Quadruped/install/sensors/share/sensors/package.ps1'
[28.788s] INFO:colcon.colcon_core.shell:Creating package descriptor '/home/scott-pena/GitHub/RBE550-Quadruped/install/sensors/share/sensors/package.dsv'
[28.788s] INFO:colcon.colcon_core.shell:Creating package script '/home/scott-pena/GitHub/RBE550-Quadruped/install/sensors/share/sensors/package.sh'
[28.789s] INFO:colcon.colcon_core.shell:Creating package script '/home/scott-pena/GitHub/RBE550-Quadruped/install/sensors/share/sensors/package.bash'
[28.789s] INFO:colcon.colcon_core.shell:Creating package script '/home/scott-pena/GitHub/RBE550-Quadruped/install/sensors/share/sensors/package.zsh'
[28.789s] Level 1:colcon.colcon_core.environment:create_file_with_runtime_dependencies(/home/scott-pena/GitHub/RBE550-Quadruped/install/sensors/share/colcon-core/packages/sensors)
[28.789s] DEBUG:colcon.colcon_parallel_executor.executor.parallel:closing loop
[28.789s] DEBUG:colcon.colcon_parallel_executor.executor.parallel:loop closed
[28.789s] DEBUG:colcon.colcon_parallel_executor.executor.parallel:run_until_complete finished with '0'
[28.789s] DEBUG:colcon.colcon_core.event_reactor:joining thread
[28.810s] INFO:colcon.colcon_core.plugin_system:Skipping extension 'colcon_notification.desktop_notification.terminal_notifier': Not used on non-Darwin systems
[28.810s] INFO:colcon.colcon_core.plugin_system:Skipping extension 'colcon_notification.desktop_notification.win32': Not used on non-Windows systems
[28.810s] INFO:colcon.colcon_notification.desktop_notification:Sending desktop notification using 'notify2'
[28.842s] DEBUG:colcon.colcon_core.event_reactor:joined thread
[28.842s] INFO:colcon.colcon_core.shell:Creating prefix script '/home/scott-pena/GitHub/RBE550-Quadruped/install/local_setup.ps1'
[28.851s] INFO:colcon.colcon_core.shell:Creating prefix util module '/home/scott-pena/GitHub/RBE550-Quadruped/install/_local_setup_util_ps1.py'
[28.861s] INFO:colcon.colcon_core.shell:Creating prefix chain script '/home/scott-pena/GitHub/RBE550-Quadruped/install/setup.ps1'
[28.862s] INFO:colcon.colcon_core.shell:Creating prefix script '/home/scott-pena/GitHub/RBE550-Quadruped/install/local_setup.sh'
[28.863s] INFO:colcon.colcon_core.shell:Creating prefix util module '/home/scott-pena/GitHub/RBE550-Quadruped/install/_local_setup_util_sh.py'
[28.863s] INFO:colcon.colcon_core.shell:Creating prefix chain script '/home/scott-pena/GitHub/RBE550-Quadruped/install/setup.sh'
[28.864s] INFO:colcon.colcon_core.shell:Creating prefix script '/home/scott-pena/GitHub/RBE550-Quadruped/install/local_setup.bash'
[28.867s] INFO:colcon.colcon_core.shell:Creating prefix chain script '/home/scott-pena/GitHub/RBE550-Quadruped/install/setup.bash'
[28.868s] INFO:colcon.colcon_core.shell:Creating prefix script '/home/scott-pena/GitHub/RBE550-Quadruped/install/local_setup.zsh'
[28.891s] INFO:colcon.colcon_core.shell:Creating prefix chain script '/home/scott-pena/GitHub/RBE550-Quadruped/install/setup.zsh'
