[2.227s] Invoking command in '/home/jarothenberg/Documents/GitHub/RBE550-Quadruped/src/quadruped': DEBUGINFOD_URLS=https://debuginfod.ubuntu.com PYTHONPATH=/home/jarothenberg/Documents/GitHub/RBE550-Quadruped/build/quadruped/prefix_override:/usr/lib/python3/dist-packages/colcon_core/task/python/colcon_distutils_commands:/home/jarothenberg/Documents/GitHub/RBE550-Quadruped/install/quadruped/lib/python3.12/site-packages:${PYTHONPATH} /usr/bin/python3 -W ignore:setup.py install is deprecated -W ignore:easy_install command is deprecated setup.py egg_info --egg-base ../../build/quadruped build --build-base /home/jarothenberg/Documents/GitHub/RBE550-Quadruped/build/quadruped/build install --record /home/jarothenberg/Documents/GitHub/RBE550-Quadruped/build/quadruped/install.log --single-version-externally-managed install_data
[2.648s] running egg_info
[2.678s] writing ../../build/quadruped/quadruped.egg-info/PKG-INFO
[2.679s] writing dependency_links to ../../build/quadruped/quadruped.egg-info/dependency_links.txt
[2.679s] writing entry points to ../../build/quadruped/quadruped.egg-info/entry_points.txt
[2.679s] writing requirements to ../../build/quadruped/quadruped.egg-info/requires.txt
[2.679s] writing top-level names to ../../build/quadruped/quadruped.egg-info/top_level.txt
[2.741s] reading manifest file '../../build/quadruped/quadruped.egg-info/SOURCES.txt'
[2.742s] adding license file 'LICENSE'
[2.742s] writing manifest file '../../build/quadruped/quadruped.egg-info/SOURCES.txt'
[2.742s] running build
[2.743s] running build_py
[2.743s] running install
[2.753s] running install_lib
[2.784s] running install_data
[2.784s] running install_egg_info
[2.817s] removing '/home/jarothenberg/Documents/GitHub/RBE550-Quadruped/install/quadruped/lib/python3.12/site-packages/quadruped-0.0.0-py3.12.egg-info' (and everything under it)
[2.817s] Copying ../../build/quadruped/quadruped.egg-info to /home/jarothenberg/Documents/GitHub/RBE550-Quadruped/install/quadruped/lib/python3.12/site-packages/quadruped-0.0.0-py3.12.egg-info
[2.818s] running install_scripts
[3.021s] Installing quadruped script to /home/jarothenberg/Documents/GitHub/RBE550-Quadruped/install/quadruped/lib/quadruped
[3.021s] writing list of installed files to '/home/jarothenberg/Documents/GitHub/RBE550-Quadruped/build/quadruped/install.log'
