[1.268s] Invoking command in '/home/scott-pena/GitHub/RBE550-Quadruped/src/leg_controls': DEBUGINFOD_URLS=https://debuginfod.ubuntu.com PYTHONPATH=/home/scott-pena/GitHub/RBE550-Quadruped/build/leg_controls/prefix_override:/usr/lib/python3/dist-packages/colcon_core/task/python/colcon_distutils_commands:/home/scott-pena/GitHub/RBE550-Quadruped/install/leg_controls/lib/python3.12/site-packages:/home/scott-pena/GitHub/RBE550-Quadruped/install/custom_interface/lib/python3.12/site-packages:/home/scott-pena/GitHub/RBE550-Quadruped/install/sensors/lib/python3.12/site-packages:/home/scott-pena/GitHub/RBE550-Quadruped/install/robot_sim/lib/python3.12/site-packages:/home/scott-pena/GitHub/RBE550-Quadruped/install/robot_description/lib/python3.12/site-packages:/home/scott-pena/GitHub/RBE550-Quadruped/install/quadruped/lib/python3.12/site-packages:/home/scott-pena/GitHub/RBE550-Quadruped/install/py_pubsub/lib/python3.12/site-packages:/home/scott-pena/GitHub/RBE550-Quadruped/install/leg_controls/lib/python3.12/site-packages:/home/scott-pena/GitHub/RBE550-Quadruped/install/center_of_mass/lib/python3.12/site-packages:/opt/ros/jazzy/lib/python3.12/site-packages /usr/bin/python3 -W ignore:setup.py install is deprecated setup.py egg_info --egg-base ../../build/leg_controls build --build-base /home/scott-pena/GitHub/RBE550-Quadruped/build/leg_controls/build install --record /home/scott-pena/GitHub/RBE550-Quadruped/build/leg_controls/install.log --single-version-externally-managed install_data
[1.601s] running egg_info
[1.630s] writing ../../build/leg_controls/leg_controls.egg-info/PKG-INFO
[1.630s] writing dependency_links to ../../build/leg_controls/leg_controls.egg-info/dependency_links.txt
[1.631s] writing entry points to ../../build/leg_controls/leg_controls.egg-info/entry_points.txt
[1.631s] writing requirements to ../../build/leg_controls/leg_controls.egg-info/requires.txt
[1.631s] writing top-level names to ../../build/leg_controls/leg_controls.egg-info/top_level.txt
[1.690s] reading manifest file '../../build/leg_controls/leg_controls.egg-info/SOURCES.txt'
[1.690s] adding license file 'LICENSE'
[1.690s] writing manifest file '../../build/leg_controls/leg_controls.egg-info/SOURCES.txt'
[1.690s] running build
[1.691s] running build_py
[1.691s] running install
[1.697s] running install_lib
[1.727s] running install_data
[1.727s] running install_egg_info
[1.757s] removing '/home/scott-pena/GitHub/RBE550-Quadruped/install/leg_controls/lib/python3.12/site-packages/leg_controls-0.0.0-py3.12.egg-info' (and everything under it)
[1.757s] Copying ../../build/leg_controls/leg_controls.egg-info to /home/scott-pena/GitHub/RBE550-Quadruped/install/leg_controls/lib/python3.12/site-packages/leg_controls-0.0.0-py3.12.egg-info
[1.758s] running install_scripts
[1.938s] Installing FrontLeftLeg script to /home/scott-pena/GitHub/RBE550-Quadruped/install/leg_controls/lib/leg_controls
[1.938s] Installing FrontRightLeg script to /home/scott-pena/GitHub/RBE550-Quadruped/install/leg_controls/lib/leg_controls
[1.938s] Installing RearLeftLeg script to /home/scott-pena/GitHub/RBE550-Quadruped/install/leg_controls/lib/leg_controls
[1.938s] Installing RearRightLeg script to /home/scott-pena/GitHub/RBE550-Quadruped/install/leg_controls/lib/leg_controls
[1.938s] Installing gait script to /home/scott-pena/GitHub/RBE550-Quadruped/install/leg_controls/lib/leg_controls
[1.938s] Installing leg_init script to /home/scott-pena/GitHub/RBE550-Quadruped/install/leg_controls/lib/leg_controls
[1.938s] Installing test_ik script to /home/scott-pena/GitHub/RBE550-Quadruped/install/leg_controls/lib/leg_controls
[1.939s] Installing test_movement script to /home/scott-pena/GitHub/RBE550-Quadruped/install/leg_controls/lib/leg_controls
[1.939s] writing list of installed files to '/home/scott-pena/GitHub/RBE550-Quadruped/build/leg_controls/install.log'
[1.960s] Invoked command in '/home/scott-pena/GitHub/RBE550-Quadruped/src/leg_controls' returned '0': DEBUGINFOD_URLS=https://debuginfod.ubuntu.com PYTHONPATH=/home/scott-pena/GitHub/RBE550-Quadruped/build/leg_controls/prefix_override:/usr/lib/python3/dist-packages/colcon_core/task/python/colcon_distutils_commands:/home/scott-pena/GitHub/RBE550-Quadruped/install/leg_controls/lib/python3.12/site-packages:/home/scott-pena/GitHub/RBE550-Quadruped/install/custom_interface/lib/python3.12/site-packages:/home/scott-pena/GitHub/RBE550-Quadruped/install/sensors/lib/python3.12/site-packages:/home/scott-pena/GitHub/RBE550-Quadruped/install/robot_sim/lib/python3.12/site-packages:/home/scott-pena/GitHub/RBE550-Quadruped/install/robot_description/lib/python3.12/site-packages:/home/scott-pena/GitHub/RBE550-Quadruped/install/quadruped/lib/python3.12/site-packages:/home/scott-pena/GitHub/RBE550-Quadruped/install/py_pubsub/lib/python3.12/site-packages:/home/scott-pena/GitHub/RBE550-Quadruped/install/leg_controls/lib/python3.12/site-packages:/home/scott-pena/GitHub/RBE550-Quadruped/install/center_of_mass/lib/python3.12/site-packages:/opt/ros/jazzy/lib/python3.12/site-packages /usr/bin/python3 -W ignore:setup.py install is deprecated setup.py egg_info --egg-base ../../build/leg_controls build --build-base /home/scott-pena/GitHub/RBE550-Quadruped/build/leg_controls/build install --record /home/scott-pena/GitHub/RBE550-Quadruped/build/leg_controls/install.log --single-version-externally-managed install_data
