[0.019s] Invoking command in '/home/sbpena01/GitHub/RBE550-Quadruped/build/controls': CMAKE_PREFIX_PATH=/home/sbpena01/GitHub/RBE550-Quadruped/src/install/controls:/home/sbpena01/GitHub/RBE550-Quadruped/install/controls:/home/sbpena01/GitHub/RBE550-Quadruped/src/install/control:/opt/ros/jazzy/opt/gz_sim_vendor:/opt/ros/jazzy/opt/gz_sensors_vendor:/opt/ros/jazzy/opt/gz_physics_vendor:/opt/ros/jazzy/opt/sdformat_vendor:/opt/ros/jazzy/opt/gz_gui_vendor:/opt/ros/jazzy/opt/gz_transport_vendor:/opt/ros/jazzy/opt/gz_rendering_vendor:/opt/ros/jazzy/opt/gz_plugin_vendor:/opt/ros/jazzy/opt/gz_fuel_tools_vendor:/opt/ros/jazzy/opt/gz_msgs_vendor:/opt/ros/jazzy/opt/gz_common_vendor:/opt/ros/jazzy/opt/gz_math_vendor:/opt/ros/jazzy/opt/gz_utils_vendor:/opt/ros/jazzy/opt/gz_tools_vendor:/opt/ros/jazzy/opt/gz_ogre_next_vendor:/opt/ros/jazzy/opt/gz_dartsim_vendor:/opt/ros/jazzy/opt/gz_cmake_vendor:/opt/ros/jazzy:/home/sbpena01/GitHub/RBE521-Quadruped-Robot/devel DEBUGINFOD_URLS=https://debuginfod.ubuntu.com /usr/bin/cmake --build /home/sbpena01/GitHub/RBE550-Quadruped/build/controls -- -j12 -l12
[0.079s] [ 16%] [32mBuilding CXX object CMakeFiles/ros_test.dir/src/ros_test.cpp.o[0m
[0.090s] [ 50%] Built target talker
[0.092s] [ 83%] Built target listener
[0.122s] [100%] [32m[1mLinking CXX executable ros_test[0m
[0.170s] [100%] Built target ros_test
[0.182s] Invoked command in '/home/sbpena01/GitHub/RBE550-Quadruped/build/controls' returned '0': CMAKE_PREFIX_PATH=/home/sbpena01/GitHub/RBE550-Quadruped/src/install/controls:/home/sbpena01/GitHub/RBE550-Quadruped/install/controls:/home/sbpena01/GitHub/RBE550-Quadruped/src/install/control:/opt/ros/jazzy/opt/gz_sim_vendor:/opt/ros/jazzy/opt/gz_sensors_vendor:/opt/ros/jazzy/opt/gz_physics_vendor:/opt/ros/jazzy/opt/sdformat_vendor:/opt/ros/jazzy/opt/gz_gui_vendor:/opt/ros/jazzy/opt/gz_transport_vendor:/opt/ros/jazzy/opt/gz_rendering_vendor:/opt/ros/jazzy/opt/gz_plugin_vendor:/opt/ros/jazzy/opt/gz_fuel_tools_vendor:/opt/ros/jazzy/opt/gz_msgs_vendor:/opt/ros/jazzy/opt/gz_common_vendor:/opt/ros/jazzy/opt/gz_math_vendor:/opt/ros/jazzy/opt/gz_utils_vendor:/opt/ros/jazzy/opt/gz_tools_vendor:/opt/ros/jazzy/opt/gz_ogre_next_vendor:/opt/ros/jazzy/opt/gz_dartsim_vendor:/opt/ros/jazzy/opt/gz_cmake_vendor:/opt/ros/jazzy:/home/sbpena01/GitHub/RBE521-Quadruped-Robot/devel DEBUGINFOD_URLS=https://debuginfod.ubuntu.com /usr/bin/cmake --build /home/sbpena01/GitHub/RBE550-Quadruped/build/controls -- -j12 -l12
[0.255s] Invoking command in '/home/sbpena01/GitHub/RBE550-Quadruped/build/controls': CMAKE_PREFIX_PATH=/home/sbpena01/GitHub/RBE550-Quadruped/src/install/controls:/home/sbpena01/GitHub/RBE550-Quadruped/install/controls:/home/sbpena01/GitHub/RBE550-Quadruped/src/install/control:/opt/ros/jazzy/opt/gz_sim_vendor:/opt/ros/jazzy/opt/gz_sensors_vendor:/opt/ros/jazzy/opt/gz_physics_vendor:/opt/ros/jazzy/opt/sdformat_vendor:/opt/ros/jazzy/opt/gz_gui_vendor:/opt/ros/jazzy/opt/gz_transport_vendor:/opt/ros/jazzy/opt/gz_rendering_vendor:/opt/ros/jazzy/opt/gz_plugin_vendor:/opt/ros/jazzy/opt/gz_fuel_tools_vendor:/opt/ros/jazzy/opt/gz_msgs_vendor:/opt/ros/jazzy/opt/gz_common_vendor:/opt/ros/jazzy/opt/gz_math_vendor:/opt/ros/jazzy/opt/gz_utils_vendor:/opt/ros/jazzy/opt/gz_tools_vendor:/opt/ros/jazzy/opt/gz_ogre_next_vendor:/opt/ros/jazzy/opt/gz_dartsim_vendor:/opt/ros/jazzy/opt/gz_cmake_vendor:/opt/ros/jazzy:/home/sbpena01/GitHub/RBE521-Quadruped-Robot/devel DEBUGINFOD_URLS=https://debuginfod.ubuntu.com /usr/bin/cmake --install /home/sbpena01/GitHub/RBE550-Quadruped/build/controls
[0.264s] -- Install configuration: ""
[0.264s] -- Up-to-date: /home/sbpena01/GitHub/RBE550-Quadruped/install/controls/lib/controls/talker
[0.265s] -- Up-to-date: /home/sbpena01/GitHub/RBE550-Quadruped/install/controls/lib/controls/listener
[0.265s] -- Up-to-date: /home/sbpena01/GitHub/RBE550-Quadruped/install/controls/lib/controls/talker
[0.265s] -- Installing: /home/sbpena01/GitHub/RBE550-Quadruped/install/controls/lib/controls/ros_test
[0.265s] -- Up-to-date: /home/sbpena01/GitHub/RBE550-Quadruped/install/controls/share/ament_index/resource_index/package_run_dependencies/controls
[0.266s] -- Up-to-date: /home/sbpena01/GitHub/RBE550-Quadruped/install/controls/share/ament_index/resource_index/parent_prefix_path/controls
[0.266s] -- Up-to-date: /home/sbpena01/GitHub/RBE550-Quadruped/install/controls/share/controls/environment/ament_prefix_path.sh
[0.266s] -- Up-to-date: /home/sbpena01/GitHub/RBE550-Quadruped/install/controls/share/controls/environment/ament_prefix_path.dsv
[0.266s] -- Up-to-date: /home/sbpena01/GitHub/RBE550-Quadruped/install/controls/share/controls/environment/path.sh
[0.266s] -- Up-to-date: /home/sbpena01/GitHub/RBE550-Quadruped/install/controls/share/controls/environment/path.dsv
[0.266s] -- Up-to-date: /home/sbpena01/GitHub/RBE550-Quadruped/install/controls/share/controls/local_setup.bash
[0.266s] -- Up-to-date: /home/sbpena01/GitHub/RBE550-Quadruped/install/controls/share/controls/local_setup.sh
[0.266s] -- Up-to-date: /home/sbpena01/GitHub/RBE550-Quadruped/install/controls/share/controls/local_setup.zsh
[0.266s] -- Up-to-date: /home/sbpena01/GitHub/RBE550-Quadruped/install/controls/share/controls/local_setup.dsv
[0.266s] -- Installing: /home/sbpena01/GitHub/RBE550-Quadruped/install/controls/share/controls/package.dsv
[0.267s] -- Up-to-date: /home/sbpena01/GitHub/RBE550-Quadruped/install/controls/share/ament_index/resource_index/packages/controls
[0.267s] -- Up-to-date: /home/sbpena01/GitHub/RBE550-Quadruped/install/controls/share/controls/cmake/controlsConfig.cmake
[0.267s] -- Up-to-date: /home/sbpena01/GitHub/RBE550-Quadruped/install/controls/share/controls/cmake/controlsConfig-version.cmake
[0.267s] -- Up-to-date: /home/sbpena01/GitHub/RBE550-Quadruped/install/controls/share/controls/package.xml
[0.268s] Invoked command in '/home/sbpena01/GitHub/RBE550-Quadruped/build/controls' returned '0': CMAKE_PREFIX_PATH=/home/sbpena01/GitHub/RBE550-Quadruped/src/install/controls:/home/sbpena01/GitHub/RBE550-Quadruped/install/controls:/home/sbpena01/GitHub/RBE550-Quadruped/src/install/control:/opt/ros/jazzy/opt/gz_sim_vendor:/opt/ros/jazzy/opt/gz_sensors_vendor:/opt/ros/jazzy/opt/gz_physics_vendor:/opt/ros/jazzy/opt/sdformat_vendor:/opt/ros/jazzy/opt/gz_gui_vendor:/opt/ros/jazzy/opt/gz_transport_vendor:/opt/ros/jazzy/opt/gz_rendering_vendor:/opt/ros/jazzy/opt/gz_plugin_vendor:/opt/ros/jazzy/opt/gz_fuel_tools_vendor:/opt/ros/jazzy/opt/gz_msgs_vendor:/opt/ros/jazzy/opt/gz_common_vendor:/opt/ros/jazzy/opt/gz_math_vendor:/opt/ros/jazzy/opt/gz_utils_vendor:/opt/ros/jazzy/opt/gz_tools_vendor:/opt/ros/jazzy/opt/gz_ogre_next_vendor:/opt/ros/jazzy/opt/gz_dartsim_vendor:/opt/ros/jazzy/opt/gz_cmake_vendor:/opt/ros/jazzy:/home/sbpena01/GitHub/RBE521-Quadruped-Robot/devel DEBUGINFOD_URLS=https://debuginfod.ubuntu.com /usr/bin/cmake --install /home/sbpena01/GitHub/RBE550-Quadruped/build/controls
