[1.336s] Invoking command in '/home/scott-pena/GitHub/RBE550-Quadruped/src/py_pubsub': DEBUGINFOD_URLS=https://debuginfod.ubuntu.com PYTHONPATH=/home/scott-pena/GitHub/RBE550-Quadruped/build/py_pubsub/prefix_override:/usr/lib/python3/dist-packages/colcon_core/task/python/colcon_distutils_commands:/home/scott-pena/GitHub/RBE550-Quadruped/install/py_pubsub/lib/python3.12/site-packages:${PYTHONPATH} /usr/bin/python3 -W ignore:setup.py install is deprecated setup.py egg_info --egg-base ../../build/py_pubsub build --build-base /home/scott-pena/GitHub/RBE550-Quadruped/build/py_pubsub/build install --record /home/scott-pena/GitHub/RBE550-Quadruped/build/py_pubsub/install.log --single-version-externally-managed install_data
[1.591s] running egg_info
[1.610s] writing ../../build/py_pubsub/py_pubsub.egg-info/PKG-INFO
[1.611s] writing dependency_links to ../../build/py_pubsub/py_pubsub.egg-info/dependency_links.txt
[1.611s] writing entry points to ../../build/py_pubsub/py_pubsub.egg-info/entry_points.txt
[1.611s] writing requirements to ../../build/py_pubsub/py_pubsub.egg-info/requires.txt
[1.611s] writing top-level names to ../../build/py_pubsub/py_pubsub.egg-info/top_level.txt
[1.652s] reading manifest file '../../build/py_pubsub/py_pubsub.egg-info/SOURCES.txt'
[1.652s] adding license file 'LICENSE'
[1.653s] writing manifest file '../../build/py_pubsub/py_pubsub.egg-info/SOURCES.txt'
[1.653s] running build
[1.653s] running build_py
[1.654s] running install
[1.659s] running install_lib
[1.679s] running install_data
[1.679s] running install_egg_info
[1.701s] removing '/home/scott-pena/GitHub/RBE550-Quadruped/install/py_pubsub/lib/python3.12/site-packages/py_pubsub-0.0.0-py3.12.egg-info' (and everything under it)
[1.701s] Copying ../../build/py_pubsub/py_pubsub.egg-info to /home/scott-pena/GitHub/RBE550-Quadruped/install/py_pubsub/lib/python3.12/site-packages/py_pubsub-0.0.0-py3.12.egg-info
[1.702s] running install_scripts
[1.832s] Installing talker script to /home/scott-pena/GitHub/RBE550-Quadruped/install/py_pubsub/lib/py_pubsub
[1.832s] writing list of installed files to '/home/scott-pena/GitHub/RBE550-Quadruped/build/py_pubsub/install.log'
[1.855s] Invoked command in '/home/scott-pena/GitHub/RBE550-Quadruped/src/py_pubsub' returned '0': DEBUGINFOD_URLS=https://debuginfod.ubuntu.com PYTHONPATH=/home/scott-pena/GitHub/RBE550-Quadruped/build/py_pubsub/prefix_override:/usr/lib/python3/dist-packages/colcon_core/task/python/colcon_distutils_commands:/home/scott-pena/GitHub/RBE550-Quadruped/install/py_pubsub/lib/python3.12/site-packages:${PYTHONPATH} /usr/bin/python3 -W ignore:setup.py install is deprecated setup.py egg_info --egg-base ../../build/py_pubsub build --build-base /home/scott-pena/GitHub/RBE550-Quadruped/build/py_pubsub/build install --record /home/scott-pena/GitHub/RBE550-Quadruped/build/py_pubsub/install.log --single-version-externally-managed install_data
