[1.299s] Invoking command in '/home/scott-pena/GitHub/RBE550-Quadruped/src/robot_sim': DEBUGINFOD_URLS=https://debuginfod.ubuntu.com PYTHONPATH=/home/scott-pena/GitHub/RBE550-Quadruped/build/robot_sim/prefix_override:/usr/lib/python3/dist-packages/colcon_core/task/python/colcon_distutils_commands:/home/scott-pena/GitHub/RBE550-Quadruped/install/robot_sim/lib/python3.12/site-packages:${PYTHONPATH} /usr/bin/python3 -W ignore:setup.py install is deprecated setup.py egg_info --egg-base ../../build/robot_sim build --build-base /home/scott-pena/GitHub/RBE550-Quadruped/build/robot_sim/build install --record /home/scott-pena/GitHub/RBE550-Quadruped/build/robot_sim/install.log --single-version-externally-managed install_data
[1.566s] running egg_info
[1.567s] creating ../../build/robot_sim/robot_sim.egg-info
[1.587s] writing ../../build/robot_sim/robot_sim.egg-info/PKG-INFO
[1.587s] writing dependency_links to ../../build/robot_sim/robot_sim.egg-info/dependency_links.txt
[1.587s] writing requirements to ../../build/robot_sim/robot_sim.egg-info/requires.txt
[1.588s] writing top-level names to ../../build/robot_sim/robot_sim.egg-info/top_level.txt
[1.588s] writing manifest file '../../build/robot_sim/robot_sim.egg-info/SOURCES.txt'
[1.608s] reading manifest file '../../build/robot_sim/robot_sim.egg-info/SOURCES.txt'
[1.609s] adding license file 'LICENSE'
[1.609s] writing manifest file '../../build/robot_sim/robot_sim.egg-info/SOURCES.txt'
[1.609s] running build
[1.610s] running install
[1.615s] running install_data
[1.615s] creating /home/scott-pena/GitHub/RBE550-Quadruped/install/robot_sim/share/ament_index
[1.615s] creating /home/scott-pena/GitHub/RBE550-Quadruped/install/robot_sim/share/ament_index/resource_index
[1.615s] creating /home/scott-pena/GitHub/RBE550-Quadruped/install/robot_sim/share/ament_index/resource_index/packages
[1.615s] copying resource/robot_sim -> /home/scott-pena/GitHub/RBE550-Quadruped/install/robot_sim/share/ament_index/resource_index/packages
[1.615s] copying package.xml -> /home/scott-pena/GitHub/RBE550-Quadruped/install/robot_sim/share/robot_sim
[1.615s] creating /home/scott-pena/GitHub/RBE550-Quadruped/install/robot_sim/share/robot_sim/launch
[1.616s] copying launch/robot_spawn_launch.py -> /home/scott-pena/GitHub/RBE550-Quadruped/install/robot_sim/share/robot_sim/launch
[1.616s] creating /home/scott-pena/GitHub/RBE550-Quadruped/install/robot_sim/share/robot_sim/worlds
[1.616s] copying worlds/robot_world.sdf -> /home/scott-pena/GitHub/RBE550-Quadruped/install/robot_sim/share/robot_sim/worlds
[1.616s] running install_egg_info
[1.661s] Copying ../../build/robot_sim/robot_sim.egg-info to /home/scott-pena/GitHub/RBE550-Quadruped/install/robot_sim/lib/python3.12/site-packages/robot_sim-0.0.0-py3.12.egg-info
[1.661s] running install_scripts
[1.800s] writing list of installed files to '/home/scott-pena/GitHub/RBE550-Quadruped/build/robot_sim/install.log'
[1.823s] Invoked command in '/home/scott-pena/GitHub/RBE550-Quadruped/src/robot_sim' returned '0': DEBUGINFOD_URLS=https://debuginfod.ubuntu.com PYTHONPATH=/home/scott-pena/GitHub/RBE550-Quadruped/build/robot_sim/prefix_override:/usr/lib/python3/dist-packages/colcon_core/task/python/colcon_distutils_commands:/home/scott-pena/GitHub/RBE550-Quadruped/install/robot_sim/lib/python3.12/site-packages:${PYTHONPATH} /usr/bin/python3 -W ignore:setup.py install is deprecated setup.py egg_info --egg-base ../../build/robot_sim build --build-base /home/scott-pena/GitHub/RBE550-Quadruped/build/robot_sim/build install --record /home/scott-pena/GitHub/RBE550-Quadruped/build/robot_sim/install.log --single-version-externally-managed install_data
