[2.071s] Invoking command in '/home/scott-pena/GitHub/RBE550-Quadruped/src/quadruped': DEBUGINFOD_URLS=https://debuginfod.ubuntu.com PYTHONPATH=/home/scott-pena/GitHub/RBE550-Quadruped/build/quadruped/prefix_override:/usr/lib/python3/dist-packages/colcon_core/task/python/colcon_distutils_commands:/home/scott-pena/GitHub/RBE550-Quadruped/install/quadruped/lib/python3.12/site-packages:${PYTHONPATH} /usr/bin/python3 -W ignore:setup.py install is deprecated setup.py egg_info --egg-base ../../build/quadruped build --build-base /home/scott-pena/GitHub/RBE550-Quadruped/build/quadruped/build install --record /home/scott-pena/GitHub/RBE550-Quadruped/build/quadruped/install.log --single-version-externally-managed install_data
[2.614s] running egg_info
[2.662s] writing ../../build/quadruped/quadruped.egg-info/PKG-INFO
[2.663s] writing dependency_links to ../../build/quadruped/quadruped.egg-info/dependency_links.txt
[2.663s] writing entry points to ../../build/quadruped/quadruped.egg-info/entry_points.txt
[2.663s] writing requirements to ../../build/quadruped/quadruped.egg-info/requires.txt
[2.664s] writing top-level names to ../../build/quadruped/quadruped.egg-info/top_level.txt
[2.762s] reading manifest file '../../build/quadruped/quadruped.egg-info/SOURCES.txt'
[2.762s] adding license file 'LICENSE'
[2.763s] writing manifest file '../../build/quadruped/quadruped.egg-info/SOURCES.txt'
[2.763s] running build
[2.764s] running build_py
[2.764s] copying quadruped/Quadruped.py -> /home/scott-pena/GitHub/RBE550-Quadruped/build/quadruped/build/lib/quadruped
[2.764s] running install
[2.775s] running install_lib
[2.824s] copying /home/scott-pena/GitHub/RBE550-Quadruped/build/quadruped/build/lib/quadruped/Quadruped.py -> /home/scott-pena/GitHub/RBE550-Quadruped/install/quadruped/lib/python3.12/site-packages/quadruped
[2.825s] byte-compiling /home/scott-pena/GitHub/RBE550-Quadruped/install/quadruped/lib/python3.12/site-packages/quadruped/Quadruped.py to Quadruped.cpython-312.pyc
[2.827s] running install_data
[2.827s] running install_egg_info
[2.878s] removing '/home/scott-pena/GitHub/RBE550-Quadruped/install/quadruped/lib/python3.12/site-packages/quadruped-0.0.0-py3.12.egg-info' (and everything under it)
[2.878s] Copying ../../build/quadruped/quadruped.egg-info to /home/scott-pena/GitHub/RBE550-Quadruped/install/quadruped/lib/python3.12/site-packages/quadruped-0.0.0-py3.12.egg-info
[2.879s] running install_scripts
[3.179s] Installing quadruped script to /home/scott-pena/GitHub/RBE550-Quadruped/install/quadruped/lib/quadruped
[3.179s] writing list of installed files to '/home/scott-pena/GitHub/RBE550-Quadruped/build/quadruped/install.log'
[3.226s] Invoked command in '/home/scott-pena/GitHub/RBE550-Quadruped/src/quadruped' returned '0': DEBUGINFOD_URLS=https://debuginfod.ubuntu.com PYTHONPATH=/home/scott-pena/GitHub/RBE550-Quadruped/build/quadruped/prefix_override:/usr/lib/python3/dist-packages/colcon_core/task/python/colcon_distutils_commands:/home/scott-pena/GitHub/RBE550-Quadruped/install/quadruped/lib/python3.12/site-packages:${PYTHONPATH} /usr/bin/python3 -W ignore:setup.py install is deprecated setup.py egg_info --egg-base ../../build/quadruped build --build-base /home/scott-pena/GitHub/RBE550-Quadruped/build/quadruped/build install --record /home/scott-pena/GitHub/RBE550-Quadruped/build/quadruped/install.log --single-version-externally-managed install_data
