[3.411s] Invoking command in '/home/jarothenberg/Documents/GitHub/RBE550-Quadruped/src/robot_description': DEBUGINFOD_URLS=https://debuginfod.ubuntu.com PYTHONPATH=/home/jarothenberg/Documents/GitHub/RBE550-Quadruped/build/robot_description/prefix_override:/usr/lib/python3/dist-packages/colcon_core/task/python/colcon_distutils_commands:/home/jarothenberg/Documents/GitHub/RBE550-Quadruped/install/robot_description/lib/python3.12/site-packages:${PYTHONPATH} /usr/bin/python3 -W ignore:setup.py install is deprecated -W ignore:easy_install command is deprecated setup.py egg_info --egg-base ../../build/robot_description build --build-base /home/jarothenberg/Documents/GitHub/RBE550-Quadruped/build/robot_description/build install --record /home/jarothenberg/Documents/GitHub/RBE550-Quadruped/build/robot_description/install.log --single-version-externally-managed install_data
[3.912s] running egg_info
[3.947s] writing ../../build/robot_description/robot_description.egg-info/PKG-INFO
[3.947s] writing dependency_links to ../../build/robot_description/robot_description.egg-info/dependency_links.txt
[3.947s] writing requirements to ../../build/robot_description/robot_description.egg-info/requires.txt
[3.948s] writing top-level names to ../../build/robot_description/robot_description.egg-info/top_level.txt
[4.015s] reading manifest file '../../build/robot_description/robot_description.egg-info/SOURCES.txt'
[4.016s] adding license file 'LICENSE'
[4.018s] writing manifest file '../../build/robot_description/robot_description.egg-info/SOURCES.txt'
[4.018s] running build
[4.018s] running build_py
[4.018s] running install
[4.030s] running install_lib
[4.062s] creating /home/jarothenberg/Documents/GitHub/RBE550-Quadruped/install/robot_description/lib/python3.12/site-packages/robot_description
[4.063s] copying /home/jarothenberg/Documents/GitHub/RBE550-Quadruped/build/robot_description/build/lib/robot_description/__init__.py -> /home/jarothenberg/Documents/GitHub/RBE550-Quadruped/install/robot_description/lib/python3.12/site-packages/robot_description
[4.063s] byte-compiling /home/jarothenberg/Documents/GitHub/RBE550-Quadruped/install/robot_description/lib/python3.12/site-packages/robot_description/__init__.py to __init__.cpython-312.pyc
[4.064s] running install_data
[4.064s] creating /home/jarothenberg/Documents/GitHub/RBE550-Quadruped/install/robot_description/share/ament_index
[4.065s] creating /home/jarothenberg/Documents/GitHub/RBE550-Quadruped/install/robot_description/share/ament_index/resource_index
[4.065s] creating /home/jarothenberg/Documents/GitHub/RBE550-Quadruped/install/robot_description/share/ament_index/resource_index/packages
[4.065s] copying resource/robot_description -> /home/jarothenberg/Documents/GitHub/RBE550-Quadruped/install/robot_description/share/ament_index/resource_index/packages
[4.065s] copying package.xml -> /home/jarothenberg/Documents/GitHub/RBE550-Quadruped/install/robot_description/share/robot_description
[4.065s] creating /home/jarothenberg/Documents/GitHub/RBE550-Quadruped/install/robot_description/share/robot_description/config
[4.066s] copying config/robot_sim.yaml -> /home/jarothenberg/Documents/GitHub/RBE550-Quadruped/install/robot_description/share/robot_description/config
[4.066s] copying config/robot_config.rviz -> /home/jarothenberg/Documents/GitHub/RBE550-Quadruped/install/robot_description/share/robot_description/config
[4.066s] creating /home/jarothenberg/Documents/GitHub/RBE550-Quadruped/install/robot_description/share/robot_description/meshes
[4.066s] copying meshes/jetson_sidepart.stl -> /home/jarothenberg/Documents/GitHub/RBE550-Quadruped/install/robot_description/share/robot_description/meshes
[4.066s] copying meshes/backpart.stl -> /home/jarothenberg/Documents/GitHub/RBE550-Quadruped/install/robot_description/share/robot_description/meshes
[4.067s] copying meshes/R_ultra_sonic.stl -> /home/jarothenberg/Documents/GitHub/RBE550-Quadruped/install/robot_description/share/robot_description/meshes
[4.068s] copying meshes/larm_cover copy.stl -> /home/jarothenberg/Documents/GitHub/RBE550-Quadruped/install/robot_description/share/robot_description/meshes
[4.070s] copying meshes/jetson_sidepart copy.stl -> /home/jarothenberg/Documents/GitHub/RBE550-Quadruped/install/robot_description/share/robot_description/meshes
[4.070s] copying meshes/L_ultra_sonic.stl -> /home/jarothenberg/Documents/GitHub/RBE550-Quadruped/install/robot_description/share/robot_description/meshes
[4.071s] copying meshes/batteryholder.stl -> /home/jarothenberg/Documents/GitHub/RBE550-Quadruped/install/robot_description/share/robot_description/meshes
[4.071s] copying meshes/rshoulder copy.stl -> /home/jarothenberg/Documents/GitHub/RBE550-Quadruped/install/robot_description/share/robot_description/meshes
[4.074s] copying meshes/testmount.stl -> /home/jarothenberg/Documents/GitHub/RBE550-Quadruped/install/robot_description/share/robot_description/meshes
[4.074s] copying meshes/label.stl -> /home/jarothenberg/Documents/GitHub/RBE550-Quadruped/install/robot_description/share/robot_description/meshes
[4.075s] copying meshes/SpotMicroAI_Bottom.FCStd -> /home/jarothenberg/Documents/GitHub/RBE550-Quadruped/install/robot_description/share/robot_description/meshes
[4.076s] copying meshes/back.dae -> /home/jarothenberg/Documents/GitHub/RBE550-Quadruped/install/robot_description/share/robot_description/meshes
[4.079s] copying meshes/R_cover.stl -> /home/jarothenberg/Documents/GitHub/RBE550-Quadruped/install/robot_description/share/robot_description/meshes
[4.081s] copying meshes/jetsonPlate.stl -> /home/jarothenberg/Documents/GitHub/RBE550-Quadruped/install/robot_description/share/robot_description/meshes
[4.083s] copying meshes/B_cover.stl -> /home/jarothenberg/Documents/GitHub/RBE550-Quadruped/install/robot_description/share/robot_description/meshes
[4.083s] copying meshes/larm copy.stl -> /home/jarothenberg/Documents/GitHub/RBE550-Quadruped/install/robot_description/share/robot_description/meshes
[4.085s] copying meshes/lshoulder.stl -> /home/jarothenberg/Documents/GitHub/RBE550-Quadruped/install/robot_description/share/robot_description/meshes
[4.088s] copying meshes/rplidar_main.STL -> /home/jarothenberg/Documents/GitHub/RBE550-Quadruped/install/robot_description/share/robot_description/meshes
[4.092s] copying meshes/mainbody.dae -> /home/jarothenberg/Documents/GitHub/RBE550-Quadruped/install/robot_description/share/robot_description/meshes
[4.095s] copying meshes/mainbody copy.dae -> /home/jarothenberg/Documents/GitHub/RBE550-Quadruped/install/robot_description/share/robot_description/meshes
[4.097s] copying meshes/non-mega_T_cover.stl -> /home/jarothenberg/Documents/GitHub/RBE550-Quadruped/install/robot_description/share/robot_description/meshes
[4.098s] copying meshes/non-mega_L_side_plate.stl -> /home/jarothenberg/Documents/GitHub/RBE550-Quadruped/install/robot_description/share/robot_description/meshes
[4.099s] copying meshes/frontpart copy.stl -> /home/jarothenberg/Documents/GitHub/RBE550-Quadruped/install/robot_description/share/robot_description/meshes
[4.101s] copying meshes/F_shoulder.stl -> /home/jarothenberg/Documents/GitHub/RBE550-Quadruped/install/robot_description/share/robot_description/meshes
[4.102s] copying meshes/F_cover_orig.stl -> /home/jarothenberg/Documents/GitHub/RBE550-Quadruped/install/robot_description/share/robot_description/meshes
[4.105s] copying meshes/rarm.stl -> /home/jarothenberg/Documents/GitHub/RBE550-Quadruped/install/robot_description/share/robot_description/meshes
[4.107s] copying meshes/rearmain.stl -> /home/jarothenberg/Documents/GitHub/RBE550-Quadruped/install/robot_description/share/robot_description/meshes
[4.109s] copying meshes/batteryholder2.stl -> /home/jarothenberg/Documents/GitHub/RBE550-Quadruped/install/robot_description/share/robot_description/meshes
[4.111s] copying meshes/R_arm_cover.stl -> /home/jarothenberg/Documents/GitHub/RBE550-Quadruped/install/robot_description/share/robot_description/meshes
[4.111s] copying meshes/R_arm.stl -> /home/jarothenberg/Documents/GitHub/RBE550-Quadruped/install/robot_description/share/robot_description/meshes
[4.112s] copying meshes/L_arm_joint.stl -> /home/jarothenberg/Documents/GitHub/RBE550-Quadruped/install/robot_description/share/robot_description/meshes
[4.114s] copying meshes/SpotMicroAI_JetsonParts.FCStd -> /home/jarothenberg/Documents/GitHub/RBE550-Quadruped/install/robot_description/share/robot_description/meshes
[4.116s] copying meshes/F_cover.stl -> /home/jarothenberg/Documents/GitHub/RBE550-Quadruped/install/robot_description/share/robot_description/meshes
[4.118s] copying meshes/non-mega_B_cover.stl -> /home/jarothenberg/Documents/GitHub/RBE550-Quadruped/install/robot_description/share/robot_description/meshes
[4.119s] copying meshes/lshoulder copy.stl -> /home/jarothenberg/Documents/GitHub/RBE550-Quadruped/install/robot_description/share/robot_description/meshes
[4.120s] copying meshes/L_side_plate.stl -> /home/jarothenberg/Documents/GitHub/RBE550-Quadruped/install/robot_description/share/robot_description/meshes
[4.121s] copying meshes/larm.stl -> /home/jarothenberg/Documents/GitHub/RBE550-Quadruped/install/robot_description/share/robot_description/meshes
[4.123s] copying meshes/R_shoulder.stl -> /home/jarothenberg/Documents/GitHub/RBE550-Quadruped/install/robot_description/share/robot_description/meshes
[4.123s] copying meshes/larm_cover.stl -> /home/jarothenberg/Documents/GitHub/RBE550-Quadruped/install/robot_description/share/robot_description/meshes
[4.124s] copying meshes/rear.stl -> /home/jarothenberg/Documents/GitHub/RBE550-Quadruped/install/robot_description/share/robot_description/meshes
[4.126s] copying meshes/mainbody copy.stl -> /home/jarothenberg/Documents/GitHub/RBE550-Quadruped/install/robot_description/share/robot_description/meshes
[4.128s] copying meshes/L_arm_cover.stl -> /home/jarothenberg/Documents/GitHub/RBE550-Quadruped/install/robot_description/share/robot_description/meshes
[4.129s] copying meshes/rear2.stl -> /home/jarothenberg/Documents/GitHub/RBE550-Quadruped/install/robot_description/share/robot_description/meshes
[4.130s] copying meshes/SpotMicroAI_JetsonParts.FCStd1 -> /home/jarothenberg/Documents/GitHub/RBE550-Quadruped/install/robot_description/share/robot_description/meshes
[4.131s] copying meshes/rfoot.stl -> /home/jarothenberg/Documents/GitHub/RBE550-Quadruped/install/robot_description/share/robot_description/meshes
[4.132s] copying meshes/R_side_plate.stl -> /home/jarothenberg/Documents/GitHub/RBE550-Quadruped/install/robot_description/share/robot_description/meshes
[4.133s] copying meshes/SpotMicroAI_Top.FCStd -> /home/jarothenberg/Documents/GitHub/RBE550-Quadruped/install/robot_description/share/robot_description/meshes
[4.134s] copying meshes/front.dae -> /home/jarothenberg/Documents/GitHub/RBE550-Quadruped/install/robot_description/share/robot_description/meshes
[4.141s] copying meshes/rearmain copy.stl -> /home/jarothenberg/Documents/GitHub/RBE550-Quadruped/install/robot_description/share/robot_description/meshes
[4.142s] copying meshes/back copy.dae -> /home/jarothenberg/Documents/GitHub/RBE550-Quadruped/install/robot_description/share/robot_description/meshes
[4.146s] copying meshes/top.stl -> /home/jarothenberg/Documents/GitHub/RBE550-Quadruped/install/robot_description/share/robot_description/meshes
[4.146s] copying meshes/rarm_cover copy.stl -> /home/jarothenberg/Documents/GitHub/RBE550-Quadruped/install/robot_description/share/robot_description/meshes
[4.148s] copying meshes/plate.stl -> /home/jarothenberg/Documents/GitHub/RBE550-Quadruped/install/robot_description/share/robot_description/meshes
[4.149s] copying meshes/jetsonPlate copy.stl -> /home/jarothenberg/Documents/GitHub/RBE550-Quadruped/install/robot_description/share/robot_description/meshes
[4.151s] copying meshes/screwguard.stl -> /home/jarothenberg/Documents/GitHub/RBE550-Quadruped/install/robot_description/share/robot_description/meshes
[4.151s] copying meshes/LICENSE.txt -> /home/jarothenberg/Documents/GitHub/RBE550-Quadruped/install/robot_description/share/robot_description/meshes
[4.152s] copying meshes/rarm copy.stl -> /home/jarothenberg/Documents/GitHub/RBE550-Quadruped/install/robot_description/share/robot_description/meshes
[4.154s] copying meshes/ledholder.stl -> /home/jarothenberg/Documents/GitHub/RBE550-Quadruped/install/robot_description/share/robot_description/meshes
[4.154s] copying meshes/front copy.dae -> /home/jarothenberg/Documents/GitHub/RBE550-Quadruped/install/robot_description/share/robot_description/meshes
[4.158s] copying meshes/foot.stl -> /home/jarothenberg/Documents/GitHub/RBE550-Quadruped/install/robot_description/share/robot_description/meshes
[4.160s] copying meshes/rshoulder.stl -> /home/jarothenberg/Documents/GitHub/RBE550-Quadruped/install/robot_description/share/robot_description/meshes
[4.162s] copying meshes/SpotMicroAI_AdditionalParts.FCStd -> /home/jarothenberg/Documents/GitHub/RBE550-Quadruped/install/robot_description/share/robot_description/meshes
[4.166s] copying meshes/SpotMicroAI_Bottom.FCStd1 -> /home/jarothenberg/Documents/GitHub/RBE550-Quadruped/install/robot_description/share/robot_description/meshes
[4.167s] copying meshes/SpotMicroAI_Top.FCStd1 -> /home/jarothenberg/Documents/GitHub/RBE550-Quadruped/install/robot_description/share/robot_description/meshes
[4.168s] copying meshes/rarm_cover.stl -> /home/jarothenberg/Documents/GitHub/RBE550-Quadruped/install/robot_description/share/robot_description/meshes
[4.169s] copying meshes/mainbody.stl -> /home/jarothenberg/Documents/GitHub/RBE550-Quadruped/install/robot_description/share/robot_description/meshes
[4.172s] copying meshes/SpotMicroAI_Rear.FCStd -> /home/jarothenberg/Documents/GitHub/RBE550-Quadruped/install/robot_description/share/robot_description/meshes
[4.173s] copying meshes/T_cover.stl -> /home/jarothenberg/Documents/GitHub/RBE550-Quadruped/install/robot_description/share/robot_description/meshes
[4.174s] copying meshes/lfoot.stl -> /home/jarothenberg/Documents/GitHub/RBE550-Quadruped/install/robot_description/share/robot_description/meshes
[4.176s] copying meshes/lfoot copy.stl -> /home/jarothenberg/Documents/GitHub/RBE550-Quadruped/install/robot_description/share/robot_description/meshes
[4.177s] copying meshes/R_arm_joint.stl -> /home/jarothenberg/Documents/GitHub/RBE550-Quadruped/install/robot_description/share/robot_description/meshes
[4.178s] copying meshes/frontpart.stl -> /home/jarothenberg/Documents/GitHub/RBE550-Quadruped/install/robot_description/share/robot_description/meshes
[4.181s] copying meshes/rfoot copy.stl -> /home/jarothenberg/Documents/GitHub/RBE550-Quadruped/install/robot_description/share/robot_description/meshes
[4.181s] copying meshes/spotmicroai.blend -> /home/jarothenberg/Documents/GitHub/RBE550-Quadruped/install/robot_description/share/robot_description/meshes
[4.217s] copying meshes/L_arm.stl -> /home/jarothenberg/Documents/GitHub/RBE550-Quadruped/install/robot_description/share/robot_description/meshes
[4.219s] copying meshes/R_wrist.stl -> /home/jarothenberg/Documents/GitHub/RBE550-Quadruped/install/robot_description/share/robot_description/meshes
[4.220s] copying meshes/README.txt -> /home/jarothenberg/Documents/GitHub/RBE550-Quadruped/install/robot_description/share/robot_description/meshes
[4.220s] copying meshes/bottom.stl -> /home/jarothenberg/Documents/GitHub/RBE550-Quadruped/install/robot_description/share/robot_description/meshes
[4.221s] copying meshes/spotmicroai copy.blend -> /home/jarothenberg/Documents/GitHub/RBE550-Quadruped/install/robot_description/share/robot_description/meshes
[4.252s] copying meshes/L_wrist.stl -> /home/jarothenberg/Documents/GitHub/RBE550-Quadruped/install/robot_description/share/robot_description/meshes
[4.252s] creating /home/jarothenberg/Documents/GitHub/RBE550-Quadruped/install/robot_description/share/robot_description/gazebo
[4.253s] copying gazebo/robot.gazebo.xacro -> /home/jarothenberg/Documents/GitHub/RBE550-Quadruped/install/robot_description/share/robot_description/gazebo
[4.253s] copying gazebo/materials.xacro -> /home/jarothenberg/Documents/GitHub/RBE550-Quadruped/install/robot_description/share/robot_description/gazebo
[4.253s] creating /home/jarothenberg/Documents/GitHub/RBE550-Quadruped/install/robot_description/share/robot_description/robots
[4.253s] copying robots/spotmicro_copy.xacro -> /home/jarothenberg/Documents/GitHub/RBE550-Quadruped/install/robot_description/share/robot_description/robots
[4.254s] copying robots/spotmicro_copy_copy.xacro -> /home/jarothenberg/Documents/GitHub/RBE550-Quadruped/install/robot_description/share/robot_description/robots
[4.254s] copying robots/spotmicro_generated.urdf -> /home/jarothenberg/Documents/GitHub/RBE550-Quadruped/install/robot_description/share/robot_description/robots
[4.254s] copying robots/spotmicro.urdf -> /home/jarothenberg/Documents/GitHub/RBE550-Quadruped/install/robot_description/share/robot_description/robots
[4.254s] copying robots/spotmicro.xacro -> /home/jarothenberg/Documents/GitHub/RBE550-Quadruped/install/robot_description/share/robot_description/robots
[4.255s] creating /home/jarothenberg/Documents/GitHub/RBE550-Quadruped/install/robot_description/share/robot_description/ros2_control
[4.255s] copying ros2_control/robot.ros2_control.xacro -> /home/jarothenberg/Documents/GitHub/RBE550-Quadruped/install/robot_description/share/robot_description/ros2_control
[4.255s] running install_egg_info
[4.292s] Copying ../../build/robot_description/robot_description.egg-info to /home/jarothenberg/Documents/GitHub/RBE550-Quadruped/install/robot_description/lib/python3.12/site-packages/robot_description-0.0.0-py3.12.egg-info
[4.293s] running install_scripts
[4.617s] writing list of installed files to '/home/jarothenberg/Documents/GitHub/RBE550-Quadruped/build/robot_description/install.log'
