[1.176s] Invoking command in '/home/sbpena01/GitHub/RBE550-Quadruped/src/controls': DEBUGINFOD_URLS=https://debuginfod.ubuntu.com PYTHONPATH=/home/sbpena01/GitHub/RBE550-Quadruped/build/controls/prefix_override:/home/sbpena01/.local/share/pipx/venvs/colcon-common-extensions/lib/python3.12/site-packages/colcon_core/task/python/colcon_distutils_commands:/home/sbpena01/GitHub/RBE550-Quadruped/install/controls/lib/python3.12/site-packages:${PYTHONPATH} /home/sbpena01/.local/share/pipx/venvs/colcon-common-extensions/bin/python -W ignore:setup.py install is deprecated setup.py egg_info --egg-base ../../build/controls build --build-base /home/sbpena01/GitHub/RBE550-Quadruped/build/controls/build install --record /home/sbpena01/GitHub/RBE550-Quadruped/build/controls/install.log --single-version-externally-managed install_data
[1.353s] /home/sbpena01/.local/share/pipx/venvs/colcon-common-extensions/lib/python3.12/site-packages/setuptools/_distutils/dist.py:261: UserWarning: Unknown distribution option: 'tests_require'
[1.353s]   warnings.warn(msg)
[1.489s] running egg_info
[1.490s] creating ../../build/controls/controls.egg-info
[1.508s] writing ../../build/controls/controls.egg-info/PKG-INFO
[1.508s] writing dependency_links to ../../build/controls/controls.egg-info/dependency_links.txt
[1.508s] writing entry points to ../../build/controls/controls.egg-info/entry_points.txt
[1.508s] writing requirements to ../../build/controls/controls.egg-info/requires.txt
[1.509s] writing top-level names to ../../build/controls/controls.egg-info/top_level.txt
[1.509s] writing manifest file '../../build/controls/controls.egg-info/SOURCES.txt'
[1.553s] reading manifest file '../../build/controls/controls.egg-info/SOURCES.txt'
[1.554s] adding license file 'LICENSE'
[1.554s] writing manifest file '../../build/controls/controls.egg-info/SOURCES.txt'
[1.555s] running build
[1.555s] running build_py
[1.555s] creating /home/sbpena01/GitHub/RBE550-Quadruped/build/controls/build/lib/controls
[1.555s] copying controls/LegPositionControl.py -> /home/sbpena01/GitHub/RBE550-Quadruped/build/controls/build/lib/controls
[1.555s] copying controls/__init__.py -> /home/sbpena01/GitHub/RBE550-Quadruped/build/controls/build/lib/controls
[1.555s] running install
[1.565s] running install_lib
[1.586s] creating /home/sbpena01/GitHub/RBE550-Quadruped/install/controls/lib/python3.12/site-packages/controls
[1.586s] copying /home/sbpena01/GitHub/RBE550-Quadruped/build/controls/build/lib/controls/LegPositionControl.py -> /home/sbpena01/GitHub/RBE550-Quadruped/install/controls/lib/python3.12/site-packages/controls
[1.586s] copying /home/sbpena01/GitHub/RBE550-Quadruped/build/controls/build/lib/controls/__init__.py -> /home/sbpena01/GitHub/RBE550-Quadruped/install/controls/lib/python3.12/site-packages/controls
[1.587s] byte-compiling /home/sbpena01/GitHub/RBE550-Quadruped/install/controls/lib/python3.12/site-packages/controls/LegPositionControl.py to LegPositionControl.cpython-312.pyc
[1.587s] byte-compiling /home/sbpena01/GitHub/RBE550-Quadruped/install/controls/lib/python3.12/site-packages/controls/__init__.py to __init__.cpython-312.pyc
[1.587s] running install_data
[1.588s] copying resource/controls -> /home/sbpena01/GitHub/RBE550-Quadruped/install/controls/share/ament_index/resource_index/packages
[1.588s] copying package.xml -> /home/sbpena01/GitHub/RBE550-Quadruped/install/controls/share/controls
[1.589s] running install_egg_info
[1.605s] Copying ../../build/controls/controls.egg-info to /home/sbpena01/GitHub/RBE550-Quadruped/install/controls/lib/python3.12/site-packages/controls-0.0.0-py3.12.egg-info
[1.606s] running install_scripts
[1.713s] Installing LegPositionControl script to /home/sbpena01/GitHub/RBE550-Quadruped/install/controls/lib/controls
[1.714s] writing list of installed files to '/home/sbpena01/GitHub/RBE550-Quadruped/build/controls/install.log'
[1.741s] Invoked command in '/home/sbpena01/GitHub/RBE550-Quadruped/src/controls' returned '0': DEBUGINFOD_URLS=https://debuginfod.ubuntu.com PYTHONPATH=/home/sbpena01/GitHub/RBE550-Quadruped/build/controls/prefix_override:/home/sbpena01/.local/share/pipx/venvs/colcon-common-extensions/lib/python3.12/site-packages/colcon_core/task/python/colcon_distutils_commands:/home/sbpena01/GitHub/RBE550-Quadruped/install/controls/lib/python3.12/site-packages:${PYTHONPATH} /home/sbpena01/.local/share/pipx/venvs/colcon-common-extensions/bin/python -W ignore:setup.py install is deprecated setup.py egg_info --egg-base ../../build/controls build --build-base /home/sbpena01/GitHub/RBE550-Quadruped/build/controls/build install --record /home/sbpena01/GitHub/RBE550-Quadruped/build/controls/install.log --single-version-externally-managed install_data
