[2.438s] Invoking command in '/home/jarothenberg/Documents/GitHub/RBE550-Quadruped/src/robot_sim': DEBUGINFOD_URLS=https://debuginfod.ubuntu.com PYTHONPATH=/home/jarothenberg/Documents/GitHub/RBE550-Quadruped/build/robot_sim/prefix_override:/usr/lib/python3/dist-packages/colcon_core/task/python/colcon_distutils_commands:/home/jarothenberg/Documents/GitHub/RBE550-Quadruped/install/robot_sim/lib/python3.12/site-packages:${PYTHONPATH} /usr/bin/python3 -W ignore:setup.py install is deprecated -W ignore:easy_install command is deprecated setup.py egg_info --egg-base ../../build/robot_sim build --build-base /home/jarothenberg/Documents/GitHub/RBE550-Quadruped/build/robot_sim/build install --record /home/jarothenberg/Documents/GitHub/RBE550-Quadruped/build/robot_sim/install.log --single-version-externally-managed install_data
[2.878s] running egg_info
[2.910s] writing ../../build/robot_sim/robot_sim.egg-info/PKG-INFO
[2.910s] writing dependency_links to ../../build/robot_sim/robot_sim.egg-info/dependency_links.txt
[2.910s] writing requirements to ../../build/robot_sim/robot_sim.egg-info/requires.txt
[2.910s] writing top-level names to ../../build/robot_sim/robot_sim.egg-info/top_level.txt
[2.941s] reading manifest file '../../build/robot_sim/robot_sim.egg-info/SOURCES.txt'
[2.941s] adding license file 'LICENSE'
[2.943s] writing manifest file '../../build/robot_sim/robot_sim.egg-info/SOURCES.txt'
[2.943s] running build
[2.943s] running install
[2.953s] running install_data
[2.953s] copying launch/robot_spawn_launch.py -> /home/jarothenberg/Documents/GitHub/RBE550-Quadruped/install/robot_sim/share/robot_sim/launch
[2.954s] creating /home/jarothenberg/Documents/GitHub/RBE550-Quadruped/install/robot_sim/share/robot_sim/worlds
[2.954s] copying worlds/main.py -> /home/jarothenberg/Documents/GitHub/RBE550-Quadruped/install/robot_sim/share/robot_sim/worlds
[2.954s] copying worlds/gen_array.py -> /home/jarothenberg/Documents/GitHub/RBE550-Quadruped/install/robot_sim/share/robot_sim/worlds
[2.954s] copying worlds/rrt_graph.json -> /home/jarothenberg/Documents/GitHub/RBE550-Quadruped/install/robot_sim/share/robot_sim/worlds
[2.955s] copying worlds/Rock_Normal.png -> /home/jarothenberg/Documents/GitHub/RBE550-Quadruped/install/robot_sim/share/robot_sim/worlds
[2.963s] copying worlds/Grass_Normal.png -> /home/jarothenberg/Documents/GitHub/RBE550-Quadruped/install/robot_sim/share/robot_sim/worlds
[2.973s] copying worlds/Sand_Albedo.png -> /home/jarothenberg/Documents/GitHub/RBE550-Quadruped/install/robot_sim/share/robot_sim/worlds
[2.980s] copying worlds/Sand_Normal.png -> /home/jarothenberg/Documents/GitHub/RBE550-Quadruped/install/robot_sim/share/robot_sim/worlds
[2.988s] copying worlds/RRT_Graph.png -> /home/jarothenberg/Documents/GitHub/RBE550-Quadruped/install/robot_sim/share/robot_sim/worlds
[2.988s] copying worlds/Rock_Albedo.png -> /home/jarothenberg/Documents/GitHub/RBE550-Quadruped/install/robot_sim/share/robot_sim/worlds
[2.996s] copying worlds/RRT.py -> /home/jarothenberg/Documents/GitHub/RBE550-Quadruped/install/robot_sim/share/robot_sim/worlds
[2.997s] copying worlds/Grass_Albedo.png -> /home/jarothenberg/Documents/GitHub/RBE550-Quadruped/install/robot_sim/share/robot_sim/worlds
[3.004s] copying worlds/Heightmap.png -> /home/jarothenberg/Documents/GitHub/RBE550-Quadruped/install/robot_sim/share/robot_sim/worlds
[3.004s] copying worlds/robot_world.sdf -> /home/jarothenberg/Documents/GitHub/RBE550-Quadruped/install/robot_sim/share/robot_sim/worlds
[3.004s] copying worlds/ORIGINAL_Heightmap.png -> /home/jarothenberg/Documents/GitHub/RBE550-Quadruped/install/robot_sim/share/robot_sim/worlds
[3.005s] copying worlds/model.sdf -> /home/jarothenberg/Documents/GitHub/RBE550-Quadruped/install/robot_sim/share/robot_sim/worlds
[3.005s] running install_egg_info
[3.068s] Copying ../../build/robot_sim/robot_sim.egg-info to /home/jarothenberg/Documents/GitHub/RBE550-Quadruped/install/robot_sim/lib/python3.12/site-packages/robot_sim-0.0.0-py3.12.egg-info
[3.069s] running install_scripts
[3.278s] writing list of installed files to '/home/jarothenberg/Documents/GitHub/RBE550-Quadruped/build/robot_sim/install.log'
[3.329s] Invoked command in '/home/jarothenberg/Documents/GitHub/RBE550-Quadruped/src/robot_sim' returned '0': DEBUGINFOD_URLS=https://debuginfod.ubuntu.com PYTHONPATH=/home/jarothenberg/Documents/GitHub/RBE550-Quadruped/build/robot_sim/prefix_override:/usr/lib/python3/dist-packages/colcon_core/task/python/colcon_distutils_commands:/home/jarothenberg/Documents/GitHub/RBE550-Quadruped/install/robot_sim/lib/python3.12/site-packages:${PYTHONPATH} /usr/bin/python3 -W ignore:setup.py install is deprecated -W ignore:easy_install command is deprecated setup.py egg_info --egg-base ../../build/robot_sim build --build-base /home/jarothenberg/Documents/GitHub/RBE550-Quadruped/build/robot_sim/build install --record /home/jarothenberg/Documents/GitHub/RBE550-Quadruped/build/robot_sim/install.log --single-version-externally-managed install_data
