[4.579s] Invoking command in '/home/jarothenberg/Documents/GitHub/RBE550-Quadruped/src/quadruped': DEBUGINFOD_URLS=https://debuginfod.ubuntu.com PYTHONPATH=/home/jarothenberg/Documents/GitHub/RBE550-Quadruped/build/quadruped/prefix_override:/usr/lib/python3/dist-packages/colcon_core/task/python/colcon_distutils_commands:/home/jarothenberg/Documents/GitHub/RBE550-Quadruped/install/quadruped/lib/python3.12/site-packages:${PYTHONPATH} /usr/bin/python3 -W ignore:setup.py install is deprecated -W ignore:easy_install command is deprecated setup.py egg_info --egg-base ../../build/quadruped build --build-base /home/jarothenberg/Documents/GitHub/RBE550-Quadruped/build/quadruped/build install --record /home/jarothenberg/Documents/GitHub/RBE550-Quadruped/build/quadruped/install.log --single-version-externally-managed install_data
[5.267s] running egg_info
[5.318s] writing ../../build/quadruped/quadruped.egg-info/PKG-INFO
[5.319s] writing dependency_links to ../../build/quadruped/quadruped.egg-info/dependency_links.txt
[5.319s] writing entry points to ../../build/quadruped/quadruped.egg-info/entry_points.txt
[5.319s] writing requirements to ../../build/quadruped/quadruped.egg-info/requires.txt
[5.320s] writing top-level names to ../../build/quadruped/quadruped.egg-info/top_level.txt
[5.430s] reading manifest file '../../build/quadruped/quadruped.egg-info/SOURCES.txt'
[5.431s] adding license file 'LICENSE'
[5.432s] writing manifest file '../../build/quadruped/quadruped.egg-info/SOURCES.txt'
[5.432s] running build
[5.433s] running build_py
[5.433s] running install
[5.444s] running install_lib
[5.491s] running install_data
[5.491s] running install_egg_info
[5.528s] removing '/home/jarothenberg/Documents/GitHub/RBE550-Quadruped/install/quadruped/lib/python3.12/site-packages/quadruped-0.0.0-py3.12.egg-info' (and everything under it)
[5.529s] Copying ../../build/quadruped/quadruped.egg-info to /home/jarothenberg/Documents/GitHub/RBE550-Quadruped/install/quadruped/lib/python3.12/site-packages/quadruped-0.0.0-py3.12.egg-info
[5.530s] running install_scripts
[5.827s] Installing quadruped script to /home/jarothenberg/Documents/GitHub/RBE550-Quadruped/install/quadruped/lib/quadruped
[5.827s] writing list of installed files to '/home/jarothenberg/Documents/GitHub/RBE550-Quadruped/build/quadruped/install.log'
[5.881s] Invoked command in '/home/jarothenberg/Documents/GitHub/RBE550-Quadruped/src/quadruped' returned '0': DEBUGINFOD_URLS=https://debuginfod.ubuntu.com PYTHONPATH=/home/jarothenberg/Documents/GitHub/RBE550-Quadruped/build/quadruped/prefix_override:/usr/lib/python3/dist-packages/colcon_core/task/python/colcon_distutils_commands:/home/jarothenberg/Documents/GitHub/RBE550-Quadruped/install/quadruped/lib/python3.12/site-packages:${PYTHONPATH} /usr/bin/python3 -W ignore:setup.py install is deprecated -W ignore:easy_install command is deprecated setup.py egg_info --egg-base ../../build/quadruped build --build-base /home/jarothenberg/Documents/GitHub/RBE550-Quadruped/build/quadruped/build install --record /home/jarothenberg/Documents/GitHub/RBE550-Quadruped/build/quadruped/install.log --single-version-externally-managed install_data
