[0.029s] Invoking command in '/home/jarothenberg/Documents/GitHub/RBE550-Quadruped/build/custom_interface': CMAKE_PREFIX_PATH=${CMAKE_PREFIX_PATH}:/home/jarothenberg/Documents/GitHub/RBE550-Quadruped/install/robot_sim:/home/jarothenberg/Documents/GitHub/RBE550-Quadruped/install/robot_description:/home/jarothenberg/Documents/GitHub/RBE550-Quadruped/install/py_pubsub:/home/jarothenberg/Documents/GitHub/RBE550-Quadruped/install/leg_controls:/opt/ros/jazzy DEBUGINFOD_URLS=https://debuginfod.ubuntu.com PS1=\[\e]0;\u@\h: \w\a\]${debian_chroot:+($debian_chroot)}\[\033[01;32m\]\u@\h\[\033[00m\]:\[\033[01;34m\]\w\[\033[00m\]\$ /usr/bin/cmake /home/jarothenberg/Documents/GitHub/RBE550-Quadruped/src/custom_interface -DCMAKE_INSTALL_PREFIX=/home/jarothenberg/Documents/GitHub/RBE550-Quadruped/install/custom_interface
[0.384s] -- Found ament_cmake: 2.5.2 (/opt/ros/jazzy/share/ament_cmake/cmake)
[0.384s] -- Found rosidl_default_generators: 1.6.0 (/opt/ros/jazzy/share/rosidl_default_generators/cmake)
[0.385s] -- Using all available rosidl_typesupport_c: rosidl_typesupport_fastrtps_c;rosidl_typesupport_introspection_c
[0.443s] -- Using all available rosidl_typesupport_cpp: rosidl_typesupport_fastrtps_cpp;rosidl_typesupport_introspection_cpp
[0.488s] -- Found rosidl_adapter: 4.6.4 (/opt/ros/jazzy/share/rosidl_adapter/cmake)
[0.490s] -- Found geometry_msgs: 5.3.5 (/opt/ros/jazzy/share/geometry_msgs/cmake)
[0.936s] Traceback (most recent call last):
[0.936s]   File "/opt/ros/jazzy/share/ament_cmake_core/cmake/core/package_xml_2_cmake.py", line 22, in <module>
[0.936s]     from catkin_pkg.package import parse_package_string
[0.936s] ModuleNotFoundError: No module named 'catkin_pkg'
[0.941s] [31mCMake Error at /opt/ros/jazzy/share/ament_cmake_core/cmake/core/ament_package_xml.cmake:95 (message):
[0.941s]   execute_process(/home/jarothenberg/bin/python3
[0.942s]   /opt/ros/jazzy/share/ament_cmake_core/cmake/core/package_xml_2_cmake.py
[0.942s]   /home/jarothenberg/Documents/GitHub/RBE550-Quadruped/src/custom_interface/package.xml
[0.942s]   /home/jarothenberg/Documents/GitHub/RBE550-Quadruped/build/custom_interface/ament_cmake_core/package.cmake)
[0.942s]   returned error code 1
[0.942s] Call Stack (most recent call first):
[0.942s]   /opt/ros/jazzy/share/ament_cmake_core/cmake/core/ament_package_xml.cmake:49 (_ament_package_xml)
[0.943s]   /opt/ros/jazzy/share/rosidl_cmake/cmake/rosidl_generate_interfaces.cmake:220 (ament_package_xml)
[0.943s]   CMakeLists.txt:16 (rosidl_generate_interfaces)
[0.943s] 
[0.943s] [0m
[0.943s] -- Configuring incomplete, errors occurred!
[0.950s] Invoked command in '/home/jarothenberg/Documents/GitHub/RBE550-Quadruped/build/custom_interface' returned '1': CMAKE_PREFIX_PATH=${CMAKE_PREFIX_PATH}:/home/jarothenberg/Documents/GitHub/RBE550-Quadruped/install/robot_sim:/home/jarothenberg/Documents/GitHub/RBE550-Quadruped/install/robot_description:/home/jarothenberg/Documents/GitHub/RBE550-Quadruped/install/py_pubsub:/home/jarothenberg/Documents/GitHub/RBE550-Quadruped/install/leg_controls:/opt/ros/jazzy DEBUGINFOD_URLS=https://debuginfod.ubuntu.com PS1=\[\e]0;\u@\h: \w\a\]${debian_chroot:+($debian_chroot)}\[\033[01;32m\]\u@\h\[\033[00m\]:\[\033[01;34m\]\w\[\033[00m\]\$ /usr/bin/cmake /home/jarothenberg/Documents/GitHub/RBE550-Quadruped/src/custom_interface -DCMAKE_INSTALL_PREFIX=/home/jarothenberg/Documents/GitHub/RBE550-Quadruped/install/custom_interface
