running develop
Removing /home/sbpena01/GitHub/RBE550-Quadruped/install/leg_controls/lib/python3.12/site-packages/leg-controls.egg-link (link to .)
running egg_info
writing ../../build/leg_controls/leg_controls.egg-info/PKG-INFO
writing dependency_links to ../../build/leg_controls/leg_controls.egg-info/dependency_links.txt
writing entry points to ../../build/leg_controls/leg_controls.egg-info/entry_points.txt
writing requirements to ../../build/leg_controls/leg_controls.egg-info/requires.txt
writing top-level names to ../../build/leg_controls/leg_controls.egg-info/top_level.txt
reading manifest file '../../build/leg_controls/leg_controls.egg-info/SOURCES.txt'
adding license file 'LICENSE'
writing manifest file '../../build/leg_controls/leg_controls.egg-info/SOURCES.txt'
running build
running build_py
copying leg_controls/FrontRightLeg.py -> /home/sbpena01/GitHub/RBE550-Quadruped/build/leg_controls/build/lib/leg_controls
copying leg_controls/FrontLeftLeg.py -> /home/sbpena01/GitHub/RBE550-Quadruped/build/leg_controls/build/lib/leg_controls
copying leg_controls/RearRightLeg.py -> /home/sbpena01/GitHub/RBE550-Quadruped/build/leg_controls/build/lib/leg_controls
copying leg_controls/RearLeftLeg.py -> /home/sbpena01/GitHub/RBE550-Quadruped/build/leg_controls/build/lib/leg_controls
copying leg_controls/__init__.py -> /home/sbpena01/GitHub/RBE550-Quadruped/build/leg_controls/build/lib/leg_controls
running install
running install_lib
copying /home/sbpena01/GitHub/RBE550-Quadruped/build/leg_controls/build/lib/leg_controls/FrontRightLeg.py -> /home/sbpena01/GitHub/RBE550-Quadruped/install/leg_controls/lib/python3.12/site-packages/leg_controls
copying /home/sbpena01/GitHub/RBE550-Quadruped/build/leg_controls/build/lib/leg_controls/FrontLeftLeg.py -> /home/sbpena01/GitHub/RBE550-Quadruped/install/leg_controls/lib/python3.12/site-packages/leg_controls
copying /home/sbpena01/GitHub/RBE550-Quadruped/build/leg_controls/build/lib/leg_controls/RearRightLeg.py -> /home/sbpena01/GitHub/RBE550-Quadruped/install/leg_controls/lib/python3.12/site-packages/leg_controls
copying /home/sbpena01/GitHub/RBE550-Quadruped/build/leg_controls/build/lib/leg_controls/RearLeftLeg.py -> /home/sbpena01/GitHub/RBE550-Quadruped/install/leg_controls/lib/python3.12/site-packages/leg_controls
copying /home/sbpena01/GitHub/RBE550-Quadruped/build/leg_controls/build/lib/leg_controls/__init__.py -> /home/sbpena01/GitHub/RBE550-Quadruped/install/leg_controls/lib/python3.12/site-packages/leg_controls
byte-compiling /home/sbpena01/GitHub/RBE550-Quadruped/install/leg_controls/lib/python3.12/site-packages/leg_controls/FrontRightLeg.py to FrontRightLeg.cpython-312.pyc
byte-compiling /home/sbpena01/GitHub/RBE550-Quadruped/install/leg_controls/lib/python3.12/site-packages/leg_controls/FrontLeftLeg.py to FrontLeftLeg.cpython-312.pyc
byte-compiling /home/sbpena01/GitHub/RBE550-Quadruped/install/leg_controls/lib/python3.12/site-packages/leg_controls/RearRightLeg.py to RearRightLeg.cpython-312.pyc
byte-compiling /home/sbpena01/GitHub/RBE550-Quadruped/install/leg_controls/lib/python3.12/site-packages/leg_controls/RearLeftLeg.py to RearLeftLeg.cpython-312.pyc
byte-compiling /home/sbpena01/GitHub/RBE550-Quadruped/install/leg_controls/lib/python3.12/site-packages/leg_controls/__init__.py to __init__.cpython-312.pyc
running install_data
copying resource/leg_controls -> /home/sbpena01/GitHub/RBE550-Quadruped/install/leg_controls/share/ament_index/resource_index/packages
copying package.xml -> /home/sbpena01/GitHub/RBE550-Quadruped/install/leg_controls/share/leg_controls
copying launch/rviz_launch.py -> /home/sbpena01/GitHub/RBE550-Quadruped/install/leg_controls/share/leg_controls/launch
copying gazebo/bridge.yaml -> /home/sbpena01/GitHub/RBE550-Quadruped/install/leg_controls/share/leg_controls
copying gazebo/building_robot.sdf -> /home/sbpena01/GitHub/RBE550-Quadruped/install/leg_controls/share/leg_controls
copying gazebo/tmp.sdf -> /home/sbpena01/GitHub/RBE550-Quadruped/install/leg_controls/share/leg_controls
copying gazebo/spot_micro.sdf -> /home/sbpena01/GitHub/RBE550-Quadruped/install/leg_controls/share/leg_controls
running install_egg_info
Copying ../../build/leg_controls/leg_controls.egg-info to /home/sbpena01/GitHub/RBE550-Quadruped/install/leg_controls/lib/python3.12/site-packages/leg_controls-0.0.0-py3.12.egg-info
running install_scripts
Installing FrontLeftLeg script to /home/sbpena01/GitHub/RBE550-Quadruped/install/leg_controls/lib/leg_controls
Installing FrontRightLeg script to /home/sbpena01/GitHub/RBE550-Quadruped/install/leg_controls/lib/leg_controls
Installing RearLeftLeg script to /home/sbpena01/GitHub/RBE550-Quadruped/install/leg_controls/lib/leg_controls
Installing RearRightLeg script to /home/sbpena01/GitHub/RBE550-Quadruped/install/leg_controls/lib/leg_controls
writing list of installed files to '/home/sbpena01/GitHub/RBE550-Quadruped/build/leg_controls/install.log'
